[INFO] Scanning for projects...
[INFO]                                                                         
[INFO] ------------------------------------------------------------------------
[INFO] Building entity 1.0-SNAPSHOT
[INFO] ------------------------------------------------------------------------
[INFO] 
[INFO] --- exec-maven-plugin:3.1.0:java (default-cli) @ entity ---
Loaded 243 addresses from exchanges.csv
Loaded 2416 addresses from miners_eth.txt
SLF4J: Class path contains multiple SLF4J bindings.
SLF4J: Found binding in [jar:file:/public/home/blockchain_2/slave2/.m2/repository/org/slf4j/slf4j-reload4j/1.7.36/slf4j-reload4j-1.7.36.jar!/org/slf4j/impl/StaticLoggerBinder.class]
SLF4J: Found binding in [jar:file:/public/home/blockchain_2/slave2/.m2/repository/org/apache/logging/log4j/log4j-slf4j-impl/2.17.1/log4j-slf4j-impl-2.17.1.jar!/org/slf4j/impl/StaticLoggerBinder.class]
SLF4J: See http://www.slf4j.org/codes.html#multiple_bindings for an explanation.
SLF4J: Actual binding is of type [org.slf4j.impl.Reload4jLoggerFactory]
log4j:WARN No appenders could be found for logger (org.apache.commons.beanutils.converters.BooleanConverter).
log4j:WARN Please initialize the log4j system properly.
log4j:WARN See http://logging.apache.org/log4j/1.2/faq.html#noconfig for more info.
Loaded 100 addresses from file
Processing address: ae1deb4cc01d5fd41b11ae9be99aec0c942ad9e9
弱连通分量已写入文件: Tokenadd_deposit/ae1deb4cc01d5fd41b11ae9be99aec0c942ad9e9.out
Processing address: 788eb077f40319336ba8d35597d0e07648bf733c
弱连通分量已写入文件: Tokenadd_deposit/788eb077f40319336ba8d35597d0e07648bf733c.out
Processing address: 92b9fbfeb3b64cc40995089038b9616e9f29fc07
弱连通分量已写入文件: Tokenadd_deposit/92b9fbfeb3b64cc40995089038b9616e9f29fc07.out
Processing address: a05ff1695d8f45b4127ca86b024c5e83658011c7
弱连通分量已写入文件: Tokenadd_deposit/a05ff1695d8f45b4127ca86b024c5e83658011c7.out
Processing address: d5876238bef833bcc06b5300d501ca8de39deb39
弱连通分量已写入文件: Tokenadd_deposit/d5876238bef833bcc06b5300d501ca8de39deb39.out
Processing address: 035880697640dbd13997ccd13cd4f434413923f5
弱连通分量已写入文件: Tokenadd_deposit/035880697640dbd13997ccd13cd4f434413923f5.out
Processing address: 1c00bf44d2b2f565a4e7316b072734344f87be11
弱连通分量已写入文件: Tokenadd_deposit/1c00bf44d2b2f565a4e7316b072734344f87be11.out
Processing address: c4cf8a4cf0d3890cdb67da62b7a9eae5b854fe22
弱连通分量已写入文件: Tokenadd_deposit/c4cf8a4cf0d3890cdb67da62b7a9eae5b854fe22.out
Processing address: 1f3f0fb3f1cec6c9039c91f63d7172c8df0a05d5
弱连通分量已写入文件: Tokenadd_deposit/1f3f0fb3f1cec6c9039c91f63d7172c8df0a05d5.out
Processing address: 231f9a03480ec95c0842b52270ad719a25142afd
弱连通分量已写入文件: Tokenadd_deposit/231f9a03480ec95c0842b52270ad719a25142afd.out
Processing address: 6a3320020fb436781635dde1d9f086e4dae7f269
弱连通分量已写入文件: Tokenadd_deposit/6a3320020fb436781635dde1d9f086e4dae7f269.out
Processing address: 8a1723730f924982c250072245886873094753aa
弱连通分量已写入文件: Tokenadd_deposit/8a1723730f924982c250072245886873094753aa.out
Processing address: 91dc55401a0683440ddbc7e58815ce53d404cab9
弱连通分量已写入文件: Tokenadd_deposit/91dc55401a0683440ddbc7e58815ce53d404cab9.out
Processing address: 48526481a5b0541df81940b73a6ea5c3af4a4db5
弱连通分量已写入文件: Tokenadd_deposit/48526481a5b0541df81940b73a6ea5c3af4a4db5.out
Processing address: 62bc47d792579fc65243a969aa50ef07b2e5cd6c
弱连通分量已写入文件: Tokenadd_deposit/62bc47d792579fc65243a969aa50ef07b2e5cd6c.out
Processing address: 5beb9476e19ed175a6f71131c4794d02f5260ca3
弱连通分量已写入文件: Tokenadd_deposit/5beb9476e19ed175a6f71131c4794d02f5260ca3.out
Processing address: e0efaa928a7b82fc0b176e7701805adb5e5c0673
弱连通分量已写入文件: Tokenadd_deposit/e0efaa928a7b82fc0b176e7701805adb5e5c0673.out
Processing address: 8e421a29b464134b52a607b343dce51a015619df
弱连通分量已写入文件: Tokenadd_deposit/8e421a29b464134b52a607b343dce51a015619df.out
Processing address: 90bbbe034f21a33946b5037ecae364855a2ebc71
弱连通分量已写入文件: Tokenadd_deposit/90bbbe034f21a33946b5037ecae364855a2ebc71.out
Processing address: f2a5b20a298edaa6e1c62b7655861d633ff01337
弱连通分量已写入文件: Tokenadd_deposit/f2a5b20a298edaa6e1c62b7655861d633ff01337.out
Processing address: 1964812d2f6c054b390bdbd503536d8f4e4b13e9
弱连通分量已写入文件: Tokenadd_deposit/1964812d2f6c054b390bdbd503536d8f4e4b13e9.out
Processing address: 1ae6e71a50094ec16ed9a808b03b81529afa51d3
弱连通分量已写入文件: Tokenadd_deposit/1ae6e71a50094ec16ed9a808b03b81529afa51d3.out
Processing address: 62fb5c779492b18fd90f0240966099a2084f97d0
弱连通分量已写入文件: Tokenadd_deposit/62fb5c779492b18fd90f0240966099a2084f97d0.out
Processing address: a3fb7c08c2309b4e818b90b55dabd19f2976cdb6
弱连通分量已写入文件: Tokenadd_deposit/a3fb7c08c2309b4e818b90b55dabd19f2976cdb6.out
Processing address: 345a198eb431776f0383605c838fd237b617868c
弱连通分量已写入文件: Tokenadd_deposit/345a198eb431776f0383605c838fd237b617868c.out
Processing address: e264facf94fa4cf416eaaa34994c273fc5415734
弱连通分量已写入文件: Tokenadd_deposit/e264facf94fa4cf416eaaa34994c273fc5415734.out
Processing address: 93208b573591a8b81c6c2716dce2dbc5c7605985
弱连通分量已写入文件: Tokenadd_deposit/93208b573591a8b81c6c2716dce2dbc5c7605985.out
Processing address: 4c3e2d2006a1c46541f5a20f951a494af290f4df
弱连通分量已写入文件: Tokenadd_deposit/4c3e2d2006a1c46541f5a20f951a494af290f4df.out
Processing address: 35341052e58467c63fa761f6dcd238c22472590c
弱连通分量已写入文件: Tokenadd_deposit/35341052e58467c63fa761f6dcd238c22472590c.out
Processing address: 142b9cd4c7e92a7766631d64dca8fcca97a3536c
弱连通分量已写入文件: Tokenadd_deposit/142b9cd4c7e92a7766631d64dca8fcca97a3536c.out
Processing address: 4b0419a5a17aed84f0c0fe178f82615fe1f8c656
弱连通分量已写入文件: Tokenadd_deposit/4b0419a5a17aed84f0c0fe178f82615fe1f8c656.out
Processing address: 9a3a9dac7f4e53c2827fc36c758032b1d4f578b7
弱连通分量已写入文件: Tokenadd_deposit/9a3a9dac7f4e53c2827fc36c758032b1d4f578b7.out
Processing address: 03ff2163a28df6eab289c261f4eaef54aef9df89
弱连通分量已写入文件: Tokenadd_deposit/03ff2163a28df6eab289c261f4eaef54aef9df89.out
Processing address: e357d4fc9f8e43c107662af911419f6cdd5fff84
弱连通分量已写入文件: Tokenadd_deposit/e357d4fc9f8e43c107662af911419f6cdd5fff84.out
Processing address: 215af48b0ff8da96668f25eb7aa0c7853fdbb421
弱连通分量已写入文件: Tokenadd_deposit/215af48b0ff8da96668f25eb7aa0c7853fdbb421.out
Processing address: 993018a284796c049773bb5d3a286b670e4e27fb
弱连通分量已写入文件: Tokenadd_deposit/993018a284796c049773bb5d3a286b670e4e27fb.out
Processing address: 20880e9b604640fed012b04a275aff7d022334d6
弱连通分量已写入文件: Tokenadd_deposit/20880e9b604640fed012b04a275aff7d022334d6.out
Processing address: 18610cf497b40cfc88a9f67624930d054bf43cec
弱连通分量已写入文件: Tokenadd_deposit/18610cf497b40cfc88a9f67624930d054bf43cec.out
Processing address: 46d4bef426ba2697ef1d111124994f12319bf047
弱连通分量已写入文件: Tokenadd_deposit/46d4bef426ba2697ef1d111124994f12319bf047.out
Processing address: 6f1309f6598178f6bf2170e41329f77b24df8c84
弱连通分量已写入文件: Tokenadd_deposit/6f1309f6598178f6bf2170e41329f77b24df8c84.out
Processing address: bcd72f70a40f51be4558ce44c8137206d4ed9bab
弱连通分量已写入文件: Tokenadd_deposit/bcd72f70a40f51be4558ce44c8137206d4ed9bab.out
Processing address: 96b5e61ae64aebfc6f852111ccb25999ecb55a54
弱连通分量已写入文件: Tokenadd_deposit/96b5e61ae64aebfc6f852111ccb25999ecb55a54.out
Processing address: 54237fd83151cd7cfb36b6f25bb14b323ca065d8
弱连通分量已写入文件: Tokenadd_deposit/54237fd83151cd7cfb36b6f25bb14b323ca065d8.out
Processing address: 2c6d01389ba95bcde2ddaf26b06c7510ee085aeb
弱连通分量已写入文件: Tokenadd_deposit/2c6d01389ba95bcde2ddaf26b06c7510ee085aeb.out
Processing address: 65f4d88388ec542fea7544050b3624e557d993fd
弱连通分量已写入文件: Tokenadd_deposit/65f4d88388ec542fea7544050b3624e557d993fd.out
Processing address: 90e0fabf10f4350bcc984805624b9358538bdd9e
弱连通分量已写入文件: Tokenadd_deposit/90e0fabf10f4350bcc984805624b9358538bdd9e.out
Processing address: 5f79edaf1abc0a9ec31c0d1f13f512a6de5f752b
弱连通分量已写入文件: Tokenadd_deposit/5f79edaf1abc0a9ec31c0d1f13f512a6de5f752b.out
Processing address: 86c5e5a51103ab72ebed56f20b8397e265f6f918
弱连通分量已写入文件: Tokenadd_deposit/86c5e5a51103ab72ebed56f20b8397e265f6f918.out
Processing address: 587073ce9162c6e5dca85ec033b9e7f0ba6a3677
弱连通分量已写入文件: Tokenadd_deposit/587073ce9162c6e5dca85ec033b9e7f0ba6a3677.out
Processing address: 0add74f106ad0e414224730e1d9b66c430e2039e
弱连通分量已写入文件: Tokenadd_deposit/0add74f106ad0e414224730e1d9b66c430e2039e.out
Processing address: 195f3a6fbfb0d53338f489ebbcb1d083e7ec803b
弱连通分量已写入文件: Tokenadd_deposit/195f3a6fbfb0d53338f489ebbcb1d083e7ec803b.out
Processing address: 92aadf78f1b074383f8e9a58738212096f24fb8a
弱连通分量已写入文件: Tokenadd_deposit/92aadf78f1b074383f8e9a58738212096f24fb8a.out
Processing address: 59e0c5edebb6ab578a35e6a1fd85f2eac3af9006
弱连通分量已写入文件: Tokenadd_deposit/59e0c5edebb6ab578a35e6a1fd85f2eac3af9006.out
Processing address: 90bad410695dbaf55bdbd1c4a22b0d82f75c736e
弱连通分量已写入文件: Tokenadd_deposit/90bad410695dbaf55bdbd1c4a22b0d82f75c736e.out
Processing address: 28b6fc71dcdb7db9195576507e15996df9cc19d3
弱连通分量已写入文件: Tokenadd_deposit/28b6fc71dcdb7db9195576507e15996df9cc19d3.out
Processing address: 4f9eb4d754cd54dd6e62d711e1e9029e880de8c5
弱连通分量已写入文件: Tokenadd_deposit/4f9eb4d754cd54dd6e62d711e1e9029e880de8c5.out
Processing address: 60e9c1ab030c87bfaf32c38c923bc757db1e0e3e
弱连通分量已写入文件: Tokenadd_deposit/60e9c1ab030c87bfaf32c38c923bc757db1e0e3e.out
Processing address: 70fdf0e8c68b14e8e621ab5ce31deedcae386974
弱连通分量已写入文件: Tokenadd_deposit/70fdf0e8c68b14e8e621ab5ce31deedcae386974.out
Processing address: 57231f3b983cf7cb9324067eec237070c3c73a54
弱连通分量已写入文件: Tokenadd_deposit/57231f3b983cf7cb9324067eec237070c3c73a54.out
Processing address: 69a4a79c368d41232ac6e29613f11ae0f485185c
弱连通分量已写入文件: Tokenadd_deposit/69a4a79c368d41232ac6e29613f11ae0f485185c.out
Processing address: c601519be7d6423a69392bdd258a0be73785b606
弱连通分量已写入文件: Tokenadd_deposit/c601519be7d6423a69392bdd258a0be73785b606.out
Processing address: 3d732855af045ef815cced2b4733e9a7b5e32180
弱连通分量已写入文件: Tokenadd_deposit/3d732855af045ef815cced2b4733e9a7b5e32180.out
Processing address: fd2aaaead31d2a13f1edfbc87417848c8bd12f66
弱连通分量已写入文件: Tokenadd_deposit/fd2aaaead31d2a13f1edfbc87417848c8bd12f66.out
Processing address: f99b46abf2b8217a7a7422220775f1c4c894c049
弱连通分量已写入文件: Tokenadd_deposit/f99b46abf2b8217a7a7422220775f1c4c894c049.out
Processing address: e51e53a8e678caf0e6dbcbf4f76d39cad9453595
弱连通分量已写入文件: Tokenadd_deposit/e51e53a8e678caf0e6dbcbf4f76d39cad9453595.out
Processing address: a60c116c7dcd390f255120f5892773847aad4fb5
弱连通分量已写入文件: Tokenadd_deposit/a60c116c7dcd390f255120f5892773847aad4fb5.out
Processing address: a30ba908b0862dbbb6d8b49b027fb04b816f940a
弱连通分量已写入文件: Tokenadd_deposit/a30ba908b0862dbbb6d8b49b027fb04b816f940a.out
Processing address: c1228ac4cd195e554a6cf6be248fa1bf856239f9
弱连通分量已写入文件: Tokenadd_deposit/c1228ac4cd195e554a6cf6be248fa1bf856239f9.out
Processing address: 528cd15eae39e1895d7db63db0ca3e84f9c4a06e
弱连通分量已写入文件: Tokenadd_deposit/528cd15eae39e1895d7db63db0ca3e84f9c4a06e.out
Processing address: 19eb86a3223e8effbd6eccbbad73e1924f47cbcb
弱连通分量已写入文件: Tokenadd_deposit/19eb86a3223e8effbd6eccbbad73e1924f47cbcb.out
Processing address: e2787a70e717a54d084baaee39c121387b0980e3
弱连通分量已写入文件: Tokenadd_deposit/e2787a70e717a54d084baaee39c121387b0980e3.out
Processing address: 1b7b3e656b5f775f27a6d1d3ad59105908f0091c
弱连通分量已写入文件: Tokenadd_deposit/1b7b3e656b5f775f27a6d1d3ad59105908f0091c.out
Processing address: b08dd70119a261ee91036e831cd7d56cce9ab119
弱连通分量已写入文件: Tokenadd_deposit/b08dd70119a261ee91036e831cd7d56cce9ab119.out
Processing address: 6c57a6397879df7ce5af3d66e9954f3230127daa
弱连通分量已写入文件: Tokenadd_deposit/6c57a6397879df7ce5af3d66e9954f3230127daa.out
Processing address: 960c904578cd9511fe4c1857334709decef97b6b
弱连通分量已写入文件: Tokenadd_deposit/960c904578cd9511fe4c1857334709decef97b6b.out
Processing address: 5fc39303265e4b03f03b227e2eeabd57f32982aa
弱连通分量已写入文件: Tokenadd_deposit/5fc39303265e4b03f03b227e2eeabd57f32982aa.out
Processing address: 2d010fa2a7c988a6216d58c355e6816c180a5b63
弱连通分量已写入文件: Tokenadd_deposit/2d010fa2a7c988a6216d58c355e6816c180a5b63.out
Processing address: 2a458cefba6797cfae2d700e7282f652e843e8ff
弱连通分量已写入文件: Tokenadd_deposit/2a458cefba6797cfae2d700e7282f652e843e8ff.out
Processing address: c530460e6490c9355c6e2fcdb3d4ccba5e4b3427
弱连通分量已写入文件: Tokenadd_deposit/c530460e6490c9355c6e2fcdb3d4ccba5e4b3427.out
Processing address: 3440bb70ffb67fe76e427f2c9372dfe894fffaf8
弱连通分量已写入文件: Tokenadd_deposit/3440bb70ffb67fe76e427f2c9372dfe894fffaf8.out
Processing address: b690bb1f516b3f2b4bd57f4fe70a58da29fff0cf
弱连通分量已写入文件: Tokenadd_deposit/b690bb1f516b3f2b4bd57f4fe70a58da29fff0cf.out
Processing address: 76ae5f9993522faab650ab29c28ed407674a8323
弱连通分量已写入文件: Tokenadd_deposit/76ae5f9993522faab650ab29c28ed407674a8323.out
Processing address: c15d5092fa88255d8239d6193331861b362cbc8a
弱连通分量已写入文件: Tokenadd_deposit/c15d5092fa88255d8239d6193331861b362cbc8a.out
Processing address: f2820afd890ae229c8649298063afb2631d762a1
弱连通分量已写入文件: Tokenadd_deposit/f2820afd890ae229c8649298063afb2631d762a1.out
Processing address: db5e03d753c71e861779e401fefa48abc81c0a45
弱连通分量已写入文件: Tokenadd_deposit/db5e03d753c71e861779e401fefa48abc81c0a45.out
Processing address: da5c2c14193b53e86c886c3bb3f1bcf4559b73a8
弱连通分量已写入文件: Tokenadd_deposit/da5c2c14193b53e86c886c3bb3f1bcf4559b73a8.out
Processing address: 7fedbf045e5576a049038da69f816edd56243574
弱连通分量已写入文件: Tokenadd_deposit/7fedbf045e5576a049038da69f816edd56243574.out
Processing address: ca97f8babb9ce441068ce8695f11c98d320cbd72
弱连通分量已写入文件: Tokenadd_deposit/ca97f8babb9ce441068ce8695f11c98d320cbd72.out
Processing address: 8a1ee44abf74f10ce050cb2e9381947709c82cd2
弱连通分量已写入文件: Tokenadd_deposit/8a1ee44abf74f10ce050cb2e9381947709c82cd2.out
Processing address: 6420f8bcc8164a6152a99d6b99693005ccf7e053
弱连通分量已写入文件: Tokenadd_deposit/6420f8bcc8164a6152a99d6b99693005ccf7e053.out
Processing address: ae8c34512a915d3847ddff10d3462c72bfea154b
弱连通分量已写入文件: Tokenadd_deposit/ae8c34512a915d3847ddff10d3462c72bfea154b.out
Processing address: 29290d3893382aee586cc63072b3c3563fdc65f6
弱连通分量已写入文件: Tokenadd_deposit/29290d3893382aee586cc63072b3c3563fdc65f6.out
Processing address: f99d7e5cbfa93f5eef16ea700f96a127ace9ec60
弱连通分量已写入文件: Tokenadd_deposit/f99d7e5cbfa93f5eef16ea700f96a127ace9ec60.out
Processing address: b3e309d52db4d96dbdaa3e1732aba394e4c8faa4
弱连通分量已写入文件: Tokenadd_deposit/b3e309d52db4d96dbdaa3e1732aba394e4c8faa4.out
Processing address: f0fe105fb251d62d9da6e79d4bd33676abb41af1
弱连通分量已写入文件: Tokenadd_deposit/f0fe105fb251d62d9da6e79d4bd33676abb41af1.out
Processing address: 8ae0c0add6a531615c88e33c27f54060ae063eee
弱连通分量已写入文件: Tokenadd_deposit/8ae0c0add6a531615c88e33c27f54060ae063eee.out
Processing address: 19d82738b24f05ee8ec92099964cd9219971fc37
弱连通分量已写入文件: Tokenadd_deposit/19d82738b24f05ee8ec92099964cd9219971fc37.out
Processing address: 6294fd6c9db208fc47f12d3ae13dc88aee563cd1
弱连通分量已写入文件: Tokenadd_deposit/6294fd6c9db208fc47f12d3ae13dc88aee563cd1.out
Processing address: fe6b511f7f251f70dc1fce37cfa7d5faf7321ebc
弱连通分量已写入文件: Tokenadd_deposit/fe6b511f7f251f70dc1fce37cfa7d5faf7321ebc.out
Processing address: a0e953fa6cb9ca0e137e10c389e6cb99ef817f4f
弱连通分量已写入文件: Tokenadd_deposit/a0e953fa6cb9ca0e137e10c389e6cb99ef817f4f.out
[WARNING] thread Thread[Idle-Rpc-Conn-Sweeper-pool-0,5,entity.deposit] was interrupted but is still alive after waiting at least 14997msecs
[WARNING] thread Thread[Idle-Rpc-Conn-Sweeper-pool-0,5,entity.deposit] will linger despite being asked to die via interruption
[WARNING] thread Thread[RPCClient-NioEventLoopGroup-1-1,5,entity.deposit] will linger despite being asked to die via interruption
[WARNING] thread Thread[RpcClient-timer-pool-0,5,entity.deposit] will linger despite being asked to die via interruption
[WARNING] thread Thread[RPCClient-NioEventLoopGroup-1-2,5,entity.deposit] will linger despite being asked to die via interruption
[WARNING] thread Thread[RPCClient-NioEventLoopGroup-1-3,5,entity.deposit] will linger despite being asked to die via interruption
[WARNING] thread Thread[RPCClient-NioEventLoopGroup-1-4,5,entity.deposit] will linger despite being asked to die via interruption
[WARNING] thread Thread[RPCClient-NioEventLoopGroup-1-5,5,entity.deposit] will linger despite being asked to die via interruption
[WARNING] thread Thread[RPCClient-NioEventLoopGroup-1-6,5,entity.deposit] will linger despite being asked to die via interruption
[WARNING] thread Thread[RPCClient-NioEventLoopGroup-1-7,5,entity.deposit] will linger despite being asked to die via interruption
[WARNING] thread Thread[RPCClient-NioEventLoopGroup-1-8,5,entity.deposit] will linger despite being asked to die via interruption
[WARNING] thread Thread[RPCClient-NioEventLoopGroup-1-9,5,entity.deposit] will linger despite being asked to die via interruption
[WARNING] thread Thread[RPCClient-NioEventLoopGroup-1-10,5,entity.deposit] will linger despite being asked to die via interruption
[WARNING] thread Thread[RPCClient-NioEventLoopGroup-1-11,5,entity.deposit] will linger despite being asked to die via interruption
[WARNING] thread Thread[RPCClient-NioEventLoopGroup-1-12,5,entity.deposit] will linger despite being asked to die via interruption
[WARNING] thread Thread[RPCClient-NioEventLoopGroup-1-13,5,entity.deposit] will linger despite being asked to die via interruption
[WARNING] thread Thread[RPCClient-NioEventLoopGroup-1-14,5,entity.deposit] will linger despite being asked to die via interruption
[WARNING] thread Thread[RPCClient-NioEventLoopGroup-1-15,5,entity.deposit] will linger despite being asked to die via interruption
[WARNING] thread Thread[RPCClient-NioEventLoopGroup-1-16,5,entity.deposit] will linger despite being asked to die via interruption
[WARNING] thread Thread[RPCClient-NioEventLoopGroup-1-17,5,entity.deposit] will linger despite being asked to die via interruption
[WARNING] thread Thread[RPCClient-NioEventLoopGroup-1-18,5,entity.deposit] will linger despite being asked to die via interruption
[WARNING] thread Thread[RPCClient-NioEventLoopGroup-1-19,5,entity.deposit] will linger despite being asked to die via interruption
[WARNING] thread Thread[RPCClient-NioEventLoopGroup-1-20,5,entity.deposit] will linger despite being asked to die via interruption
[WARNING] thread Thread[RPCClient-NioEventLoopGroup-1-21,5,entity.deposit] will linger despite being asked to die via interruption
[WARNING] thread Thread[RPCClient-NioEventLoopGroup-1-22,5,entity.deposit] will linger despite being asked to die via interruption
[WARNING] thread Thread[RPCClient-NioEventLoopGroup-1-23,5,entity.deposit] will linger despite being asked to die via interruption
[WARNING] thread Thread[RPCClient-NioEventLoopGroup-1-24,5,entity.deposit] will linger despite being asked to die via interruption
[WARNING] thread Thread[RPCClient-NioEventLoopGroup-1-25,5,entity.deposit] will linger despite being asked to die via interruption
[WARNING] thread Thread[RPCClient-NioEventLoopGroup-1-26,5,entity.deposit] will linger despite being asked to die via interruption
[WARNING] thread Thread[RPCClient-NioEventLoopGroup-1-27,5,entity.deposit] will linger despite being asked to die via interruption
[WARNING] thread Thread[RPCClient-NioEventLoopGroup-1-28,5,entity.deposit] will linger despite being asked to die via interruption
[WARNING] thread Thread[RPCClient-NioEventLoopGroup-1-29,5,entity.deposit] will linger despite being asked to die via interruption
[WARNING] thread Thread[RPCClient-NioEventLoopGroup-1-30,5,entity.deposit] will linger despite being asked to die via interruption
[WARNING] thread Thread[RPCClient-NioEventLoopGroup-1-31,5,entity.deposit] will linger despite being asked to die via interruption
[WARNING] thread Thread[RPCClient-NioEventLoopGroup-1-32,5,entity.deposit] will linger despite being asked to die via interruption
[WARNING] thread Thread[RPCClient-NioEventLoopGroup-1-33,5,entity.deposit] will linger despite being asked to die via interruption
[WARNING] thread Thread[RPCClient-NioEventLoopGroup-1-34,5,entity.deposit] will linger despite being asked to die via interruption
[WARNING] thread Thread[RPCClient-NioEventLoopGroup-1-35,5,entity.deposit] will linger despite being asked to die via interruption
[WARNING] thread Thread[RPCClient-NioEventLoopGroup-1-36,5,entity.deposit] will linger despite being asked to die via interruption
[WARNING] thread Thread[RPCClient-NioEventLoopGroup-1-37,5,entity.deposit] will linger despite being asked to die via interruption
[WARNING] thread Thread[RPCClient-NioEventLoopGroup-1-38,5,entity.deposit] will linger despite being asked to die via interruption
[WARNING] thread Thread[RPCClient-NioEventLoopGroup-1-39,5,entity.deposit] will linger despite being asked to die via interruption
[WARNING] thread Thread[RPCClient-NioEventLoopGroup-1-40,5,entity.deposit] will linger despite being asked to die via interruption
[WARNING] thread Thread[RPCClient-NioEventLoopGroup-1-41,5,entity.deposit] will linger despite being asked to die via interruption
[WARNING] thread Thread[RPCClient-NioEventLoopGroup-1-42,5,entity.deposit] will linger despite being asked to die via interruption
[WARNING] thread Thread[RPCClient-NioEventLoopGroup-1-43,5,entity.deposit] will linger despite being asked to die via interruption
[WARNING] thread Thread[RPCClient-NioEventLoopGroup-1-44,5,entity.deposit] will linger despite being asked to die via interruption
[WARNING] thread Thread[RPCClient-NioEventLoopGroup-1-45,5,entity.deposit] will linger despite being asked to die via interruption
[WARNING] thread Thread[RPCClient-NioEventLoopGroup-1-46,5,entity.deposit] will linger despite being asked to die via interruption
[WARNING] thread Thread[RPCClient-NioEventLoopGroup-1-47,5,entity.deposit] will linger despite being asked to die via interruption
[WARNING] thread Thread[RPCClient-NioEventLoopGroup-1-48,5,entity.deposit] will linger despite being asked to die via interruption
[WARNING] thread Thread[RPCClient-NioEventLoopGroup-1-49,5,entity.deposit] will linger despite being asked to die via interruption
[WARNING] thread Thread[RPCClient-NioEventLoopGroup-1-50,5,entity.deposit] will linger despite being asked to die via interruption
[WARNING] thread Thread[RPCClient-NioEventLoopGroup-1-51,5,entity.deposit] will linger despite being asked to die via interruption
[WARNING] thread Thread[RPCClient-NioEventLoopGroup-1-52,5,entity.deposit] will linger despite being asked to die via interruption
[WARNING] thread Thread[RPCClient-NioEventLoopGroup-1-53,5,entity.deposit] will linger despite being asked to die via interruption
[WARNING] thread Thread[RPCClient-NioEventLoopGroup-1-54,5,entity.deposit] will linger despite being asked to die via interruption
[WARNING] thread Thread[RPCClient-NioEventLoopGroup-1-55,5,entity.deposit] will linger despite being asked to die via interruption
[WARNING] thread Thread[RPCClient-NioEventLoopGroup-1-56,5,entity.deposit] will linger despite being asked to die via interruption
[WARNING] thread Thread[RPCClient-NioEventLoopGroup-1-57,5,entity.deposit] will linger despite being asked to die via interruption
[WARNING] thread Thread[RPCClient-NioEventLoopGroup-1-58,5,entity.deposit] will linger despite being asked to die via interruption
[WARNING] thread Thread[RPCClient-NioEventLoopGroup-1-59,5,entity.deposit] will linger despite being asked to die via interruption
[WARNING] thread Thread[RPCClient-NioEventLoopGroup-1-60,5,entity.deposit] will linger despite being asked to die via interruption
[WARNING] thread Thread[RPCClient-NioEventLoopGroup-1-61,5,entity.deposit] will linger despite being asked to die via interruption
[WARNING] thread Thread[RPCClient-NioEventLoopGroup-1-62,5,entity.deposit] will linger despite being asked to die via interruption
[WARNING] thread Thread[RPCClient-NioEventLoopGroup-1-63,5,entity.deposit] will linger despite being asked to die via interruption
[WARNING] thread Thread[RPCClient-NioEventLoopGroup-1-64,5,entity.deposit] will linger despite being asked to die via interruption
[WARNING] thread Thread[ForkJoinPool.commonPool-worker-5,5,entity.deposit] will linger despite being asked to die via interruption
[WARNING] thread Thread[ForkJoinPool.commonPool-worker-30,5,entity.deposit] will linger despite being asked to die via interruption
[WARNING] thread Thread[ForkJoinPool.commonPool-worker-23,5,entity.deposit] will linger despite being asked to die via interruption
[WARNING] NOTE: 69 thread(s) did not finish despite being asked to via interruption. This is not a problem with exec:java, it is a problem with the running code. Although not serious, it should be remedied.
[WARNING] Couldn't destroy threadgroup org.codehaus.mojo.exec.ExecJavaMojo$IsolatedThreadGroup[name=entity.deposit,maxpri=10]
java.lang.IllegalThreadStateException
	at java.lang.ThreadGroup.destroy(ThreadGroup.java:778)
	at org.codehaus.mojo.exec.ExecJavaMojo.execute(ExecJavaMojo.java:319)
	at org.apache.maven.plugin.DefaultBuildPluginManager.executeMojo(DefaultBuildPluginManager.java:134)
	at org.apache.maven.lifecycle.internal.MojoExecutor.execute(MojoExecutor.java:207)
	at org.apache.maven.lifecycle.internal.MojoExecutor.execute(MojoExecutor.java:153)
	at org.apache.maven.lifecycle.internal.MojoExecutor.execute(MojoExecutor.java:145)
	at org.apache.maven.lifecycle.internal.LifecycleModuleBuilder.buildProject(LifecycleModuleBuilder.java:116)
	at org.apache.maven.lifecycle.internal.LifecycleModuleBuilder.buildProject(LifecycleModuleBuilder.java:80)
	at org.apache.maven.lifecycle.internal.builder.singlethreaded.SingleThreadedBuilder.build(SingleThreadedBuilder.java:51)
	at org.apache.maven.lifecycle.internal.LifecycleStarter.execute(LifecycleStarter.java:128)
	at org.apache.maven.DefaultMaven.doExecute(DefaultMaven.java:307)
	at org.apache.maven.DefaultMaven.doExecute(DefaultMaven.java:193)
	at org.apache.maven.DefaultMaven.execute(DefaultMaven.java:106)
	at org.apache.maven.cli.MavenCli.execute(MavenCli.java:863)
	at org.apache.maven.cli.MavenCli.doMain(MavenCli.java:288)
	at org.apache.maven.cli.MavenCli.main(MavenCli.java:199)
	at sun.reflect.NativeMethodAccessorImpl.invoke0(Native Method)
	at sun.reflect.NativeMethodAccessorImpl.invoke(NativeMethodAccessorImpl.java:62)
	at sun.reflect.DelegatingMethodAccessorImpl.invoke(DelegatingMethodAccessorImpl.java:43)
	at java.lang.reflect.Method.invoke(Method.java:498)
	at org.codehaus.plexus.classworlds.launcher.Launcher.launchEnhanced(Launcher.java:289)
	at org.codehaus.plexus.classworlds.launcher.Launcher.launch(Launcher.java:229)
	at org.codehaus.plexus.classworlds.launcher.Launcher.mainWithExitCode(Launcher.java:415)
	at org.codehaus.plexus.classworlds.launcher.Launcher.main(Launcher.java:356)
[INFO] ------------------------------------------------------------------------
[INFO] BUILD SUCCESS
[INFO] ------------------------------------------------------------------------
[INFO] Total time: 1 d 02:28 h
[INFO] Finished at: 2025-05-17T17:10:52+08:00
[INFO] Final Memory: 167M/13156M
[INFO] ------------------------------------------------------------------------
