[INFO] Scanning for projects...
[INFO]                                                                         
[INFO] ------------------------------------------------------------------------
[INFO] Building entity 1.0-SNAPSHOT
[INFO] ------------------------------------------------------------------------
[INFO] 
[INFO] --- exec-maven-plugin:3.1.0:java (default-cli) @ entity ---
java.io.FileNotFoundException: exchanges.csv (No such file or directory)
	at java.io.FileInputStream.open0(Native Method)
	at java.io.FileInputStream.open(FileInputStream.java:195)
	at java.io.FileInputStream.<init>(FileInputStream.java:138)
	at java.io.FileInputStream.<init>(FileInputStream.java:93)
	at java.io.FileReader.<init>(FileReader.java:58)
	at entity.deposit_token.loadAddressData(deposit_token.java:76)
	at entity.deposit_token.<clinit>(deposit_token.java:21)
	at sun.misc.Unsafe.ensureClassInitialized(Native Method)
	at java.lang.invoke.DirectMethodHandle$EnsureInitialized.computeValue(DirectMethodHandle.java:330)
	at java.lang.invoke.DirectMethodHandle$EnsureInitialized.computeValue(DirectMethodHandle.java:327)
	at java.lang.ClassValue.getFromHashMap(ClassValue.java:227)
	at java.lang.ClassValue.getFromBackup(ClassValue.java:209)
	at java.lang.ClassValue.get(ClassValue.java:115)
	at java.lang.invoke.DirectMethodHandle.checkInitialized(DirectMethodHandle.java:351)
	at java.lang.invoke.DirectMethodHandle.ensureInitialized(DirectMethodHandle.java:341)
	at java.lang.invoke.DirectMethodHandle.internalMemberNameEnsureInit(DirectMethodHandle.java:291)
	at org.codehaus.mojo.exec.ExecJavaMojo$1.run(ExecJavaMojo.java:279)
	at java.lang.Thread.run(Thread.java:748)
java.io.FileNotFoundException: miners_eth.txt (No such file or directory)
	at java.io.FileInputStream.open0(Native Method)
	at java.io.FileInputStream.open(FileInputStream.java:195)
	at java.io.FileInputStream.<init>(FileInputStream.java:138)
	at java.io.FileInputStream.<init>(FileInputStream.java:93)
	at java.io.FileReader.<init>(FileReader.java:58)
	at entity.deposit_token.loadAddressData(deposit_token.java:76)
	at entity.deposit_token.<clinit>(deposit_token.java:22)
	at sun.misc.Unsafe.ensureClassInitialized(Native Method)
	at java.lang.invoke.DirectMethodHandle$EnsureInitialized.computeValue(DirectMethodHandle.java:330)
	at java.lang.invoke.DirectMethodHandle$EnsureInitialized.computeValue(DirectMethodHandle.java:327)
	at java.lang.ClassValue.getFromHashMap(ClassValue.java:227)
	at java.lang.ClassValue.getFromBackup(ClassValue.java:209)
	at java.lang.ClassValue.get(ClassValue.java:115)
	at java.lang.invoke.DirectMethodHandle.checkInitialized(DirectMethodHandle.java:351)
	at java.lang.invoke.DirectMethodHandle.ensureInitialized(DirectMethodHandle.java:341)
	at java.lang.invoke.DirectMethodHandle.internalMemberNameEnsureInit(DirectMethodHandle.java:291)
	at org.codehaus.mojo.exec.ExecJavaMojo$1.run(ExecJavaMojo.java:279)
	at java.lang.Thread.run(Thread.java:748)
当前时间戳（秒）: 1747622491
SLF4J: Class path contains multiple SLF4J bindings.
SLF4J: Found binding in [jar:file:/public/home/blockchain_2/slave2/.m2/repository/org/slf4j/slf4j-reload4j/1.7.36/slf4j-reload4j-1.7.36.jar!/org/slf4j/impl/StaticLoggerBinder.class]
SLF4J: Found binding in [jar:file:/public/home/blockchain_2/slave2/.m2/repository/org/apache/logging/log4j/log4j-slf4j-impl/2.17.1/log4j-slf4j-impl-2.17.1.jar!/org/slf4j/impl/StaticLoggerBinder.class]
SLF4J: See http://www.slf4j.org/codes.html#multiple_bindings for an explanation.
SLF4J: Actual binding is of type [org.slf4j.impl.Reload4jLoggerFactory]
log4j:WARN No appenders could be found for logger (org.apache.commons.beanutils.converters.BooleanConverter).
log4j:WARN Please initialize the log4j system properly.
log4j:WARN See http://logging.apache.org/log4j/1.2/faq.html#noconfig for more info.
弱连通分量已写入文件: Randomadd_deposit_token/930df1513a914455c3f07e320de6e3170078e55f.out
当前时间戳（秒）: 1747622494
弱连通分量已写入文件: Randomadd_deposit_token/63665be59e80a719572dced63c4bd47056d4af92.out
当前时间戳（秒）: 1747622494
弱连通分量已写入文件: Randomadd_deposit_token/9b750e5c5ce17b4f7fab7230a3354d8181a5bb0c.out
当前时间戳（秒）: 1747622494
弱连通分量已写入文件: Randomadd_deposit_token/289a889efeddcb1dd5dd9ac21e234f4027434895.out
当前时间戳（秒）: 1747622494
org.apache.tinkerpop.gremlin.process.traversal.util.TraversalInterruptedException
	at org.janusgraph.diskstorage.BackendTransaction.executeRead(BackendTransaction.java:525)
	at org.janusgraph.diskstorage.BackendTransaction.edgeStoreMultiQuery(BackendTransaction.java:300)
	at org.janusgraph.graphdb.database.StandardJanusGraph.edgeMultiQuery(StandardJanusGraph.java:568)
	at org.janusgraph.graphdb.transaction.StandardJanusGraphTx.lambda$executeMultiQuery$4(StandardJanusGraphTx.java:1252)
	at org.janusgraph.graphdb.query.profile.QueryProfiler.profile(QueryProfiler.java:113)
	at org.janusgraph.graphdb.query.profile.QueryProfiler.profile(QueryProfiler.java:105)
	at org.janusgraph.graphdb.transaction.StandardJanusGraphTx.executeMultiQuery(StandardJanusGraphTx.java:1252)
	at org.janusgraph.graphdb.query.vertex.MultiVertexCentricQueryBuilder.execute(MultiVertexCentricQueryBuilder.java:121)
	at org.janusgraph.graphdb.query.vertex.MultiVertexCentricQueryBuilder.edges(MultiVertexCentricQueryBuilder.java:172)
	at org.janusgraph.graphdb.tinkerpop.optimize.step.fetcher.VertexStepBatchFetcher.makeQueryAndExecute(VertexStepBatchFetcher.java:39)
	at org.janusgraph.graphdb.tinkerpop.optimize.step.fetcher.MultiQueriableStepBatchFetcher.prefetchNextBatch(MultiQueriableStepBatchFetcher.java:112)
	at org.janusgraph.graphdb.tinkerpop.optimize.step.fetcher.MultiQueriableStepBatchFetcher.fetchData(MultiQueriableStepBatchFetcher.java:96)
	at org.janusgraph.graphdb.tinkerpop.optimize.step.JanusGraphVertexStep.flatMap(JanusGraphVertexStep.java:117)
	at org.apache.tinkerpop.gremlin.process.traversal.step.map.FlatMapStep.processNextStart(FlatMapStep.java:49)
	at org.apache.tinkerpop.gremlin.process.traversal.step.util.AbstractStep.next(AbstractStep.java:140)
	at org.apache.tinkerpop.gremlin.process.traversal.step.util.AbstractStep.next(AbstractStep.java:40)
	at org.apache.tinkerpop.gremlin.process.traversal.Traversal.fill(Traversal.java:184)
	at org.apache.tinkerpop.gremlin.process.traversal.Traversal.toList(Traversal.java:122)
	at entity.deposit_token.processInitAddress(deposit_token.java:131)
	at entity.deposit_token.main(deposit_token.java:45)
	at org.codehaus.mojo.exec.ExecJavaMojo$1.run(ExecJavaMojo.java:279)
	at java.lang.Thread.run(Thread.java:748)
org.apache.tinkerpop.gremlin.process.traversal.util.TraversalInterruptedException
	at org.janusgraph.diskstorage.BackendTransaction.executeRead(BackendTransaction.java:525)
	at org.janusgraph.diskstorage.BackendTransaction.edgeStoreMultiQuery(BackendTransaction.java:300)
	at org.janusgraph.graphdb.database.StandardJanusGraph.edgeMultiQuery(StandardJanusGraph.java:568)
	at org.janusgraph.graphdb.transaction.StandardJanusGraphTx.lambda$executeMultiQuery$4(StandardJanusGraphTx.java:1252)
	at org.janusgraph.graphdb.query.profile.QueryProfiler.profile(QueryProfiler.java:113)
	at org.janusgraph.graphdb.query.profile.QueryProfiler.profile(QueryProfiler.java:105)
	at org.janusgraph.graphdb.transaction.StandardJanusGraphTx.executeMultiQuery(StandardJanusGraphTx.java:1252)
	at org.janusgraph.graphdb.query.vertex.MultiVertexCentricQueryBuilder.execute(MultiVertexCentricQueryBuilder.java:121)
	at org.janusgraph.graphdb.query.vertex.MultiVertexCentricQueryBuilder.edges(MultiVertexCentricQueryBuilder.java:172)
	at org.janusgraph.graphdb.tinkerpop.optimize.step.fetcher.VertexStepBatchFetcher.makeQueryAndExecute(VertexStepBatchFetcher.java:39)
	at org.janusgraph.graphdb.tinkerpop.optimize.step.fetcher.MultiQueriableStepBatchFetcher.prefetchNextBatch(MultiQueriableStepBatchFetcher.java:112)
	at org.janusgraph.graphdb.tinkerpop.optimize.step.fetcher.MultiQueriableStepBatchFetcher.fetchData(MultiQueriableStepBatchFetcher.java:96)
	at org.janusgraph.graphdb.tinkerpop.optimize.step.JanusGraphVertexStep.flatMap(JanusGraphVertexStep.java:117)
	at org.apache.tinkerpop.gremlin.process.traversal.step.map.FlatMapStep.processNextStart(FlatMapStep.java:49)
	at org.apache.tinkerpop.gremlin.process.traversal.step.util.AbstractStep.next(AbstractStep.java:140)
	at org.apache.tinkerpop.gremlin.process.traversal.step.util.AbstractStep.next(AbstractStep.java:40)
	at org.apache.tinkerpop.gremlin.process.traversal.Traversal.fill(Traversal.java:184)
	at org.apache.tinkerpop.gremlin.process.traversal.Traversal.toList(Traversal.java:122)
	at entity.deposit_token.processInitAddress(deposit_token.java:131)
	at entity.deposit_token.main(deposit_token.java:45)
	at org.codehaus.mojo.exec.ExecJavaMojo$1.run(ExecJavaMojo.java:279)
	at java.lang.Thread.run(Thread.java:748)
弱连通分量已写入文件: Randomadd_deposit_token/be236a980ade9887986e2e6addcaff49db78fc67.out
当前时间戳（秒）: 1747694061
弱连通分量已写入文件: Randomadd_deposit_token/bafd56d22ae053d9420b786c82144a926d5575fc.out
当前时间戳（秒）: 1747694061
弱连通分量已写入文件: Randomadd_deposit_token/12aac61cb696e0196086c03596fe5bdc0cc2c70f.out
当前时间戳（秒）: 1747694061
弱连通分量已写入文件: Randomadd_deposit_token/1dccb6e514395148641fdcf86b55fd94626fec12.out
当前时间戳（秒）: 1747694061
弱连通分量已写入文件: Randomadd_deposit_token/e60af575cbdfa217009f1c02a77ff4d17d0b19a7.out
当前时间戳（秒）: 1747694061
弱连通分量已写入文件: Randomadd_deposit_token/016d526082ed41f659a04fc5feb11516c940cdee.out
当前时间戳（秒）: 1747694061
[WARNING] thread Thread[Idle-Rpc-Conn-Sweeper-pool-0,5,entity.deposit_token] was interrupted but is still alive after waiting at least 14998msecs
[WARNING] thread Thread[Idle-Rpc-Conn-Sweeper-pool-0,5,entity.deposit_token] will linger despite being asked to die via interruption
[WARNING] thread Thread[RPCClient-NioEventLoopGroup-1-1,5,entity.deposit_token] will linger despite being asked to die via interruption
[WARNING] thread Thread[RpcClient-timer-pool-0,5,entity.deposit_token] will linger despite being asked to die via interruption
[WARNING] thread Thread[RPCClient-NioEventLoopGroup-1-2,5,entity.deposit_token] will linger despite being asked to die via interruption
[WARNING] thread Thread[RPCClient-NioEventLoopGroup-1-3,5,entity.deposit_token] will linger despite being asked to die via interruption
[WARNING] thread Thread[RPCClient-NioEventLoopGroup-1-4,5,entity.deposit_token] will linger despite being asked to die via interruption
[WARNING] thread Thread[RPCClient-NioEventLoopGroup-1-5,5,entity.deposit_token] will linger despite being asked to die via interruption
[WARNING] thread Thread[RPCClient-NioEventLoopGroup-1-6,5,entity.deposit_token] will linger despite being asked to die via interruption
[WARNING] thread Thread[RPCClient-NioEventLoopGroup-1-7,5,entity.deposit_token] will linger despite being asked to die via interruption
[WARNING] thread Thread[RPCClient-NioEventLoopGroup-1-8,5,entity.deposit_token] will linger despite being asked to die via interruption
[WARNING] thread Thread[RPCClient-NioEventLoopGroup-1-9,5,entity.deposit_token] will linger despite being asked to die via interruption
[WARNING] thread Thread[RPCClient-NioEventLoopGroup-1-10,5,entity.deposit_token] will linger despite being asked to die via interruption
[WARNING] thread Thread[RPCClient-NioEventLoopGroup-1-11,5,entity.deposit_token] will linger despite being asked to die via interruption
[WARNING] thread Thread[RPCClient-NioEventLoopGroup-1-12,5,entity.deposit_token] will linger despite being asked to die via interruption
[WARNING] thread Thread[RPCClient-NioEventLoopGroup-1-13,5,entity.deposit_token] will linger despite being asked to die via interruption
[WARNING] thread Thread[RPCClient-NioEventLoopGroup-1-14,5,entity.deposit_token] will linger despite being asked to die via interruption
[WARNING] thread Thread[RPCClient-NioEventLoopGroup-1-15,5,entity.deposit_token] will linger despite being asked to die via interruption
[WARNING] thread Thread[RPCClient-NioEventLoopGroup-1-16,5,entity.deposit_token] will linger despite being asked to die via interruption
[WARNING] thread Thread[RPCClient-NioEventLoopGroup-1-17,5,entity.deposit_token] will linger despite being asked to die via interruption
[WARNING] thread Thread[RPCClient-NioEventLoopGroup-1-18,5,entity.deposit_token] will linger despite being asked to die via interruption
[WARNING] thread Thread[RPCClient-NioEventLoopGroup-1-19,5,entity.deposit_token] will linger despite being asked to die via interruption
[WARNING] thread Thread[RPCClient-NioEventLoopGroup-1-20,5,entity.deposit_token] will linger despite being asked to die via interruption
[WARNING] thread Thread[RPCClient-NioEventLoopGroup-1-21,5,entity.deposit_token] will linger despite being asked to die via interruption
[WARNING] thread Thread[RPCClient-NioEventLoopGroup-1-22,5,entity.deposit_token] will linger despite being asked to die via interruption
[WARNING] thread Thread[RPCClient-NioEventLoopGroup-1-23,5,entity.deposit_token] will linger despite being asked to die via interruption
[WARNING] thread Thread[RPCClient-NioEventLoopGroup-1-24,5,entity.deposit_token] will linger despite being asked to die via interruption
[WARNING] thread Thread[RPCClient-NioEventLoopGroup-1-25,5,entity.deposit_token] will linger despite being asked to die via interruption
[WARNING] thread Thread[RPCClient-NioEventLoopGroup-1-26,5,entity.deposit_token] will linger despite being asked to die via interruption
[WARNING] thread Thread[RPCClient-NioEventLoopGroup-1-27,5,entity.deposit_token] will linger despite being asked to die via interruption
[WARNING] thread Thread[RPCClient-NioEventLoopGroup-1-28,5,entity.deposit_token] will linger despite being asked to die via interruption
[WARNING] thread Thread[RPCClient-NioEventLoopGroup-1-29,5,entity.deposit_token] will linger despite being asked to die via interruption
[WARNING] thread Thread[RPCClient-NioEventLoopGroup-1-30,5,entity.deposit_token] will linger despite being asked to die via interruption
[WARNING] thread Thread[RPCClient-NioEventLoopGroup-1-31,5,entity.deposit_token] will linger despite being asked to die via interruption
[WARNING] thread Thread[RPCClient-NioEventLoopGroup-1-32,5,entity.deposit_token] will linger despite being asked to die via interruption
[WARNING] thread Thread[RPCClient-NioEventLoopGroup-1-33,5,entity.deposit_token] will linger despite being asked to die via interruption
[WARNING] thread Thread[RPCClient-NioEventLoopGroup-1-34,5,entity.deposit_token] will linger despite being asked to die via interruption
[WARNING] thread Thread[RPCClient-NioEventLoopGroup-1-35,5,entity.deposit_token] will linger despite being asked to die via interruption
[WARNING] thread Thread[RPCClient-NioEventLoopGroup-1-36,5,entity.deposit_token] will linger despite being asked to die via interruption
[WARNING] thread Thread[RPCClient-NioEventLoopGroup-1-37,5,entity.deposit_token] will linger despite being asked to die via interruption
[WARNING] thread Thread[RPCClient-NioEventLoopGroup-1-38,5,entity.deposit_token] will linger despite being asked to die via interruption
[WARNING] thread Thread[RPCClient-NioEventLoopGroup-1-39,5,entity.deposit_token] will linger despite being asked to die via interruption
[WARNING] thread Thread[RPCClient-NioEventLoopGroup-1-40,5,entity.deposit_token] will linger despite being asked to die via interruption
[WARNING] thread Thread[RPCClient-NioEventLoopGroup-1-41,5,entity.deposit_token] will linger despite being asked to die via interruption
[WARNING] thread Thread[RPCClient-NioEventLoopGroup-1-42,5,entity.deposit_token] will linger despite being asked to die via interruption
[WARNING] thread Thread[RPCClient-NioEventLoopGroup-1-43,5,entity.deposit_token] will linger despite being asked to die via interruption
[WARNING] thread Thread[RPCClient-NioEventLoopGroup-1-44,5,entity.deposit_token] will linger despite being asked to die via interruption
[WARNING] thread Thread[RPCClient-NioEventLoopGroup-1-45,5,entity.deposit_token] will linger despite being asked to die via interruption
[WARNING] thread Thread[RPCClient-NioEventLoopGroup-1-46,5,entity.deposit_token] will linger despite being asked to die via interruption
[WARNING] thread Thread[RPCClient-NioEventLoopGroup-1-47,5,entity.deposit_token] will linger despite being asked to die via interruption
[WARNING] thread Thread[RPCClient-NioEventLoopGroup-1-48,5,entity.deposit_token] will linger despite being asked to die via interruption
[WARNING] thread Thread[RPCClient-NioEventLoopGroup-1-49,5,entity.deposit_token] will linger despite being asked to die via interruption
[WARNING] thread Thread[RPCClient-NioEventLoopGroup-1-50,5,entity.deposit_token] will linger despite being asked to die via interruption
[WARNING] thread Thread[RPCClient-NioEventLoopGroup-1-51,5,entity.deposit_token] will linger despite being asked to die via interruption
[WARNING] thread Thread[RPCClient-NioEventLoopGroup-1-52,5,entity.deposit_token] will linger despite being asked to die via interruption
[WARNING] thread Thread[RPCClient-NioEventLoopGroup-1-53,5,entity.deposit_token] will linger despite being asked to die via interruption
[WARNING] thread Thread[RPCClient-NioEventLoopGroup-1-54,5,entity.deposit_token] will linger despite being asked to die via interruption
[WARNING] thread Thread[RPCClient-NioEventLoopGroup-1-55,5,entity.deposit_token] will linger despite being asked to die via interruption
[WARNING] thread Thread[RPCClient-NioEventLoopGroup-1-56,5,entity.deposit_token] will linger despite being asked to die via interruption
[WARNING] thread Thread[RPCClient-NioEventLoopGroup-1-57,5,entity.deposit_token] will linger despite being asked to die via interruption
[WARNING] thread Thread[RPCClient-NioEventLoopGroup-1-58,5,entity.deposit_token] will linger despite being asked to die via interruption
[WARNING] thread Thread[RPCClient-NioEventLoopGroup-1-59,5,entity.deposit_token] will linger despite being asked to die via interruption
[WARNING] thread Thread[RPCClient-NioEventLoopGroup-1-60,5,entity.deposit_token] will linger despite being asked to die via interruption
[WARNING] thread Thread[RPCClient-NioEventLoopGroup-1-61,5,entity.deposit_token] will linger despite being asked to die via interruption
[WARNING] thread Thread[RPCClient-NioEventLoopGroup-1-62,5,entity.deposit_token] will linger despite being asked to die via interruption
[WARNING] thread Thread[RPCClient-NioEventLoopGroup-1-63,5,entity.deposit_token] will linger despite being asked to die via interruption
[WARNING] thread Thread[RPCClient-NioEventLoopGroup-1-64,5,entity.deposit_token] will linger despite being asked to die via interruption
[WARNING] thread Thread[ForkJoinPool.commonPool-worker-22,5,entity.deposit_token] will linger despite being asked to die via interruption
[WARNING] thread Thread[ForkJoinPool.commonPool-worker-15,5,entity.deposit_token] will linger despite being asked to die via interruption
[WARNING] NOTE: 68 thread(s) did not finish despite being asked to via interruption. This is not a problem with exec:java, it is a problem with the running code. Although not serious, it should be remedied.
[WARNING] Couldn't destroy threadgroup org.codehaus.mojo.exec.ExecJavaMojo$IsolatedThreadGroup[name=entity.deposit_token,maxpri=10]
java.lang.IllegalThreadStateException
	at java.lang.ThreadGroup.destroy(ThreadGroup.java:778)
	at org.codehaus.mojo.exec.ExecJavaMojo.execute(ExecJavaMojo.java:319)
	at org.apache.maven.plugin.DefaultBuildPluginManager.executeMojo(DefaultBuildPluginManager.java:134)
	at org.apache.maven.lifecycle.internal.MojoExecutor.execute(MojoExecutor.java:207)
	at org.apache.maven.lifecycle.internal.MojoExecutor.execute(MojoExecutor.java:153)
	at org.apache.maven.lifecycle.internal.MojoExecutor.execute(MojoExecutor.java:145)
	at org.apache.maven.lifecycle.internal.LifecycleModuleBuilder.buildProject(LifecycleModuleBuilder.java:116)
	at org.apache.maven.lifecycle.internal.LifecycleModuleBuilder.buildProject(LifecycleModuleBuilder.java:80)
	at org.apache.maven.lifecycle.internal.builder.singlethreaded.SingleThreadedBuilder.build(SingleThreadedBuilder.java:51)
	at org.apache.maven.lifecycle.internal.LifecycleStarter.execute(LifecycleStarter.java:128)
	at org.apache.maven.DefaultMaven.doExecute(DefaultMaven.java:307)
	at org.apache.maven.DefaultMaven.doExecute(DefaultMaven.java:193)
	at org.apache.maven.DefaultMaven.execute(DefaultMaven.java:106)
	at org.apache.maven.cli.MavenCli.execute(MavenCli.java:863)
	at org.apache.maven.cli.MavenCli.doMain(MavenCli.java:288)
	at org.apache.maven.cli.MavenCli.main(MavenCli.java:199)
	at sun.reflect.NativeMethodAccessorImpl.invoke0(Native Method)
	at sun.reflect.NativeMethodAccessorImpl.invoke(NativeMethodAccessorImpl.java:62)
	at sun.reflect.DelegatingMethodAccessorImpl.invoke(DelegatingMethodAccessorImpl.java:43)
	at java.lang.reflect.Method.invoke(Method.java:498)
	at org.codehaus.plexus.classworlds.launcher.Launcher.launchEnhanced(Launcher.java:289)
	at org.codehaus.plexus.classworlds.launcher.Launcher.launch(Launcher.java:229)
	at org.codehaus.plexus.classworlds.launcher.Launcher.mainWithExitCode(Launcher.java:415)
	at org.codehaus.plexus.classworlds.launcher.Launcher.main(Launcher.java:356)
[INFO] ------------------------------------------------------------------------
[INFO] BUILD SUCCESS
[INFO] ------------------------------------------------------------------------
[INFO] Total time: 19:53 h
[INFO] Finished at: 2025-05-20T06:34:37+08:00
[INFO] Final Memory: 148M/23470M
[INFO] ------------------------------------------------------------------------
