[34406465536, 34406469632]
[34406465536, 39321751560]
[34406465536, 39321759752]
[34406465536, 44236890272]
[34406465536, 44236902408]
[34406465536, 49152045216]
[34406465536, 49152053392]
[34406465536, 54067331072]
[34406465536, 58982445056]
[34406465536, 58982465544]
[34406465536, 58982678768]
[34406465536, 63897669776]
[34406465536, 63897702408]
[34406465536, 63897735328]
[34406465536, 63897927680]
[34406465536, 68812841080]
[34406465536, 68812980384]
[34406465536, 68813000848]
[34406465536, 68813017232]
[34406465536, 68813181176]
[34406465536, 68813328456]
[34406465536, 68813422664]
[34406465536, 68813566072]
[34406465536, 73728041032]
[34406465536, 73728061512]
[34406465536, 73728303112]
[34406465536, 73728434424]
[34406465536, 78643347584]
[34406465536, 78643388576]
[34406465536, 78643941448]
[34406465536, 83558428816]
[34406465536, 83558473848]
[34406465536, 83558576248]
[34406465536, 83558584392]
[34406465536, 83558584480]
[34406465536, 83558600864]
[34406465536, 83558650016]
[34406465536, 83558703112]
[34406465536, 83558785168]
[34406465536, 83558813704]
[34406465536, 83558867088]
[34406465536, 83558895624]
[34406465536, 83558924296]
[34406465536, 83558969352]
[34406465536, 83558994080]
[34406465536, 83559170056]
[34406465536, 83559358584]
[34406465536, 83559383160]
[34406465536, 88473624584]
[34406465536, 88473673872]
[34406465536, 88474091680]
[34406465536, 93388820600]
[34406465536, 93388886176]
[34406465536, 93388922888]
[34406465536, 93389021328]
[34406465536, 93389516944]
[34406465536, 93389979656]
[34406465536, 98304004104]
[34406465536, 98304004256]
[34406465536, 98304659464]
[34406465536, 98304827464]
[34406465536, 98304884744]
[103219241104, 34406465536]
[103219310736, 34406465536]
[103219404808, 34406465536]
[103219417096, 34406465536]
[103219417248, 34406465536]
[108134678648, 34406465536]
[108134699080, 34406465536]
[108134719560, 34406465536]
[108134817952, 34406465536]
[108135092368, 34406465536]
[108135129232, 34406465536]
[108135141384, 34406465536]
[113049702560, 34406465536]
[113049776272, 34406465536]
[113050140816, 34406465536]
[113050193992, 34406465536]
[113050505376, 34406465536]
[117964808416, 34406465536]
[117964890336, 34406465536]
[117964951712, 34406465536]
[117964972176, 34406465536]
[117964972256, 34406465536]
[117965025440, 34406465536]
[117965029600, 34406465536]
[117965131936, 34406465536]
[117965176976, 34406465536]
[117965205648, 34406465536]
[122880028680, 34406465536]
[122880073752, 34406465536]
[122880086240, 34406465536]
[122880253976, 34406465536]
[122880626848, 34406465536]
[127795384360, 34406465536]
[127795400744, 34406465536]
[127795417128, 34406465536]
[127795441688, 34406465536]
[127795663008, 34406465536]
[132710494248, 34406465536]
[132710506720, 34406465536]
[132710559768, 34406465536]
[132710617312, 34406465536]
[132710650080, 34406465536]
[132710694952, 34406465536]
[132710866984, 34406465536]
[137625702424, 34406465536]
[137625890960, 34406465536]
[137626996896, 34406465536]
[142540840984, 34406465536]
[142540857384, 34406465536]
[142541017128, 34406465536]
[142541103144, 34406465536]
[142541373480, 34406465536]
[147456106520, 34406465536]
[147456233496, 34406465536]
