[314573856768, 4272]
[163880, 314573856768]
[314573856768, 4915576920]
[314573856768, 83558965368]
[103219802120, 314573856768]
[117965218032, 314573856768]
[127796289592, 314573856768]
[127797076056, 314573856768]
[127797227576, 314573856768]
[127798005968, 314573856768]
[132711137488, 314573856768]
[137626431648, 314573856768]
[137626628152, 314573856768]
[137626873912, 314573856768]
[142541050000, 314573856768]
[142541230288, 314573856768]
[152371355776, 314573856768]
[152371568648, 314573856768]
[162203525280, 314573856768]
[176947437608, 314573856768]
[176948269064, 314573856768]
[186778403040, 314573856768]
[191693082664, 314573856768]
[191693119712, 314573856768]
[191694065688, 314573856768]
[201523847208, 314573856768]
[201524264984, 314573856768]
[211354034320, 314573856768]
[211354292368, 314573856768]
[216269488376, 314573856768]
[240845119648, 314573856768]
[245761396976, 314573856768]
[250675617912, 314573856768]
[255590539336, 314573856768]
[255590551552, 314573856768]
[255590953064, 314573856768]
[255591121088, 314573856768]
[260505874536, 314573856768]
[260506624104, 314573856768]
[265421586536, 314573856768]
[265421865208, 314573856768]
[270336204800, 314573856768]
[270336483432, 314573856768]
[270337941696, 314573856768]
[275251208192, 314573856768]
[275251232872, 314573856768]
[275252146352, 314573856768]
[275252334696, 314573856768]
[275252383848, 314573856768]
[275253076072, 314573856768]
[280166469640, 314573856768]
[285082521624, 314573856768]
[289997095088, 314573856768]
[289997238464, 314573856768]
[289997459648, 314573856768]
[289997770824, 314573856768]
[294912270344, 314573856768]
[294912704584, 314573856768]
[299827204272, 314573856768]
[299827220480, 314573856768]
[299827490824, 314573856768]
[299827507208, 314573856768]
[304742412480, 314573856768]
[304742555656, 314573856768]
[304743063728, 314573856768]
[304743514240, 314573856768]
[304743665768, 314573856768]
[309657731176, 314573856768]
[309657796632, 314573856768]
[309658284256, 314573856768]
[309658308856, 314573856768]
[314572808232, 314573856768]
[314573406456, 314573856768]
[314573558008, 314573856768]
[314573603040, 314573856768]
[314573856768, 314574278696]
[314573856768, 314574676008]
[314573856768, 319488073976]
[314573856768, 319488094232]
[314573856768, 319488098432]
[314573856768, 319488520416]
[314573856768, 319488970760]
[314573856768, 324403245280]
[314573856768, 324403302424]
[314573856768, 324403933424]
[314573856768, 329318772864]
[314573856768, 329319022816]
[314573856768, 329319829528]
[314573856768, 329319862280]
[314573856768, 329319944232]
[314573856768, 334233624736]
[314573856768, 334233772152]
[314573856768, 334233772272]
[314573856768, 334234435744]
[314573856768, 334234443800]
[314573856768, 334234456072]
[314573856768, 334235267216]
[314573856768, 334235783208]
[314573856768, 339149119528]
[314573856768, 339149262888]
[314573856768, 339149283328]
[314573856768, 339149770776]
[314573856768, 344064053496]
[314573856768, 344064057584]
[314573856768, 344064155808]
[314573856768, 344064209056]
[314573856768, 344064401408]
[314573856768, 348979638296]
[314573856768, 353894412408]
[314573856768, 353894666240]
[314573856768, 353894764792]
[314573856768, 353894883448]
[314573856768, 353894940832]
[314573856768, 353894977656]
[314573856768, 353895006456]
[314573856768, 353895129096]
[314573856768, 358809669632]
[314573856768, 358809755648]
[314573856768, 358809923728]
[314573856768, 358810562800]
[314573856768, 358811357224]
[314573856768, 363725008904]
[314573856768, 363725201408]
[314573856768, 363725246704]
[314573856768, 363725525136]
[314573856768, 363725721824]
[314573856768, 368640131232]
[314573856768, 368640774168]
[314573856768, 368640811032]
[314573856768, 368640995352]
[314573856768, 368641900616]
[314573856768, 373555519488]
[314573856768, 373555953784]
[314573856768, 373556789408]
[314573856768, 378471608464]
[314573856768, 378471805088]
[314573856768, 378471944336]
[314573856768, 383386452216]
[314573856768, 383387230216]
[314573856768, 388300947616]
[314573856768, 388301476080]
[314573856768, 393216159992]
[314573856768, 398131408968]
[314573856768, 398131749024]
[314573856768, 398132367520]
[314573856768, 403046629536]
[314573856768, 403047063680]
[314573856768, 403047227536]
[314573856768, 407962136704]
[314573856768, 407962407032]
[314573856768, 407963926672]
[314573856768, 412876804168]
[314573856768, 412877287496]
[314573856768, 412877480080]
[314573856768, 412877537424]
[314573856768, 412877541448]
[314573856768, 417792049224]
[314573856768, 417792131216]
[314573856768, 417792393288]
[314573856768, 417792745616]
[314573856768, 422707773512]
[314573856768, 422708097096]
[314573856768, 422708146248]
[314573856768, 422708727968]
[314573856768, 427622596768]
[314573856768, 427623243936]
[314573856768, 427623440528]
[314573856768, 432538824776]
[314573856768, 432539177032]
[314573856768, 432539304096]
[314573856768, 432539443344]
[314573856768, 432539721872]
[314573856768, 437454065824]
[314573856768, 437454323872]
[314573856768, 437454536864]
[314573856768, 437456240800]
[314573856768, 442368544840]
[314573856768, 442369151048]
[314573856768, 442369179720]
[314573856768, 447283232928]
[314573856768, 447284207688]
[314573856768, 452198854816]
[314573856768, 452198965320]
[314573856768, 457113637008]
[314573856768, 457114656912]
[314573856768, 462030090400]
[314573856768, 466944512072]
[314573856768, 466944532552]
[314573856768, 466944532624]
[314573856768, 466944581704]
[314573856768, 471859818568]
[314573856768, 471860281416]
[314573856768, 481690378312]
[314573856768, 481690386504]
[314573856768, 481690538056]
[314573856768, 481690804296]
[314573856768, 486605082696]
