[147456241856, 216269217792]
[162201653248, 216269217792]
[167116816384, 216269217792]
[167116918960, 216269217792]
[167116968040, 216269217792]
[167117000896, 216269217792]
[167117009088, 216269217792]
[167117013184, 216269217792]
[167117029480, 216269217792]
[167117054056, 216269217792]
[167117062320, 216269217792]
[167117070512, 216269217792]
[167117090992, 216269217792]
[167117160552, 216269217792]
[167117172840, 216269217792]
[167117172928, 216269217792]
[167117254848, 216269217792]
[167117262952, 216269217792]
[167117275328, 216269217792]
[167117324464, 216269217792]
[167117418688, 216269217792]
[167117488304, 216269217792]
[167117713632, 216269217792]
[167117942976, 216269217792]
[167117951168, 216269217792]
[172032135360, 216269217792]
[172032151728, 216269217792]
[172032151744, 216269217792]
[172032168112, 216269217792]
[172032213168, 216269217792]
[172032245936, 216269217792]
[172032250032, 216269217792]
[172032254128, 216269217792]
[172032262320, 216269217792]
[172032270440, 216269217792]
[172032315496, 216269217792]
[172032319592, 216269217792]
[172032323688, 216269217792]
[172032331968, 216269217792]
[172032348264, 216269217792]
[172032397312, 216269217792]
[172032405608, 216269217792]
[172032409776, 216269217792]
[172032508080, 216269217792]
[172032512176, 216269217792]
[172032565352, 216269217792]
[172032688304, 216269217792]
[172032741376, 216269217792]
[172032827392, 216269217792]
[172032852072, 216269217792]
[172032917608, 216269217792]
[172033118312, 216269217792]
[172033122408, 216269217792]
[172033130600, 216269217792]
[172033790176, 216269217792]
[172034162912, 216269217792]
[172034171104, 216269217792]
[176947236864, 216269217792]
[176947339368, 216269217792]
[176947355824, 216269217792]
[176947359848, 216269217792]
[176947359920, 216269217792]
[176947363944, 216269217792]
[176947368040, 216269217792]
[176947368112, 216269217792]
[176947404976, 216269217792]
[176947404992, 216269217792]
[176947413184, 216269217792]
[176947437760, 216269217792]
[176947445952, 216269217792]
[176947449856, 216269217792]
[176947454144, 216269217792]
[176947470512, 216269217792]
[176947503104, 216269217792]
[176947503280, 216269217792]
[176947511400, 216269217792]
[176947511472, 216269217792]
[176947523760, 216269217792]
[176947540144, 216269217792]
[176947650736, 216269217792]
[176947650752, 216269217792]
[176947712176, 216269217792]
[176947716136, 216269217792]
[176947798208, 216269217792]
[176947962048, 216269217792]
[176947966144, 216269217792]
[176948113600, 216269217792]
[176948121792, 216269217792]
[176948343008, 216269217792]
[176948949016, 216269217792]
[181862416384, 216269217792]
[181862514688, 216269217792]
[181862514864, 216269217792]
[181862609072, 216269217792]
[181862613096, 216269217792]
[181862613184, 216269217792]
[181862625384, 216269217792]
[181862625472, 216269217792]
[181862641768, 216269217792]
[181862670440, 216269217792]
[181862686912, 216269217792]
[181862690920, 216269217792]
[181862699112, 216269217792]
[181862797416, 216269217792]
[181862813872, 216269217792]
[181862981736, 216269217792]
[181863014504, 216269217792]
[181863034984, 216269217792]
[181863190752, 216269217792]
[181863333928, 216269217792]
[181863526440, 216269217792]
[186777747456, 216269217792]
[186777763848, 216269217792]
[186777837592, 216269217792]
[186778939616, 216269217792]
[186779029728, 216269217792]
[191692922880, 216269217792]
[191693070336, 216269217792]
[191693115400, 216269217792]
[191693135880, 216269217792]
[196608475144, 216269217792]
[196608507912, 216269217792]
[196608561160, 216269217792]
[196608598024, 216269217792]
[196608782336, 216269217792]
[196608786432, 216269217792]
[196608831488, 216269217792]
[201523843072, 216269217792]
[201523888128, 216269217792]
[201523904512, 216269217792]
[201523933184, 216269217792]
[201523941376, 216269217792]
[201524420632, 216269217792]
[206438690824, 216269217792]
[206438703112, 216269217792]
[206438752264, 216269217792]
[206438764552, 216269217792]
[211353604200, 216269217792]
[211353796608, 216269217792]
[211353804800, 216269217792]
[211353821184, 216269217792]
[211353825280, 216269217792]
[211353845760, 216269217792]
[211353870336, 216269217792]
[211353927680, 216269217792]
[211353980928, 216269217792]
[211354284032, 216269217792]
[211354378240, 216269217792]
[216268926976, 216269217792]
[216268959744, 216269217792]
[216268976128, 216269217792]
[216269139968, 216269217792]
[216269217792, 221184065536]
[216269217792, 221184077824]
[216269217792, 221184094208]
[216269217792, 221184135168]
[216269217792, 221184139272]
[216269217792, 221184307200]
[216269217792, 221184438272]
[216269217792, 221184446464]
[216269217792, 221184655520]
[216269217792, 221184667808]
[216269217792, 221184700576]
[216269217792, 221184704672]
[216269217792, 221184737424]
[216269217792, 221184741520]
[216269217792, 221184778384]
[216269217792, 221184794768]
[216269217792, 221184802960]
[216269217792, 221184864400]
[216269217792, 221184905360]
[216269217792, 221184913552]
[216269217792, 221184954512]
[216269217792, 221184958608]
[216269217792, 221184991376]
[216269217792, 226099322880]
[216269217792, 226099331072]
[216269217792, 226099425280]
[216269217792, 226099458048]
[216269217792, 226099539968]
[216269217792, 226099585032]
[216269217792, 226099622032]
[216269217792, 226099654800]
[216269217792, 226099679376]
[216269217792, 231014432928]
[216269217792, 231014625288]
[216269217792, 231014641672]
[216269217792, 231014658208]
[216269217792, 231014686880]
[216269217792, 231014694912]
[216269217792, 231014707208]
[216269217792, 231014715392]
[216269217792, 231014715400]
[216269217792, 231014735872]
[216269217792, 231014789120]
[216269217792, 231014805504]
[216269217792, 231014817800]
[216269217792, 231014887424]
[216269217792, 231014985872]
[216269217792, 231014998160]
[216269217792, 231015026832]
[216269217792, 231015043216]
[216269217792, 231015075840]
[216269217792, 231015104656]
[216269217792, 231015108608]
[216269217792, 231015428096]
[216269217792, 231015534592]
[216269217792, 231015972864]
[216269217792, 235929661440]
[216269217792, 235929702408]
[216269217792, 235929804800]
[216269217792, 235929952416]
[216269217792, 235930108064]
[216269217792, 235930157216]
[216269217792, 235930386576]
[216269217792, 235930407056]
[216269217792, 235930419344]
[216269217792, 235930497168]
[216269217792, 235930517648]
[216269217792, 235930529936]
[216269217792, 235930542224]
[216269217792, 235930574992]
[216269217792, 235930611856]
[216269217792, 240844853392]
[216269217792, 240844984328]
[216269217792, 240845000712]
[216269217792, 240845009056]
[216269217792, 240845013152]
[216269217792, 240845025440]
[216269217792, 240845037576]
[216269217792, 240845049864]
[216269217792, 240845062304]
[216269217792, 240845066400]
[216269217792, 240845238416]
[216269217792, 240845287568]
[216269217792, 240845299856]
[216269217792, 240845476088]
[216269217792, 245760221328]
[216269217792, 245760245904]
[216269217792, 245760266384]
[216269217792, 245760270480]
[216269217792, 250675708024]
[216269217792, 250676158624]
[216269217792, 250676199584]
[216269217792, 250676248736]
[216269217792, 250676478096]
[216269217792, 250676482192]
[216269217792, 250676510864]
[216269217792, 250676539536]
[216269217792, 250676560016]
[216269217792, 250676580496]
[216269217792, 250676629648]
[216269217792, 250676682896]
[216269217792, 250676691088]
[216269217792, 250676699280]
[216269217792, 250676703376]
[216269217792, 255590600864]
[216269217792, 255590629536]
[216269217792, 255590633632]
[216269217792, 255590637728]
[216269217792, 255591252112]
[216269217792, 255591256208]
[216269217792, 255591370896]
[216269217792, 255591374992]
[216269217792, 255591391376]
[216269217792, 255591411856]
[216269217792, 260506181792]
[216269217792, 260506357904]
[216269217792, 260506362000]
[216269217792, 260506366096]
[216269217792, 260506579104]
[216269217792, 260506603680]
[216269217792, 265421058288]
[216269217792, 265421156480]
[216269217792, 265421299856]
[216269217792, 265421308048]
[216269217792, 265421340832]
[216269217792, 265421373600]
[216269217792, 265421394080]
[216269217792, 275251335328]
[216269217792, 275251339424]
[216269217792, 275251347600]
[216269217792, 275251355808]
[216269217792, 275251368080]
[216269217792, 275251372192]
[216269217792, 275251392672]
[216269217792, 275251396752]
[216269217792, 275251409040]
[216269217792, 275251413136]
[216269217792, 275251421328]
[216269217792, 275251441808]
[216269217792, 275251519632]
[216269217792, 275251536016]
[216269217792, 275251556496]
[216269217792, 275251871904]
[216269217792, 280166596752]
[216269217792, 280166625440]
[216269217792, 280166637712]
[216269217792, 280166641824]
[216269217792, 280166686880]
[216269217792, 280166690976]
[216269217792, 280166703248]
[216269217792, 280166715552]
[216269217792, 280166719632]
[216269217792, 280166723744]
[216269217792, 280166727824]
[216269217792, 280166772896]
[216269217792, 280166797456]
[216269217792, 280166797472]
[216269217792, 280166863008]
[216269217792, 280166916256]
[216269217792, 280166928544]
[216269217792, 280166957200]
[216269217792, 280166965392]
[216269217792, 280167047328]
[216269217792, 280167088288]
[216269217792, 280167178400]
[216269217792, 280167190688]
[216269217792, 280167215264]
[216269217792, 280167297184]
[216269217792, 280167538848]
[216269217792, 280167596176]
[216269217792, 285081735312]
[216269217792, 285081747600]
[216269217792, 285081768096]
[216269217792, 285081776272]
[216269217792, 285081784480]
[216269217792, 285081821344]
[216269217792, 285081919632]
[216269217792, 285082095760]
[216269217792, 285082144912]
[216269217792, 285082259616]
[216269217792, 289996882080]
[216269217792, 289996894368]
[216269217792, 289996955792]
[216269217792, 289996959888]
[216269217792, 289996968096]
[216269217792, 289996988560]
[216269217792, 289997033632]
[216269217792, 289997119648]
[216269217792, 289997271184]
[216269217792, 294912077984]
[216269217792, 294912135328]
[216269217792, 294912180368]
[216269217792, 294912204944]
[216269217792, 294912299152]
[216269217792, 294912303248]
[216269217792, 294912352400]
[216269217792, 294912356496]
[216269217792, 294912389264]
[216269217792, 294912397456]
[216269217792, 294912458896]
[216269217792, 294912602256]
[216269217792, 294912639120]
[216269217792, 294912651408]
[216269217792, 294912663696]
[216269217792, 294912983184]
[216269217792, 294913036432]
[216269217792, 294913138832]
[216269217792, 294913147024]
[216269217792, 294913392784]
[216269217792, 299827331216]
[216269217792, 299827331232]
[216269217792, 299827339408]
[216269217792, 299827343504]
[216269217792, 299827384464]
[216269217792, 299827458208]
[216269217792, 299827511440]
[216269217792, 299827613856]
[216269217792, 299827626144]
[216269217792, 299827863696]
[216269217792, 304743075912]
[216269217792, 304743100488]
[216269217792, 304743190600]
[167117414504, 216269217792]
[167117455464, 216269217792]
[167117951168, 216269217792]
[172033118312, 216269217792]
[172033130600, 216269217792]
[172033671208, 216269217792]
[172034162912, 216269217792]
[176947855536, 216269217792]
[176947962048, 216269217792]
[176947966144, 216269217792]
[176948113600, 216269217792]
[176948117696, 216269217792]
[176948121792, 216269217792]
[176948949016, 216269217792]
[181862686912, 216269217792]
[181862736048, 216269217792]
[181862854848, 216269217792]
[181863333928, 216269217792]
[181863391336, 216269217792]
[181863538792, 216269217792]
[191694589976, 216269217792]
[196609007656, 216269217792]
[211353804800, 216269217792]
[211354091520, 216269217792]
[211354132480, 216269217792]
[216269217792, 221184135168]
[216269217792, 221184454656]
[216269217792, 231014789120]
[216269217792, 231014809608]
[216269217792, 231014887424]
[216269217792, 231015829504]
[216269217792, 240844816488]
[216269217792, 240845049864]
[216269217792, 245760208904]
[216269217792, 250675892344]
[216269217792, 275251740832]
[216269217792, 280166592672]
[216269217792, 280167002272]
[216269217792, 280167321760]
[216269217792, 280167551120]
[216269217792, 285082230928]
[216269217792, 289997058208]
[216269217792, 289997119648]
[216269217792, 289997140112]
[216269217792, 289997283472]
[216269217792, 294912278672]
[216269217792, 294912753808]
[216269217792, 294912983184]
[216269217792, 299827347600]
[216269217792, 299827503264]
[216269217792, 299827564704]
[216269217792, 299827568800]
[216269217792, 299827613856]
[216269217792, 299827646624]
[216269217792, 299827863696]
[167117000896, 216269217792]
[167117009088, 216269217792]
[167117062320, 216269217792]
[167117164648, 216269217792]
[167117172840, 216269217792]
[167117254848, 216269217792]
[167117324464, 216269217792]
[167117426880, 216269217792]
[167117455464, 216269217792]
[172032110784, 216269217792]
[172032151744, 216269217792]
[172032172208, 216269217792]
[172032241768, 216269217792]
[172032245936, 216269217792]
[172032266344, 216269217792]
[172032331968, 216269217792]
[172032405608, 216269217792]
[172032422064, 216269217792]
[172032430184, 216269217792]
[172032438448, 216269217792]
[172032446568, 216269217792]
[172032512176, 216269217792]
[172032573616, 216269217792]
[172032622768, 216269217792]
[172032688304, 216269217792]
[172033671208, 216269217792]
[172034052320, 216269217792]
[172034162912, 216269217792]
[172034167008, 216269217792]
[176947359848, 216269217792]
[176947409088, 216269217792]
[176947499200, 216269217792]
[176947515496, 216269217792]
[176947544256, 216269217792]
[176947568816, 216269217792]
[176947585128, 216269217792]
[176947663040, 216269217792]
[176947757248, 216269217792]
[176948089024, 216269217792]
[176948117696, 216269217792]
[176948949016, 216269217792]
[176949403672, 216269217792]
[181862609072, 216269217792]
[181862748264, 216269217792]
[181862809704, 216269217792]
[181863022696, 216269217792]
[181863194728, 216269217792]
[181863301224, 216269217792]
[181863317608, 216269217792]
[181863526504, 216269217792]
[181863559272, 216269217792]
[186778628136, 216269217792]
[191695081496, 216269217792]
[211353993216, 216269217792]
[216269074432, 216269217792]
[216269217792, 221184135168]
[216269217792, 221184438272]
[216269217792, 221184442368]
[216269217792, 226099212464]
[216269217792, 226099290112]
[216269217792, 226099318784]
[216269217792, 226099331072]
[216269217792, 226099445760]
[216269217792, 226099507200]
[216269217792, 231014707208]
[216269217792, 231014801408]
[216269217792, 231014809608]
[216269217792, 231015313408]
[216269217792, 231015387136]
[216269217792, 231015780352]
[216269217792, 231015829504]
[216269217792, 235929804800]
[216269217792, 245760057352]
[216269217792, 250675892344]
[216269217792, 260506239216]
[216269217792, 260506296560]
[216269217792, 265421140096]
[216269217792, 275251318928]
[216269217792, 275251339424]
[216269217792, 275251359888]
[216269217792, 275251380368]
[216269217792, 275251384480]
[216269217792, 275251392672]
[216269217792, 275251499168]
[216269217792, 280166596752]
[216269217792, 280166690976]
[216269217792, 280166711440]
[216269217792, 280166719632]
[216269217792, 280166752416]
[216269217792, 280166781088]
[216269217792, 280166998176]
[216269217792, 280167006352]
[216269217792, 280167088288]
[216269217792, 280167104672]
[216269217792, 280167170208]
[216269217792, 280167178400]
[216269217792, 280167297184]
[216269217792, 280167538848]
[216269217792, 285081817248]
[216269217792, 285081923744]
[216269217792, 285082022048]
[216269217792, 285082095760]
[216269217792, 285082144912]
[216269217792, 285082259616]
[216269217792, 289996906640]
[216269217792, 289996984480]
[216269217792, 289997111456]
[216269217792, 289997119648]
[216269217792, 289997283472]
[216269217792, 294912180368]
[216269217792, 294912188560]
[216269217792, 294912708752]
[216269217792, 294912716944]
[216269217792, 294912786576]
[216269217792, 294912983184]
[216269217792, 294913138832]
[216269217792, 294913147024]
[216269217792, 299827564704]
[216269217792, 299827568800]
[216269217792, 299827613856]
[216269217792, 299827622048]
[216269217792, 299827626144]
[216269217792, 299827638416]
[216269217792, 294912299152]
[167117349056, 216269217792]
[172032336064, 216269217792]
[172032385200, 216269217792]
[172032852144, 216269217792]
[176947458224, 216269217792]
[176947650752, 216269217792]
[181863342184, 216269217792]
[211353796608, 216269217792]
[211354148864, 216269217792]
[216269037568, 216269217792]
[216269217792, 221184307200]
[216269217792, 231014641672]
[216269217792, 235929890824]
[216269217792, 275251683488]
[216269217792, 275251695776]
[216269217792, 280167030944]
[216269217792, 280167477408]
[216269217792, 285082235040]
[216269217792, 294912471184]
[216269217792, 299827458208]
