[334234996736, 83559055448]
[334234996736, 83559067736]
[334234996736, 83559071832]
[334234996736, 83559092312]
[334234996736, 83559149656]
[334234996736, 83559186520]
[334234996736, 83559583800]
[334234996736, 83559587896]
[334234996736, 83559596088]
[334234996736, 83559608376]
[334234996736, 83559641144]
[334234996736, 83559645240]
[334234996736, 83559653432]
[334234996736, 83559718968]
[334234996736, 83559723064]
[334234996736, 83559870520]
[334234996736, 88473948216]
[334234996736, 88473960504]
[334234996736, 88474300504]
[334234996736, 88474538072]
[334234996736, 88474550360]
[334234996736, 88474710224]
[334234996736, 88474734800]
[334234996736, 88474747088]
[334234996736, 88474751184]
[334234996736, 88474755280]
[334234996736, 88474759376]
[334234996736, 88474804432]
[334234996736, 88474837200]
[334234996736, 88474955984]
[334234996736, 88474960080]
[334234996736, 88474968272]
[334234996736, 93389435088]
[334234996736, 93389525200]
[334234996736, 93389615160]
[334234996736, 93389631544]
[334234996736, 93389635640]
[334234996736, 93389639736]
[334234996736, 93389660216]
[334234996736, 93389684824]
[334234996736, 93389709400]
[334234996736, 93389758552]
[334234996736, 93389762648]
[334234996736, 93389811800]
[334234996736, 93389832280]
[334234996736, 93389889624]
[334234996736, 93390008408]
[334234996736, 93390028888]
[334234996736, 93390032984]
[334234996736, 98304397368]
[334234996736, 98304413784]
[334234996736, 98304421976]
[334234996736, 98304438360]
[334234996736, 98304442456]
[334234996736, 98304446552]
[334234996736, 98304462904]
[334234996736, 98304471096]
[334234996736, 98304622800]
[334234996736, 98304639184]
[334234996736, 98304688336]
[103219589328, 334234996736]
[103219601616, 334234996736]
[103219626192, 334234996736]
[103219634264, 334234996736]
[103219642576, 334234996736]
[103219699768, 334234996736]
[103219703864, 334234996736]
[103219720248, 334234996736]
[103219724496, 334234996736]
[103219789880, 334234996736]
[103219794008, 334234996736]
[103219802200, 334234996736]
[103219908664, 334234996736]
[103219920952, 334234996736]
[108134821944, 334234996736]
[108134846520, 334234996736]
[108134846672, 334234996736]
[108134924376, 334234996736]
[108134932568, 334234996736]
[108134957144, 334234996736]
[108134981720, 334234996736]
[108134985784, 334234996736]
[108134994008, 334234996736]
[108134998072, 334234996736]
[108135014608, 334234996736]
[108135018584, 334234996736]
[108135096408, 334234996736]
[108135100504, 334234996736]
[113049866328, 334234996736]
[113049878736, 334234996736]
[113049903312, 334234996736]
[113049972944, 334234996736]
[113049985080, 334234996736]
[113049993272, 334234996736]
[113050054712, 334234996736]
[117965029464, 334234996736]
[117965045848, 334234996736]
[117965168696, 334234996736]
[117965197368, 334234996736]
[117965205560, 334234996736]
[117965217848, 334234996736]
[117965238328, 334234996736]
[117965324344, 334234996736]
[117965922512, 334234996736]
[117965955280, 334234996736]
[117965959376, 334234996736]
[117966278864, 334234996736]
[117966299344, 334234996736]
[117966303440, 334234996736]
[117966307536, 334234996736]
[122880155856, 334234996736]
[122880209104, 334234996736]
[152371339352, 334234996736]
[152371388624, 334234996736]
[162201604184, 334234996736]
[162204581944, 334234996736]
[162210467928, 334234996736]
[162210472024, 334234996736]
[162210578520, 334234996736]
[162210955352, 334234996736]
[167122419768, 334234996736]
[167122694352, 334234996736]
[172035014864, 334234996736]
[172038983768, 334234996736]
[172039360600, 334234996736]
[176950046928, 334234996736]
[176950165712, 334234996736]
[176950186072, 334234996736]
[176951562296, 334234996736]
[176951566392, 334234996736]
[176951746616, 334234996736]
[186777763928, 334234996736]
[186777870424, 334234996736]
[201523212496, 334234996736]
[226100641848, 334234996736]
[226101862608, 334234996736]
[250675429568, 334234996736]
[250675441856, 334234996736]
[250675450048, 334234996736]
[250675609792, 334234996736]
[250675974336, 334234996736]
[250675990720, 334234996736]
[255590416632, 334234996736]
[255590428920, 334234996736]
[255590441208, 334234996736]
[255590445304, 334234996736]
[255590477928, 334234996736]
[255590490360, 334234996736]
[255590605048, 334234996736]
[255590637760, 334234996736]
[255590727928, 334234996736]
[255590736120, 334234996736]
[255590822080, 334234996736]
[255590867048, 334234996736]
[255590875384, 334234996736]
[255590883432, 334234996736]
[255590920368, 334234996736]
[255591026880, 334234996736]
[260505628920, 334234996736]
[260505637112, 334234996736]
[260505641208, 334234996736]
[260505653496, 334234996736]
[260505665784, 334234996736]
[260505706744, 334234996736]
[260505710840, 334234996736]
[260505821432, 334234996736]
[260505899200, 334234996736]
[260505903296, 334234996736]
[260505907392, 334234996736]
[260505931952, 334234996736]
[260506063040, 334234996736]
[260506149112, 334234996736]
[260506177640, 334234996736]
[260506398824, 334234996736]
[260506415208, 334234996736]
[260506484840, 334234996736]
[265420873904, 334234996736]
[265420935416, 334234996736]
[265420976128, 334234996736]
[265421049960, 334234996736]
[265421070440, 334234996736]
[265421082872, 334234996736]
[265421107392, 334234996736]
[265421131968, 334234996736]
[265421132024, 334234996736]
[265421185200, 334234996736]
[265421250736, 334234996736]
[265421267136, 334234996736]
[265421426936, 334234996736]
[265421484208, 334234996736]
[265421488304, 334234996736]
[265421504616, 334234996736]
[265421504760, 334234996736]
[265421508856, 334234996736]
[265421512952, 334234996736]
[265421553840, 334234996736]
[265421713656, 334234996736]
[270336049328, 334234996736]
[270336061560, 334234996736]
[270336086120, 334234996736]
[270336139512, 334234996736]
[270336250032, 334234996736]
[270336254128, 334234996736]
[270336262248, 334234996736]
[270336290816, 334234996736]
[270336401584, 334234996736]
[270336680128, 334234996736]
[270336979136, 334234996736]
[275251212536, 334234996736]
[275251224824, 334234996736]
[275251286208, 334234996736]
[275251302504, 334234996736]
[275251302576, 334234996736]
[275251331264, 334234996736]
[275251409000, 334234996736]
[275251433648, 334234996736]
[275251437744, 334234996736]
[275251482872, 334234996736]
[275251544184, 334234996736]
[275251560456, 334234996736]
[275251580936, 334234996736]
[275251822696, 334234996736]
[275251826792, 334234996736]
[275251867752, 334234996736]
[275251867824, 334234996736]
[275251884208, 334234996736]
[275252142256, 334234996736]
[280166408320, 334234996736]
[280166416512, 334234996736]
[280166416632, 334234996736]
[280166420600, 334234996736]
[280166424824, 334234996736]
[280166428920, 334234996736]
[280166432896, 334234996736]
[280166436992, 334234996736]
[280166490240, 334234996736]
[280166498496, 334234996736]
[280166514864, 334234996736]
[280166539264, 334234996736]
[280166543488, 334234996736]
[280166559872, 334234996736]
[280166572152, 334234996736]
[280166588520, 334234996736]
[280166592616, 334234996736]
[280166617208, 334234996736]
[280166637688, 334234996736]
[280166637760, 334234996736]
[280166641856, 334234996736]
[280166645952, 334234996736]
[280166854776, 334234996736]
[280166920312, 334234996736]
[280167030904, 334234996736]
[285081604344, 334234996736]
[285081608312, 334234996736]
[285081628800, 334234996736]
[285081637112, 334234996736]
[285081645296, 334234996736]
[285081649392, 334234996736]
[285081657584, 334234996736]
[285081690352, 334234996736]
[285081698408, 334234996736]
[285081698432, 334234996736]
[285081739504, 334234996736]
[285081751552, 334234996736]
[285081776248, 334234996736]
[285081796616, 334234996736]
[285081837808, 334234996736]
[285081866248, 334234996736]
[285081866480, 334234996736]
[285081870576, 334234996736]
[285081899200, 334234996736]
[285081993392, 334234996736]
[285081997488, 334234996736]
[285082054760, 334234996736]
[285082157296, 334234996736]
[285082161392, 334234996736]
[289996816512, 334234996736]
[289996824696, 334234996736]
[289996837104, 334234996736]
[289996849272, 334234996736]
[289996869880, 334234996736]
[289996890352, 334234996736]
[289996894208, 334234996736]
[289996902592, 334234996736]
[289996910720, 334234996736]
[289996919032, 334234996736]
[289996927096, 334234996736]
[289996935416, 334234996736]
[289996976256, 334234996736]
[289996980352, 334234996736]
[289996980416, 334234996736]
[289996980472, 334234996736]
[289996984448, 334234996736]
[289997009088, 334234996736]
[289997017280, 334234996736]
[289997045880, 334234996736]
[289997086728, 334234996736]
[289997123824, 334234996736]
[289997135976, 334234996736]
[289997217800, 334234996736]
[289997221896, 334234996736]
[289997385920, 334234996736]
[289997398208, 334234996736]
[289997402304, 334234996736]
[289997406400, 334234996736]
[289997410480, 334234996736]
[289997615296, 334234996736]
[289997623488, 334234996736]
[289997631680, 334234996736]
[289997648064, 334234996736]
[289997656240, 334234996736]
[289997660336, 334234996736]
[289997738176, 334234996736]
[294912008312, 334234996736]
[294912012416, 334234996736]
[294912016632, 334234996736]
[294912020720, 334234996736]
[294912033016, 334234996736]
[294912041200, 334234996736]
[294912049392, 334234996736]
[294912114936, 334234996736]
[294912123072, 334234996736]
[294912131264, 334234996736]
[294912139456, 334234996736]
[294912163944, 334234996736]
[294912164080, 334234996736]
[294912168040, 334234996736]
[294912184560, 334234996736]
[294912266488, 334234996736]
[294912299112, 334234996736]
[294912323776, 334234996736]
[294912327688, 334234996736]
[294912340072, 334234996736]
[294912356456, 334234996736]
[294912401600, 334234996736]
[294912483568, 334234996736]
[294912540848, 334234996736]
[294912561328, 334234996736]
[294912602304, 334234996736]
[294912618688, 334234996736]
[294912630976, 334234996736]
[294912651456, 334234996736]
[294912704704, 334234996736]
[299827208432, 334234996736]
[299827212536, 334234996736]
[299827228776, 334234996736]
[299827237104, 334234996736]
[299827249280, 334234996736]
[299827253488, 334234996736]
[299827269808, 334234996736]
[299827331264, 334234996736]
[299827335272, 334234996736]
[299827351744, 334234996736]
[299827445768, 334234996736]
[299827621888, 334234996736]
[299827634176, 334234996736]
[299827679424, 334234996736]
[299827904704, 334234996736]
[299827912896, 334234996736]
[299827921088, 334234996736]
[299827933376, 334234996736]
[304742412528, 334234996736]
[304742420720, 334234996736]
[304742424696, 334234996736]
[304742428792, 334234996736]
[304742441080, 334234996736]
[304742457464, 334234996736]
[304742461680, 334234996736]
[304742473848, 334234996736]
[304742551672, 334234996736]
[304742555768, 334234996736]
[304742617280, 334234996736]
[304742629480, 334234996736]
[304742649976, 334234996736]
[304742834352, 334234996736]
[304742838272, 334234996736]
[304742858928, 334234996736]
[304743317608, 334234996736]
[304743346280, 334234996736]
[304743407616, 334234996736]
[309657616576, 334234996736]
[309657620672, 334234996736]
[309657624816, 334234996736]
[309657628912, 334234996736]
[309657636984, 334234996736]
[309657665776, 334234996736]
[309657669872, 334234996736]
[309657698312, 334234996736]
[309657698424, 334234996736]
[309657755656, 334234996736]
[309657817328, 334234996736]
[309657849960, 334234996736]
[309657948264, 334234996736]
[309657956456, 334234996736]
[309658017792, 334234996736]
[309658034416, 334234996736]
[309658042608, 334234996736]
[309658066944, 334234996736]
[309658071040, 334234996736]
[309658075136, 334234996736]
[309658083328, 334234996736]
[309658099952, 334234996736]
[309658104048, 334234996736]
[309658140848, 334234996736]
[309658267888, 334234996736]
[314572824816, 334234996736]
[314573049856, 334234996736]
[314573053952, 334234996736]
[314573090920, 334234996736]
[314573467648, 334234996736]
[314573574320, 334234996736]
[314573865136, 334234996736]
[314573963456, 334234996736]
[314574270568, 334234996736]
[319488188488, 334234996736]
[319488204808, 334234996736]
[319488360520, 334234996736]
[319488417984, 334234996736]
[319488581640, 334234996736]
[319488630784, 334234996736]
[319488643072, 334234996736]
[319488741480, 334234996736]
[319489466368, 334234996736]
[319489482752, 334234996736]
[319489544192, 334234996736]
[324403232840, 334234996736]
[324403281992, 334234996736]
[324403351624, 334234996736]
[324403433480, 334234996736]
[324403441672, 334234996736]
[324403474440, 334234996736]
[324403478600, 334234996736]
[324403994624, 334234996736]
[324404011008, 334234996736]
[324404027392, 334234996736]
[324404043776, 334234996736]
[324404047872, 334234996736]
[324404129792, 334234996736]
[324404228104, 334234996736]
[324404232200, 334234996736]
[324404236296, 334234996736]
[324404285632, 334234996736]
[324404293824, 334234996736]
[324404637800, 334234996736]
[324404641792, 334234996736]
[324404645992, 334234996736]
[324404654184, 334234996736]
[324404699136, 334234996736]
[324405198848, 334234996736]
[329318436936, 334234996736]
[329318551624, 334234996736]
[329318580296, 334234996736]
[329318711368, 334234996736]
[329318715464, 334234996736]
[329318719560, 334234996736]
[329318723656, 334234996736]
[329318760520, 334234996736]
[329318826104, 334234996736]
[329318830152, 334234996736]
[329318862968, 334234996736]
[329318867064, 334234996736]
[329319247880, 334234996736]
[329319911432, 334234996736]
[334233653320, 334234996736]
[334233694280, 334234996736]
[334233706568, 334234996736]
[334233841792, 334234996736]
[334233890944, 334234996736]
[334233919616, 334234996736]
[334233919736, 334234996736]
[334234161312, 334234996736]
[334234255432, 334234996736]
[334234341536, 334234996736]
[334234345632, 334234996736]
[334234398880, 334234996736]
[334234603592, 334234996736]
[334234996736, 334235009168]
[334234996736, 334235041936]
[334234996736, 334235062416]
[334234996736, 334235066512]
[334234996736, 334235070608]
[334234996736, 334235136144]
[334234996736, 334235185296]
[334234996736, 334235193488]
[334234996736, 334235197584]
[334234996736, 334235422864]
[334234996736, 339148898376]
[334234996736, 339148939392]
[334234996736, 339148951680]
[334234996736, 339148988664]
[334234996736, 339149008904]
[334234996736, 339149025352]
[334234996736, 339149033544]
[334234996736, 339149041736]
[334234996736, 339149209744]
[334234996736, 339149217936]
[334234996736, 339149254728]
[334234996736, 339149267088]
[334234996736, 339149287568]
[334234996736, 339149328544]
[334234996736, 339149381704]
[334234996736, 339149385872]
[334234996736, 344064008384]
[334234996736, 344064028744]
[334234996736, 344064036936]
[334234996736, 344064045128]
[334234996736, 344064049224]
[334234996736, 344064053320]
[334234996736, 344064094280]
[334234996736, 344064200712]
[334234996736, 344064270576]
[334234996736, 344064274504]
[334234996736, 344064278600]
[334234996736, 344064331896]
[334234996736, 344064335880]
[334234996736, 344064372808]
[334234996736, 344064475296]
[334234996736, 344064569472]
[334234996736, 344064577664]
[334234996736, 344064684104]
[334234996736, 344064733328]
[334234996736, 344064806984]
[334234996736, 348979212480]
[334234996736, 348979216456]
[334234996736, 348979220552]
[334234996736, 348979228744]
[334234996736, 348979241136]
[334234996736, 348979249328]
[334234996736, 348979302472]
[334234996736, 348979425352]
[334234996736, 348979429480]
[334234996736, 348979515464]
[334234996736, 348979597320]
[334234996736, 348979638280]
[334234996736, 348979666944]
[334234996736, 348979765248]
[334234996736, 348979769472]
[334234996736, 348979810432]
[334234996736, 348979855360]
[334234996736, 348979962016]
[334234996736, 348980166656]
[334234996736, 353894420488]
[334234996736, 353894453320]
[334234996736, 353894481992]
[334234996736, 353894613064]
[334234996736, 353894629480]
[334234996736, 353894867016]
[334234996736, 353895100576]
[334234996736, 353895207072]
[334234996736, 353895211168]
[334234996736, 353895375008]
[334234996736, 353895391392]
[334234996736, 353895395488]
[334234996736, 358809628848]
[334234996736, 358809632776]
[334234996736, 358809722880]
[334234996736, 358809726976]
[334234996736, 358809727048]
[334234996736, 358809739336]
[334234996736, 358809837640]
[334234996736, 358809997472]
[334234996736, 358810038432]
[334234996736, 358810193928]
[334234996736, 358810362000]
[334234996736, 358810489056]
[334234996736, 358810517512]
[334234996736, 358810746888]
[334234996736, 358810755176]
[334234996736, 358810800136]
[334234996736, 358811275488]
[334234996736, 358812082400]
[334234996736, 358812111072]
[334234996736, 358812205280]
[334234996736, 363724812464]
[334234996736, 363724812512]
[334234996736, 363724845280]
[334234996736, 363724849224]
[334234996736, 363724853320]
[334234996736, 363724886088]
[334234996736, 363724902624]
[334234996736, 363725123656]
[334234996736, 363725139976]
[334234996736, 363725144072]
[334234996736, 363725164616]
[334234996736, 363725168712]
[334234996736, 363725238344]
[334234996736, 363725336576]
[334234996736, 363725340816]
[334234996736, 363725381776]
[334234996736, 363725406352]
[334234996736, 363725422736]
[334234996736, 363725435104]
[334234996736, 363725439200]
[334234996736, 363725467656]
[334234996736, 363725562016]
[334234996736, 363725590688]
[334234996736, 363725651976]
[334234996736, 363725766816]
[334234996736, 363725774888]
[334234996736, 363725778984]
[334234996736, 363725783080]
[334234996736, 363725877472]
[334234996736, 363725914136]
[334234996736, 363726389272]
[334234996736, 363726438424]
[334234996736, 368640057352]
[334234996736, 368640393216]
[334234996736, 368640589848]
[334234996736, 368640737304]
[334234996736, 368640843800]
[334234996736, 368641642536]
[334234996736, 368642211880]
[334234996736, 373555253256]
[334234996736, 373555433472]
[334234996736, 373555499184]
[334234996736, 373555798160]
[334234996736, 373555806248]
[334234996736, 373555810448]
[334234996736, 373555818640]
[334234996736, 373556007056]
[334234996736, 373556019360]
[334234996736, 373556199648]
[334234996736, 373556285464]
[334234996736, 373556604968]
[334234996736, 373556609064]
[334234996736, 373556641832]
[334234996736, 373556842656]
[334234996736, 373556850848]
[334234996736, 373557772312]
[334234996736, 378470412392]
[334234996736, 378470420488]
[334234996736, 378470424584]
[334234996736, 378470457448]
[334234996736, 378470772880]
[334234996736, 378470801416]
[334234996736, 378470838416]
[334234996736, 378470842512]
[334234996736, 378470850704]
[334234996736, 378470858896]
[334234996736, 378470862992]
[334234996736, 378471043232]
[334234996736, 378471489560]
[334234996736, 378471891104]
[334234996736, 378471923856]
[334234996736, 378471927952]
[334234996736, 378471977104]
[334234996736, 378472423464]
[334234996736, 383385612512]
[334234996736, 383386316808]
[334234996736, 383386325000]
[334234996736, 383386329096]
[334234996736, 383386665120]
[334234996736, 383386955936]
[334234996736, 383386964128]
[334234996736, 383386972320]
[334234996736, 383387004936]
[334234996736, 383387009032]
[334234996736, 383387054224]
[334234996736, 383387160800]
[334234996736, 383387815944]
[334234996736, 383388147872]
[334234996736, 383388156064]
[334234996736, 388301213944]
[334234996736, 388301238520]
[334234996736, 388301742224]
[334234996736, 388302581784]
[334234996736, 393216188664]
[334234996736, 393216200952]
[334234996736, 393216262144]
[334234996736, 393216262152]
[334234996736, 393216299008]
[334234996736, 393216442512]
[334234996736, 393216446608]
[334234996736, 393216512144]
[334234996736, 393216532728]
[334234996736, 393216917664]
[334234996736, 393216950416]
[334234996736, 393217732768]
[334234996736, 393217749016]
[334234996736, 393217757344]
[334234996736, 393217765536]
[334234996736, 393217990680]
[334234996736, 393218003104]
[334234996736, 398131486896]
[334234996736, 398131773512]
[334234996736, 398131777608]
[334234996736, 398131798176]
[334234996736, 398131822592]
[334234996736, 398131941416]
[334234996736, 398131986624]
[334234996736, 398131990720]
[334234996736, 398132052112]
[334234996736, 398132158624]
[334234996736, 398132543632]
[334234996736, 398132969616]
[334234996736, 398132981904]
[334234996736, 398132994192]
[334234996736, 403046649960]
[334234996736, 403046752384]
[334234996736, 403046801480]
[334234996736, 403046805576]
[334234996736, 403046981776]
[334234996736, 403047006368]
[334234996736, 403047010464]
[334234996736, 403047178368]
[334234996736, 403047252096]
[334234996736, 403047338144]
[334234996736, 403047350416]
[334234996736, 403047526648]
[334234996736, 403047530744]
[334234996736, 403047538936]
[334234996736, 403047731344]
[334234996736, 407961747648]
[334234996736, 407961800864]
[334234996736, 407961804960]
[334234996736, 407961850048]
[334234996736, 407961968832]
[334234996736, 407962009760]
[334234996736, 407962087496]
[334234996736, 407962263680]
[334234996736, 407962288128]
[334234996736, 407962660992]
[334234996736, 407962861688]
[334234996736, 407962869880]
[334234996736, 407962878144]
[334234996736, 407962927248]
[334234996736, 407962951824]
[334234996736, 407962992768]
[334234996736, 407963021432]
[334234996736, 407963041936]
[334234996736, 407963058320]
[334234996736, 407963951248]
[334234996736, 407963955344]
[334234996736, 407964582032]
[334234996736, 407964643472]
[334234996736, 407964647568]
[334234996736, 407964672144]
[334234996736, 412876837024]
[334234996736, 412876841120]
[334234996736, 412876857520]
[334234996736, 412876861440]
[334234996736, 412876927104]
[334234996736, 412876951656]
[334234996736, 412877017280]
[334234996736, 412877033712]
[334234996736, 412877041768]
[334234996736, 412877045864]
[334234996736, 412877090920]
[334234996736, 412877090944]
[334234996736, 412877095016]
[334234996736, 412877095040]
[334234996736, 412877160552]
[334234996736, 412877164784]
[334234996736, 412877209720]
[334234996736, 412877217912]
[334234996736, 412877254776]
[334234996736, 412877316240]
[334234996736, 412877320336]
[334234996736, 412877627584]
[334234996736, 412877787296]
[334234996736, 412877869216]
[334234996736, 412877873256]
[334234996736, 412878090344]
[334234996736, 412878561440]
[334234996736, 412878721184]
[334234996736, 412878794912]
[334234996736, 417792077928]
[334234996736, 417792151744]
[334234996736, 417792168112]
[334234996736, 417792172192]
[334234996736, 417792196712]
[334234996736, 417792249960]
[334234996736, 417792311472]
[334234996736, 417792319728]
[334234996736, 417792323744]
[334234996736, 417792434368]
[334234996736, 417792548936]
[334234996736, 417792561392]
[334234996736, 417792577728]
[334234996736, 417792589984]
[334234996736, 417792598088]
[334234996736, 417792622664]
[334234996736, 417792626760]
[334234996736, 417792655584]
[334234996736, 417792667792]
[334234996736, 417792794752]
[334234996736, 417792798848]
[334234996736, 417793220752]
[334234996736, 417793327328]
[334234996736, 417793376400]
[334234996736, 417793839296]
[334234996736, 417794060432]
[334234996736, 422707282040]
[334234996736, 422707294216]
[334234996736, 422707331296]
[334234996736, 422707413168]
[334234996736, 422707441888]
[334234996736, 422707450096]
[334234996736, 422707458176]
[334234996736, 422707458224]
[334234996736, 422707552296]
[334234996736, 422707552416]
[334234996736, 422707605664]
[334234996736, 422707724432]
[334234996736, 422707736704]
[334234996736, 422707814440]
[334234996736, 422707937456]
[334234996736, 422707941552]
[334234996736, 422707949744]
[334234996736, 422707974304]
[334234996736, 422708048016]
[334234996736, 422708564192]
[334234996736, 422708613280]
[334234996736, 427622412448]
[334234996736, 427622416424]
[334234996736, 427622432912]
[334234996736, 427622449152]
[334234996736, 427622469776]
[334234996736, 427622473736]
[334234996736, 427622473872]
[334234996736, 427622481928]
[334234996736, 427622506496]
[334234996736, 427622547616]
[334234996736, 427622559920]
[334234996736, 427622629400]
[334234996736, 427622650080]
[334234996736, 427622682648]
[334234996736, 427622690840]
[334234996736, 427622883448]
[334234996736, 427622916216]
[334234996736, 427623030960]
[334234996736, 427623043096]
[334234996736, 427623194784]
[334234996736, 427623202976]
[334234996736, 427623661760]
[334234996736, 427623673960]
[334234996736, 427623862432]
[334234996736, 432537637008]
[334234996736, 432538022112]
[334234996736, 432538042592]
[334234996736, 432538046584]
[334234996736, 432538063072]
[334234996736, 432538095792]
[334234996736, 432538423416]
[334234996736, 432538448032]
[334234996736, 432538489024]
[334234996736, 432538570976]
[334234996736, 432538595552]
[334234996736, 432538644504]
[334234996736, 432538927264]
[334234996736, 432538943632]
[334234996736, 432539324576]
[334234996736, 432539369632]
[334234996736, 432539484264]
[334234996736, 432539488360]
[334234996736, 432540029088]
[334234996736, 432540082280]
[334234996736, 437452828816]
[334234996736, 437452881920]
[334234996736, 437452886240]
[334234996736, 437452943584]
[334234996736, 437452959936]
[334234996736, 437453066280]
[334234996736, 437453287448]
[334234996736, 437453439120]
[334234996736, 437453611112]
[334234996736, 437453615144]
[334234996736, 437453688976]
[334234996736, 437453701280]
[334234996736, 437453754528]
[334234996736, 437454049424]
[334234996736, 437454287024]
[334234996736, 437454315560]
[334234996736, 437454557328]
[334234996736, 437455536136]
[334234996736, 437455777952]
[334234996736, 442368008384]
[334234996736, 442368131096]
[334234996736, 442368143384]
[334234996736, 442368151576]
[334234996736, 442368245800]
[334234996736, 442368327840]
[334234996736, 442368430088]
[334234996736, 442368659560]
[334234996736, 442369585176]
[334234996736, 442370555904]
[334234996736, 442370584576]
[334234996736, 447283224736]
[334234996736, 447283249328]
[334234996736, 447283253424]
[334234996736, 447283277928]
[334234996736, 447283290360]
[334234996736, 447283552432]
[334234996736, 447283650664]
[334234996736, 447283830928]
[334234996736, 447283892384]
[334234996736, 447283990752]
[334234996736, 447284207656]
[334234996736, 447284224224]
[334234996736, 447284236464]
[334234996736, 447284560120]
[334234996736, 447284600832]
[334234996736, 447284703256]
[334234996736, 447284985864]
[334234996736, 447285485568]
[334234996736, 452198465712]
[334234996736, 452198486264]
[334234996736, 452198596632]
[334234996736, 452198768664]
[334234996736, 452198842392]
[334234996736, 452198916256]
[334234996736, 452198936720]
[334234996736, 452199325944]
[334234996736, 452199342240]
[334234996736, 452199465184]
[334234996736, 452200038544]
[334234996736, 457113624584]
[334234996736, 457113624768]
[334234996736, 457113628864]
[334234996736, 457113682096]
[334234996736, 457113686192]
[334234996736, 457113698328]
[334234996736, 457113698344]
[334234996736, 457114026144]
[334234996736, 457114128608]
[334234996736, 457114132704]
[334234996736, 457114181792]
[334234996736, 457114288168]
[334234996736, 457114394624]
[334234996736, 457114681448]
[334234996736, 457114763488]
[334234996736, 457114796256]
[334234996736, 457114906784]
[334234996736, 457116508384]
[334234996736, 462028820624]
[334234996736, 462028861616]
[334234996736, 462028910720]
[334234996736, 462028931096]
[334234996736, 462029328528]
[334234996736, 462029570176]
[334234996736, 462029684864]
[334234996736, 462029942944]
[334234996736, 462029971464]
[334234996736, 462030098432]
[334234996736, 462030119016]
[334234996736, 462030131200]
[334234996736, 462030139392]
[334234996736, 462030446752]
[334234996736, 462030856192]
[334234996736, 462030872576]
[334234996736, 466944274576]
[334234996736, 466944843968]
[334234996736, 466944913416]
[334234996736, 471859204336]
[334234996736, 471859212296]
[334234996736, 471859257536]
[334234996736, 476774506744]
[334234996736, 476775485680]
[334234996736, 476775493872]
[334234996736, 476775522464]
[334234996736, 476775649440]
[334234996736, 481689714808]
[334234996736, 481690636408]
[334234996736, 481691017376]
[334234996736, 481691193504]
[334234996736, 481691201696]
[334234996736, 486604922880]
[334234996736, 486604923000]
[334234996736, 486604980472]
[334234996736, 486605115536]
[334234996736, 486605414544]
[334234996736, 486605463624]
[334234996736, 486605529208]
[334234996736, 486605709560]
[334234996736, 486605717752]
[334234996736, 486605803592]
[334234996736, 486605893704]
[334234996736, 486606188616]
[334234996736, 491520008440]
[334234996736, 491520049160]
[334234996736, 491520049272]
[334234996736, 491520049400]
[334234996736, 491520217096]
[334234996736, 491520364792]
[334234996736, 491520631024]
[334234996736, 491520913656]
[334234996736, 491520942224]
[334234996736, 491521073296]
[334234996736, 491521118280]
[334234996736, 491521134736]
[334234996736, 496435376136]
[334234996736, 496435429504]
[334234996736, 496435585184]
[334234996736, 496435961928]
[334234996736, 496436359312]
[334234996736, 496436641864]
[334234996736, 496436666440]
[334234996736, 496436781128]
[334234996736, 501350596736]
[334234996736, 501350613232]
[334234996736, 501351096392]
[334234996736, 501351309440]
[334234996736, 501351313536]
[334234996736, 501351317632]
[334234996736, 501351936072]
[334234996736, 501352194056]
[334234996736, 506265727120]
[334234996736, 506265821256]
[334234996736, 506265825352]
[334234996736, 506265837640]
[334234996736, 506265940088]
[334234996736, 506266116168]
[334234996736, 506266153032]
[334234996736, 506266275984]
[334234996736, 511180804224]
[334234996736, 511180808320]
[334234996736, 511180808416]
[334234996736, 511180832992]
[334234996736, 511180849376]
[334234996736, 511180869792]
[334234996736, 511180882064]
[334234996736, 511180914912]
[334234996736, 511180931072]
[334234996736, 511180955808]
[334234996736, 511181091056]
[334234996736, 511181095152]
[334234996736, 511181254728]
[334234996736, 511181258976]
[334234996736, 511181475968]
[334234996736, 511181480064]
[334234996736, 511181500424]
[334234996736, 511181508616]
[334234996736, 511181590656]
[334234996736, 511181717576]
[334234996736, 511181844552]
[334234996736, 511181856840]
[334234996736, 511182332032]
[334234996736, 511183876320]
[334234996736, 511184146656]
[334234996736, 511184466144]
[334234996736, 511184531680]
[334234996736, 516096020504]
[334234996736, 516096045064]
[334234996736, 516096045096]
[334234996736, 516096049160]
[334234996736, 516096053272]
[334234996736, 516096057488]
[334234996736, 516096086056]
[334234996736, 516096131096]
[334234996736, 516096139384]
[334234996736, 516096299168]
[334234996736, 516096319616]
[334234996736, 516096340128]
[334234996736, 516096594040]
[334234996736, 516096765992]
[334234996736, 516097052680]
[334234996736, 516097613848]
[334234996736, 516097761288]
[334234996736, 516098920488]
[334234996736, 516099006488]
[334234996736, 521011265560]
[334234996736, 521011277864]
[334234996736, 521011282144]
[334234996736, 521011294432]
[334234996736, 521011319008]
[334234996736, 521011376272]
[334234996736, 521011515616]
[334234996736, 521011662856]
[334234996736, 521011740912]
[334234996736, 521012006936]
[334234996736, 521012797480]
[334234996736, 521012977888]
[334234996736, 521014030376]
[334234996736, 521014042664]
[334234996736, 525926404136]
[334234996736, 525926424600]
[334234996736, 525926440984]
[334234996736, 525926449272]
[334234996736, 525926494352]
[334234996736, 525926498328]
[334234996736, 525926551696]
[334234996736, 525926625424]
[334234996736, 525926748160]
[334234996736, 525927243896]
[334234996736, 525927727128]
[334234996736, 525927850008]
[334234996736, 525929070752]
[334234996736, 525929095328]
[334234996736, 530842411128]
[334234996736, 530846568608]
[334234996736, 530846797984]
[334234996736, 535756943368]
[334234996736, 535757000928]
[334234996736, 535757107424]
[334234996736, 535757136096]
[334234996736, 535757144064]
[334234996736, 535757197536]
[334234996736, 535759245456]
[334234996736, 540672045280]
[334234996736, 540672196632]
[334234996736, 540672229400]
[334234996736, 540672237592]
[334234996736, 540672241688]
[334234996736, 540672249880]
[334234996736, 540672258272]
[334234996736, 540672270360]
[334234996736, 540672323808]
[334234996736, 540672348384]
[334234996736, 540672364768]
[334234996736, 540672377056]
[334234996736, 540672381152]
[334234996736, 540672504032]
[334234996736, 540672659464]
[334234996736, 540672974848]
[334234996736, 540672983040]
[334234996736, 540673040384]
[334234996736, 540673044480]
[334234996736, 540673085440]
[334234996736, 540673511648]
[334234996736, 540673970320]
[334234996736, 540677169312]
[334234996736, 545587298528]
[334234996736, 545587388440]
[334234996736, 545587441688]
[334234996736, 545587449880]
[334234996736, 545587462168]
[334234996736, 545587478536]
[334234996736, 545587486744]
[334234996736, 545588154408]
[334234996736, 550502522920]
[334234996736, 550502604824]
[334234996736, 550502633696]
[334234996736, 550502637792]
[334234996736, 550502691040]
[334234996736, 550502825992]
[334234996736, 550503301144]
[334234996736, 550503305240]
[334234996736, 550503546920]
[334234996736, 550503555112]
[334234996736, 550504464528]
[334234996736, 550504489104]
[334234996736, 550504853648]
[334234996736, 555417632928]
[334234996736, 555417849896]
[334234996736, 555418939400]
[334234996736, 555419000840]
[334234996736, 555419213864]
[334234996736, 555419463704]
[334234996736, 555419467800]
[334234996736, 560332861584]
[334234996736, 560332976152]
[334234996736, 560333352968]
[334234996736, 560335532056]
[334234996736, 560335626264]
[334234996736, 560337027216]
[334234996736, 570163261512]
[334234996736, 575079596176]
[334234996736, 579993649312]
[334234996736, 584911327304]
[334234996736, 584911782048]
[334234996736, 589824061584]
[334234996736, 594739503248]
[334234996736, 594740805704]
[334234996736, 594741334176]
[334234996736, 599655063624]
[334234996736, 609484988560]
[334234996736, 609485086792]
[334234996736, 614400114760]
[334234996736, 614400122952]
[334234996736, 614400151712]
[334234996736, 614400155808]
[334234996736, 614400733256]
[334234996736, 614401474704]
[334234996736, 614401888328]
[334234996736, 619315228832]
[334234996736, 619315609744]
[334234996736, 619316236360]
[334234996736, 619316240456]
[334234996736, 619316277392]
[334234996736, 619316306064]
[334234996736, 619316387912]
[334234996736, 619317616712]
[334234996736, 619317739592]
[334234996736, 619317776456]
[334234996736, 624230625424]
[334234996736, 624231960648]
[334234996736, 624232575120]
[334234996736, 629146804368]
[334234996736, 634061811872]
[334234996736, 638976303248]
[334234996736, 638976323728]
[334234996736, 638976422048]
[334234996736, 643891495072]
[334234996736, 643891499168]
[334234996736, 643891572896]
[334234996736, 648807055504]
[334234996736, 648807366800]
[334234996736, 648807465120]
[334234996736, 653721727120]
[334234996736, 653721792656]
[334234996736, 653723185312]
[334234996736, 653723189408]
[334234996736, 653723369632]
[334234996736, 653723373728]
[334234996736, 658637693088]
[334234996736, 658638098576]
[334234996736, 663552303248]
[334234996736, 663552331920]
