[57464, 98304339968]
[151776, 98304339968]
[159968, 98304339968]
[176256, 98304339968]
[176320, 98304339968]
[196680, 98304339968]
[245952, 98304339968]
[262336, 98304339968]
[294952, 98304339968]
[323688, 98304339968]
[376904, 98304339968]
[389208, 98304339968]
[520368, 98304339968]
[524344, 98304339968]
[528632, 98304339968]
[561240, 98304339968]
[589928, 98304339968]
[655552, 98304339968]
[680128, 98304339968]
[823488, 98304339968]
[839688, 98304339968]
[864256, 98304339968]
[872688, 98304339968]
[913568, 98304339968]
[925752, 98304339968]
[98304339968, 991392]
[1032440, 98304339968]
[1126560, 98304339968]
[1286144, 98304339968]
[1351856, 98304339968]
[1523904, 98304339968]
[1630384, 98304339968]
[1908896, 98304339968]
[2015424, 98304339968]
[2277536, 98304339968]
[2441224, 98304339968]
[2445320, 98304339968]
[2490512, 98304339968]
[2564240, 98304339968]
[2703504, 98304339968]
[2797576, 98304339968]
[2822288, 98304339968]
[2990224, 98304339968]
[3096720, 98304339968]
[3149896, 98304339968]
[3162120, 98304339968]
[3215368, 98304339968]
[3309712, 98304339968]
[3330056, 98304339968]
[3895304, 98304339968]
[3907592, 98304339968]
[4059280, 98304339968]
[4165640, 98304339968]
[4362248, 98304339968]
[4714504, 98304339968]
[4796424, 98304339968]
[4841480, 98304339968]
[4849672, 98304339968]
[4870288, 98304339968]
[4882576, 98304339968]
[4902920, 98304339968]
[4907016, 98304339968]
[4911112, 98304339968]
[5066896, 98304339968]
[5107856, 98304339968]
[5148816, 98304339968]
[5161104, 98304339968]
[4915220640, 98304339968]
[4915236864, 98304339968]
[4915236872, 98304339968]
[4915265536, 98304339968]
[4915310816, 98304339968]
[4915384424, 98304339968]
[4915413096, 98304339968]
[4915425384, 98304339968]
[4915445968, 98304339968]
[4915449944, 98304339968]
[4915499232, 98304339968]
[4915523808, 98304339968]
[4915527888, 98304339968]
[4915536016, 98304339968]
[4915577056, 98304339968]
[4915613904, 98304339968]
[4915663040, 98304339968]
[4915671232, 98304339968]
[4915707912, 98304339968]
[4915712144, 98304339968]
[4915724448, 98304339968]
[4915749024, 98304339968]
[4915994816, 98304339968]
[4915998912, 98304339968]
[4916109504, 98304339968]
[4916813968, 98304339968]
[4916838560, 98304339968]
[4916846736, 98304339968]
[4916920328, 98304339968]
[4917100552, 98304339968]
[4917272720, 98304339968]
[4917325832, 98304339968]
[4917583880, 98304339968]
[4917600400, 98304339968]
[4917719200, 98304339968]
[4917797008, 98304339968]
[4917956752, 98304339968]
[4918075400, 98304339968]
[4918124552, 98304339968]
[4918132880, 98304339968]
[4918182048, 98304339968]
[4918374408, 98304339968]
[4918562824, 98304339968]
[4918599688, 98304339968]
[4918648840, 98304339968]
[4918845600, 98304339968]
[4918861984, 98304339968]
[4918866080, 98304339968]
[4918870176, 98304339968]
[4918882448, 98304339968]
[4918886560, 98304339968]
[4918898848, 98304339968]
[9830404104, 98304339968]
[9830404272, 98304339968]
[9830408400, 98304339968]
[98304339968, 9830453288]
[98304339968, 9830481960]
[98304339968, 9830486056]
[98304339968, 9830551640]
[98304339968, 9830584424]
[98304339968, 9830592672]
[98304339968, 9830604800]
[98304339968, 9830662184]
[98304339968, 9830748264]
[98304339968, 9830752360]
[98304339968, 9830764704]
[98304339968, 9830813904]
[98304339968, 9830883536]
[98304339968, 9830912160]
[98304339968, 9830949040]
[98304339968, 9831100520]
[98304339968, 9831178416]
[98304339968, 9831497904]
[98304339968, 9831506096]
[98304339968, 9831514216]
[98304339968, 9831587944]
[98304339968, 9831821488]
[98304339968, 9831825584]
[14745636888, 98304339968]
[14745743504, 98304339968]
[14745751712, 98304339968]
[14745755872, 98304339968]
[14745768128, 98304339968]
[14745825384, 98304339968]
[14745874432, 98304339968]
[14745923760, 98304339968]
[14745972824, 98304339968]
[14746099720, 98304339968]
[14746300592, 98304339968]
[14746349744, 98304339968]
[19660849312, 98304339968]
[19660853440, 98304339968]
[19660857384, 98304339968]
[19660865760, 98304339968]
[19660877952, 98304339968]
[19660878016, 98304339968]
[19660906552, 98304339968]
[19660914912, 98304339968]
[19660918976, 98304339968]
[19660927168, 98304339968]
[19660955736, 98304339968]
[19660968040, 98304339968]
[19661013096, 98304339968]
[19661082832, 98304339968]
[19661091040, 98304339968]
[19661123744, 98304339968]
[19661262856, 98304339968]
[19661590720, 98304339968]
[19661758688, 98304339968]
[19661832416, 98304339968]
[24576012448, 98304339968]
[24576016528, 98304339968]
[24576073752, 98304339968]
[24576077984, 98304339968]
[24576098464, 98304339968]
[24576184376, 98304339968]
[24576221376, 98304339968]
[24576274592, 98304339968]
[24576311304, 98304339968]
[24576442368, 98304339968]
[24576475280, 98304339968]
[24576581656, 98304339968]
[24576655504, 98304339968]
[24576671888, 98304339968]
[24576864296, 98304339968]
[24576950448, 98304339968]
[24576966680, 98304339968]
[24576987160, 98304339968]
[29491212480, 98304339968]
[29491220704, 98304339968]
[29491236872, 98304339968]
[29491269824, 98304339968]
[29491273752, 98304339968]
[29491290152, 98304339968]
[29491454160, 98304339968]
[29491494920, 98304339968]
[29491740896, 98304339968]
[29491843280, 98304339968]
[29492183080, 98304339968]
[34406416392, 98304339968]
[34406420480, 98304339968]
[34406420608, 98304339968]
[34406424736, 98304339968]
[34406482112, 98304339968]
[34406564016, 98304339968]
[34406588504, 98304339968]
[34406605048, 98304339968]
[34406678632, 98304339968]
[34406715536, 98304339968]
[34406883552, 98304339968]
[34406940816, 98304339968]
[34407014408, 98304339968]
[34407117008, 98304339968]
[34407219224, 98304339968]
[34407346200, 98304339968]
[34407555160, 98304339968]
[34407637080, 98304339968]
[34407755864, 98304339968]
[34407772248, 98304339968]
[34407776344, 98304339968]
[39321608320, 98304339968]
[39321628744, 98304339968]
[39321686224, 98304339968]
[39321731264, 98304339968]
[39321780416, 98304339968]
[39321817144, 98304339968]
[39321817280, 98304339968]
[39321931920, 98304339968]
[39322337368, 98304339968]
[39322341400, 98304339968]
[39322390616, 98304339968]
[39322534112, 98304339968]
[39322603608, 98304339968]
[44236894384, 98304339968]
[44236931096, 98304339968]
[44236935376, 98304339968]
[44237012992, 98304339968]
[44237082832, 98304339968]
[44237168832, 98304339968]
[44237312056, 98304339968]
[44237316136, 98304339968]
[44237459496, 98304339968]
[44237467672, 98304339968]
[44237488336, 98304339968]
[44237656272, 98304339968]
[49152008432, 98304339968]
[49152032944, 98304339968]
[49152041152, 98304339968]
[49152041168, 98304339968]
[49152081992, 98304339968]
[49152094248, 98304339968]
[49152123104, 98304339968]
[49152127200, 98304339968]
[49152241704, 98304339968]
[49152393272, 98304339968]
[49152458840, 98304339968]
[49152467032, 98304339968]
[49152508096, 98304339968]
[49152536768, 98304339968]
[54067298360, 98304339968]
[54067372136, 98304339968]
[54067376168, 98304339968]
[54067396848, 98304339968]
[54067413216, 98304339968]
[54067454056, 98304339968]
[54067532016, 98304339968]
[54067622080, 98304339968]
[54067626176, 98304339968]
[58982412480, 98304339968]
[58982416408, 98304339968]
[58982437112, 98304339968]
[58982445160, 98304339968]
[58982490232, 98304339968]
[58982506552, 98304339968]
[58982612992, 98304339968]
[58982674592, 98304339968]
[58982764752, 98304339968]
[58982781136, 98304339968]
[58982867168, 98304339968]
[58982895824, 98304339968]
[63897604256, 98304339968]
[63897649376, 98304339968]
[63897665712, 98304339968]
[63897686224, 98304339968]
[63897694312, 98304339968]
[63897718928, 98304339968]
[63897722952, 98304339968]
[63897723008, 98304339968]
[63897727064, 98304339968]
[63897735168, 98304339968]
[63897788544, 98304339968]
[63897796816, 98304339968]
[63897808936, 98304339968]
[63898238976, 98304339968]
[68812836872, 98304339968]
[68812849152, 98304339968]
[68812869840, 98304339968]
[68812931312, 98304339968]
[68812972088, 98304339968]
[68812984392, 98304339968]
[68813004872, 98304339968]
[68813013064, 98304339968]
[68813021256, 98304339968]
[68813025280, 98304339968]
[68813037568, 98304339968]
[68813045816, 98304339968]
[68813127704, 98304339968]
[68813136112, 98304339968]
[68813258992, 98304339968]
[68813447288, 98304339968]
[73728012296, 98304339968]
[73728180344, 98304339968]
[73728180432, 98304339968]
[73728184376, 98304339968]
[73728233480, 98304339968]
[73728237688, 98304339968]
[73728323776, 98304339968]
[73729048680, 98304339968]
[73729663080, 98304339968]
[73730240616, 98304339968]
[73730879592, 98304339968]
[73730973800, 98304339968]
[78643261480, 98304339968]
[78643425528, 98304339968]
[78643453952, 98304339968]
[78643458152, 98304339968]
[78643482784, 98304339968]
[78643535976, 98304339968]
[78643830888, 98304339968]
[78644133992, 98304339968]
[78644187240, 98304339968]
[78645297344, 98304339968]
[83558437072, 98304339968]
[83558449224, 98304339968]
[83558465560, 98304339968]
[83558465664, 98304339968]
[83558478072, 98304339968]
[83558510632, 98304339968]
[83558559872, 98304339968]
[83558608984, 98304339968]
[83558666432, 98304339968]
[83558715584, 98304339968]
[83558826128, 98304339968]
[83558879392, 98304339968]
[83559075912, 98304339968]
[83559121072, 98304339968]
[83559145592, 98304339968]
[83559153856, 98304339968]
[83559231608, 98304339968]
[83559264448, 98304339968]
[83559714920, 98304339968]
[88473645280, 98304339968]
[88473653288, 98304339968]
[88473944240, 98304339968]
[88473948264, 98304339968]
[88473972896, 98304339968]
[88474022064, 98304339968]
[88474300520, 98304339968]
[88474341584, 98304339968]
[88474427496, 98304339968]
[88474443880, 98304339968]
[88474525800, 98304339968]
[88474640576, 98304339968]
[88474669160, 98304339968]
[88474677424, 98304339968]
[88474927312, 98304339968]
[88475725928, 98304339968]
[88475750576, 98304339968]
[88475783344, 98304339968]
[88475807920, 98304339968]
[88476106856, 98304339968]
[93388808352, 98304339968]
[93388931080, 98304339968]
[93388984512, 98304339968]
[93389000832, 98304339968]
[93389005040, 98304339968]
[93389107328, 98304339968]
[93389152264, 98304339968]
[93389185264, 98304339968]
[93389287432, 98304339968]
[93389316104, 98304339968]
[93389348968, 98304339968]
[93389352968, 98304339968]
[93389402256, 98304339968]
[93389459456, 98304339968]
[93389541584, 98304339968]
[93389910104, 98304339968]
[93389914120, 98304339968]
[98304012328, 98304339968]
[98304020672, 98304339968]
[98304057416, 98304339968]
[98304090232, 98304339968]
[98304164032, 98304339968]
[98304278688, 98304339968]
[98304291064, 98304339968]
[98304339968, 98304344272]
[98304339968, 98304422128]
[98304339968, 98304565256]
[98304339968, 98304806920]
[98304339968, 98305056960]
[98304339968, 98305138864]
[98304339968, 98305200232]
[98304339968, 98305536176]
[98304339968, 98305740976]
[98304339968, 98306109616]
[98304339968, 98306224232]
[103219261616, 98304339968]
[103219273856, 98304339968]
[103219302520, 98304339968]
[103219339424, 98304339968]
[103219347584, 98304339968]
[103219400952, 98304339968]
[103219433712, 98304339968]
[103219441904, 98304339968]
[103219535880, 98304339968]
[103219548168, 98304339968]
[103219556408, 98304339968]
[103219716200, 98304339968]
[103219748952, 98304339968]
[103219814408, 98304339968]
[103219867824, 98304339968]
[103220302000, 98304339968]
[108134416608, 98304339968]
[108134420520, 98304339968]
[108134486088, 98304339968]
[108134494400, 98304339968]
[108134506672, 98304339968]
[108134568080, 98304339968]
[108134584464, 98304339968]
[108134637640, 98304339968]
[108134670408, 98304339968]
[108134682864, 98304339968]
[108134781136, 98304339968]
[108134883336, 98304339968]
[108135043216, 98304339968]
[108135125064, 98304339968]
[113049669752, 98304339968]
[113049673856, 98304339968]
[113049759816, 98304339968]
[113049841840, 98304339968]
[113050509472, 98304339968]
[113050865768, 98304339968]
[117964832792, 98304339968]
[117964890120, 98304339968]
[117965107328, 98304339968]
[117965144136, 98304339968]
[117965226144, 98304339968]
[117965537440, 98304339968]
[117965603024, 98304339968]
[117965774952, 98304339968]
[117965889664, 98304339968]
[117966303472, 98304339968]
[122880094216, 98304339968]
[122880147512, 98304339968]
[122880155872, 98304339968]
[122880262200, 98304339968]
[122880295040, 98304339968]
[122880303352, 98304339968]
[122880540672, 98304339968]
[122880626808, 98304339968]
[122880741536, 98304339968]
[122880749728, 98304339968]
[122880962664, 98304339968]
[122881134680, 98304339968]
[122881618112, 98304339968]
[127795265560, 98304339968]
[127795298432, 98304339968]
[127795343384, 98304339968]
[127795392736, 98304339968]
[127795511320, 98304339968]
[127795523832, 98304339968]
[127795564672, 98304339968]
[127795572896, 98304339968]
[127795724480, 98304339968]
[127795777536, 98304339968]
[127796113648, 98304339968]
[127796261008, 98304339968]
[127796326488, 98304339968]
[127796408328, 98304339968]
[127796473864, 98304339968]
[132710428832, 98304339968]
[132710457592, 98304339968]
[132710514848, 98304339968]
[132710592520, 98304339968]
[132710629496, 98304339968]
[132710653992, 98304339968]
[132710781152, 98304339968]
[132710813856, 98304339968]
[132710871048, 98304339968]
[132710928456, 98304339968]
[132710936680, 98304339968]
[132710957216, 98304339968]
[132711071872, 98304339968]
[132711108768, 98304339968]
[132711674064, 98304339968]
[132711727112, 98304339968]
[132712243256, 98304339968]
[132712599800, 98304339968]
[137625661448, 98304339968]
[137625661496, 98304339968]
[137625665560, 98304339968]
[137625759968, 98304339968]
[137625792656, 98304339968]
[137625804944, 98304339968]
[137625956496, 98304339968]
[137626058760, 98304339968]
[137626337520, 98304339968]
[137626443936, 98304339968]
[137626464264, 98304339968]
[137626468480, 98304339968]
[137626513568, 98304339968]
[137626595456, 98304339968]
[137626656776, 98304339968]
[137626906784, 98304339968]
[137627041912, 98304339968]
[137627103360, 98304339968]
[137627218080, 98304339968]
[137627279480, 98304339968]
[137627279488, 98304339968]
[137627529336, 98304339968]
[137628082296, 98304339968]
[137628246136, 98304339968]
[137628663928, 98304339968]
[142541025288, 98304339968]
[142541058056, 98304339968]
[142541095072, 98304339968]
[142541144240, 98304339968]
[142541205648, 98304339968]
[142541234296, 98304339968]
[142541267184, 98304339968]
[142541484192, 98304339968]
[142541697080, 98304339968]
[142541889744, 98304339968]
[142541906080, 98304339968]
[142542090344, 98304339968]
[147456073736, 98304339968]
[147456188544, 98304339968]
[147456213112, 98304339968]
[147456299152, 98304339968]
[147456381072, 98304339968]
[147456385200, 98304339968]
[147456426208, 98304339968]
[147456508064, 98304339968]
[147456532488, 98304339968]
[147456590000, 98304339968]
[147456676000, 98304339968]
[147456692384, 98304339968]
[147456700576, 98304339968]
[147456897216, 98304339968]
[147456954440, 98304339968]
[147457413192, 98304339968]
[147457708192, 98304339968]
[147457945760, 98304339968]
[147458117792, 98304339968]
[152371236864, 98304339968]
[152371282080, 98304339968]
[152371298344, 98304339968]
[152371306624, 98304339968]
[152371413000, 98304339968]
[152371450096, 98304339968]
[152371474504, 98304339968]
[152371544256, 98304339968]
[152371556576, 98304339968]
[152371617952, 98304339968]
[152371646688, 98304339968]
[152371728424, 98304339968]
[152371765408, 98304339968]
[152371793960, 98304339968]
[152371806368, 98304339968]
[152371822752, 98304339968]
[152371937440, 98304339968]
[152372347128, 98304339968]
[152372580600, 98304339968]
[152372748480, 98304339968]
[157286477984, 98304339968]
[157286522952, 98304339968]
[157286535176, 98304339968]
[157286551592, 98304339968]
[157286604920, 98304339968]
[157286645768, 98304339968]
[157286768712, 98304339968]
[157286797456, 98304339968]
[157286924496, 98304339968]
[157286936616, 98304339968]
[157286940816, 98304339968]
[157286965288, 98304339968]
[157286977560, 98304339968]
[157287301360, 98304339968]
[157287436360, 98304339968]
[157287444552, 98304339968]
[157287518448, 98304339968]
[157287743560, 98304339968]
[162201694448, 98304339968]
[162201743608, 98304339968]
[162201784360, 98304339968]
[162201829384, 98304339968]
[162201845936, 98304339968]
[162201854200, 98304339968]
[162201997488, 98304339968]
[162202021960, 98304339968]
[162202144792, 98304339968]
[162202185752, 98304339968]
[162202234904, 98304339968]
[162202300664, 98304339968]
[162202374304, 98304339968]
[162202710160, 98304339968]
[162202955784, 98304339968]
[162203861152, 98304339968]
[162205839448, 98304339968]
[167116804320, 98304339968]
[167116812464, 98304339968]
[167116824576, 98304339968]
[167116861680, 98304339968]
[167116914848, 98304339968]
[167116951760, 98304339968]
[167117046000, 98304339968]
[167117054024, 98304339968]
[167117070480, 98304339968]
[167117082728, 98304339968]
[167117156392, 98304339968]
[167117160608, 98304339968]
[167117254664, 98304339968]
[167117262992, 98304339968]
[167117418656, 98304339968]
[167117480080, 98304339968]
[167117496344, 98304339968]
[167118102672, 98304339968]
[167118209168, 98304339968]
[172032008200, 98304339968]
[172032008440, 98304339968]
[172032090112, 98304339968]
[172032118824, 98304339968]
[172032176248, 98304339968]
[172032196632, 98304339968]
[172032266464, 98304339968]
[172032352384, 98304339968]
[172032368648, 98304339968]
[172032401528, 98304339968]
[172032442528, 98304339968]
[172032467152, 98304339968]
[172032483488, 98304339968]
[172032487584, 98304339968]
[172032528512, 98304339968]
[172032614520, 98304339968]
[172032761856, 98304339968]
[172032778312, 98304339968]
[172032913568, 98304339968]
[172032954592, 98304339968]
[172033265704, 98304339968]
[176947232792, 98304339968]
[176947532024, 98304339968]
[176947568864, 98304339968]
[176947630256, 98304339968]
[176947650720, 98304339968]
[176947658880, 98304339968]
[176947675296, 98304339968]
[176947687584, 98304339968]
[176947843072, 98304339968]
[176947859544, 98304339968]
[176947945480, 98304339968]
[176947982480, 98304339968]
[176948051992, 98304339968]
[176948244488, 98304339968]
[176948510776, 98304339968]
[176948830232, 98304339968]
[176948990096, 98304339968]
[181862527016, 98304339968]
[181862764616, 98304339968]
[181863190600, 98304339968]
[181863256136, 98304339968]
[181863395568, 98304339968]
[181863440624, 98304339968]
[181863497872, 98304339968]
[186777829448, 98304339968]
[186777846008, 98304339968]
[186777911368, 98304339968]
[186778140848, 98304339968]
[186778263624, 98304339968]
[186778444024, 98304339968]
[186778865720, 98304339968]
[186778873928, 98304339968]
[186778898560, 98304339968]
[186779066592, 98304339968]
[186779173008, 98304339968]
[191692824752, 98304339968]
[191692849312, 98304339968]
[191692873848, 98304339968]
[191692984480, 98304339968]
[191693066384, 98304339968]
[191693168800, 98304339968]
[191693369568, 98304339968]
[191693480128, 98304339968]
[191693557880, 98304339968]
[191693754472, 98304339968]
[191694049488, 98304339968]
[191694209096, 98304339968]
[191694356536, 98304339968]
[196608049392, 98304339968]
[196608061440, 98304339968]
[196608090216, 98304339968]
[196608237808, 98304339968]
[196608475328, 98304339968]
[196608593928, 98304339968]
[196608610376, 98304339968]
[196608675880, 98304339968]
[196608676016, 98304339968]
[196608753824, 98304339968]
[196609474720, 98304339968]
[196609532048, 98304339968]
[201523286016, 98304339968]
[201523372208, 98304339968]
[201523408968, 98304339968]
[201523409056, 98304339968]
[201523445760, 98304339968]
[201523507360, 98304339968]
[201523593456, 98304339968]
[201523695744, 98304339968]
[201523826880, 98304339968]
[201523855504, 98304339968]
[201523904752, 98304339968]
[201524015208, 98304339968]
[201524056120, 98304339968]
[201524240544, 98304339968]
[201524330616, 98304339968]
[201524371544, 98304339968]
[201524576416, 98304339968]
[201524949112, 98304339968]
[206438478064, 98304339968]
[206438494336, 98304339968]
[206438596832, 98304339968]
[206438633648, 98304339968]
[206438678656, 98304339968]
[206439035008, 98304339968]
[206439063800, 98304339968]
[206439141520, 98304339968]
[206439157888, 98304339968]
[206439342272, 98304339968]
[206439624760, 98304339968]
[206439809272, 98304339968]
[206439940344, 98304339968]
[206440681720, 98304339968]
[211353604256, 98304339968]
[211353706616, 98304339968]
[211353718856, 98304339968]
[211353755720, 98304339968]
[211353829520, 98304339968]
[211353854176, 98304339968]
[211353870456, 98304339968]
[211353899032, 98304339968]
[211353940216, 98304339968]
[211353968680, 98304339968]
[211354062872, 98304339968]
[211354067168, 98304339968]
[211354112072, 98304339968]
[211354468424, 98304339968]
[211354542152, 98304339968]
[211354632432, 98304339968]
[211354689608, 98304339968]
[211354791992, 98304339968]
[216268894328, 98304339968]
[216268902520, 98304339968]
[216268972224, 98304339968]
[216269049976, 98304339968]
[216269115416, 98304339968]
[216269287496, 98304339968]
[216269394064, 98304339968]
[216269602936, 98304339968]
[216269738224, 98304339968]
[216270065912, 98304339968]
[216270643448, 98304339968]
[216270962936, 98304339968]
[221184004104, 98304339968]
[221184168056, 98304339968]
[221184417816, 98304339968]
[221184442408, 98304339968]
[221184467152, 98304339968]
[221184643192, 98304339968]
[221184749688, 98304339968]
[221185757328, 98304339968]
[221186154616, 98304339968]
[226099290256, 98304339968]
[226099351792, 98304339968]
[226099355888, 98304339968]
[226099359984, 98304339968]
[226099368056, 98304339968]
[226099384392, 98304339968]
[226099474440, 98304339968]
[226099527928, 98304339968]
[226099589240, 98304339968]
[226099712104, 98304339968]
[226099814528, 98304339968]
[226099830904, 98304339968]
[226099867776, 98304339968]
[226100322432, 98304339968]
[231014662384, 98304339968]
[231014694936, 98304339968]
[231015206912, 98304339968]
[231015235584, 98304339968]
[231015411712, 98304339968]
[231016022136, 98304339968]
[235929751680, 98304339968]
[235929825408, 98304339968]
[235929849856, 98304339968]
[235929878672, 98304339968]
[235929927904, 98304339968]
[235930067184, 98304339968]
[235930136704, 98304339968]
[235930173680, 98304339968]
[235930177696, 98304339968]
[235930759328, 98304339968]
[235930976384, 98304339968]
[235931467920, 98304339968]
[240844935392, 98304339968]
[240845017280, 98304339968]
[240845058288, 98304339968]
[240845131896, 98304339968]
[240845209824, 98304339968]
[240845414528, 98304339968]
[240845447192, 98304339968]
[240845508728, 98304339968]
[240845717624, 98304339968]
[245760004344, 98304339968]
[245760012360, 98304339968]
[245760131232, 98304339968]
[245760401480, 98304339968]
[245760442544, 98304339968]
[245760442608, 98304339968]
[245760524408, 98304339968]
[245760643312, 98304339968]
[245760852208, 98304339968]
[245761048816, 98304339968]
[245761101944, 98304339968]
[245761523784, 98304339968]
[250675261560, 98304339968]
[250675372272, 98304339968]
[250675384544, 98304339968]
[250675621992, 98304339968]
[250675650600, 98304339968]
[250675728488, 98304339968]
[250675777712, 98304339968]
[250675781808, 98304339968]
[250675863624, 98304339968]
[250675970192, 98304339968]
[250676121744, 98304339968]
[250677108880, 98304339968]
[255590424600, 98304339968]
[255590441104, 98304339968]
[255590572032, 98304339968]
[255590654096, 98304339968]
[260505616544, 98304339968]
[260505821408, 98304339968]
[260505989280, 98304339968]
[260506116168, 98304339968]
[260506898504, 98304339968]
[260508487752, 98304339968]
[260508672072, 98304339968]
[265420845216, 98304339968]
[265421156576, 98304339968]
[265421402272, 98304339968]
[265421598792, 98304339968]
[265422184520, 98304339968]
[270336028696, 98304339968]
[270336180448, 98304339968]
[270336213032, 98304339968]
[270336446656, 98304339968]
[270336520216, 98304339968]
[270336749592, 98304339968]
[270336995472, 98304339968]
[270337257664, 98304339968]
[275251245184, 98304339968]
[275251294384, 98304339968]
[275251298328, 98304339968]
[275251302640, 98304339968]
[275251470408, 98304339968]
[275251675176, 98304339968]
[275251892368, 98304339968]
[275252465736, 98304339968]
[275253035080, 98304339968]
[275253063752, 98304339968]
[275253149768, 98304339968]
[275253997640, 98304339968]
[275254583368, 98304339968]
[280166469872, 98304339968]
[280166514760, 98304339968]
[280166604992, 98304339968]
[280167190600, 98304339968]
[280167411784, 98304339968]
[280167579720, 98304339968]
[285081923808, 98304339968]
[285081972896, 98304339968]
[285082050720, 98304339968]
[285082112024, 98304339968]
[285082738760, 98304339968]
[289997099136, 98304339968]
[289997115520, 98304339968]
[289998831688, 98304339968]
[294912069704, 98304339968]
[294912397552, 98304339968]
[299827302544, 98304339968]
[299827327104, 98304339968]
[299827540160, 98304339968]
[299827695760, 98304339968]
[299827843144, 98304339968]
[299827884176, 98304339968]
[299827994768, 98304339968]
[304742440984, 98304339968]
[304742522880, 98304339968]
[304742748304, 98304339968]
[304742756456, 98304339968]
[304743125168, 98304339968]
[304743256208, 98304339968]
[309657673952, 98304339968]
[309657706744, 98304339968]
[309657817312, 98304339968]
[309658013920, 98304339968]
[309658345712, 98304339968]
[309659664512, 98304339968]
[314572976152, 98304339968]
[314573332584, 98304339968]
[314573410376, 98304339968]
[314573689008, 98304339968]
[314573692952, 98304339968]
[319488049272, 98304339968]
[319488073920, 98304339968]
[319488110600, 98304339968]
[319488217088, 98304339968]
[319488450568, 98304339968]
[319488651408, 98304339968]
[319488688200, 98304339968]
[324403286240, 98304339968]
[324403384512, 98304339968]
[324403536112, 98304339968]
[324403896440, 98304339968]
[329318502440, 98304339968]
[329318641784, 98304339968]
[329318678600, 98304339968]
[329318887568, 98304339968]
[329319120936, 98304339968]
[329319243920, 98304339968]
[329319252008, 98304339968]
[329319755816, 98304339968]
[329319919624, 98304339968]
[334233665640, 98304339968]
[334234480664, 98304339968]
[334234783744, 98304339968]
[334235082896, 98304339968]
[339149123608, 98304339968]
[344064192536, 98304339968]
[344064393464, 98304339968]
[344064454800, 98304339968]
[344064462856, 98304339968]
[344064479480, 98304339968]
[344065134664, 98304339968]
[344065921200, 98304339968]
[348979306568, 98304339968]
[348979503264, 98304339968]
[348979712160, 98304339968]
[348979773480, 98304339968]
[348980215848, 98304339968]
[353894854904, 98304339968]
[353894858752, 98304339968]
[353895096344, 98304339968]
[353895387240, 98304339968]
[353896591584, 98304339968]
[353897119968, 98304339968]
[358809632840, 98304339968]
[358809829520, 98304339968]
[358810423536, 98304339968]
[358810607856, 98304339968]
[358811631792, 98304339968]
[363725066384, 98304339968]
[363725447208, 98304339968]
[363725914120, 98304339968]
[368640024720, 98304339968]
[368640053424, 98304339968]
[368640848112, 98304339968]
[368642666568, 98304339968]
[373555503352, 98304339968]
[373557235736, 98304339968]
[373557248176, 98304339968]
[373557506120, 98304339968]
[373557526600, 98304339968]
[373557694640, 98304339968]
[378470543368, 98304339968]
[378470551792, 98304339968]
[378470940816, 98304339968]
[378471301160, 98304339968]
[378471632904, 98304339968]
[378472030232, 98304339968]
[378472091720, 98304339968]
[378472476696, 98304339968]
[383385792704, 98304339968]
[383386267720, 98304339968]
[383386394848, 98304339968]
[383387017376, 98304339968]
[388300906496, 98304339968]
[388301922376, 98304339968]
[388302622760, 98304339968]
[393216041200, 98304339968]
[393216270456, 98304339968]
[393216446640, 98304339968]
[393216503848, 98304339968]
[393216503984, 98304339968]
[393216925768, 98304339968]
[393217339584, 98304339968]
[398131392584, 98304339968]
[398131769488, 98304339968]
[398131790000, 98304339968]
[398131814440, 98304339968]
[398132015264, 98304339968]
[398132092968, 98304339968]
[398133850304, 98304339968]
[403046502592, 98304339968]
[403046711304, 98304339968]
[403046879360, 98304339968]
[403047354608, 98304339968]
[403047370992, 98304339968]
[407961727200, 98304339968]
[407961976992, 98304339968]
[412877635584, 98304339968]
[412877672520, 98304339968]
[412877762560, 98304339968]
[417792049328, 98304339968]
[417792483504, 98304339968]
[417792536736, 98304339968]
[422707277944, 98304339968]
[422707839120, 98304339968]
[422707978432, 98304339968]
[422708302048, 98304339968]
[427622428832, 98304339968]
[427622662320, 98304339968]
[427623129192, 98304339968]
[427623620800, 98304339968]
[427623796880, 98304339968]
[427624005776, 98304339968]
[432537686016, 98304339968]
[437453082744, 98304339968]
[437453451288, 98304339968]
[437453553664, 98304339968]
[437455397024, 98304339968]
[437455708320, 98304339968]
[437455937696, 98304339968]
[442368246008, 98304339968]
[442368524464, 98304339968]
[442368868544, 98304339968]
[442369306768, 98304339968]
[447283294312, 98304339968]
[447283433576, 98304339968]
[447284297904, 98304339968]
[447284650088, 98304339968]
[457113800728, 98304339968]
[462029185248, 98304339968]
[462029189344, 98304339968]
[462029336736, 98304339968]
[462029820048, 98304339968]
[462030131376, 98304339968]
[462030684352, 98304339968]
[466944106504, 98304339968]
[466944868360, 98304339968]
[466944917528, 98304339968]
[466946179248, 98304339968]
[471859208440, 98304339968]
[471859519528, 98304339968]
[471859577008, 98304339968]
[476774662336, 98304339968]
[476774801432, 98304339968]
[476775235824, 98304339968]
[476777345128, 98304339968]
[481689653488, 98304339968]
[481690140792, 98304339968]
[481690386656, 98304339968]
[481691652288, 98304339968]
[481691709480, 98304339968]
[486606467096, 98304339968]
[486607188160, 98304339968]
[486607540232, 98304339968]
[491520839928, 98304339968]
[491521282056, 98304339968]
[496435286144, 98304339968]
[496435380224, 98304339968]
[496435433512, 98304339968]
[496435781672, 98304339968]
[496436744384, 98304339968]
[496436764744, 98304339968]
[496436912320, 98304339968]
[501350654128, 98304339968]
[501352312872, 98304339968]
[506265706616, 98304339968]
[506266726560, 98304339968]
[506267365400, 98304339968]
[511181029400, 98304339968]
[516096323592, 98304339968]
[516096593944, 98304339968]
[516096901280, 98304339968]
[516096921840, 98304339968]
[516098633768, 98304339968]
[521011318904, 98304339968]
[521011998760, 98304339968]
[530843840536, 98304339968]
[535757021344, 98304339968]
[535759556632, 98304339968]
[540672921720, 98304339968]
[550502596728, 98304339968]
[550502740008, 98304339968]
[550503489656, 98304339968]
[555418841160, 98304339968]
[560333435024, 98304339968]
[560334299160, 98304339968]
[560334946328, 98304339968]
[575079882824, 98304339968]
[579994980512, 98304339968]
[584909279392, 98304339968]
[584909426832, 98304339968]
[584910176416, 98304339968]
[589825745056, 98304339968]
[589826015392, 98304339968]
[589826269344, 98304339968]
[589826707616, 98304339968]
[589826756768, 98304339968]
[599655575712, 98304339968]
[609485000776, 98304339968]
[619315785888, 98304339968]
[619316523080, 98304339968]
[624230543504, 98304339968]
[624230998176, 98304339968]
[624232284304, 98304339968]
[624232452240, 98304339968]
[624232587408, 98304339968]
[629146554512, 98304339968]
[634061275208, 98304339968]
[634063257672, 98304339968]
[643893198920, 98304339968]
[643893231688, 98304339968]
[643893833800, 98304339968]
[658638037136, 98304339968]
[663553290400, 98304339968]
[683212832928, 98304339968]
