[137626066944, 83558527064]
[137626066944, 83559202904]
[137626066944, 83559227480]
[137626066944, 88473792512]
[137626066944, 88473972736]
[137626066944, 88473993216]
[137626066944, 88474075192]
[137626066944, 88474259456]
[137626066944, 88474263552]
[137626066944, 88474337280]
[137626066944, 88474341376]
[137626066944, 88474382336]
[137626066944, 88474394624]
[137626066944, 88474484944]
[137626066944, 88474492928]
[137626066944, 88474865872]
[137626066944, 93388964048]
[137626066944, 93389217848]
[137626066944, 93389262848]
[137626066944, 93389390032]
[137626066944, 93389586432]
[137626066944, 93389635584]
[137626066944, 93389758464]
[137626066944, 93389791288]
[137626066944, 98304208952]
[137626066944, 98304417792]
[137626066944, 98304426192]
[137626066944, 98304589824]
[103219273784, 137626066944]
[103219273936, 137626066944]
[103219388416, 137626066944]
[103219503104, 137626066944]
[108134518840, 137626066944]
[108134801408, 137626066944]
[113049698408, 137626066944]
[113049812992, 137626066944]
[113049866240, 137626066944]
[113050214592, 137626066944]
[113050685632, 137626066944]
[113050804416, 137626066944]
[117964832768, 137626066944]
[117964943360, 137626066944]
[117965013184, 137626066944]
[117965062144, 137626066944]
[117965152464, 137626066944]
[117965209808, 137626066944]
[117965353168, 137626066944]
[117965365424, 137626066944]
[117965365456, 137626066944]
[117965496376, 137626066944]
[117965512896, 137626066944]
[117965807824, 137626066944]
[117966012624, 137626066944]
[117966082256, 137626066944]
[117966233808, 137626066944]
[122880258104, 137626066944]
[122880290816, 137626066944]
[122880458752, 137626066944]
[122880475136, 137626066944]
[122880479232, 137626066944]
[122881048664, 137626066944]
[122881536056, 137626066944]
[122881605688, 137626066944]
[122881781816, 137626066944]
[127795507208, 137626066944]
[127795704000, 137626066944]
[127795724296, 137626066944]
[127796125888, 137626066944]
[127796220096, 137626066944]
[127796318216, 137626066944]
[127796322312, 137626066944]
[127796342792, 137626066944]
[127797264472, 137626066944]
[132710412288, 137626066944]
[132710998024, 137626066944]
[132711034888, 137626066944]
[132711321608, 137626066944]
[132711432200, 137626066944]
[132711575560, 137626066944]
[132711809032, 137626066944]
[132712038456, 137626066944]
[137625694208, 137626066944]
[137625772240, 137626066944]
[137625813080, 137626066944]
[137625862144, 137626066944]
[137625960456, 137626066944]
[137626066944, 137626230792]
[137626066944, 137626497032]
[137626066944, 137626521608]
[137626066944, 137626525704]
[137626066944, 137626742792]
[137626066944, 142540808368]
[137626066944, 142541053960]
[137626066944, 142541078616]
[137626066944, 142541172744]
[137626066944, 142541275280]
[137626066944, 142541283336]
[137626066944, 142541324376]
[137626066944, 142541332488]
[137626066944, 142541357200]
[137626066944, 142541484176]
[137626066944, 142541500424]
[137626066944, 142541541384]
[137626066944, 142541545480]
[137626066944, 142541562000]
[137626066944, 142541570192]
[137626066944, 142541582344]
[137626066944, 142541594784]
[137626066944, 142541606920]
[137626066944, 142541627552]
[137626066944, 142541660320]
[137626066944, 142541672592]
[137626066944, 142541697168]
[137626066944, 142541861008]
[137626066944, 142541922464]
[137626066944, 142541996176]
[137626066944, 142542000272]
[137626066944, 142542049440]
[137626066944, 142542082208]
[137626066944, 142542610592]
[137626066944, 142542639264]
[137626066944, 142542823584]
[137626066944, 142542831776]
[137626066944, 142542913696]
[137626066944, 142542921888]
[137626066944, 142542925984]
[137626066944, 142543282336]
[137626066944, 147456008384]
[137626066944, 147456020656]
[137626066944, 147456237712]
[137626066944, 147456356440]
[137626066944, 147456602272]
[137626066944, 147456708768]
[137626066944, 147456790536]
[137626066944, 147456811168]
[137626066944, 147456847880]
[137626066944, 147456860168]
[137626066944, 147456876552]
[137626066944, 147456983248]
[137626066944, 147456987144]
[137626066944, 147457167552]
[137626066944, 147457323168]
[137626066944, 147457826976]
[137626066944, 147457843360]
[137626066944, 147457896608]
[137626066944, 147458007200]
[137626066944, 147458113696]
[137626066944, 152371282064]
[137626066944, 152371470344]
[137626066944, 152371515400]
[137626066944, 152371732624]
[137626066944, 152371777624]
[137626066944, 152371806264]
[137626066944, 152371814560]
[137626066944, 152371949656]
[137626066944, 152372052024]
[137626066944, 152372150432]
[137626066944, 152372154512]
[137626066944, 152372183200]
[137626066944, 152372293776]
[137626066944, 152372314256]
[137626066944, 152372351120]
[137626066944, 152372379704]
[137626066944, 152372392024]
[137626066944, 152372498576]
[137626066944, 152372609184]
[137626066944, 152372633744]
[137626066944, 152372666528]
[137626066944, 152372691088]
[137626066944, 152372695184]
[137626066944, 152372711584]
[137626066944, 152372744336]
[137626066944, 152372752544]
[137626066944, 152372793504]
[137626066944, 152373051552]
[137626066944, 152373149856]
[137626066944, 152373186720]
[137626066944, 152373231776]
[137626066944, 152373403808]
[137626066944, 152373547168]
[137626066944, 157286936720]
[137626066944, 157286994080]
[137626066944, 157287002272]
[137626066944, 157287051408]
[137626066944, 157287092384]
[137626066944, 157287149728]
[137626066944, 157287215248]
[137626066944, 157287280784]
[137626066944, 157287284880]
[137626066944, 157287506064]
[137626066944, 157287620752]
[137626066944, 157287637136]
[137626066944, 157287686288]
[137626066944, 157287874720]
[137626066944, 157287903392]
[137626066944, 157288100000]
[137626066944, 157288292512]
[137626066944, 162201731080]
[137626066944, 162201833480]
[137626066944, 162201931784]
[137626066944, 162202025992]
[137626066944, 162202120336]
[137626066944, 162202132624]
[137626066944, 162202234888]
[137626066944, 162202325152]
[137626066944, 162202353824]
[137626066944, 162202370056]
[137626066944, 162202431648]
[137626066944, 162202611856]
[137626066944, 162202636432]
[137626066944, 162202812576]
[137626066944, 162202935440]
[137626066944, 162202964112]
[137626066944, 162203005088]
[137626066944, 162203070624]
[137626066944, 162203086992]
[137626066944, 162203164832]
[137626066944, 162203197584]
[137626066944, 162203553952]
[137626066944, 162203574432]
[137626066944, 162203672736]
[137626066944, 162203750560]
[137626066944, 162203951160]
[137626066944, 162209308760]
[137626066944, 167116820568]
[137626066944, 167116955824]
[137626066944, 167116972224]
[137626066944, 167117025288]
[137626066944, 167117045920]
[137626066944, 167117066416]
[137626066944, 167117181088]
[137626066944, 167117295624]
[137626066944, 167117299872]
[137626066944, 167117389968]
[137626066944, 167117447328]
[137626066944, 167117484192]
[137626066944, 167117565960]
[137626066944, 167117578400]
[137626066944, 167117697184]
[137626066944, 167117705424]
[137626066944, 167117979792]
[137626066944, 167118033040]
[137626066944, 167118053520]
[137626066944, 167119015992]
[137626066944, 167119511608]
[137626066944, 167119536216]
[137626066944, 167120531512]
[137626066944, 167121293368]
[137626066944, 167121408208]
[137626066944, 172032036872]
[137626066944, 172032086208]
[137626066944, 172032233616]
[137626066944, 172032274440]
[137626066944, 172032286896]
[137626066944, 172032290960]
[137626066944, 172032295056]
[137626066944, 172032299152]
[137626066944, 172032532656]
[137626066944, 172032925704]
[137626066944, 172032938144]
[137626066944, 172033118248]
[137626066944, 172033179808]
[137626066944, 172033245344]
[137626066944, 172033343648]
[137626066944, 172034215992]
[137626066944, 172034789584]
[137626066944, 172037398616]
[137626066944, 176947372256]
[137626066944, 176947400712]
[137626066944, 176947478528]
[137626066944, 176947802256]
[137626066944, 176947847312]
[137626066944, 176948146336]
[137626066944, 176948207776]
[137626066944, 176948256912]
[137626066944, 176948334736]
[137626066944, 176948338848]
[137626066944, 176948351136]
[137626066944, 176948363408]
[137626066944, 176948371616]
[137626066944, 176948428960]
[137626066944, 176948662480]
[137626066944, 176948678864]
[137626066944, 176948699280]
[137626066944, 176948723856]
[137626066944, 176948768912]
[137626066944, 176948793488]
[137626066944, 176949686480]
[137626066944, 176949887184]
[137626066944, 176951119928]
[137626066944, 181862453256]
[137626066944, 181862555792]
[137626066944, 181862572040]
[137626066944, 181862658072]
[137626066944, 181862801552]
[137626066944, 181863125152]
[137626066944, 181863289040]
[137626066944, 186777907360]
[137626066944, 186777927824]
[137626066944, 186778427552]
[137626066944, 186778562616]
[137626066944, 186779156704]
[137626066944, 186779410592]
[137626066944, 186779492496]
[137626066944, 186780164256]
[137626066944, 191692902576]
[137626066944, 191692939408]
[137626066944, 191693008904]
[137626066944, 191693062288]
[137626066944, 191693426848]
[137626066944, 191693992040]
[137626066944, 196608098448]
[137626066944, 196608135376]
[137626066944, 196608167992]
[137626066944, 196608438416]
[137626066944, 196608495624]
[137626066944, 196608508048]
[137626066944, 196608827400]
[137626066944, 196608925840]
[137626066944, 196609208480]
[137626066944, 196609491152]
[137626066944, 196609978576]
[137626066944, 201523359904]
[137626066944, 201523523728]
[137626066944, 201523634216]
[137626066944, 201523843096]
[137626066944, 201523843232]
[137626066944, 201523863712]
[137626066944, 201524359328]
[137626066944, 201524437080]
[137626066944, 201524916312]
[137626066944, 206438432928]
[137626066944, 206438760536]
[137626066944, 206439149608]
[137626066944, 211353653392]
[137626066944, 211353706640]
[137626066944, 211353813048]
[137626066944, 211353850080]
[137626066944, 211353890976]
[137626066944, 211353923808]
[137626066944, 211353936032]
[137626066944, 211354157096]
[137626066944, 211354230944]
[137626066944, 211354304736]
[137626066944, 211354325032]
[137626066944, 211354378384]
[137626066944, 216268853248]
[137626066944, 216269467792]
[137626066944, 216269594664]
[137626066944, 216271188216]
[137626066944, 221184045080]
[137626066944, 221184631032]
[137626066944, 221184737472]
[137626066944, 221184888992]
[137626066944, 226099208416]
[137626066944, 226099273752]
[137626066944, 226099638376]
[137626066944, 226100449520]
[137626066944, 226100977784]
[137626066944, 226101104848]
[137626066944, 226101375184]
[137626066944, 226101383288]
[137626066944, 226101936336]
[137626066944, 231014678688]
[137626066944, 231014772744]
[137626066944, 231015038976]
[137626066944, 231015096560]
[137626066944, 231015170192]
[137626066944, 231015903376]
[137626066944, 235930148872]
[137626066944, 235930185888]
[137626066944, 240844812328]
[137626066944, 240844828848]
[137626066944, 240844935312]
[137626066944, 240845099256]
[137626066944, 240845189120]
[137626066944, 240845308032]
[137626066944, 245760008192]
[137626066944, 245760200704]
[137626066944, 245760217312]
[137626066944, 245760483328]
[137626066944, 245760491520]
[137626066944, 245760995352]
[137626066944, 250675228920]
[137626066944, 250675232928]
[137626066944, 250675245160]
[137626066944, 250675421408]
[137626066944, 250675556528]
[137626066944, 250675761328]
[137626066944, 250676789440]
[137626066944, 250677137600]
[137626066944, 255590678552]
[137626066944, 255590748168]
[137626066944, 255590838416]
[137626066944, 255590887568]
[137626066944, 255590973632]
[137626066944, 260505772040]
[137626066944, 260505854056]
[137626066944, 260505935880]
[137626066944, 260506222632]
[137626066944, 260506222784]
[137626066944, 260506448016]
[137626066944, 265421111440]
[137626066944, 265421295640]
[137626066944, 265421779048]
[137626066944, 270336442408]
[137626066944, 270336905408]
[137626066944, 270337056960]
[137626066944, 270337101968]
[137626066944, 275251232960]
[137626066944, 275251396608]
[137626066944, 275251826728]
[137626066944, 280166502528]
[137626066944, 280166531080]
[137626066944, 280166547584]
[137626066944, 280166609072]
[137626066944, 280166764552]
[137626066944, 280167202936]
[137626066944, 280167624848]
[137626066944, 280170262600]
[137626066944, 285081923592]
[137626066944, 285082107928]
[137626066944, 285082177776]
[137626066944, 285082231024]
[137626066944, 289996836984]
[137626066944, 289996857592]
[137626066944, 289997021288]
[137626066944, 289998893128]
[137626066944, 294912049312]
[137626066944, 294912172160]
[137626066944, 294912987208]
[137626066944, 294913196176]
[137626066944, 299827228864]
[137626066944, 299827564552]
[137626066944, 299827613696]
[137626066944, 299827707912]
[137626066944, 304742617248]
[137626066944, 309657612328]
[137626066944, 309657886960]
[137626066944, 309658013936]
[137626066944, 309658317024]
[137626066944, 309658763392]
[137626066944, 309659893784]
[137626066944, 314573058048]
[137626066944, 314573160552]
[137626066944, 314573320192]
[137626066944, 314573390048]
[137626066944, 314573586536]
[137626066944, 314573668392]
[137626066944, 314573734064]
[137626066944, 314574483584]
[137626066944, 319488118824]
[137626066944, 319488430320]
[137626066944, 319488438376]
[137626066944, 319488454800]
[137626066944, 319488585848]
[137626066944, 319488835624]
[137626066944, 319489048600]
[137626066944, 319489196280]
[137626066944, 319489257696]
[137626066944, 319489388544]
[137626066944, 319489835232]
[137626066944, 324403331200]
[137626066944, 324403363944]
[137626066944, 324403515464]
[137626066944, 324403752984]
[137626066944, 324404047896]
[137626066944, 324404154392]
[137626066944, 324404256896]
[137626066944, 324404396160]
[137626066944, 324404723736]
[137626066944, 329318678528]
[137626066944, 329319002216]
[137626066944, 329319026912]
[137626066944, 329319059600]
[137626066944, 329319104752]
[137626066944, 329319112744]
[137626066944, 329319170240]
[137626066944, 329319248112]
[137626066944, 329319264360]
[137626066944, 329319686384]
[137626066944, 329319690280]
[137626066944, 334233911472]
[137626066944, 334234280080]
[137626066944, 334234320968]
[137626066944, 334234321040]
[137626066944, 334234423488]
[137626066944, 334234468528]
[137626066944, 334234509488]
[137626066944, 334234517680]
[137626066944, 334234718280]
[137626066944, 334235074800]
[137626066944, 334235230448]
[137626066944, 334235484264]
[137626066944, 339148804216]
[137626066944, 339148812416]
[137626066944, 339148853440]
[137626066944, 339149545648]
[137626066944, 339149549760]
[137626066944, 339149709336]
[137626066944, 339149750448]
[137626066944, 339149807808]
[137626066944, 339150360752]
[137626066944, 344064028816]
[137626066944, 344064082096]
[137626066944, 344064188440]
[137626066944, 344064245800]
[137626066944, 344064278656]
[137626066944, 344064356496]
[137626066944, 344065130520]
[137626066944, 344065343512]
[137626066944, 344066404528]
[137626066944, 348979335176]
[137626066944, 348979552432]
[137626066944, 348979613736]
[137626066944, 348979699712]
[137626066944, 348979793944]
[137626066944, 348980330688]
[137626066944, 348980588648]
[137626066944, 348980797464]
[137626066944, 348981428328]
[137626066944, 353894420480]
[137626066944, 353894428680]
[137626066944, 353894457448]
[137626066944, 353894535344]
[137626066944, 353894604872]
[137626066944, 353894694952]
[137626066944, 353895002272]
[137626066944, 353895260336]
[137626066944, 353895637216]
[137626066944, 353895915696]
[137626066944, 353896529928]
[137626066944, 353897746656]
[137626066944, 358809628680]
[137626066944, 358809796712]
[137626066944, 358809960456]
[137626066944, 358810263744]
[137626066944, 358810611904]
[137626066944, 358810693672]
[137626066944, 358810697736]
[137626066944, 358811009200]
[137626066944, 358811947232]
[137626066944, 358811992288]
[137626066944, 358812029152]
[137626066944, 363724918888]
[137626066944, 363725066480]
[137626066944, 363725099200]
[137626066944, 363725222048]
[137626066944, 363725258880]
[137626066944, 363725287528]
[137626066944, 363725340832]
[137626066944, 363725447392]
[137626066944, 363725926424]
[137626066944, 363726454808]
[137626066944, 368640028816]
[137626066944, 368640327872]
[137626066944, 368641212656]
[137626066944, 368641224744]
[137626066944, 368641232936]
[137626066944, 368642191432]
[137626066944, 373555458224]
[137626066944, 373555675280]
[137626066944, 373555683504]
[137626066944, 373555757064]
[137626066944, 373556043936]
[137626066944, 373556084912]
[137626066944, 373556674600]
[137626066944, 373557448776]
[137626066944, 378470494400]
[137626066944, 378470858944]
[137626066944, 378471100576]
[137626066944, 378471178264]
[137626066944, 378471190552]
[137626066944, 378472124440]
[137626066944, 383385649376]
[137626066944, 383385874440]
[137626066944, 383385927872]
[137626066944, 383386030304]
[137626066944, 383386308856]
[137626066944, 383386382440]
[137626066944, 383386927328]
[137626066944, 383387054088]
[137626066944, 383388348424]
[137626066944, 388301091040]
[137626066944, 388302180544]
[137626066944, 393216090336]
[137626066944, 393216123024]
[137626066944, 393216254072]
[137626066944, 393216295072]
[137626066944, 393216561176]
[137626066944, 393216684104]
[137626066944, 393217392664]
[137626066944, 393217499208]
[137626066944, 398131355648]
[137626066944, 398131400776]
[137626066944, 398131482872]
[137626066944, 398131613888]
[137626066944, 398131806384]
[137626066944, 398131810376]
[137626066944, 398132207776]
[137626066944, 398132441232]
[137626066944, 398133096592]
[137626066944, 403046453256]
[137626066944, 403047239920]
[137626066944, 403047432232]
[137626066944, 403047841816]
[137626066944, 407961718888]
[137626066944, 407961927688]
[137626066944, 407961985248]
[137626066944, 407962157176]
[137626066944, 407962341400]
[137626066944, 407962943616]
[137626066944, 407963009144]
[137626066944, 407963136104]
[137626066944, 412877369344]
[137626066944, 412877607160]
[137626066944, 412877783112]
[137626066944, 412878205088]
[137626066944, 417792217328]
[137626066944, 417792237712]
[137626066944, 417792286840]
[137626066944, 417792491696]
[137626066944, 417792606336]
[137626066944, 417792626728]
[137626066944, 417792671936]
[137626066944, 422707257472]
[137626066944, 422707630120]
[137626066944, 422707855432]
[137626066944, 422708236464]
[137626066944, 422708289728]
[137626066944, 422708449352]
[137626066944, 427622473752]
[137626066944, 427622506504]
[137626066944, 427622957056]
[137626066944, 432537940192]
[137626066944, 432538988688]
[137626066944, 432538992784]
[137626066944, 432539381864]
[137626066944, 437452886256]
[137626066944, 437453287424]
[137626066944, 437453549568]
[137626066944, 437453795328]
[137626066944, 437453889712]
[137626066944, 437454856200]
[137626066944, 442368282664]
[137626066944, 442368286848]
[137626066944, 442368852160]
[137626066944, 442369224776]
[137626066944, 442369589248]
[137626066944, 447284191408]
[137626066944, 452198514712]
[137626066944, 452198662384]
[137626066944, 452198903928]
[137626066944, 452198936824]
[137626066944, 452198965408]
[137626066944, 452199489760]
[137626066944, 457114243080]
[137626066944, 457114669280]
[137626066944, 462029504656]
[137626066944, 462029709536]
[137626066944, 462030282912]
[137626066944, 466944135408]
[137626066944, 466944237728]
[137626066944, 466944253960]
[137626066944, 466944307344]
[137626066944, 466944692472]
[137626066944, 466945159208]
[137626066944, 466946215976]
[137626066944, 466947063848]
[137626066944, 471859269872]
[137626066944, 471859388640]
[137626066944, 471859572960]
[137626066944, 471859966176]
[137626066944, 476774478072]
[137626066944, 476775247912]
[137626066944, 476775288976]
[137626066944, 476775366880]
[137626066944, 476775792784]
[137626066944, 481689702408]
[137626066944, 481689829536]
[137626066944, 481689964568]
[137626066944, 481690128456]
[137626066944, 481690214440]
[137626066944, 481690226760]
[137626066944, 481690882272]
[137626066944, 481691058216]
[137626066944, 481691078696]
[137626066944, 481691095080]
[137626066944, 481691123752]
[137626066944, 481692274792]
[137626066944, 486604812296]
[137626066944, 486604853392]
[137626066944, 486605004960]
[137626066944, 486605021304]
[137626066944, 486605074456]
[137626066944, 486605209824]
[137626066944, 486605254880]
[137626066944, 486605316104]
[137626066944, 486605848648]
[137626066944, 486606299144]
[137626066944, 486606368792]
[137626066944, 486606708744]
[137626066944, 486606782488]
[137626066944, 486606860296]
[137626066944, 486607024152]
[137626066944, 491520143480]
[137626066944, 491520184544]
[137626066944, 491520229400]
[137626066944, 491520299232]
[137626066944, 491520438312]
[137626066944, 491520512120]
[137626066944, 491520614624]
[137626066944, 491520753888]
[137626066944, 491520921848]
[137626066944, 491521130720]
[137626066944, 491521175576]
[137626066944, 491521216736]
[137626066944, 491521589272]
[137626066944, 496435253472]
[137626066944, 496435417312]
[137626066944, 496435626208]
[137626066944, 496435634200]
[137626066944, 496435961984]
[137626066944, 496436002888]
[137626066944, 496436019240]
[137626066944, 496436113432]
[137626066944, 496436330520]
[137626066944, 496436371464]
[137626066944, 496436412440]
[137626066944, 496436445304]
[137626066944, 496436518952]
[137626066944, 496436662496]
[137626066944, 496436740136]
[137626066944, 496436961504]
[137626066944, 501350637608]
[137626066944, 501350748200]
[137626066944, 501350899960]
[137626066944, 501350973448]
[137626066944, 501351211016]
[137626066944, 501352878120]
[137626066944, 501352952032]
[137626066944, 506265706720]
[137626066944, 506265894984]
[137626066944, 506266546216]
[137626066944, 506266546400]
[137626066944, 506266706144]
[137626066944, 506266947608]
[137626066944, 511180873768]
[137626066944, 511181271200]
[137626066944, 511181410312]
[137626066944, 511182446616]
[137626066944, 511182819552]
[137626066944, 511183118560]
[137626066944, 516096159864]
[137626066944, 516096209136]
[137626066944, 516096462872]
[137626066944, 516096585800]
[137626066944, 516096643312]
[137626066944, 516097343712]
[137626066944, 516097769632]
[137626066944, 516098494688]
[137626066944, 521011249312]
[137626066944, 521011281960]
[137626066944, 521011503144]
[137626066944, 521012310176]
[137626066944, 521012346920]
[137626066944, 521012412456]
[137626066944, 525927268376]
[137626066944, 525927362704]
[137626066944, 525927428256]
[137626066944, 525929140384]
[137626066944, 530842071080]
[137626066944, 530843738136]
[137626066944, 535758225432]
[137626066944, 540672790528]
[137626066944, 545587204240]
[137626066944, 550502432840]
[137626066944, 550502531232]
[137626066944, 550502543480]
[137626066944, 550502780952]
[137626066944, 550503165952]
[137626066944, 550503407760]
[137626066944, 555419607184]
[137626066944, 560332820480]
[137626066944, 560335700112]
[137626066944, 560335954064]
[137626066944, 565248126976]
[137626066944, 565248172192]
[137626066944, 565249712272]
[137626066944, 565250523280]
[137626066944, 570164072608]
[137626066944, 575078436872]
[137626066944, 575078637712]
[137626066944, 575078670480]
[137626066944, 575079358536]
[137626066944, 575079698576]
[137626066944, 575079915592]
[137626066944, 579994869920]
[137626066944, 579995213896]
[137626066944, 584909107360]
[137626066944, 584911368264]
[137626066944, 589825724576]
[137626066944, 594739347616]
[137626066944, 594740297800]
[137626066944, 594741022880]
[137626066944, 599655493704]
[137626066944, 609485721760]
[137626066944, 614400278600]
[137626066944, 614401351752]
[137626066944, 619316199568]
[137626066944, 619316465736]
[137626066944, 624230969504]
[137626066944, 624231862344]
[137626066944, 624232034448]
[137626066944, 629146538128]
[137626066944, 634061889680]
[137626066944, 653723316384]
[137626066944, 658637598880]
[137626066944, 658638119056]
[137626066944, 663552024720]
[137626066944, 668467409040]
[137626066944, 673383039120]
[137626066944, 678297682080]
[137626066944, 683213729936]
