[4240, 49152221184]
[12432, 49152221184]
[16392, 49152221184]
[28816, 49152221184]
[28832, 49152221184]
[41080, 49152221184]
[45200, 49152221184]
[49152221184, 61512]
[49152221184, 65680]
[49152221184, 77968]
[49152221184, 81920]
[49152221184, 86264]
[110832, 49152221184]
[114928, 49152221184]
[127216, 49152221184]
[131072, 49152221184]
[131144, 49152221184]
[135416, 49152221184]
[147512, 49152221184]
[159968, 49152221184]
[200864, 49152221184]
[208896, 49152221184]
[221256, 49152221184]
[233592, 49152221184]
[237624, 49152221184]
[237696, 49152221184]
[254040, 49152221184]
[262248, 49152221184]
[270496, 49152221184]
[274552, 49152221184]
[286968, 49152221184]
[294952, 49152221184]
[295032, 49152221184]
[295072, 49152221184]
[319632, 49152221184]
[331784, 49152221184]
[331904, 49152221184]
[376904, 49152221184]
[385144, 49152221184]
[442376, 49152221184]
[471144, 49152221184]
[49152221184, 520368]
[49152221184, 549056]
[49152221184, 581824]
[49152221184, 606216]
[49152221184, 610312]
[49152221184, 610480]
[49152221184, 635072]
[49152221184, 647288]
[49152221184, 655552]
[49152221184, 659648]
[49152221184, 663672]
[49152221184, 671936]
[49152221184, 671984]
[49152221184, 692400]
[49152221184, 704760]
[49152221184, 716872]
[49152221184, 741520]
[49152221184, 786432]
[49152221184, 786504]
[49152221184, 794864]
[49152221184, 807152]
[49152221184, 811008]
[49152221184, 811248]
[49152221184, 819320]
[49152221184, 839688]
[49152221184, 872688]
[49152221184, 897264]
[49152221184, 950432]
[49152221184, 954528]
[49152221184, 962720]
[49152221184, 970752]
[49152221184, 974848]
[49152221184, 975008]
[1011872, 49152221184]
[1032352, 49152221184]
[1056768, 49152221184]
[1065120, 49152221184]
[1134752, 49152221184]
[1142960, 49152221184]
[1147128, 49152221184]
[1163264, 49152221184]
[1188088, 49152221184]
[1192096, 49152221184]
[1204224, 49152221184]
[1302600, 49152221184]
[1343648, 49152221184]
[1351872, 49152221184]
[1376416, 49152221184]
[1388704, 49152221184]
[1392800, 49152221184]
[1478816, 49152221184]
[1548528, 49152221184]
[1659072, 49152221184]
[1671328, 49152221184]
[1732768, 49152221184]
[1839296, 49152221184]
[1896640, 49152221184]
[1929408, 49152221184]
[1958080, 49152221184]
[2023584, 49152221184]
[2064456, 49152221184]
[2109600, 49152221184]
[2199560, 49152221184]
[2224200, 49152221184]
[2261000, 49152221184]
[2269256, 49152221184]
[2277536, 49152221184]
[2383880, 49152221184]
[2482320, 49152221184]
[2510856, 49152221184]
[2523280, 49152221184]
[2539664, 49152221184]
[2564240, 49152221184]
[2613320, 49152221184]
[2687120, 49152221184]
[2703504, 49152221184]
[2785352, 49152221184]
[2785424, 49152221184]
[2941072, 49152221184]
[2965512, 49152221184]
[2965648, 49152221184]
[3006472, 49152221184]
[3026952, 49152221184]
[3039240, 49152221184]
[3047432, 49152221184]
[3092488, 49152221184]
[3096720, 49152221184]
[3198984, 49152221184]
[3244104, 49152221184]
[3256464, 49152221184]
[3272848, 49152221184]
[3276808, 49152221184]
[3276944, 49152221184]
[3280904, 49152221184]
[3289232, 49152221184]
[3309712, 49152221184]
[3330192, 49152221184]
[3338384, 49152221184]
[3530760, 49152221184]
[3538952, 49152221184]
[3588104, 49152221184]
[3600392, 49152221184]
[3624968, 49152221184]
[3694736, 49152221184]
[3698696, 49152221184]
[3743752, 49152221184]
[3747848, 49152221184]
[3756176, 49152221184]
[3797136, 49152221184]
[3829904, 49152221184]
[3846152, 49152221184]
[3874960, 49152221184]
[3891344, 49152221184]
[3895304, 49152221184]
[3903632, 49152221184]
[3907728, 49152221184]
[3948552, 49152221184]
[4018320, 49152221184]
[4026512, 49152221184]
[4120584, 49152221184]
[4141200, 49152221184]
[4255752, 49152221184]
[4354056, 49152221184]
[4354192, 49152221184]
[4513800, 49152221184]
[4522128, 49152221184]
[4558992, 49152221184]
[4685832, 49152221184]
[4714504, 49152221184]
[4882576, 49152221184]
[49152221184, 4919440]
[49152221184, 4943880]
[49152221184, 5066896]
[49152221184, 5075088]
[49152221184, 5218448]
[4915220640, 49152221184]
[49152221184, 4915236872]
[49152221184, 4915237024]
[49152221184, 4915241120]
[49152221184, 4915245056]
[49152221184, 4915245200]
[49152221184, 4915245216]
[49152221184, 4915261632]
[49152221184, 4915281928]
[49152221184, 4915335176]
[49152221184, 4915335256]
[49152221184, 4915364000]
[49152221184, 4915404824]
[49152221184, 4915409056]
[49152221184, 4915417280]
[49152221184, 4915425504]
[49152221184, 4915445968]
[49152221184, 4915466384]
[49152221184, 4915478672]
[49152221184, 4915482832]
[49152221184, 4915507408]
[49152221184, 4915511504]
[49152221184, 4915523744]
[49152221184, 4915527888]
[49152221184, 4915597400]
[49152221184, 4915618000]
[49152221184, 4915642376]
[49152221184, 4915671128]
[49152221184, 4915679288]
[49152221184, 4915683472]
[49152221184, 4915687512]
[49152221184, 4915699720]
[49152221184, 4915703816]
[49152221184, 4915712144]
[49152221184, 4915724448]
[49152221184, 4915773632]
[49152221184, 4915781824]
[49152221184, 4915798224]
[49152221184, 4915855448]
[49152221184, 4916400288]
[49152221184, 4916428960]
[49152221184, 4916719624]
[49152221184, 4916826256]
[49152221184, 4916834448]
[49152221184, 4916854928]
[49152221184, 4916867216]
[49152221184, 4916871312]
[49152221184, 4916875272]
[49152221184, 4916875408]
[49152221184, 4916883616]
[49152221184, 4916953248]
[49152221184, 4916965384]
[49152221184, 4916973728]
[49152221184, 4916998288]
[49152221184, 4917014688]
[49152221184, 4917035168]
[49152221184, 4917153936]
[49152221184, 4917153952]
[49152221184, 4917170320]
[49152221184, 4917276680]
[49152221184, 4917288968]
[49152221184, 4917297160]
[49152221184, 4917317640]
[49152221184, 4917325832]
[49152221184, 4917346312]
[49152221184, 4917354504]
[49152221184, 4917420040]
[49152221184, 4917432328]
[49152221184, 4917456904]
[49152221184, 4917493920]
[49152221184, 4917502112]
[49152221184, 4917514248]
[49152221184, 4917555360]
[49152221184, 4917579936]
[49152221184, 4917596320]
[49152221184, 4917600400]
[49152221184, 4917645456]
[49152221184, 4917678240]
[49152221184, 4917694472]
[49152221184, 4917706760]
[49152221184, 4917735432]
[49152221184, 4917768200]
[49152221184, 4917768336]
[49152221184, 4917776528]
[49152221184, 4917780624]
[49152221184, 4917784584]
[49152221184, 4917796872]
[49152221184, 4917813408]
[49152221184, 4917854352]
[49152221184, 4917870752]
[49152221184, 4917883024]
[49152221184, 4917899408]
[49152221184, 4917923984]
[49152221184, 4917936288]
[49152221184, 4917964944]
[49152221184, 4917964960]
[49152221184, 4917973152]
[49152221184, 4917981192]
[49152221184, 4917989536]
[49152221184, 4917997728]
[49152221184, 4918038672]
[49152221184, 4918055072]
[49152221184, 4918075400]
[49152221184, 4918075536]
[49152221184, 4918079632]
[49152221184, 4918096032]
[49152221184, 4918124552]
[49152221184, 4918153224]
[49152221184, 4918194336]
[49152221184, 4918202376]
[49152221184, 4918214800]
[49152221184, 4918226952]
[49152221184, 4918309008]
[49152221184, 4918325408]
[49152221184, 4918497440]
[49152221184, 4918517920]
[49152221184, 4918567072]
[49152221184, 4918640784]
[49152221184, 4918644880]
[49152221184, 4918669456]
[49152221184, 4918685704]
[49152221184, 4918780064]
[49152221184, 4918857872]
[49152221184, 9830449240]
[49152221184, 9830568112]
[49152221184, 9830604800]
[49152221184, 9830654008]
[49152221184, 9830658240]
[49152221184, 9830682784]
[49152221184, 9830703312]
[49152221184, 9830793320]
[49152221184, 9830805608]
[49152221184, 9830830120]
[49152221184, 9830867120]
[49152221184, 9830944928]
[49152221184, 9831006368]
[49152221184, 9831055464]
[49152221184, 9831096496]
[49152221184, 9831313512]
[49152221184, 9831325872]
[49152221184, 9831497904]
[49152221184, 9831530600]
[49152221184, 9831805104]
[49152221184, 9831821488]
[49152221184, 9832112304]
[49152221184, 9832136880]
[49152221184, 9832153264]
[14745628744, 49152221184]
[14745677968, 49152221184]
[14745723040, 49152221184]
[14745726976, 49152221184]
[14745735176, 49152221184]
[14745743400, 49152221184]
[14745751712, 49152221184]
[14745755824, 49152221184]
[14745784360, 49152221184]
[14745800712, 49152221184]
[14745809040, 49152221184]
[14745850016, 49152221184]
[14745903128, 49152221184]
[14745907200, 49152221184]
[14745993272, 49152221184]
[14746021888, 49152221184]
[14746021992, 49152221184]
[14746026192, 49152221184]
[14746124432, 49152221184]
[14746144912, 49152221184]
[14746157064, 49152221184]
[14746193920, 49152221184]
[14746210312, 49152221184]
[14746357760, 49152221184]
[14746472592, 49152221184]
[14746665104, 49152221184]
[19660808368, 49152221184]
[19660812496, 49152221184]
[19660828680, 49152221184]
[19660841120, 49152221184]
[19660849312, 49152221184]
[19660857536, 49152221184]
[19660861584, 49152221184]
[19660877912, 49152221184]
[19660890256, 49152221184]
[19660894352, 49152221184]
[19660898496, 49152221184]
[19660955688, 49152221184]
[19661000808, 49152221184]
[19661082832, 49152221184]
[19661095104, 49152221184]
[19661107408, 49152221184]
[19661119680, 49152221184]
[19661209776, 49152221184]
[19661221896, 49152221184]
[19661266952, 49152221184]
[19661295624, 49152221184]
[19661332672, 49152221184]
[19661406432, 49152221184]
[19661541480, 49152221184]
[19661971680, 49152221184]
[24576180416, 49152221184]
[24576184376, 49152221184]
[24576192736, 49152221184]
[24576442472, 49152221184]
[24576864296, 49152221184]
[24576987160, 49152221184]
[29491241184, 49152221184]
[29491245296, 49152221184]
[29491253272, 49152221184]
[29491257384, 49152221184]
[29491286040, 49152221184]
[29491298544, 49152221184]
[29491323056, 49152221184]
[29491601464, 49152221184]
[29491605528, 49152221184]
[29491658960, 49152221184]
[29491679440, 49152221184]
[29491732504, 49152221184]
[29491753184, 49152221184]
[29491773528, 49152221184]
[29491814424, 49152221184]
[34406473832, 49152221184]
[34406481928, 49152221184]
[34406486176, 49152221184]
[34406490360, 49152221184]
[34406494216, 49152221184]
[34406588504, 49152221184]
[34406670544, 49152221184]
[34406735976, 49152221184]
[34406821976, 49152221184]
[34406846552, 49152221184]
[34407014408, 49152221184]
[34407030824, 49152221184]
[34407092280, 49152221184]
[34407129296, 49152221184]
[34407170088, 49152221184]
[34407182360, 49152221184]
[34407231512, 49152221184]
[34407235608, 49152221184]
[34407342168, 49152221184]
[34407403560, 49152221184]
[34407411752, 49152221184]
[34407428120, 49152221184]
[34407546968, 49152221184]
[34407764056, 49152221184]
[34407874648, 49152221184]
[39321735360, 49152221184]
[39321759800, 49152221184]
[39321841720, 49152221184]
[39321923728, 49152221184]
[39322218720, 49152221184]
[39322226712, 49152221184]
[44236836968, 49152221184]
[44236869672, 49152221184]
[44236881928, 49152221184]
[44236898328, 49152221184]
[44236902400, 49152221184]
[44236935392, 49152221184]
[44236972224, 49152221184]
[44237176872, 49152221184]
[44237316136, 49152221184]
[44237365304, 49152221184]
[44237443096, 49152221184]
[44237459496, 49152221184]
[44237459544, 49152221184]
[44237565976, 49152221184]
[44238475320, 49152221184]
[49152004304, 49152221184]
[49152016624, 49152221184]
[49152032992, 49152221184]
[49152110664, 49152221184]
[49152143584, 49152221184]
[49152221184, 49152274520]
[49152221184, 49152282816]
[49152221184, 49152331776]
[49152221184, 49152393272]
[49152221184, 49152417832]
[49152221184, 54067204288]
[49152221184, 54067257520]
[49152221184, 54067273952]
[49152221184, 54067286224]
[49152221184, 54067384560]
[49152221184, 58982428800]
[49152221184, 58982477912]
[49152221184, 58982498544]
[49152221184, 58982551712]
[49152221184, 58982612992]
[49152221184, 58982637760]
[49152221184, 58982732024]
[49152221184, 58982789368]
[49152221184, 58982793408]
[49152221184, 58982854656]
[49152221184, 58982854784]
[49152221184, 58982887648]
[49152221184, 63897673856]
[49152221184, 63897710696]
[49152221184, 63897723128]
[49152221184, 63897980928]
[49152221184, 63898107944]
[49152221184, 63898222592]
[49152221184, 63898230784]
[49152221184, 68812824704]
[49152221184, 68812845080]
[49152221184, 68812853496]
[49152221184, 68812857472]
[49152221184, 68812906496]
[49152221184, 68812935408]
[49152221184, 68812976376]
[49152221184, 68813025280]
[49152221184, 68813070456]
[49152221184, 68813193336]
[49152221184, 68813193424]
[49152221184, 68813201656]
[49152221184, 68813250768]
[49152221184, 73728086088]
[49152221184, 73728143488]
[49152221184, 73728151560]
[49152221184, 73728229504]
[49152221184, 73728254200]
[49152221184, 73728282632]
[49152221184, 73728299184]
[49152221184, 73728348336]
[49152221184, 73728434280]
[49152221184, 73728483504]
[49152221184, 73728925800]
[49152221184, 73728958640]
[49152221184, 73729048680]
[49152221184, 73729237096]
[49152221184, 73729642600]
[49152221184, 73729908840]
[49152221184, 73730097256]
[49152221184, 73730388072]
[49152221184, 73730490472]
[49152221184, 73730584680]
[49152221184, 73731326056]
[49152221184, 73731485800]
[49152221184, 78643261480]
[49152221184, 78643290240]
[49152221184, 78643331248]
[49152221184, 78643359872]
[49152221184, 78643384408]
[49152221184, 78643503128]
[49152221184, 78643609672]
[49152221184, 78643691744]
[49152221184, 78643724464]
[49152221184, 78643736576]
[49152221184, 78643904536]
[49152221184, 78643949744]
[49152221184, 78643966128]
[49152221184, 78644093120]
[49152221184, 78644224104]
[49152221184, 78644342888]
[49152221184, 78644400320]
[49152221184, 78644445360]
[49152221184, 78644498624]
[49152221184, 78644564160]
[49152221184, 78644584640]
[49152221184, 78644605120]
[49152221184, 78644609128]
[49152221184, 78644629680]
[49152221184, 78644797632]
[49152221184, 78644912232]
[49152221184, 78645293248]
[49152221184, 78645399744]
[49152221184, 83558432896]
[49152221184, 83558445232]
[49152221184, 83558449400]
[49152221184, 83558465744]
[49152221184, 83558469760]
[49152221184, 83558490232]
[49152221184, 83558498448]
[49152221184, 83558588608]
[49152221184, 83558592584]
[49152221184, 83558592752]
[49152221184, 83558658120]
[49152221184, 83558752360]
[49152221184, 83558760536]
[49152221184, 83558895808]
[49152221184, 83558936680]
[49152221184, 83558977608]
[49152221184, 83558993992]
[49152221184, 83559067824]
[49152221184, 83559092416]
[49152221184, 83559174152]
[49152221184, 83559370872]
[49152221184, 83559375040]
[49152221184, 83559403624]
[49152221184, 83559481536]
[49152221184, 83559665768]
[49152221184, 83559690432]
[49152221184, 83559841984]
[49152221184, 83559997544]
[49152221184, 83560153264]
[49152221184, 83560349872]
[49152221184, 83560448176]
[49152221184, 83560534120]
[49152221184, 83560644784]
[49152221184, 83560796336]
[49152221184, 83561599152]
[49152221184, 83562045616]
[49152221184, 83562115248]
[49152221184, 88473669752]
[49152221184, 88473718888]
[49152221184, 88473755768]
[49152221184, 88473763960]
[49152221184, 88473817296]
[49152221184, 88473821256]
[49152221184, 88473874432]
[49152221184, 88473878688]
[49152221184, 88473882784]
[49152221184, 88473903104]
[49152221184, 88473907272]
[49152221184, 88473907376]
[49152221184, 88473911488]
[49152221184, 88473944240]
[49152221184, 88473956472]
[49152221184, 88474030080]
[49152221184, 88474030168]
[49152221184, 88474316992]
[49152221184, 88474452144]
[49152221184, 88474489024]
[49152221184, 88474501312]
[49152221184, 88474570960]
[49152221184, 88474660968]
[49152221184, 88474673256]
[49152221184, 88474673344]
[49152221184, 88474734784]
[49152221184, 88474845376]
[49152221184, 88474861744]
[49152221184, 88474902632]
[49152221184, 88475144296]
[49152221184, 88475209904]
[49152221184, 88475263080]
[49152221184, 88475394224]
[49152221184, 88475861168]
[49152221184, 88475893936]
[49152221184, 88476115120]
[49152221184, 93388861560]
[49152221184, 93388882096]
[49152221184, 93388943464]
[49152221184, 93388988536]
[49152221184, 93388992752]
[49152221184, 93389000712]
[49152221184, 93389005040]
[49152221184, 93389017160]
[49152221184, 93389029536]
[49152221184, 93389041672]
[49152221184, 93389058048]
[49152221184, 93389070336]
[49152221184, 93389103104]
[49152221184, 93389103192]
[49152221184, 93389107328]
[49152221184, 93389115520]
[49152221184, 93389148336]
[49152221184, 93389152264]
[49152221184, 93389258824]
[49152221184, 93389308080]
[49152221184, 93389312192]
[49152221184, 93389336680]
[49152221184, 93389373688]
[49152221184, 93389377664]
[49152221184, 93389390072]
[49152221184, 93389394064]
[49152221184, 93389398176]
[49152221184, 93389430976]
[49152221184, 93389459456]
[49152221184, 93389496512]
[49152221184, 93389537288]
[49152221184, 93389807808]
[49152221184, 93389897920]
[49152221184, 93390065840]
[49152221184, 93390467248]
[49152221184, 98304041064]
[49152221184, 98304077824]
[49152221184, 98304168184]
[49152221184, 98304217088]
[49152221184, 98304282744]
[49152221184, 98304286792]
[49152221184, 98304290888]
[49152221184, 98304307448]
[49152221184, 98304372984]
[49152221184, 98304426056]
[49152221184, 98304446704]
[49152221184, 98304487672]
[49152221184, 98304557248]
[49152221184, 98304561400]
[49152221184, 98304581704]
[49152221184, 98304581824]
[49152221184, 98304590016]
[49152221184, 98304622768]
[49152221184, 98304630784]
[49152221184, 98304647360]
[49152221184, 98304667840]
[49152221184, 98304778432]
[49152221184, 98304823544]
[49152221184, 98304872624]
[49152221184, 98304905224]
[49152221184, 98304917680]
[49152221184, 98305409200]
[49152221184, 98305532008]
[49152221184, 98305622120]
[49152221184, 98305888432]
[49152221184, 98306375784]
[49152221184, 98306449512]
[49152221184, 98306551984]
[49152221184, 98306863208]
[103219204200, 49152221184]
[103219302520, 49152221184]
[103219400912, 49152221184]
[103219413240, 49152221184]
[103219466384, 49152221184]
[103219474680, 49152221184]
[103219486840, 49152221184]
[103219490936, 49152221184]
[103219568880, 49152221184]
[103219597416, 49152221184]
[103219638448, 49152221184]
[103219896496, 49152221184]
[103220068528, 49152221184]
[103220084928, 49152221184]
[103220465840, 49152221184]
[103220670640, 49152221184]
[103220723888, 49152221184]
[103220969648, 49152221184]
[103221043392, 49152221184]
[103221055680, 49152221184]
[108134473888, 49152221184]
[108134531264, 49152221184]
[108134572176, 49152221184]
[108134588536, 49152221184]
[108134596768, 49152221184]
[108134625384, 49152221184]
[108134817792, 49152221184]
[108134821896, 49152221184]
[108134834416, 49152221184]
[108134838512, 49152221184]
[108134846712, 49152221184]
[108134883336, 49152221184]
[108134936824, 49152221184]
[108134989896, 49152221184]
[113049669752, 49152221184]
[113049706616, 49152221184]
[113049747584, 49152221184]
[113049813184, 49152221184]
[113049935976, 49152221184]
[113049936032, 49152221184]
[113050071144, 49152221184]
[113050071200, 49152221184]
[113050136648, 49152221184]
[113050370192, 49152221184]
[113050513568, 49152221184]
[113050902632, 49152221184]
[113050935400, 49152221184]
[117964808312, 49152221184]
[117964816424, 49152221184]
[117964886192, 49152221184]
[117964910592, 49152221184]
[117964918784, 49152221184]
[117964931072, 49152221184]
[117964931192, 49152221184]
[117964992656, 49152221184]
[117965103264, 49152221184]
[117965119608, 49152221184]
[117965164768, 49152221184]
[117965234336, 49152221184]
[117965328592, 49152221184]
[117965418672, 49152221184]
[117965488256, 49152221184]
[117965508736, 49152221184]
[117965529328, 49152221184]
[117965562096, 49152221184]
[117965734016, 49152221184]
[117965807856, 49152221184]
[117965979888, 49152221184]
[117965987968, 49152221184]
[117966004464, 49152221184]
[117966065872, 49152221184]
[117966340224, 49152221184]
[117966459120, 49152221184]
[122880020624, 49152221184]
[122880028672, 49152221184]
[122880036992, 49152221184]
[122880090112, 49152221184]
[122880090232, 49152221184]
[122880102440, 49152221184]
[122880139304, 49152221184]
[122880180368, 49152221184]
[122880254080, 49152221184]
[122880340088, 49152221184]
[122880352504, 49152221184]
[122880389248, 49152221184]
[122880425984, 49152221184]
[122880499736, 49152221184]
[122880516168, 49152221184]
[122880614472, 49152221184]
[122880626808, 49152221184]
[122880639096, 49152221184]
[122880639216, 49152221184]
[122880876792, 49152221184]
[122880962808, 49152221184]
[122881421504, 49152221184]
[127795212416, 49152221184]
[127795216472, 49152221184]
[127795220728, 49152221184]
[127795224576, 49152221184]
[127795273800, 49152221184]
[127795286120, 49152221184]
[127795310720, 49152221184]
[127795450096, 49152221184]
[127795466368, 49152221184]
[127795470336, 49152221184]
[127795519648, 49152221184]
[127795523656, 49152221184]
[127795540040, 49152221184]
[127795560688, 49152221184]
[127795564544, 49152221184]
[127795585032, 49152221184]
[127795646624, 49152221184]
[127795720432, 49152221184]
[127795732720, 49152221184]
[127795761392, 49152221184]
[127795810544, 49152221184]
[127795826848, 49152221184]
[127795851504, 49152221184]
[127795921040, 49152221184]
[127796359312, 49152221184]
[127797907664, 49152221184]
[132710412408, 49152221184]
[132710424648, 49152221184]
[132710453496, 49152221184]
[132710531096, 49152221184]
[132710564032, 49152221184]
[132710576232, 49152221184]
[132710584544, 49152221184]
[132710608896, 49152221184]
[132710621408, 49152221184]
[132710625528, 49152221184]
[132710646000, 49152221184]
[132710670576, 49152221184]
[132710695152, 49152221184]
[132710801648, 49152221184]
[132710830328, 49152221184]
[132710846592, 49152221184]
[132710903880, 49152221184]
[132710953064, 49152221184]
[132711116992, 49152221184]
[132711211256, 49152221184]
[132711432320, 49152221184]
[132711469304, 49152221184]
[132711489784, 49152221184]
[132711727112, 49152221184]
[137625604336, 49152221184]
[137625628800, 49152221184]
[137625706744, 49152221184]
[137625727216, 49152221184]
[137625792656, 49152221184]
[137625849864, 49152221184]
[137625866384, 49152221184]
[137625866480, 49152221184]
[137625870584, 49152221184]
[137625977080, 49152221184]
[137626165248, 49152221184]
[137626165488, 49152221184]
[137626181880, 49152221184]
[137626349688, 49152221184]
[137626423536, 49152221184]
[137626484736, 49152221184]
[137626513568, 49152221184]
[137626570752, 49152221184]
[137626587192, 49152221184]
[137626587376, 49152221184]
[137626595456, 49152221184]
[137626607616, 49152221184]
[137626800256, 49152221184]
[137626828920, 49152221184]
[137626833016, 49152221184]
[137626947712, 49152221184]
[137627000992, 49152221184]
[137627017336, 49152221184]
[137627046016, 49152221184]
[137627107488, 49152221184]
[137627250848, 49152221184]
[137627299960, 49152221184]
[137627304056, 49152221184]
[137627312248, 49152221184]
[137627369592, 49152221184]
[137627377784, 49152221184]
[137627463808, 49152221184]
[137627549816, 49152221184]
[137627893968, 49152221184]
[137629003896, 49152221184]
[142540820704, 49152221184]
[142540861440, 49152221184]
[142540869704, 49152221184]
[142540869760, 49152221184]
[142540873856, 49152221184]
[142540886024, 49152221184]
[142540902576, 49152221184]
[142540914928, 49152221184]
[142540955648, 49152221184]
[142540955720, 49152221184]
[142541013184, 49152221184]
[142541050096, 49152221184]
[142541058288, 49152221184]
[142541066248, 49152221184]
[142541140208, 49152221184]
[142541189160, 49152221184]
[142541201656, 49152221184]
[142541246608, 49152221184]
[142541263008, 49152221184]
[142541373584, 49152221184]
[142541434936, 49152221184]
[142541525136, 49152221184]
[142541541448, 49152221184]
[142541566112, 49152221184]
[142541607120, 49152221184]
[142541693000, 49152221184]
[142541709456, 49152221184]
[142541766832, 49152221184]
[142541787280, 49152221184]
[142541865032, 49152221184]
[142541914184, 49152221184]
[142541971616, 49152221184]
[142541992008, 49152221184]
[142542020680, 49152221184]
[142542278816, 49152221184]
[142542368840, 49152221184]
[142542672032, 49152221184]
[142542848072, 49152221184]
[147456057416, 49152221184]
[147456090256, 49152221184]
[147456204920, 49152221184]
[147456254192, 49152221184]
[147456266384, 49152221184]
[147456278648, 49152221184]
[147456344256, 49152221184]
[147456385168, 49152221184]
[147456442592, 49152221184]
[147456573448, 49152221184]
[147456585832, 49152221184]
[147456589832, 49152221184]
[147456659576, 49152221184]
[147456704600, 49152221184]
[147456753784, 49152221184]
[147456831608, 49152221184]
[147456847992, 49152221184]
[147456884856, 49152221184]
[147456897216, 49152221184]
[147456917624, 49152221184]
[147456979016, 49152221184]
[147457069216, 49152221184]
[147457130656, 49152221184]
[147457249352, 49152221184]
[147457273928, 49152221184]
[147457294456, 49152221184]
[147457298592, 49152221184]
[147457310880, 49152221184]
[147457351872, 49152221184]
[152371212328, 49152221184]
[152371265544, 49152221184]
[152371339488, 49152221184]
[152371343600, 49152221184]
[152371359888, 49152221184]
[152371372032, 49152221184]
[152371388416, 49152221184]
[152371425520, 49152221184]
[152371462384, 49152221184]
[152371482872, 49152221184]
[152371523760, 49152221184]
[152371560640, 49152221184]
[152371659000, 49152221184]
[152371720216, 49152221184]
[152371736824, 49152221184]
[152371798224, 49152221184]
[152371830824, 49152221184]
[152371863744, 49152221184]
[152371912912, 49152221184]
[152371982480, 49152221184]
[152371982512, 49152221184]
[152372121760, 49152221184]
[152372179072, 49152221184]
[152372199672, 49152221184]
[152372396120, 49152221184]
[152372629648, 49152221184]
[152372699192, 49152221184]
[152372801680, 49152221184]
[152373207200, 49152221184]
[157286412328, 49152221184]
[157286428744, 49152221184]
[157286432992, 49152221184]
[157286449160, 49152221184]
[157286449192, 49152221184]
[157286469752, 49152221184]
[157286494208, 49152221184]
[157286531320, 49152221184]
[157286551592, 49152221184]
[157286580352, 49152221184]
[157286596800, 49152221184]
[157286604904, 49152221184]
[157286604920, 49152221184]
[157286645768, 49152221184]
[157286670408, 49152221184]
[157286674680, 49152221184]
[157286736000, 49152221184]
[157286793344, 49152221184]
[157286953088, 49152221184]
[157286985872, 49152221184]
[157287018520, 49152221184]
[157287088200, 49152221184]
[157287133256, 49152221184]
[157287178264, 49152221184]
[157287186456, 49152221184]
[157287239736, 49152221184]
[157287276600, 49152221184]
[157287350344, 49152221184]
[157287358704, 49152221184]
[157287571512, 49152221184]
[157287596176, 49152221184]
[157287719056, 49152221184]
[157287743648, 49152221184]
[157287911584, 49152221184]
[157287932064, 49152221184]
[162201608432, 49152221184]
[162201612328, 49152221184]
[162201628816, 49152221184]
[162201673848, 49152221184]
[162201686024, 49152221184]
[162201714928, 49152221184]
[162201727200, 49152221184]
[162201731200, 49152221184]
[162201731216, 49152221184]
[162201772272, 49152221184]
[162201784360, 49152221184]
[162201804960, 49152221184]
[162201981152, 49152221184]
[162202050784, 49152221184]
[162202120200, 49152221184]
[162202157128, 49152221184]
[162202165272, 49152221184]
[162202169368, 49152221184]
[162202185752, 49152221184]
[162202308752, 49152221184]
[162202353672, 49152221184]
[162202374288, 49152221184]
[162202476688, 49152221184]
[162202591240, 49152221184]
[162203021472, 49152221184]
[162203152392, 49152221184]
[162203451448, 49152221184]
[162203881632, 49152221184]
[162204762200, 49152221184]
[167116861480, 49152221184]
[167116877968, 49152221184]
[167116878064, 49152221184]
[167116906496, 49152221184]
[167116918856, 49152221184]
[167116951712, 49152221184]
[167117000880, 49152221184]
[167117025440, 49152221184]
[167117119528, 49152221184]
[167117131936, 49152221184]
[167117226232, 49152221184]
[167117250752, 49152221184]
[167117254800, 49152221184]
[167117254896, 49152221184]
[167117307944, 49152221184]
[167117316104, 49152221184]
[167117349088, 49152221184]
[167117365256, 49152221184]
[167117381640, 49152221184]
[167117410464, 49152221184]
[167117578416, 49152221184]
[167117590600, 49152221184]
[167117824072, 49152221184]
[167117844552, 49152221184]
[167117848648, 49152221184]
[167117873224, 49152221184]
[167117881416, 49152221184]
[167117906064, 49152221184]
[167117930640, 49152221184]
[167117996104, 49152221184]
[167118118984, 49152221184]
[167118516296, 49152221184]
[167119036624, 49152221184]
[167120687312, 49152221184]
[172032008440, 49152221184]
[172032016456, 49152221184]
[172032131080, 49152221184]
[172032131144, 49152221184]
[172032131248, 49152221184]
[172032139424, 49152221184]
[172032184480, 49152221184]
[172032213152, 49152221184]
[172032307272, 49152221184]
[172032323744, 49152221184]
[172032381056, 49152221184]
[172032438272, 49152221184]
[172032495720, 49152221184]
[172032495776, 49152221184]
[172032512160, 49152221184]
[172032524296, 49152221184]
[172032549088, 49152221184]
[172032565256, 49152221184]
[172032716824, 49152221184]
[172032774144, 49152221184]
[172032827496, 49152221184]
[172032950496, 49152221184]
[172032983112, 49152221184]
[172033450208, 49152221184]
[172033761504, 49152221184]
[172036710456, 49152221184]
[176947228864, 49152221184]
[176947245176, 49152221184]
[176947245216, 49152221184]
[176947310736, 49152221184]
[176947322888, 49152221184]
[176947343504, 49152221184]
[176947367944, 49152221184]
[176947429504, 49152221184]
[176947458072, 49152221184]
[176947511304, 49152221184]
[176947552264, 49152221184]
[176947650784, 49152221184]
[176947720200, 49152221184]
[176947724296, 49152221184]
[176947724448, 49152221184]
[176947765488, 49152221184]
[176947818640, 49152221184]
[176947847208, 49152221184]
[176947851336, 49152221184]
[176947867824, 49152221184]
[176947880128, 49152221184]
[176947892384, 49152221184]
[176947994768, 49152221184]
[176948019208, 49152221184]
[176948146296, 49152221184]
[176948265152, 49152221184]
[176948273224, 49152221184]
[176948314120, 49152221184]
[176948314336, 49152221184]
[176948437136, 49152221184]
[176948510776, 49152221184]
[176948830232, 49152221184]
[181862404344, 49152221184]
[181862408200, 49152221184]
[181862498480, 49152221184]
[181862531232, 49152221184]
[181862559992, 49152221184]
[181862600704, 49152221184]
[181862629520, 49152221184]
[181862654024, 49152221184]
[181862662304, 49152221184]
[181862694920, 49152221184]
[181862711440, 49152221184]
[181862809744, 49152221184]
[181862867088, 49152221184]
[181863010544, 49152221184]
[181863035040, 49152221184]
[181863076000, 49152221184]
[181863178344, 49152221184]
[181863284880, 49152221184]
[181863293088, 49152221184]
[181863325768, 49152221184]
[181863461008, 49152221184]
[181863637200, 49152221184]
[181863702672, 49152221184]
[181863993552, 49152221184]
[186777649272, 49152221184]
[186777657344, 49152221184]
[186777768112, 49152221184]
[186777804808, 49152221184]
[186777886864, 49152221184]
[186777911368, 49152221184]
[186777944168, 49152221184]
[186778022080, 49152221184]
[186778026176, 49152221184]
[186778116344, 49152221184]
[186778128456, 49152221184]
[186778144976, 49152221184]
[186778230944, 49152221184]
[186778239224, 49152221184]
[186778312832, 49152221184]
[186778505360, 49152221184]
[186778521824, 49152221184]
[186778554440, 49152221184]
[186778624240, 49152221184]
[186778681504, 49152221184]
[186779009096, 49152221184]
[186779517000, 49152221184]
[186779812000, 49152221184]
[186779844768, 49152221184]
[191692824752, 49152221184]
[191692824800, 49152221184]
[191692861688, 49152221184]
[191692877968, 49152221184]
[191692890216, 49152221184]
[191692898480, 49152221184]
[191692996680, 49152221184]
[191692996768, 49152221184]
[191693107360, 49152221184]
[191693139976, 49152221184]
[191693283568, 49152221184]
[191693320384, 49152221184]
[191693385800, 49152221184]
[191693406216, 49152221184]
[191693463624, 49152221184]
[191693471816, 49152221184]
[191693484072, 49152221184]
[191693557880, 49152221184]
[191693561928, 49152221184]
[191693603024, 49152221184]
[191693652144, 49152221184]
[191693926472, 49152221184]
[191693963472, 49152221184]
[191694119016, 49152221184]
[191694422040, 49152221184]
[191694446616, 49152221184]
[196608020720, 49152221184]
[196608090360, 49152221184]
[196608098552, 49152221184]
[196608106720, 49152221184]
[196608176272, 49152221184]
[196608184344, 49152221184]
[196608217232, 49152221184]
[196608335944, 49152221184]
[196608376888, 49152221184]
[196608409672, 49152221184]
[196608635040, 49152221184]
[196608651424, 49152221184]
[196608745616, 49152221184]
[196608757768, 49152221184]
[196608761896, 49152221184]
[196608770192, 49152221184]
[196608782480, 49152221184]
[196608823456, 49152221184]
[196608839824, 49152221184]
[196608852112, 49152221184]
[196608950312, 49152221184]
[196609618064, 49152221184]
[196609855560, 49152221184]
[196609925192, 49152221184]
[201523204216, 49152221184]
[201523224752, 49152221184]
[201523257584, 49152221184]
[201523294352, 49152221184]
[201523359992, 49152221184]
[201523364000, 49152221184]
[201523466240, 49152221184]
[201523478656, 49152221184]
[201523511544, 49152221184]
[201523622032, 49152221184]
[201523634296, 49152221184]
[201523646624, 49152221184]
[201523744928, 49152221184]
[201523806328, 49152221184]
[201523806352, 49152221184]
[201523830856, 49152221184]
[201523855504, 49152221184]
[201523888152, 49152221184]
[201523904616, 49152221184]
[201523908696, 49152221184]
[201523921136, 49152221184]
[201523933424, 49152221184]
[201523937336, 49152221184]
[201523941616, 49152221184]
[201523965992, 49152221184]
[201524076704, 49152221184]
[201524080760, 49152221184]
[201524195384, 49152221184]
[201524338808, 49152221184]
[201524351096, 49152221184]
[201524752544, 49152221184]
[201525309560, 49152221184]
[206438404240, 49152221184]
[206438408432, 49152221184]
[206438469792, 49152221184]
[206438494336, 49152221184]
[206438502544, 49152221184]
[206438519032, 49152221184]
[206438539288, 49152221184]
[206438572280, 49152221184]
[206438596664, 49152221184]
[206438608936, 49152221184]
[206438645888, 49152221184]
[206438670480, 49152221184]
[206438703328, 49152221184]
[206438727824, 49152221184]
[206438748320, 49152221184]
[206438785184, 49152221184]
[206438838312, 49152221184]
[206438879472, 49152221184]
[206438891728, 49152221184]
[206438944840, 49152221184]
[206439022752, 49152221184]
[206439096464, 49152221184]
[206439112832, 49152221184]
[206439133424, 49152221184]
[206439194864, 49152221184]
[206439354616, 49152221184]
[206439403608, 49152221184]
[206439473280, 49152221184]
[206439616536, 49152221184]
[206440681720, 49152221184]
[211353628816, 49152221184]
[211353632840, 49152221184]
[211353645160, 49152221184]
[211353653288, 49152221184]
[211353657488, 49152221184]
[211353739456, 49152221184]
[211353747512, 49152221184]
[211353759872, 49152221184]
[211353780232, 49152221184]
[211353780352, 49152221184]
[211353800704, 49152221184]
[211353878656, 49152221184]
[211353907440, 49152221184]
[211353911520, 49152221184]
[211353952376, 49152221184]
[211353968888, 49152221184]
[211353976856, 49152221184]
[211353977008, 49152221184]
[211354046704, 49152221184]
[211354062872, 49152221184]
[211354067088, 49152221184]
[211354083472, 49152221184]
[211354087672, 49152221184]
[211354112240, 49152221184]
[211354194160, 49152221184]
[211354222736, 49152221184]
[211354231032, 49152221184]
[211354263624, 49152221184]
[211354284072, 49152221184]
[211354284120, 49152221184]
[211354296360, 49152221184]
[211354312728, 49152221184]
[211354329232, 49152221184]
[211354431728, 49152221184]
[211354448112, 49152221184]
[211354464504, 49152221184]
[211354505376, 49152221184]
[211354509352, 49152221184]
[211354513552, 49152221184]
[211354558624, 49152221184]
[211354857712, 49152221184]
[211354861624, 49152221184]
[216268824816, 49152221184]
[216268873888, 49152221184]
[216268886120, 49152221184]
[216268894328, 49152221184]
[216268959784, 49152221184]
[216268959848, 49152221184]
[216268972192, 49152221184]
[216269004840, 49152221184]
[216269009056, 49152221184]
[216269046008, 49152221184]
[216269054072, 49152221184]
[216269074440, 49152221184]
[216269086960, 49152221184]
[216269275280, 49152221184]
[216269357128, 49152221184]
[216269373568, 49152221184]
[216269443312, 49152221184]
[216269590776, 49152221184]
[216269746416, 49152221184]
[216269803768, 49152221184]
[216269861104, 49152221184]
[216269934616, 49152221184]
[216270016752, 49152221184]
[216270098680, 49152221184]
[216270377208, 49152221184]
[216270504184, 49152221184]
[216271253752, 49152221184]
[221184073832, 49152221184]
[221184098432, 49152221184]
[221184168112, 49152221184]
[221184221304, 49152221184]
[221184221328, 49152221184]
[221184229416, 49152221184]
[221184254096, 49152221184]
[221184254192, 49152221184]
[221184295032, 49152221184]
[221184319736, 49152221184]
[221184340216, 49152221184]
[221184397432, 49152221184]
[221184417832, 49152221184]
[221184741536, 49152221184]
[221184983112, 49152221184]
[221185081488, 49152221184]
[221185323152, 49152221184]
[221185446032, 49152221184]
[221185495184, 49152221184]
[221185515640, 49152221184]
[221185937528, 49152221184]
[221185978488, 49152221184]
[221186449616, 49152221184]
[221186949240, 49152221184]
[226099233008, 49152221184]
[226099245128, 49152221184]
[226099286088, 49152221184]
[226099400952, 49152221184]
[226099409024, 49152221184]
[226099482696, 49152221184]
[226099511536, 49152221184]
[226099515512, 49152221184]
[226099552480, 49152221184]
[226099572976, 49152221184]
[226099597432, 49152221184]
[226099695856, 49152221184]
[226099761344, 49152221184]
[226099765496, 49152221184]
[226099785728, 49152221184]
[226099896560, 49152221184]
[226100142208, 49152221184]
[226100412560, 49152221184]
[226100695280, 49152221184]
[226100920408, 49152221184]
[231014465712, 49152221184]
[231014494456, 49152221184]
[231014502472, 49152221184]
[231014580328, 49152221184]
[231014674560, 49152221184]
[231014678656, 49152221184]
[231014838400, 49152221184]
[231014891744, 49152221184]
[231014965320, 49152221184]
[231014981632, 49152221184]
[231015092344, 49152221184]
[231015092472, 49152221184]
[231015100560, 49152221184]
[231015153792, 49152221184]
[231015157880, 49152221184]
[231015243920, 49152221184]
[231015493776, 49152221184]
[231015796736, 49152221184]
[231015809024, 49152221184]
[231015886848, 49152221184]
[231015923712, 49152221184]
[235929727104, 49152221184]
[235929743520, 49152221184]
[235929792672, 49152221184]
[235929809056, 49152221184]
[235929870464, 49152221184]
[235929886728, 49152221184]
[235929903232, 49152221184]
[235929919616, 49152221184]
[235930079304, 49152221184]
[235930120432, 49152221184]
[235930177696, 49152221184]
[235930607744, 49152221184]
[235931013264, 49152221184]
[235931115648, 49152221184]
[235931181200, 49152221184]
[235931480208, 49152221184]
[240844808384, 49152221184]
[240844890232, 49152221184]
[240844902640, 49152221184]
[240844906736, 49152221184]
[240844931080, 49152221184]
[240844984440, 49152221184]
[240845054080, 49152221184]
[240845066312, 49152221184]
[240845086744, 49152221184]
[240845218032, 49152221184]
[240845340920, 49152221184]
[240845402216, 49152221184]
[240845406368, 49152221184]
[240845447192, 49152221184]
[240845492464, 49152221184]
[240845521136, 49152221184]
[240846135416, 49152221184]
[240846479480, 49152221184]
[240846602360, 49152221184]
[240847032440, 49152221184]
[245760032840, 49152221184]
[245760078000, 49152221184]
[245760102560, 49152221184]
[245760106720, 49152221184]
[245760184496, 49152221184]
[245760290856, 49152221184]
[245760508128, 49152221184]
[245760606448, 49152221184]
[245760655360, 49152221184]
[245760696344, 49152221184]
[245760835608, 49152221184]
[245760934128, 49152221184]
[245761204296, 49152221184]
[245761421432, 49152221184]
[250675228744, 49152221184]
[250675314712, 49152221184]
[250675335192, 49152221184]
[250675363848, 49152221184]
[250675384448, 49152221184]
[250675405024, 49152221184]
[250675450000, 49152221184]
[250675454128, 49152221184]
[250675499080, 49152221184]
[250675548288, 49152221184]
[250675560568, 49152221184]
[250675744888, 49152221184]
[250675826760, 49152221184]
[250675876088, 49152221184]
[250675917040, 49152221184]
[250675966024, 49152221184]
[250676015248, 49152221184]
[250676035824, 49152221184]
[250676265032, 49152221184]
[250676347120, 49152221184]
[250676584520, 49152221184]
[250676842568, 49152221184]
[255590645984, 49152221184]
[255590768784, 49152221184]
[255590838296, 49152221184]
[255590846608, 49152221184]
[255591526544, 49152221184]
[260505649152, 49152221184]
[260505858192, 49152221184]
[260505878568, 49152221184]
[260505895160, 49152221184]
[260505964648, 49152221184]
[260506087496, 49152221184]
[260506280176, 49152221184]
[260506460232, 49152221184]
[260506517576, 49152221184]
[260507254856, 49152221184]
[260508102728, 49152221184]
[260508487752, 49152221184]
[265420849312, 49152221184]
[265420857464, 49152221184]
[265420894280, 49152221184]
[265420968096, 49152221184]
[265421045768, 49152221184]
[265421066416, 49152221184]
[265421168800, 49152221184]
[265421291544, 49152221184]
[265422028872, 49152221184]
[270336036936, 49152221184]
[270336069632, 49152221184]
[270336073848, 49152221184]
[270336266400, 49152221184]
[270336372808, 49152221184]
[270336397472, 49152221184]
[270336520264, 49152221184]
[270336626712, 49152221184]
[270336770192, 49152221184]
[275251236936, 49152221184]
[275251294336, 49152221184]
[275251294384, 49152221184]
[275251433592, 49152221184]
[275251499080, 49152221184]
[275251511368, 49152221184]
[275251523728, 49152221184]
[275251622008, 49152221184]
[275251630224, 49152221184]
[275252224072, 49152221184]
[275252858952, 49152221184]
[275254063176, 49152221184]
[275254403144, 49152221184]
[275255562312, 49152221184]
[275255709768, 49152221184]
[280166547496, 49152221184]
[280166645832, 49152221184]
[280166674504, 49152221184]
[280166711368, 49152221184]
[280166723704, 49152221184]
[280166879352, 49152221184]
[280166932600, 49152221184]
[280167137424, 49152221184]
[280167182408, 49152221184]
[280167411784, 49152221184]
[280167432264, 49152221184]
[280167510088, 49152221184]
[280167665808, 49152221184]
[280168017992, 49152221184]
[280168927304, 49152221184]
[280169345096, 49152221184]
[280170324040, 49152221184]
[285081710696, 49152221184]
[285081821256, 49152221184]
[285081862384, 49152221184]
[285082132640, 49152221184]
[285082619976, 49152221184]
[285082738760, 49152221184]
[285082984520, 49152221184]
[285083521096, 49152221184]
[289996857416, 49152221184]
[289996861568, 49152221184]
[289996931200, 49152221184]
[289997049896, 49152221184]
[289997078600, 49152221184]
[289997193288, 49152221184]
[289997504688, 49152221184]
[289998065736, 49152221184]
[289998286920, 49152221184]
[289998606408, 49152221184]
[289998913608, 49152221184]
[289999482952, 49152221184]
[290000023624, 49152221184]
[294912094208, 49152221184]
[294912139504, 49152221184]
[294912258272, 49152221184]
[294913323152, 49152221184]
[294913495184, 49152221184]
[299827245128, 49152221184]
[299827281920, 49152221184]
[299827290272, 49152221184]
[299827359768, 49152221184]
[299827359920, 49152221184]
[299827400952, 49152221184]
[299827495136, 49152221184]
[299827699736, 49152221184]
[304742408312, 49152221184]
[304742502472, 49152221184]
[304742633664, 49152221184]
[304742658152, 49152221184]
[304742740128, 49152221184]
[304742883448, 49152221184]
[304743002360, 49152221184]
[304743592040, 49152221184]
[304744067200, 49152221184]
[309657677968, 49152221184]
[309657821288, 49152221184]
[309657862336, 49152221184]
[309657936016, 49152221184]
[309658079456, 49152221184]
[309658095720, 49152221184]
[309658353904, 49152221184]
[309658898456, 49152221184]
[309660311576, 49152221184]
[314572935208, 49152221184]
[314572935344, 49152221184]
[314573013096, 49152221184]
[314573119648, 49152221184]
[314573160568, 49152221184]
[314573369448, 49152221184]
[314573402288, 49152221184]
[314573549608, 49152221184]
[314573938936, 49152221184]
[314574241832, 49152221184]
[314574430336, 49152221184]
[314574655512, 49152221184]
[314574708912, 49152221184]
[319488032912, 49152221184]
[319488114880, 49152221184]
[319488139272, 49152221184]
[319488540744, 49152221184]
[319488610328, 49152221184]
[319488622592, 49152221184]
[319488651392, 49152221184]
[319488745576, 49152221184]
[319488831712, 49152221184]
[319489151200, 49152221184]
[319489257496, 49152221184]
[319489617960, 49152221184]
[324403228832, 49152221184]
[324403351560, 49152221184]
[324403380296, 49152221184]
[324403478568, 49152221184]
[324403613768, 49152221184]
[324403671216, 49152221184]
[324403830784, 49152221184]
[324403941552, 49152221184]
[324404174872, 49152221184]
[324404326400, 49152221184]
[324404424944, 49152221184]
[324404494576, 49152221184]
[324405784600, 49152221184]
[329318592688, 49152221184]
[329318711320, 49152221184]
[329318752480, 49152221184]
[329318908048, 49152221184]
[329318952984, 49152221184]
[329318990016, 49152221184]
[329319120904, 49152221184]
[329319260168, 49152221184]
[329319280664, 49152221184]
[329319989272, 49152221184]
[329320091672, 49152221184]
[329320845336, 49152221184]
[334233641032, 49152221184]
[334233903328, 49152221184]
[334233948384, 49152221184]
[334234259496, 49152221184]
[334234492952, 49152221184]
[334234554440, 49152221184]
[334234738832, 49152221184]
[334235005120, 49152221184]
[334235123936, 49152221184]
[334235295968, 49152221184]
[334235455632, 49152221184]
[339148869704, 49152221184]
[339149037728, 49152221184]
[339149181072, 49152221184]
[339149287584, 49152221184]
[339150467248, 49152221184]
[339150503976, 49152221184]
[339150561320, 49152221184]
[344064159968, 49152221184]
[344064290856, 49152221184]
[344064319736, 49152221184]
[344064438464, 49152221184]
[344064446688, 49152221184]
[344064463040, 49152221184]
[344064483576, 49152221184]
[344064557280, 49152221184]
[344064794648, 49152221184]
[344065093704, 49152221184]
[344065159344, 49152221184]
[344065318936, 49152221184]
[344066011312, 49152221184]
[344066449584, 49152221184]
[348979265608, 49152221184]
[348979400928, 49152221184]
[348979449976, 49152221184]
[348979654760, 49152221184]
[348979658912, 49152221184]
[348979871848, 49152221184]
[348979900544, 49152221184]
[348980314152, 49152221184]
[348980486168, 49152221184]
[348980756520, 49152221184]
[348980953192, 49152221184]
[348981280944, 49152221184]
[348981518376, 49152221184]
[353894449192, 49152221184]
[353894490152, 49152221184]
[353894600928, 49152221184]
[353894662272, 49152221184]
[353894732000, 49152221184]
[353894842368, 49152221184]
[353894854656, 49152221184]
[353894863072, 49152221184]
[353894908024, 49152221184]
[353894953000, 49152221184]
[353896108256, 49152221184]
[358809628792, 49152221184]
[358809690360, 49152221184]
[358809694336, 49152221184]
[358809743480, 49152221184]
[358809763880, 49152221184]
[358809780464, 49152221184]
[358809784568, 49152221184]
[358809870408, 49152221184]
[358810157176, 49152221184]
[358810181632, 49152221184]
[358810472688, 49152221184]
[358810562600, 49152221184]
[358810607720, 49152221184]
[358810628272, 49152221184]
[358810665184, 49152221184]
[363724816624, 49152221184]
[363724849160, 49152221184]
[363724882160, 49152221184]
[363725013216, 49152221184]
[363725021432, 49152221184]
[363725029376, 49152221184]
[363725103352, 49152221184]
[363725221928, 49152221184]
[363725267088, 49152221184]
[363725271080, 49152221184]
[363725308128, 49152221184]
[363725340864, 49152221184]
[363725480160, 49152221184]
[363725635712, 49152221184]
[368640012408, 49152221184]
[368640012416, 49152221184]
[368640020520, 49152221184]
[368640045296, 49152221184]
[368640081960, 49152221184]
[368640122880, 49152221184]
[368640180224, 49152221184]
[368640241792, 49152221184]
[368640540696, 49152221184]
[368640593944, 49152221184]
[368640667672, 49152221184]
[368640835824, 49152221184]
[368640921624, 49152221184]
[368640974952, 49152221184]
[368640975024, 49152221184]
[368641048680, 49152221184]
[368641237032, 49152221184]
[368641368104, 49152221184]
[368641454120, 49152221184]
[368642224168, 49152221184]
[368642666568, 49152221184]
[373555298312, 49152221184]
[373555458048, 49152221184]
[373555708008, 49152221184]
[373555814640, 49152221184]
[373555982576, 49152221184]
[373556039704, 49152221184]
[373556477976, 49152221184]
[373557112872, 49152221184]
[373557485640, 49152221184]
[373558415384, 49152221184]
[378470486144, 49152221184]
[378470699184, 49152221184]
[378471264264, 49152221184]
[378471747728, 49152221184]
[378471903256, 49152221184]
[378471956552, 49152221184]
[383385751696, 49152221184]
[383385911456, 49152221184]
[383386026088, 49152221184]
[383386128528, 49152221184]
[383386202304, 49152221184]
[383386415208, 49152221184]
[383386460384, 49152221184]
[383386476552, 49152221184]
[383386546216, 49152221184]
[383386628104, 49152221184]
[383386808328, 49152221184]
[383387689000, 49152221184]
[383388143776, 49152221184]
[388300943608, 49152221184]
[388301095136, 49152221184]
[388301115400, 49152221184]
[388301123776, 49152221184]
[388301189368, 49152221184]
[388301443248, 49152221184]
[388301684912, 49152221184]
[388301783288, 49152221184]
[388301787264, 49152221184]
[388301979776, 49152221184]
[388302843928, 49152221184]
[388302843944, 49152221184]
[393216045080, 49152221184]
[393216069872, 49152221184]
[393216131312, 49152221184]
[393216143536, 49152221184]
[393216237744, 49152221184]
[393216258056, 49152221184]
[393216438416, 49152221184]
[393216479376, 49152221184]
[393216692352, 49152221184]
[393216852088, 49152221184]
[393217081536, 49152221184]
[393217155232, 49152221184]
[393217179768, 49152221184]
[393217257496, 49152221184]
[393217400992, 49152221184]
[393218289856, 49152221184]
[398131265664, 49152221184]
[398131535944, 49152221184]
[398132023472, 49152221184]
[398133694656, 49152221184]
[403046535416, 49152221184]
[403046678648, 49152221184]
[403046866968, 49152221184]
[403046932656, 49152221184]
[403046957184, 49152221184]
[403047166080, 49152221184]
[403047272456, 49152221184]
[403047407856, 49152221184]
[403047436296, 49152221184]
[403047772184, 49152221184]
[403047927952, 49152221184]
[403048300568, 49152221184]
[407961698344, 49152221184]
[407961813232, 49152221184]
[407961997320, 49152221184]
[407962087544, 49152221184]
[407962099936, 49152221184]
[407962214424, 49152221184]
[407962574952, 49152221184]
[407962923032, 49152221184]
[407962992832, 49152221184]
[407963566224, 49152221184]
[407964602512, 49152221184]
[407965012112, 49152221184]
[407965069456, 49152221184]
[407965081744, 49152221184]
[412876923120, 49152221184]
[412877287568, 49152221184]
[412877369488, 49152221184]
[412878520480, 49152221184]
[412878934176, 49152221184]
[412879507616, 49152221184]
[412879650976, 49152221184]
[412879773856, 49152221184]
[417792057464, 49152221184]
[417792110696, 49152221184]
[417792245920, 49152221184]
[417792467104, 49152221184]
[417792471232, 49152221184]
[417792483472, 49152221184]
[417792692368, 49152221184]
[417792696392, 49152221184]
[417792806936, 49152221184]
[417792827536, 49152221184]
[417793347728, 49152221184]
[417793802384, 49152221184]
[422707409120, 49152221184]
[422707728544, 49152221184]
[422707777576, 49152221184]
[422707855520, 49152221184]
[422707925152, 49152221184]
[422707962016, 49152221184]
[422708109384, 49152221184]
[422708236480, 49152221184]
[422708342856, 49152221184]
[422708375624, 49152221184]
[422708613160, 49152221184]
[422708998184, 49152221184]
[427622862992, 49152221184]
[427622883488, 49152221184]
[427622891680, 49152221184]
[427623067792, 49152221184]
[427623137280, 49152221184]
[427623170192, 49152221184]
[427623256312, 49152221184]
[427623338128, 49152221184]
[427623407776, 49152221184]
[432537628816, 49152221184]
[432537677952, 49152221184]
[432537682040, 49152221184]
[432537944136, 49152221184]
[432538349688, 49152221184]
[432538357952, 49152221184]
[432538366144, 49152221184]
[432538394696, 49152221184]
[432538484896, 49152221184]
[432538525696, 49152221184]
[432538787912, 49152221184]
[432538869832, 49152221184]
[432539041936, 49152221184]
[432539144336, 49152221184]
[432539238560, 49152221184]
[432539828368, 49152221184]
[432539857056, 49152221184]
[432539951264, 49152221184]
[432540045472, 49152221184]
[437452808264, 49152221184]
[437452808352, 49152221184]
[437452902560, 49152221184]
[437452927224, 49152221184]
[437453135992, 49152221184]
[437453848736, 49152221184]
[437454319656, 49152221184]
[437454508192, 49152221184]
[437455720608, 49152221184]
[442368045080, 49152221184]
[442368192656, 49152221184]
[442368246008, 49152221184]
[442368266384, 49152221184]
[442368299248, 49152221184]
[442368303176, 49152221184]
[442368303208, 49152221184]
[442368413840, 49152221184]
[442368495720, 49152221184]
[442368688200, 49152221184]
[442368741448, 49152221184]
[442368905392, 49152221184]
[442369065152, 49152221184]
[447283716272, 49152221184]
[447284244624, 49152221184]
[447284424848, 49152221184]
[447284584696, 49152221184]
[452198867192, 49152221184]
[452198875208, 49152221184]
[452199092472, 49152221184]
[452199166112, 49152221184]
[452199321720, 49152221184]
[457113612360, 49152221184]
[457113710664, 49152221184]
[457113792616, 49152221184]
[457113800728, 49152221184]
[457113866488, 49152221184]
[457113882648, 49152221184]
[457114009704, 49152221184]
[457114116256, 49152221184]
[457114255360, 49152221184]
[457114267872, 49152221184]
[457114288232, 49152221184]
[457114501264, 49152221184]
[457114738864, 49152221184]
[457114951824, 49152221184]
[462028812448, 49152221184]
[462028824704, 49152221184]
[462028853352, 49152221184]
[462029082752, 49152221184]
[462029148384, 49152221184]
[462029181000, 49152221184]
[462029324360, 49152221184]
[462029426792, 49152221184]
[462029644000, 49152221184]
[462029942960, 49152221184]
[462030950400, 49152221184]
[466944426144, 49152221184]
[466944434248, 49152221184]
[466944495688, 49152221184]
[466944913480, 49152221184]
[466945376296, 49152221184]
[466945667096, 49152221184]
[466946240552, 49152221184]
[471859220480, 49152221184]
[471859322888, 49152221184]
[471859482800, 49152221184]
[471859556376, 49152221184]
[471859572744, 49152221184]
[471859871904, 49152221184]
[471860035808, 49152221184]
[471860043848, 49152221184]
[471860199496, 49152221184]
[471860555848, 49152221184]
[476774482048, 49152221184]
[476774494280, 49152221184]
[476774567936, 49152221184]
[476774695072, 49152221184]
[476774838392, 49152221184]
[476774850680, 49152221184]
[476775018536, 49152221184]
[476775170208, 49152221184]
[476775354392, 49152221184]
[476775362600, 49152221184]
[476775510240, 49152221184]
[476775546920, 49152221184]
[476775911464, 49152221184]
[481689653488, 49152221184]
[481689837640, 49152221184]
[481689882784, 49152221184]
[481689886728, 49152221184]
[481689936016, 49152221184]
[481690030240, 49152221184]
[481690333256, 49152221184]
[481690345632, 49152221184]
[481690878176, 49152221184]
[481690964112, 49152221184]
[481690968288, 49152221184]
[481691136040, 49152221184]
[481691267112, 49152221184]
[481691308072, 49152221184]
[486605308024, 49152221184]
[486605508768, 49152221184]
[486605541416, 49152221184]
[486606110792, 49152221184]
[486606205000, 49152221184]
[486606532632, 49152221184]
[491520368768, 49152221184]
[491520421888, 49152221184]
[491520479232, 49152221184]
[491520524288, 49152221184]
[49152221184, 496435421256]
[49152221184, 496435445768]
[49152221184, 496435736696]
[49152221184, 496436097032]
[49152221184, 496436138008]
[49152221184, 496436367384]
[49152221184, 496436469832]
[49152221184, 496436494376]
[49152221184, 501350563840]
[49152221184, 501350678688]
[49152221184, 501350736032]
[49152221184, 501351075912]
[49152221184, 501351223424]
[49152221184, 501351706848]
[49152221184, 501351739464]
[49152221184, 501351772232]
[49152221184, 501351817288]
[49152221184, 501351903240]
[49152221184, 501352222944]
[49152221184, 506265677952]
[49152221184, 506265694208]
[49152221184, 506267009184]
[49152221184, 511181062144]
[49152221184, 511181369344]
[49152221184, 511181451288]
[49152221184, 511183122656]
[49152221184, 516096807056]
[49152221184, 516096929920]
[49152221184, 516097122528]
[49152221184, 516097478664]
[49152221184, 516097564680]
[49152221184, 516097662984]
[49152221184, 516098363616]
[49152221184, 521011220488]
[49152221184, 521011470344]
[49152221184, 521011568800]
[49152221184, 521011724512]
[49152221184, 521013215272]
[49152221184, 521013850152]
[49152221184, 525926858976]
[49152221184, 525926907976]
[49152221184, 525927075864]
[49152221184, 525927325704]
[49152221184, 525927358704]
[49152221184, 525929099424]
[49152221184, 530841710616]
[49152221184, 530841714696]
[49152221184, 530842140712]
[49152221184, 530842378280]
[49152221184, 530842538208]
[49152221184, 530842562600]
[49152221184, 530842730568]
[49152221184, 530843144352]
[49152221184, 535757139976]
[49152221184, 535757258976]
[49152221184, 535757520920]
[49152221184, 535757770976]
[49152221184, 535759527960]
[49152221184, 540672114696]
[49152221184, 540672237608]
[49152221184, 540672507912]
[49152221184, 540672737288]
[49152221184, 540673609952]
[49152221184, 540674449568]
[49152221184, 540677533856]
[49152221184, 545590231184]
[49152221184, 550502694984]
[49152221184, 550503419928]
[49152221184, 550503727328]
[49152221184, 555418546248]
[49152221184, 555418566664]
[49152221184, 555418702048]
[49152221184, 555419127952]
[49152221184, 560333447176]
[49152221184, 560334405776]
[49152221184, 560334430352]
[49152221184, 560334585880]
[49152221184, 560335085712]
[49152221184, 565248012432]
[49152221184, 565248360448]
[49152221184, 565248426056]
[49152221184, 570163789984]
[49152221184, 570163916960]
[49152221184, 575078457416]
[49152221184, 575078609040]
[49152221184, 575079264328]
[49152221184, 575079333960]
[49152221184, 579994738760]
[49152221184, 579994910880]
[49152221184, 579995095200]
[49152221184, 584908947616]
[49152221184, 584909082768]
[49152221184, 584909578400]
[49152221184, 584910622792]
[49152221184, 589824483472]
[49152221184, 589824708752]
[49152221184, 589824774288]
[49152221184, 589825073296]
[49152221184, 594740318368]
[49152221184, 594742038672]
[49152221184, 599654584464]
[49152221184, 599655043232]
[49152221184, 599655170208]
[49152221184, 599655239840]
[49152221184, 604569714760]
[49152221184, 604570132552]
[49152221184, 604571345040]
[49152221184, 609485578384]
[49152221184, 614400344224]
[49152221184, 614400540744]
[49152221184, 619315912848]
[49152221184, 619316359240]
[49152221184, 619316789408]
[49152221184, 624230895760]
[49152221184, 624231354512]
[49152221184, 629145686160]
[49152221184, 629146554512]
[49152221184, 634061136016]
[49152221184, 634061316256]
[49152221184, 638976102544]
[49152221184, 638976250016]
[49152221184, 643891683472]
[49152221184, 648807461008]
[49152221184, 653722423456]
[49152221184, 658637316256]
[49152221184, 658637439120]
[49152221184, 658637922448]
[49152221184, 668467867808]
[49152221184, 668468088992]
[49152221184, 668468113568]
[49152221184, 678298001568]
[49152221184, 688128123024]
[49152221184, 688128426144]
[49152221184, 697958682768]
[106552, 49152221184]
[340216, 49152221184]
[49152221184, 745648]
[49152221184, 4915396608]
[49152221184, 4915499232]
[49152221184, 9830547480]
[14746300504, 49152221184]
[19661107224, 49152221184]
[19661578464, 49152221184]
[34407624792, 49152221184]
[39321657384, 49152221184]
[49152041168, 49152221184]
[49152221184, 54067384376]
[49152221184, 58982547576]
[49152221184, 58982547704]
[49152221184, 63897657344]
[49152221184, 63897694312]
[49152221184, 63897723008]
[49152221184, 68812996608]
[49152221184, 73728827496]
[49152221184, 73729835112]
[49152221184, 78643265664]
[49152221184, 78643282144]
[49152221184, 78643318840]
[49152221184, 78643642544]
[49152221184, 78644228272]
[49152221184, 83558555656]
[49152221184, 83558690904]
[49152221184, 83559280744]
[49152221184, 83561865392]
[49152221184, 88473878736]
[49152221184, 88473931984]
[49152221184, 93388877896]
[49152221184, 93389434936]
[49152221184, 93389541584]
[49152221184, 93389860872]
[49152221184, 98304184320]
[49152221184, 98304552960]
[49152221184, 98307199152]
[103219273856, 49152221184]
[108134539504, 49152221184]
[108134584376, 49152221184]
[108134719632, 49152221184]
[113050357920, 49152221184]
[117965553856, 49152221184]
[117965787240, 49152221184]
[117966823664, 49152221184]
[122880901360, 49152221184]
[127795482832, 49152221184]
[127797100752, 49152221184]
[127797870800, 49152221184]
[137625624816, 49152221184]
[142540976320, 49152221184]
[142542856352, 49152221184]
[142543179936, 49152221184]
[147456082040, 49152221184]
[147456110816, 49152221184]
[147456315448, 49152221184]
[147456458912, 49152221184]
[147456471200, 49152221184]
[147456634968, 49152221184]
[147456692384, 49152221184]
[147457077304, 49152221184]
[147457339584, 49152221184]
[152371355648, 49152221184]
[152371765408, 49152221184]
[157286478048, 49152221184]
[157286666248, 49152221184]
[162201653256, 49152221184]
[162202161160, 49152221184]
[162202288304, 49152221184]
[162202341536, 49152221184]
[162202693776, 49152221184]
[162202710160, 49152221184]
[162203336864, 49152221184]
[162210000984, 49152221184]
[167117082728, 49152221184]
[167117279480, 49152221184]
[167117479992, 49152221184]
[167117701280, 49152221184]
[167119171672, 49152221184]
[167122247736, 49152221184]
[172032528392, 49152221184]
[172033097752, 49152221184]
[172034957520, 49152221184]
[172038742104, 49152221184]
[176947351560, 49152221184]
[176947425304, 49152221184]
[176947449896, 49152221184]
[176947904736, 49152221184]
[176948285600, 49152221184]
[176948478112, 49152221184]
[176949129360, 49152221184]
[176949497912, 49152221184]
[181862555688, 49152221184]
[181862633664, 49152221184]
[181862989968, 49152221184]
[181863260304, 49152221184]
[181864255632, 49152221184]
[186778271968, 49152221184]
[186778300576, 49152221184]
[186778394696, 49152221184]
[186779017440, 49152221184]
[186779549856, 49152221184]
[191692849312, 49152221184]
[191693004840, 49152221184]
[196608680040, 49152221184]
[196608970752, 49152221184]
[196608983248, 49152221184]
[201523613888, 49152221184]
[201524519000, 49152221184]
[206438457504, 49152221184]
[206438519024, 49152221184]
[206438846464, 49152221184]
[206438879408, 49152221184]
[206439112728, 49152221184]
[206439141520, 49152221184]
[206439231648, 49152221184]
[206439272472, 49152221184]
[206440411384, 49152221184]
[211353702648, 49152221184]
[211353772256, 49152221184]
[211354075240, 49152221184]
[211354366176, 49152221184]
[211354382480, 49152221184]
[211354587328, 49152221184]
[211354689608, 49152221184]
[216268939488, 49152221184]
[216268943584, 49152221184]
[216269135912, 49152221184]
[216269152480, 49152221184]
[216271233232, 49152221184]
[216271397112, 49152221184]
[226099474440, 49152221184]
[226100502672, 49152221184]
[226100519056, 49152221184]
[231014449376, 49152221184]
[231014596712, 49152221184]
[231014985968, 49152221184]
[231015325840, 49152221184]
[235929682080, 49152221184]
[235929825440, 49152221184]
[235930067184, 49152221184]
[235930198040, 49152221184]
[240844894400, 49152221184]
[240844935392, 49152221184]
[240845000864, 49152221184]
[240845156528, 49152221184]
[245760422064, 49152221184]
[245761024072, 49152221184]
[245761126504, 49152221184]
[250675212464, 49152221184]
[250675322984, 49152221184]
[250675404960, 49152221184]
[250675839096, 49152221184]
[250675908632, 49152221184]
[250676306080, 49152221184]
[250676588688, 49152221184]
[250676899984, 49152221184]
[255590445248, 49152221184]
[255590535168, 49152221184]
[255590584344, 49152221184]
[255590932608, 49152221184]
[260505620480, 49152221184]
[260505751592, 49152221184]
[260505968784, 49152221184]
[260506185920, 49152221184]
[265421197336, 49152221184]
[265421598792, 49152221184]
[270336565320, 49152221184]
[270336622752, 49152221184]
[270336831512, 49152221184]
[270336892952, 49152221184]
[275251949728, 49152221184]
[285082271984, 49152221184]
[289996943480, 49152221184]
[289997688904, 49152221184]
[294912512072, 49152221184]
[294912643176, 49152221184]
[304742645904, 49152221184]
[304743047192, 49152221184]
[309657772192, 49152221184]
[314572878048, 49152221184]
[314573099184, 49152221184]
[314573541416, 49152221184]
[314573705464, 49152221184]
[314573770944, 49152221184]
[314574114992, 49152221184]
[319488135360, 49152221184]
[319488581776, 49152221184]
[319488676080, 49152221184]
[319489138728, 49152221184]
[319489220856, 49152221184]
[324403294352, 49152221184]
[324403949760, 49152221184]
[329319051408, 49152221184]
[334234198088, 49152221184]
[334235533536, 49152221184]
[334235922656, 49152221184]
[339148816456, 49152221184]
[339150135336, 49152221184]
[344064458944, 49152221184]
[344064467072, 49152221184]
[344064659528, 49152221184]
[344064721144, 49152221184]
[344065003696, 49152221184]
[344065245208, 49152221184]
[348979245184, 49152221184]
[348979773464, 49152221184]
[348981604456, 49152221184]
[353897087200, 49152221184]
[358809702528, 49152221184]
[358810108032, 49152221184]
[363725062152, 49152221184]
[363726409752, 49152221184]
[368640049280, 49152221184]
[368640249960, 49152221184]
[368640417896, 49152221184]
[368640434400, 49152221184]
[368642809928, 49152221184]
[373555368176, 49152221184]
[373555589360, 49152221184]
[373556707368, 49152221184]
[373556859040, 49152221184]
[373557141544, 49152221184]
[373557346328, 49152221184]
[373557493784, 49152221184]
[378471248048, 49152221184]
[378471309336, 49152221184]
[383385772160, 49152221184]
[383385907320, 49152221184]
[383386411016, 49152221184]
[388301062152, 49152221184]
[393216123000, 49152221184]
[393216262272, 49152221184]
[398131687432, 49152221184]
[398131814408, 49152221184]
[398132256928, 49152221184]
[403046596784, 49152221184]
[403046613064, 49152221184]
[403047448720, 49152221184]
[403047628840, 49152221184]
[403047637032, 49152221184]
[407961849976, 49152221184]
[407964860560, 49152221184]
[412876898528, 49152221184]
[412876902576, 49152221184]
[422707462168, 49152221184]
[422708117664, 49152221184]
[422708568224, 49152221184]
[427622613064, 49152221184]
[432537620584, 49152221184]
[432537731312, 49152221184]
[437453242488, 49152221184]
[437453418568, 49152221184]
[437454323856, 49152221184]
[437455036576, 49152221184]
[442368155792, 49152221184]
[442368544944, 49152221184]
[447283454128, 49152221184]
[447283499048, 49152221184]
[447283511368, 49152221184]
[447283806352, 49152221184]
[447284314184, 49152221184]
[452198473752, 49152221184]
[452198883488, 49152221184]
[452199313600, 49152221184]
[452199354544, 49152221184]
[452200427664, 49152221184]
[457113645064, 49152221184]
[462028886024, 49152221184]
[462029262968, 49152221184]
[466944118792, 49152221184]
[471859236864, 49152221184]
[471859286176, 49152221184]
[471859785728, 49152221184]
[476775202888, 49152221184]
[476775727144, 49152221184]
[481689882768, 49152221184]
[481689968648, 49152221184]
[481690226832, 49152221184]
[481691484200, 49152221184]
[486608167016, 49152221184]
[491520172256, 49152221184]
[491520377080, 49152221184]
[491520630856, 49152221184]
[491521007760, 49152221184]
[491521486920, 49152221184]
[49152221184, 496435290240]
[49152221184, 496435294216]
[49152221184, 496435318928]
[49152221184, 496435339288]
[49152221184, 496435482752]
[49152221184, 496436236328]
[49152221184, 496437051632]
[49152221184, 501351452696]
[49152221184, 501351497736]
[49152221184, 506266083552]
[49152221184, 506266841312]
[49152221184, 511182774296]
[49152221184, 516097077472]
[49152221184, 516097765384]
[49152221184, 516098654232]
[49152221184, 521012523232]
[49152221184, 525926674440]
[49152221184, 530841989160]
[49152221184, 530844635208]
[49152221184, 535756812448]
[49152221184, 535757127824]
[49152221184, 540673654856]
[49152221184, 550503375008]
[49152221184, 555417853976]
[49152221184, 560335724688]
[49152221184, 560336470160]
[49152221184, 565248417792]
[49152221184, 575078879240]
[49152221184, 579993665696]
[49152221184, 579993804960]
[49152221184, 584910815392]
[49152221184, 589825220752]
[49152221184, 594739945616]
[49152221184, 604571238544]
[49152221184, 609485062304]
[49152221184, 614401830984]
[49152221184, 629145723040]
[49152221184, 634061254816]
[49152221184, 643891331232]
[49152221184, 648806817936]
[49152221184, 663552020624]
[49152221184, 663552053408]
