[20584, 324403957760]
[122952, 324403957760]
[266416, 324403957760]
[324403957760, 331896]
[324403957760, 462968]
[2654352, 324403957760]
[3117128, 324403957760]
[324403957760, 4915343448]
[324403957760, 4915363928]
[324403957760, 4915441872]
[324403957760, 4915695672]
[324403957760, 4918083744]
[324403957760, 9830457344]
[324403957760, 39321694384]
[324403957760, 39321714728]
[324403957760, 39321739368]
[324403957760, 39322468440]
[324403957760, 58982469632]
[324403957760, 73728176288]
[324403957760, 83558518944]
[324403957760, 83559657648]
[324403957760, 83559727160]
[324403957760, 88473772176]
[324403957760, 88473907304]
[324403957760, 88474734696]
[324403957760, 93389115536]
[103219908816, 324403957760]
[113049956528, 324403957760]
[117964837024, 324403957760]
[117965004992, 324403957760]
[117965471952, 324403957760]
[117965590632, 324403957760]
[117966270672, 324403957760]
[122880168024, 324403957760]
[122880356512, 324403957760]
[122880385200, 324403957760]
[122881044536, 324403957760]
[122881355832, 324403957760]
[122881454136, 324403957760]
[122881794104, 324403957760]
[122882383928, 324403957760]
[122882469944, 324403957760]
[127795208248, 324403957760]
[127795314776, 324403957760]
[127795384408, 324403957760]
[127795425336, 324403957760]
[127795441872, 324403957760]
[127795458176, 324403957760]
[127796240384, 324403957760]
[127796523096, 324403957760]
[127796551736, 324403957760]
[127796728016, 324403957760]
[127796732112, 324403957760]
[127796781112, 324403957760]
[127797055576, 324403957760]
[127797059792, 324403957760]
[127797096536, 324403957760]
[127797113040, 324403957760]
[127797248056, 324403957760]
[127797780688, 324403957760]
[127797960912, 324403957760]
[132710494432, 324403957760]
[132710518872, 324403957760]
[132710551640, 324403957760]
[132710600760, 324403957760]
[132710633528, 324403957760]
[132710715400, 324403957760]
[132710965496, 324403957760]
[132711719000, 324403957760]
[132711755832, 324403957760]
[132712026168, 324403957760]
[132712050776, 324403957760]
[132712058936, 324403957760]
[132712063032, 324403957760]
[132712075352, 324403957760]
[132712136912, 324403957760]
[132712194136, 324403957760]
[132712206392, 324403957760]
[132712779832, 324403957760]
[132712808504, 324403957760]
[132712828984, 324403957760]
[132712845368, 324403957760]
[137625776336, 324403957760]
[137625829584, 324403957760]
[137625870544, 324403957760]
[137625895120, 324403957760]
[137625993376, 324403957760]
[137626734800, 324403957760]
[137626746936, 324403957760]
[137626939448, 324403957760]
[137626980560, 324403957760]
[137627217976, 324403957760]
[137627418832, 324403957760]
[137627422840, 324403957760]
[137627885776, 324403957760]
[142540865744, 324403957760]
[142541099256, 324403957760]
[142541226192, 324403957760]
[142541537488, 324403957760]
[142541566160, 324403957760]
[142541881552, 324403957760]
[142541942992, 324403957760]
[147456835744, 324403957760]
[147457159288, 324403957760]
[147457355936, 324403957760]
[152371265664, 324403957760]
[152371331312, 324403957760]
[162201677928, 324403957760]
[162202173632, 324403957760]
[162202198160, 324403957760]
[167116832840, 324403957760]
[172032098376, 324403957760]
[172032229520, 324403957760]
[172032295072, 324403957760]
[172032684032, 324403957760]
[172033392864, 324403957760]
[176947482664, 324403957760]
[176947577024, 324403957760]
[176947834904, 324403957760]
[176948187280, 324403957760]
[181862539264, 324403957760]
[181863051408, 324403957760]
[181863165992, 324403957760]
[181863166024, 324403957760]
[181863350312, 324403957760]
[186777735416, 324403957760]
[186777866368, 324403957760]
[186778124480, 324403957760]
[186778329336, 324403957760]
[186778628168, 324403957760]
[186778947728, 324403957760]
[191693193440, 324403957760]
[191693308064, 324403957760]
[191693475984, 324403957760]
[191695040536, 324403957760]
[196608069792, 324403957760]
[196608192736, 324403957760]
[196608372760, 324403957760]
[196608434304, 324403957760]
[196608446504, 324403957760]
[196608495760, 324403957760]
[196608573464, 324403957760]
[196609114120, 324403957760]
[196609220768, 324403957760]
[201523503296, 324403957760]
[201523761344, 324403957760]
[206438633616, 324403957760]
[206439219224, 324403957760]
[206439301144, 324403957760]
[211353669856, 324403957760]
[211354022048, 324403957760]
[216268812416, 324403957760]
[216269946904, 324403957760]
[221184008352, 324403957760]
[221184245768, 324403957760]
[221184675912, 324403957760]
[226099220608, 324403957760]
[226099261664, 324403957760]
[226099564672, 324403957760]
[226100199552, 324403957760]
[226100215936, 324403957760]
[226100539520, 324403957760]
[231014424576, 324403957760]
[231014502408, 324403957760]
[231014739992, 324403957760]
[231014965248, 324403957760]
[231016480888, 324403957760]
[245760069656, 324403957760]
[245760364736, 324403957760]
[250675216576, 324403957760]
[250675867840, 324403957760]
[250675908848, 324403957760]
[250675982376, 324403957760]
[250676052160, 324403957760]
[250676236480, 324403957760]
[250676248768, 324403957760]
[250676654272, 324403957760]
[250676793536, 324403957760]
[250677186752, 324403957760]
[255590404256, 324403957760]
[255590449344, 324403957760]
[255590592688, 324403957760]
[255590604920, 324403957760]
[255590682816, 324403957760]
[255590699200, 324403957760]
[255590703208, 324403957760]
[255590715568, 324403957760]
[255590719664, 324403957760]
[255590764720, 324403957760]
[255590764736, 324403957760]
[255590863040, 324403957760]
[255590887600, 324403957760]
[255590895808, 324403957760]
[255590973544, 324403957760]
[255591047408, 324403957760]
[255591104688, 324403957760]
[255591207088, 324403957760]
[255591272592, 324403957760]
[255591317608, 324403957760]
[255591350464, 324403957760]
[260505665640, 324403957760]
[260505669656, 324403957760]
[260505727224, 324403957760]
[260505759920, 324403957760]
[260505764016, 324403957760]
[260505817192, 324403957760]
[260505850032, 324403957760]
[260505899184, 324403957760]
[260505981032, 324403957760]
[260505989224, 324403957760]
[260505989312, 324403957760]
[260506058856, 324403957760]
[260507160680, 324403957760]
[265420976304, 324403957760]
[265421177024, 324403957760]
[265421201584, 324403957760]
[265421209792, 324403957760]
[265421213872, 324403957760]
[265421258856, 324403957760]
[265421283576, 324403957760]
[265421303984, 324403957760]
[265421328576, 324403957760]
[265421357232, 324403957760]
[265421721704, 324403957760]
[265421758568, 324403957760]
[265421795432, 324403957760]
[265422020712, 324403957760]
[265422090416, 324403957760]
[265422127280, 324403957760]
[270336024752, 324403957760]
[270336196784, 324403957760]
[270336196856, 324403957760]
[270336241768, 324403957760]
[270336282816, 324403957760]
[270336315392, 324403957760]
[270336344240, 324403957760]
[270336364736, 324403957760]
[270336540776, 324403957760]
[270336721088, 324403957760]
[270336803008, 324403957760]
[270336880832, 324403957760]
[270336954560, 324403957760]
[270337343680, 324403957760]
[270337433792, 324403957760]
[270337859776, 324403957760]
[270337925312, 324403957760]
[275251327224, 324403957760]
[275251400864, 324403957760]
[275251441768, 324403957760]
[275251445800, 324403957760]
[275251511296, 324403957760]
[275251531776, 324403957760]
[275251539968, 324403957760]
[275251626176, 324403957760]
[275251695720, 324403957760]
[275251769448, 324403957760]
[275251794024, 324403957760]
[275251818688, 324403957760]
[275251830960, 324403957760]
[275251855536, 324403957760]
[275251912880, 324403957760]
[275251921000, 324403957760]
[275251945576, 324403957760]
[275252146280, 324403957760]
[275252342888, 324403957760]
[275252441192, 324403957760]
[275252486320, 324403957760]
[275252494440, 324403957760]
[275252539568, 324403957760]
[275252629680, 324403957760]
[275252703336, 324403957760]
[275252719720, 324403957760]
[275253055592, 324403957760]
[280166445064, 324403957760]
[280166494328, 324403957760]
[280166502504, 324403957760]
[280166522888, 324403957760]
[280166539368, 324403957760]
[280166551728, 324403957760]
[280166596712, 324403957760]
[280166703296, 324403957760]
[280166863040, 324403957760]
[280166895808, 324403957760]
[280167022784, 324403957760]
[280167043264, 324403957760]
[280167047360, 324403957760]
[280167506080, 324403957760]
[285081780232, 324403957760]
[285081809000, 324403957760]
[285081833576, 324403957760]
[285081944168, 324403957760]
[285082312880, 324403957760]
[285082316976, 324403957760]
[285082353856, 324403957760]
[289996836872, 324403957760]
[289996910696, 324403957760]
[289996939264, 324403957760]
[289996959848, 324403957760]
[289997082632, 324403957760]
[289997086824, 324403957760]
[289997103208, 324403957760]
[289997176936, 324403957760]
[289997287616, 324403957760]
[289997303816, 324403957760]
[289997434952, 324403957760]
[289997508784, 324403957760]
[289997541568, 324403957760]
[289997635760, 324403957760]
[289997668544, 324403957760]
[289997914288, 324403957760]
[289998086320, 324403957760]
[289998925896, 324403957760]
[294912053440, 324403957760]
[294912086120, 324403957760]
[294912118792, 324403957760]
[294912204904, 324403957760]
[294912229384, 324403957760]
[294912446656, 324403957760]
[294912463024, 324403957760]
[294912495720, 324403957760]
[294912540864, 324403957760]
[294912544944, 324403957760]
[294912581824, 324403957760]
[294912692328, 324403957760]
[294912692416, 324403957760]
[294912757864, 324403957760]
[294912848064, 324403957760]
[294913106096, 324403957760]
[294913138864, 324403957760]
[294913188016, 324403957760]
[294913196208, 324403957760]
[294913454224, 324403957760]
[299827449960, 324403957760]
[299827499008, 324403957760]
[299827523592, 324403957760]
[299827564544, 324403957760]
[299827724480, 324403957760]
[299827736752, 324403957760]
[299827863624, 324403957760]
[299828453568, 324403957760]
[304742420608, 324403957760]
[304742445080, 324403957760]
[304742490288, 324403957760]
[304742494208, 324403957760]
[304742600824, 324403957760]
[304742629376, 324403957760]
[304742633576, 324403957760]
[304742715568, 324403957760]
[304742760448, 324403957760]
[304742867048, 324403957760]
[304742891696, 324403957760]
[304743158008, 324403957760]
[304743178368, 324403957760]
[304743198824, 324403957760]
[304743198848, 324403957760]
[304743202992, 324403957760]
[304743243776, 324403957760]
[304743309488, 324403957760]
[304743329920, 324403957760]
[304743366656, 324403957760]
[304743374976, 324403957760]
[304743395432, 324403957760]
[304743395456, 324403957760]
[304743440488, 324403957760]
[304743457016, 324403957760]
[304743461088, 324403957760]
[304743477496, 324403957760]
[304743522432, 324403957760]
[304743596208, 324403957760]
[304743874784, 324403957760]
[304744005760, 324403957760]
[304744124520, 324403957760]
[309657616528, 324403957760]
[309657640968, 324403957760]
[309657649176, 324403957760]
[309657657368, 324403957760]
[309657673768, 324403957760]
[309657702408, 324403957760]
[309657714864, 324403957760]
[309657751776, 324403957760]
[309657772040, 324403957760]
[309657813120, 324403957760]
[309657817264, 324403957760]
[309657919528, 324403957760]
[309657931952, 324403957760]
[309657968664, 324403957760]
[309657985264, 324403957760]
[309658066984, 324403957760]
[309658083368, 324403957760]
[309658112104, 324403957760]
[309658210552, 324403957760]
[309658263728, 324403957760]
[309658267896, 324403957760]
[309658308632, 324403957760]
[309658337528, 324403957760]
[309658370272, 324403957760]
[309658374320, 324403957760]
[309658402856, 324403957760]
[309658484776, 324403957760]
[309658566696, 324403957760]
[309658763288, 324403957760]
[309659455512, 324403957760]
[309659607064, 324403957760]
[309659615256, 324403957760]
[314572836872, 324403957760]
[314572857352, 324403957760]
[314572927104, 324403957760]
[314572939304, 324403957760]
[314572951576, 324403957760]
[314572959768, 324403957760]
[314573025408, 324403957760]
[314573119664, 324403957760]
[314573304032, 324403957760]
[314573385752, 324403957760]
[314573414504, 324403957760]
[314573459496, 324403957760]
[314573512808, 324403957760]
[314573627568, 324403957760]
[314573635760, 324403957760]
[314573647976, 324403957760]
[314573660336, 324403957760]
[314573672672, 324403957760]
[314573688936, 324403957760]
[314573725872, 324403957760]
[314573746176, 324403957760]
[314573820032, 324403957760]
[314573848704, 324403957760]
[314573938816, 324403957760]
[314573959416, 324403957760]
[314574012592, 324403957760]
[314574020736, 324403957760]
[314574102704, 324403957760]
[314574254184, 324403957760]
[314574336024, 324403957760]
[314574569496, 324403957760]
[314574577688, 324403957760]
[314574626840, 324403957760]
[314574647424, 324403957760]
[319488069880, 324403957760]
[319488098328, 324403957760]
[319488102440, 324403957760]
[319488106536, 324403957760]
[319488208904, 324403957760]
[319488249896, 324403957760]
[319488405744, 324403957760]
[319488466952, 324403957760]
[319488508152, 324403957760]
[319488561376, 324403957760]
[319488590064, 324403957760]
[319488618736, 324403957760]
[319488651288, 324403957760]
[319488733312, 324403957760]
[319488733408, 324403957760]
[319488844000, 324403957760]
[319488876568, 324403957760]
[319488962784, 324403957760]
[319488999648, 324403957760]
[319489073376, 324403957760]
[319489196032, 324403957760]
[319489220632, 324403957760]
[319489323048, 324403957760]
[319489335520, 324403957760]
[319489376280, 324403957760]
[319489429504, 324403957760]
[319489572904, 324403957760]
[319489658904, 324403957760]
[319489691872, 324403957760]
[319489786080, 324403957760]
[319489830952, 324403957760]
[319489843224, 324403957760]
[319489896472, 324403957760]
[319489916968, 324403957760]
[324403224824, 324403957760]
[324403286136, 324403957760]
[324403306624, 324403957760]
[324403339384, 324403957760]
[324403376248, 324403957760]
[324403458272, 324403957760]
[324403580968, 324403957760]
[324403658760, 324403957760]
[324403695624, 324403957760]
[324403736800, 324403957760]
[324403740792, 324403957760]
[324403933304, 324403957760]
[324403957760, 324403998744]
[324403957760, 324404002816]
[324403957760, 324404109536]
[324403957760, 324404195352]
[324403957760, 324404232320]
[324403957760, 324404256768]
[324403957760, 324404318432]
[324403957760, 324404363288]
[324403957760, 324404371680]
[324403957760, 324404400128]
[324403957760, 324404449304]
[324403957760, 324404486272]
[324403957760, 324404523032]
[324403957760, 324404678656]
[324403957760, 324405035032]
[324403957760, 324405792792]
[324403957760, 329318404136]
[324403957760, 329318424616]
[324403957760, 329318432992]
[324403957760, 329318502640]
[324403957760, 329318527000]
[324403957760, 329318527096]
[324403957760, 329318535416]
[324403957760, 329318559872]
[324403957760, 329318568184]
[324403957760, 329318703112]
[324403957760, 329318756392]
[324403957760, 329318781056]
[324403957760, 329318813736]
[324403957760, 329318826024]
[324403957760, 329318842392]
[324403957760, 329318998024]
[324403957760, 329319051272]
[324403957760, 329319059464]
[324403957760, 329319071744]
[324403957760, 329319088368]
[324403957760, 329319104512]
[324403957760, 329319104536]
[324403957760, 329319186440]
[324403957760, 329319198744]
[324403957760, 329319235824]
[324403957760, 329319329832]
[324403957760, 329319616752]
[324403957760, 329319649520]
[324403957760, 329319710960]
[324403957760, 329319731240]
[324403957760, 329320738840]
[324403957760, 329320800280]
[324403957760, 329320898584]
[324403957760, 334233640984]
[324403957760, 334233751576]
[324403957760, 334233768176]
[324403957760, 334233772280]
[324403957760, 334233776368]
[324403957760, 334233804928]
[324403957760, 334233825408]
[324403957760, 334233825528]
[324403957760, 334233829616]
[324403957760, 334233841704]
[324403957760, 334233899128]
[324403957760, 334233911368]
[324403957760, 334233944192]
[324403957760, 334233964672]
[324403957760, 334233981176]
[324403957760, 334233993344]
[324403957760, 334234026208]
[324403957760, 334234034400]
[324403957760, 334234058776]
[324403957760, 334234099872]
[324403957760, 334234103880]
[324403957760, 334234165472]
[324403957760, 334234202152]
[324403957760, 334234210328]
[324403957760, 334234210344]
[324403957760, 334234234880]
[324403957760, 334234300440]
[324403957760, 334234320936]
[324403957760, 334234419224]
[324403957760, 334234472456]
[324403957760, 334234587296]
[324403957760, 334234767400]
[324403957760, 334234775792]
[324403957760, 334234857512]
[324403957760, 334234898672]
[324403957760, 334235087088]
[324403957760, 334235119656]
[324403957760, 334235123952]
[324403957760, 334235136240]
[324403957760, 334235226352]
[324403957760, 334235643944]
[324403957760, 334235681008]
[324403957760, 334235746344]
[324403957760, 334235758632]
[324403957760, 334235799776]
[324403957760, 334235836456]
[324403957760, 334235853040]
[324403957760, 339148824600]
[324403957760, 339148824824]
[324403957760, 339148837112]
[324403957760, 339148841080]
[324403957760, 339148890336]
[324403957760, 339148898328]
[324403957760, 339148926984]
[324403957760, 339148931296]
[324403957760, 339149008920]
[324403957760, 339149058048]
[324403957760, 339149058272]
[324403957760, 339149070496]
[324403957760, 339149115432]
[324403957760, 339149139968]
[324403957760, 339149152400]
[324403957760, 339149185032]
[324403957760, 339149197352]
[324403957760, 339149217952]
[324403957760, 339149250720]
[324403957760, 339149279392]
[324403957760, 339149324512]
[324403957760, 339149369488]
[324403957760, 339149410344]
[324403957760, 339149414424]
[324403957760, 339149500640]
[324403957760, 339149692968]
[324403957760, 339149717528]
[324403957760, 339149811752]
[324403957760, 339150610472]
[324403957760, 344064016544]
[324403957760, 344064049376]
[324403957760, 344064053392]
[324403957760, 344064065576]
[324403957760, 344064102424]
[324403957760, 344064106536]
[324403957760, 344064127096]
[324403957760, 344064143608]
[324403957760, 344064225288]
[324403957760, 344064233712]
[324403957760, 344064315392]
[324403957760, 344064315632]
[324403957760, 344064327920]
[324403957760, 344064385048]
[324403957760, 344064413824]
[324403957760, 344064442392]
[324403957760, 344064475384]
[324403957760, 344064503936]
[324403957760, 344064508152]
[324403957760, 344064545016]
[324403957760, 344064577696]
[324403957760, 344064643232]
[324403957760, 344064647416]
[324403957760, 344064659704]
[324403957760, 344064688376]
[324403957760, 344064819448]
[324403957760, 344065032216]
[324403957760, 348979253272]
[324403957760, 348979253496]
[324403957760, 348979318928]
[324403957760, 348979339488]
[324403957760, 348979433592]
[324403957760, 348979490976]
[324403957760, 348979544184]
[324403957760, 348979548280]
[324403957760, 348979589240]
[324403957760, 348979642408]
[324403957760, 348979646488]
[324403957760, 348979654784]
[324403957760, 348979671064]
[324403957760, 348979671200]
[324403957760, 348979683328]
[324403957760, 348979716256]
[324403957760, 348979896344]
[324403957760, 348979937304]
[324403957760, 348979978400]
[324403957760, 348979994624]
[324403957760, 348980031528]
[324403957760, 348980035584]
[324403957760, 348980035744]
[324403957760, 348980039680]
[324403957760, 348980060160]
[324403957760, 348980064256]
[324403957760, 348980441112]
[324403957760, 348980686872]
[324403957760, 348980723752]
[324403957760, 348980867112]
[324403957760, 348981358632]
[324403957760, 348981555240]
[324403957760, 348981583912]
[324403957760, 348981780520]
[324403957760, 348981944360]
[324403957760, 348981989416]
[324403957760, 348981993512]
[324403957760, 348982198312]
[324403957760, 353894404216]
[324403957760, 353894424696]
[324403957760, 353894428832]
[324403957760, 353894469856]
[324403957760, 353894478072]
[324403957760, 353894498552]
[324403957760, 353894506616]
[324403957760, 353894506744]
[324403957760, 353894514936]
[324403957760, 353894535288]
[324403957760, 353894559872]
[324403957760, 353894564064]
[324403957760, 353894617312]
[324403957760, 353894690944]
[324403957760, 353894719488]
[324403957760, 353894768648]
[324403957760, 353894768680]
[324403957760, 353894895736]
[324403957760, 353894948904]
[324403957760, 353894953208]
[324403957760, 353895030904]
[324403957760, 353895035000]
[324403957760, 353895039096]
[324403957760, 353895096440]
[324403957760, 353895100488]
[324403957760, 353895112864]
[324403957760, 353895133192]
[324403957760, 353895137304]
[324403957760, 353895137400]
[324403957760, 353895141400]
[324403957760, 353895161864]
[324403957760, 353895239720]
[324403957760, 353895272608]
[324403957760, 353895338208]
[324403957760, 353895366664]
[324403957760, 353895374888]
[324403957760, 353895378968]
[324403957760, 353895391456]
[324403957760, 353895510024]
[324403957760, 353896923360]
[324403957760, 353897357536]
[324403957760, 353897488608]
[324403957760, 353897504992]
[324403957760, 358809604320]
[324403957760, 358809604344]
[324403957760, 358809616624]
[324403957760, 358809694448]
[324403957760, 358809743384]
[324403957760, 358809743608]
[324403957760, 358809747480]
[324403957760, 358809747496]
[324403957760, 358809792656]
[324403957760, 358809817216]
[324403957760, 358809825408]
[324403957760, 358809829384]
[324403957760, 358809874680]
[324403957760, 358809894920]
[324403957760, 358809956576]
[324403957760, 358809960576]
[324403957760, 358810005632]
[324403957760, 358810009624]
[324403957760, 358810046592]
[324403957760, 358810079360]
[324403957760, 358810140792]
[324403957760, 358810145008]
[324403957760, 358810161272]
[324403957760, 358810263696]
[324403957760, 358810276064]
[324403957760, 358810288136]
[324403957760, 358810292464]
[324403957760, 358810345616]
[324403957760, 358810353704]
[324403957760, 358810358000]
[324403957760, 358810374152]
[324403957760, 358810403056]
[324403957760, 358810431728]
[324403957760, 358810525736]
[324403957760, 358810525936]
[324403957760, 358810636528]
[324403957760, 358810665000]
[324403957760, 358810685664]
[324403957760, 358810693872]
[324403957760, 358810718432]
[324403957760, 358810804464]
[324403957760, 358810808560]
[324403957760, 358811353128]
[324403957760, 358811373608]
[324403957760, 358811697376]
[324403957760, 358811729960]
[324403957760, 358811754536]
[324403957760, 358812020776]
[324403957760, 358812049632]
[324403957760, 358812061736]
[324403957760, 363724812528]
[324403957760, 363724820608]
[324403957760, 363724853472]
[324403957760, 363724914808]
[324403957760, 363724935296]
[324403957760, 363724939392]
[324403957760, 363724984568]
[324403957760, 363725021184]
[324403957760, 363725029624]
[324403957760, 363725115640]
[324403957760, 363725156592]
[324403957760, 363725172896]
[324403957760, 363725189120]
[324403957760, 363725209720]
[324403957760, 363725279472]
[324403957760, 363725291640]
[324403957760, 363725299840]
[324403957760, 363725320200]
[324403957760, 363725340800]
[324403957760, 363725353088]
[324403957760, 363725357280]
[324403957760, 363725385728]
[324403957760, 363725385968]
[324403957760, 363725389832]
[324403957760, 363725402336]
[324403957760, 363725410424]
[324403957760, 363725479976]
[324403957760, 363725480080]
[324403957760, 363725688992]
[324403957760, 363725701280]
[324403957760, 363725721624]
[324403957760, 363725729920]
[324403957760, 363725738112]
[324403957760, 363725934616]
[324403957760, 363725971680]
[324403957760, 363726078176]
[324403957760, 363726229528]
[324403957760, 368640004344]
[324403957760, 368640008264]
[324403957760, 368640008312]
[324403957760, 368640016504]
[324403957760, 368640094328]
[324403957760, 368640098544]
[324403957760, 368640159752]
[324403957760, 368640229448]
[324403957760, 368640253960]
[324403957760, 368640417912]
[324403957760, 368640462968]
[324403957760, 368640520216]
[324403957760, 368640553080]
[324403957760, 368640557176]
[324403957760, 368640561400]
[324403957760, 368640577656]
[324403957760, 368640614648]
[324403957760, 368640618744]
[324403957760, 368640639224]
[324403957760, 368640676080]
[324403957760, 368640700656]
[324403957760, 368640782584]
[324403957760, 368640848120]
[324403957760, 368640860400]
[324403957760, 368640962800]
[324403957760, 368641110264]
[324403957760, 368641167600]
[324403957760, 368641188080]
[324403957760, 368641224944]
[324403957760, 368641241336]
[324403957760, 368641343560]
[324403957760, 368641417256]
[324403957760, 368641433640]
[324403957760, 368641560648]
[324403957760, 368641613864]
[324403957760, 368641876040]
[324403957760, 368641937448]
[324403957760, 368641949768]
[324403957760, 368642195496]
[324403957760, 368642240552]
[324403957760, 368642252840]
[324403957760, 373555228912]
[324403957760, 373555249400]
[324403957760, 373555273848]
[324403957760, 373555339512]
[324403957760, 373555376200]
[324403957760, 373555404872]
[324403957760, 373555405048]
[324403957760, 373555409024]
[324403957760, 373555409144]
[324403957760, 373555421304]
[324403957760, 373555458120]
[324403957760, 373555462272]
[324403957760, 373555478776]
[324403957760, 373555490936]
[324403957760, 373555515640]
[324403957760, 373555540088]
[324403957760, 373555552416]
[324403957760, 373555556512]
[324403957760, 373555556592]
[324403957760, 373555572976]
[324403957760, 373555679232]
[324403957760, 373555720352]
[324403957760, 373555753200]
[324403957760, 373555781872]
[324403957760, 373555826832]
[324403957760, 373555876080]
[324403957760, 373555916944]
[324403957760, 373555966192]
[324403957760, 373556101360]
[324403957760, 373556117624]
[324403957760, 373556138224]
[324403957760, 373556224240]
[324403957760, 373556265200]
[324403957760, 373556576328]
[324403957760, 373556605088]
[324403957760, 373556822088]
[324403957760, 373556879520]
[324403957760, 378470404344]
[324403957760, 378470416512]
[324403957760, 378470420552]
[324403957760, 378470428744]
[324403957760, 378470465608]
[324403957760, 378470477896]
[324403957760, 378470510664]
[324403957760, 378470531144]
[324403957760, 378470531320]
[324403957760, 378470543488]
[324403957760, 378470555792]
[324403957760, 378470605040]
[324403957760, 378470662144]
[324403957760, 378470670584]
[324403957760, 378470678672]
[324403957760, 378470707448]
[324403957760, 378470777072]
[324403957760, 378470797552]
[324403957760, 378470817792]
[324403957760, 378470858912]
[324403957760, 378470928624]
[324403957760, 378471071888]
[324403957760, 378471526472]
[324403957760, 378471583888]
[324403957760, 378471665824]
[324403957760, 378472165448]
[324403957760, 378472169544]
[324403957760, 378472230984]
[324403957760, 378472927304]
[324403957760, 383385698376]
[324403957760, 383385714816]
[324403957760, 383385731312]
[324403957760, 383385792752]
[324403957760, 383385858288]
[324403957760, 383385878776]
[324403957760, 383385886848]
[324403957760, 383385886968]
[324403957760, 383385895152]
[324403957760, 383385911416]
[324403957760, 383386059000]
[324403957760, 383386116224]
[324403957760, 383386116344]
[324403957760, 383386136704]
[324403957760, 383386161280]
[324403957760, 383386165376]
[324403957760, 383386247328]
[324403957760, 383386280184]
[324403957760, 383386431736]
[324403957760, 383386464376]
[324403957760, 383386476664]
[324403957760, 383386538056]
[324403957760, 383386603528]
[324403957760, 383386603592]
[324403957760, 383386636296]
[324403957760, 383387181064]
[324403957760, 383387209800]
[324403957760, 383387254856]
[324403957760, 383387271240]
[324403957760, 383387504648]
[324403957760, 383387541512]
[324403957760, 383387717640]
[324403957760, 383387721736]
[324403957760, 383387766944]
[324403957760, 383387844768]
[324403957760, 383388082336]
[324403957760, 383388213408]
[324403957760, 388300828800]
[324403957760, 388300845184]
[324403957760, 388300906624]
[324403957760, 388300980296]
[324403957760, 388301009056]
[324403957760, 388301017208]
[324403957760, 388301021424]
[324403957760, 388301037688]
[324403957760, 388301078648]
[324403957760, 388301099128]
[324403957760, 388301119496]
[324403957760, 388301123592]
[324403957760, 388301148168]
[324403957760, 388301193224]
[324403957760, 388301234416]
[324403957760, 388301242512]
[324403957760, 388301262976]
[324403957760, 388301279360]
[324403957760, 388301283456]
[324403957760, 388301422832]
[324403957760, 388301435120]
[324403957760, 388301475968]
[324403957760, 388301484192]
[324403957760, 388301529328]
[324403957760, 388301541448]
[324403957760, 388301623424]
[324403957760, 388301660288]
[324403957760, 388301742240]
[324403957760, 388301983872]
[324403957760, 388302004464]
[324403957760, 388302156016]
[324403957760, 388302188784]
[324403957760, 388302340168]
[324403957760, 388302471240]
[324403957760, 388302508104]
[324403957760, 393216012408]
[324403957760, 393216028792]
[324403957760, 393216041088]
[324403957760, 393216049392]
[324403957760, 393216053368]
[324403957760, 393216123128]
[324403957760, 393216143600]
[324403957760, 393216159984]
[324403957760, 393216176368]
[324403957760, 393216192640]
[324403957760, 393216225520]
[324403957760, 393216274560]
[324403957760, 393216311304]
[324403957760, 393216339976]
[324403957760, 393216368880]
[324403957760, 393216454784]
[324403957760, 393216508032]
[324403957760, 393216512120]
[324403957760, 393216536704]
[324403957760, 393216540800]
[324403957760, 393216565376]
[324403957760, 393216635000]
[324403957760, 393216692344]
[324403957760, 393216770168]
[324403957760, 393216802936]
[324403957760, 393216802976]
[324403957760, 393216864328]
[324403957760, 393216950392]
[324403957760, 393216970872]
[324403957760, 393217020024]
[324403957760, 393217056888]
[324403957760, 393217126520]
[324403957760, 393217134752]
[324403957760, 393217147000]
[324403957760, 393217171576]
[324403957760, 393217249440]
[324403957760, 393217274016]
[324403957760, 393217298592]
[324403957760, 393217478816]
[324403957760, 393217536160]
[324403957760, 393217548360]
[324403957760, 393217605704]
[324403957760, 393217622176]
[324403957760, 393217630368]
[324403957760, 393217687712]
[324403957760, 398131212408]
[324403957760, 398131216504]
[324403957760, 398131237104]
[324403957760, 398131282160]
[324403957760, 398131302520]
[324403957760, 398131310712]
[324403957760, 398131323000]
[324403957760, 398131327048]
[324403957760, 398131331144]
[324403957760, 398131376248]
[324403957760, 398131433632]
[324403957760, 398131441784]
[324403957760, 398131449984]
[324403957760, 398131454192]
[324403957760, 398131470496]
[324403957760, 398131474560]
[324403957760, 398131523712]
[324403957760, 398131523824]
[324403957760, 398131581056]
[324403957760, 398131613824]
[324403957760, 398131966024]
[324403957760, 398131974216]
[324403957760, 398132060232]
[324403957760, 398132097184]
[324403957760, 398132273296]
[324403957760, 398132383904]
[324403957760, 398132428944]
[324403957760, 398132617360]
[324403957760, 398132732048]
[324403957760, 398133133456]
[324403957760, 403046621424]
[324403957760, 403046662264]
[324403957760, 403046666480]
[324403957760, 403046723712]
[324403957760, 403046772808]
[324403957760, 403046879472]
[324403957760, 403046989984]
[324403957760, 403047022736]
[324403957760, 403047104672]
[324403957760, 403047182480]
[324403957760, 403047198960]
[324403957760, 403047211168]
[324403957760, 403047403760]
[324403957760, 403047530656]
[324403957760, 403047567600]
[324403957760, 403047686384]
[324403957760, 407961624648]
[324403957760, 407961796848]
[324403957760, 407961821304]
[324403957760, 407961866480]
[324403957760, 407961956512]
[324403957760, 407961968800]
[324403957760, 407962062968]
[324403957760, 407962108048]
[324403957760, 407962407040]
[324403957760, 407962538128]
[324403957760, 407962730616]
[324403957760, 407962792064]
[324403957760, 407962943608]
[324403957760, 407962955920]
[324403957760, 407963816080]
[324403957760, 407964250256]
[324403957760, 407964700816]
[324403957760, 407964713104]
[324403957760, 412876849224]
[324403957760, 412876865680]
[324403957760, 412876882160]
[324403957760, 412876996680]
[324403957760, 412877357296]
[324403957760, 412877443192]
[324403957760, 412877492296]
[324403957760, 412877521016]
[324403957760, 412877525136]
[324403957760, 412877881504]
[324403957760, 412878626976]
[324403957760, 412878631072]
[324403957760, 412878987424]
[324403957760, 412879147168]
[324403957760, 412879167648]
[324403957760, 412879614112]
[324403957760, 412880199840]
[324403957760, 412880625824]
[324403957760, 417792004240]
[324403957760, 417792294984]
[324403957760, 417792303176]
[324403957760, 417792471112]
[324403957760, 417792487496]
[324403957760, 417792532552]
[324403957760, 417792598160]
[324403957760, 417792622736]
[324403957760, 417792929936]
[324403957760, 417794048144]
[324403957760, 422707241032]
[324403957760, 422707327048]
[324403957760, 422707372104]
[324403957760, 422707757200]
[324403957760, 422708068496]
[324403957760, 422708080800]
[324403957760, 422708093072]
[324403957760, 422708105360]
[324403957760, 422708109456]
[324403957760, 422708273224]
[324403957760, 422708297800]
[324403957760, 422708314256]
[324403957760, 422708387912]
[324403957760, 422708428944]
[324403957760, 422708543648]
[324403957760, 427622441032]
[324403957760, 427622600776]
[324403957760, 427622645920]
[324403957760, 427622678600]
[324403957760, 427622711368]
[324403957760, 427622736016]
[324403957760, 427622989984]
[324403957760, 427623313552]
[324403957760, 427623325840]
[324403957760, 427623334032]
[324403957760, 427623338144]
[324403957760, 427623366816]
[324403957760, 427623424160]
[324403957760, 427623436432]
[324403957760, 427623637152]
[324403957760, 427623665824]
[324403957760, 427623768224]
[324403957760, 427623829664]
[324403957760, 432537681992]
[324403957760, 432537714760]
[324403957760, 432537751624]
[324403957760, 432538005576]
[324403957760, 432538034248]
[324403957760, 432538038344]
[324403957760, 432538202184]
[324403957760, 432538255432]
[324403957760, 432538325064]
[324403957760, 432538370120]
[324403957760, 432538747040]
[324403957760, 432538779792]
[324403957760, 432538935368]
[324403957760, 432539000976]
[324403957760, 432539078800]
[324403957760, 432539123872]
[324403957760, 432539140168]
[324403957760, 432539484320]
[324403957760, 432539558032]
[324403957760, 432539566224]
[324403957760, 432539586704]
[324403957760, 432539594896]
[324403957760, 432539701392]
[324403957760, 432539709584]
[324403957760, 432540414096]
[324403957760, 432540573840]
[324403957760, 432540795040]
[324403957760, 437452902472]
[324403957760, 437452918856]
[324403957760, 437453045832]
[324403957760, 437453500560]
[324403957760, 437453861008]
[324403957760, 437453971616]
[324403957760, 437453992080]
[324403957760, 437454164112]
[324403957760, 437454373024]
[324403957760, 437454475424]
[324403957760, 437454581920]
[324403957760, 437455052960]
[324403957760, 437455085728]
[324403957760, 437455376544]
[324403957760, 437455409312]
[324403957760, 437455716512]
[324403957760, 442368016456]
[324403957760, 442368073872]
[324403957760, 442368102472]
[324403957760, 442368151624]
[324403957760, 442368249928]
[324403957760, 442368299080]
[324403957760, 442368397472]
[324403957760, 442368499784]
[324403957760, 442368528456]
[324403957760, 442368622664]
[324403957760, 442368626760]
[324403957760, 442368634952]
[324403957760, 442368684176]
[324403957760, 442368716960]
[324403957760, 442368737352]
[324403957760, 442368745632]
[324403957760, 442368917648]
[324403957760, 447283302472]
[324403957760, 447283327048]
[324403957760, 447283335240]
[324403957760, 447283400776]
[324403957760, 447283429448]
[324403957760, 447283560608]
[324403957760, 447283593376]
[324403957760, 447283667104]
[324403957760, 447283699784]
[324403957760, 447283761224]
[324403957760, 447283900560]
[324403957760, 447283941520]
[324403957760, 447284359240]
[324403957760, 447284691088]
[324403957760, 452198469704]
[324403957760, 452198494352]
[324403957760, 452198576272]
[324403957760, 452198584392]
[324403957760, 452198736016]
[324403957760, 452198830224]
[324403957760, 452198903880]
[324403957760, 452198981704]
[324403957760, 452199030928]
[324403957760, 452199395472]
[324403957760, 452199465104]
[324403957760, 452199473296]
[324403957760, 452199547040]
[324403957760, 452199620752]
[324403957760, 452200263824]
[324403957760, 457113755720]
[324403957760, 457113780296]
[324403957760, 457114345616]
[324403957760, 457114525856]
[324403957760, 457114554528]
[324403957760, 457114636432]
[324403957760, 457114669200]
[324403957760, 457114685600]
[324403957760, 457114788000]
[324403957760, 457114882192]
[324403957760, 457114910864]
[324403957760, 457115119760]
[324403957760, 462028910664]
[324403957760, 462029033544]
[324403957760, 462029357128]
[324403957760, 462029373512]
[324403957760, 462029381704]
[324403957760, 462029406368]
[324403957760, 462029488272]
[324403957760, 462029537424]
[324403957760, 462029594784]
[324403957760, 462029672608]
[324403957760, 462029787280]
[324403957760, 462029824160]
[324403957760, 462030033056]
[324403957760, 462030049440]
[324403957760, 462030102688]
[324403957760, 462030119072]
[324403957760, 462030971040]
[324403957760, 466944077896]
[324403957760, 466944127048]
[324403957760, 466944229448]
[324403957760, 466944303248]
[324403957760, 466944680008]
[324403957760, 466944720968]
[324403957760, 466944733256]
[324403957760, 466944774216]
[324403957760, 466944839752]
[324403957760, 466944852040]
[324403957760, 466944901192]
[324403957760, 466945593416]
[324403957760, 466945699912]
[324403957760, 466945826888]
[324403957760, 471859281992]
[324403957760, 471859368080]
[324403957760, 471859486864]
[324403957760, 471859626128]
[324403957760, 471859646608]
[324403957760, 471859773512]
[324403957760, 471859945544]
[324403957760, 471860019272]
[324403957760, 471860142152]
[324403957760, 471860269128]
[324403957760, 471860314184]
[324403957760, 471860351048]
[324403957760, 471860432968]
[324403957760, 476774457416]
[324403957760, 476774514760]
[324403957760, 476774944840]
[324403957760, 476775112776]
[324403957760, 476775178312]
[324403957760, 481689608264]
[324403957760, 481689649224]
[324403957760, 481689681992]
[324403957760, 481689759816]
[324403957760, 481689813064]
[324403957760, 481689833544]
[324403957760, 481689866312]
[324403957760, 481690034248]
[324403957760, 481690288200]
[324403957760, 481690341448]
[324403957760, 481690755144]
[324403957760, 481690890312]
[324403957760, 486605045832]
[324403957760, 486605455432]
[324403957760, 486605938760]
[324403957760, 491520221256]
[324403957760, 491521286216]
