[206438846464, 86264]
[106552, 206438846464]
[206438846464, 262248]
[206438846464, 331784]
[206438846464, 340216]
[206438846464, 520368]
[206438846464, 549056]
[206438846464, 745648]
[206438846464, 872688]
[206438846464, 2564240]
[206438846464, 2703504]
[206438846464, 3338384]
[206438846464, 4141200]
[206438846464, 5066896]
[206438846464, 4915396608]
[206438846464, 4915499232]
[206438846464, 4915671128]
[206438846464, 4916826256]
[206438846464, 4916867216]
[206438846464, 4917325832]
[206438846464, 9830547480]
[14745735176, 206438846464]
[14745755824, 206438846464]
[14745993272, 206438846464]
[14746300504, 206438846464]
[19661107224, 206438846464]
[19661578464, 206438846464]
[206438846464, 24576184376]
[206438846464, 34406588504]
[206438846464, 34407624792]
[206438846464, 39321657384]
[206438846464, 39321841720]
[206438846464, 44236902400]
[206438846464, 49152016624]
[206438846464, 49152041168]
[206438846464, 49152221184]
[206438846464, 54067286224]
[206438846464, 54067384376]
[206438846464, 58982547576]
[206438846464, 58982547704]
[206438846464, 63897657344]
[206438846464, 63897694312]
[206438846464, 63897723008]
[206438846464, 68812996608]
[206438846464, 73728827496]
[206438846464, 73729835112]
[206438846464, 78643265664]
[206438846464, 78643282144]
[206438846464, 78643290240]
[206438846464, 78643318840]
[206438846464, 78643642544]
[206438846464, 78644228272]
[206438846464, 78644445360]
[206438846464, 83558555656]
[206438846464, 83558690904]
[206438846464, 83559280744]
[206438846464, 83561865392]
[206438846464, 88473878736]
[206438846464, 88473931984]
[206438846464, 88474030080]
[206438846464, 93388877896]
[206438846464, 93389103104]
[206438846464, 93389434936]
[206438846464, 93389541584]
[206438846464, 93389860872]
[206438846464, 98304077824]
[206438846464, 98304168184]
[206438846464, 98304184320]
[206438846464, 98304552960]
[206438846464, 98307199152]
[103219273856, 206438846464]
[103219302520, 206438846464]
[103219896496, 206438846464]
[108134539504, 206438846464]
[108134584376, 206438846464]
[108134719632, 206438846464]
[108134846712, 206438846464]
[113049669752, 206438846464]
[113049747584, 206438846464]
[113050357920, 206438846464]
[113050902632, 206438846464]
[117965553856, 206438846464]
[117965787240, 206438846464]
[117966823664, 206438846464]
[122880876792, 206438846464]
[122880901360, 206438846464]
[127795482832, 206438846464]
[127795851504, 206438846464]
[127797100752, 206438846464]
[127797870800, 206438846464]
[132710801648, 206438846464]
[137625624816, 206438846464]
[142540976320, 206438846464]
[142542856352, 206438846464]
[142543179936, 206438846464]
[147456082040, 206438846464]
[147456110816, 206438846464]
[147456204920, 206438846464]
[147456315448, 206438846464]
[147456458912, 206438846464]
[147456471200, 206438846464]
[147456634968, 206438846464]
[147456692384, 206438846464]
[147456831608, 206438846464]
[147456897216, 206438846464]
[147457077304, 206438846464]
[147457339584, 206438846464]
[152371355648, 206438846464]
[152371765408, 206438846464]
[157286478048, 206438846464]
[157286666248, 206438846464]
[162201653256, 206438846464]
[162202050784, 206438846464]
[162202161160, 206438846464]
[162202288304, 206438846464]
[162202341536, 206438846464]
[162202693776, 206438846464]
[162202710160, 206438846464]
[162203336864, 206438846464]
[162210000984, 206438846464]
[167117082728, 206438846464]
[167117119528, 206438846464]
[167117279480, 206438846464]
[167117479992, 206438846464]
[167117701280, 206438846464]
[167117996104, 206438846464]
[167118516296, 206438846464]
[167119171672, 206438846464]
[167122247736, 206438846464]
[172032528392, 206438846464]
[172033097752, 206438846464]
[172034957520, 206438846464]
[172038742104, 206438846464]
[176947351560, 206438846464]
[176947425304, 206438846464]
[176947449896, 206438846464]
[176947904736, 206438846464]
[176948285600, 206438846464]
[176948478112, 206438846464]
[176949129360, 206438846464]
[176949497912, 206438846464]
[181862555688, 206438846464]
[181862633664, 206438846464]
[181862989968, 206438846464]
[181863260304, 206438846464]
[181864255632, 206438846464]
[186778271968, 206438846464]
[186778300576, 206438846464]
[186778394696, 206438846464]
[186778505360, 206438846464]
[186778624240, 206438846464]
[186779017440, 206438846464]
[186779549856, 206438846464]
[191692849312, 206438846464]
[191693004840, 206438846464]
[196608090360, 206438846464]
[196608098552, 206438846464]
[196608217232, 206438846464]
[196608335944, 206438846464]
[196608680040, 206438846464]
[196608770192, 206438846464]
[196608970752, 206438846464]
[196608983248, 206438846464]
[201523613888, 206438846464]
[201524519000, 206438846464]
[206438457504, 206438846464]
[206438519024, 206438846464]
[206438703328, 206438846464]
[206438846464, 206438879408]
[206438846464, 206439112728]
[206438846464, 206439141520]
[206438846464, 206439231648]
[206438846464, 206439272472]
[206438846464, 206439473280]
[206438846464, 206440411384]
[206438846464, 211353653288]
[206438846464, 211353702648]
[206438846464, 211353772256]
[206438846464, 211354075240]
[206438846464, 211354366176]
[206438846464, 211354382480]
[206438846464, 211354587328]
[206438846464, 211354689608]
[206438846464, 216268939488]
[206438846464, 216268943584]
[206438846464, 216269135912]
[206438846464, 216269152480]
[206438846464, 216271233232]
[206438846464, 216271397112]
[206438846464, 221184073832]
[206438846464, 226099474440]
[206438846464, 226099572976]
[206438846464, 226100502672]
[206438846464, 226100519056]
[206438846464, 231014449376]
[206438846464, 231014596712]
[206438846464, 231014985968]
[206438846464, 231015325840]
[206438846464, 235929682080]
[206438846464, 235929825440]
[206438846464, 235930067184]
[206438846464, 235930198040]
[206438846464, 240844894400]
[206438846464, 240844935392]
[206438846464, 240845000864]
[206438846464, 240845156528]
[206438846464, 245760106720]
[206438846464, 245760422064]
[206438846464, 245761024072]
[206438846464, 245761126504]
[206438846464, 250675212464]
[206438846464, 250675322984]
[206438846464, 250675404960]
[206438846464, 250675839096]
[206438846464, 250675908632]
[206438846464, 250676306080]
[206438846464, 250676588688]
[206438846464, 250676899984]
[206438846464, 255590445248]
[206438846464, 255590535168]
[206438846464, 255590584344]
[206438846464, 255590932608]
[206438846464, 260505620480]
[206438846464, 260505751592]
[206438846464, 260505968784]
[206438846464, 260506185920]
[206438846464, 265421197336]
[206438846464, 265421598792]
[206438846464, 270336565320]
[206438846464, 270336622752]
[206438846464, 270336831512]
[206438846464, 270336892952]
[206438846464, 275251949728]
[206438846464, 280167411784]
[206438846464, 285082271984]
[206438846464, 289996943480]
[206438846464, 289997688904]
[206438846464, 294912512072]
[206438846464, 294912643176]
[206438846464, 304742645904]
[206438846464, 304743047192]
[206438846464, 309657772192]
[206438846464, 314572878048]
[206438846464, 314573099184]
[206438846464, 314573541416]
[206438846464, 314573705464]
[206438846464, 314573770944]
[206438846464, 314574114992]
[206438846464, 319488135360]
[206438846464, 319488581776]
[206438846464, 319488676080]
[206438846464, 319489138728]
[206438846464, 319489220856]
[206438846464, 324403294352]
[206438846464, 324403949760]
[206438846464, 329319051408]
[206438846464, 334234198088]
[206438846464, 334235533536]
[206438846464, 334235922656]
[206438846464, 339148816456]
[206438846464, 339150135336]
[206438846464, 344064458944]
[206438846464, 344064467072]
[206438846464, 344064659528]
[206438846464, 344064721144]
[206438846464, 344065003696]
[206438846464, 344065093704]
[206438846464, 344065245208]
[206438846464, 348979245184]
[206438846464, 348979773464]
[206438846464, 348981604456]
[206438846464, 353897087200]
[206438846464, 358809628792]
[206438846464, 358809702528]
[206438846464, 358810108032]
[206438846464, 363725062152]
[206438846464, 363726409752]
[206438846464, 368640012408]
[206438846464, 368640049280]
[206438846464, 368640249960]
[206438846464, 368640417896]
[206438846464, 368640434400]
[206438846464, 368642809928]
[206438846464, 373555368176]
[206438846464, 373555589360]
[206438846464, 373556707368]
[206438846464, 373556859040]
[206438846464, 373557141544]
[206438846464, 373557346328]
[206438846464, 373557493784]
[206438846464, 378471248048]
[206438846464, 378471309336]
[206438846464, 383385772160]
[206438846464, 383385907320]
[206438846464, 383386411016]
[206438846464, 388301062152]
[206438846464, 388302843928]
[206438846464, 393216123000]
[206438846464, 393216262272]
[206438846464, 398131687432]
[206438846464, 398131814408]
[206438846464, 398132256928]
[206438846464, 403046596784]
[206438846464, 403046613064]
[206438846464, 403047448720]
[206438846464, 403047628840]
[206438846464, 403047637032]
[206438846464, 407961849976]
[206438846464, 407962087544]
[206438846464, 407964860560]
[206438846464, 412876898528]
[206438846464, 412876902576]
[206438846464, 412879650976]
[206438846464, 422707462168]
[206438846464, 422708117664]
[206438846464, 422708568224]
[206438846464, 427622613064]
[206438846464, 432537620584]
[206438846464, 432537731312]
[206438846464, 437453135992]
[206438846464, 437453242488]
[206438846464, 437453418568]
[206438846464, 437454323856]
[206438846464, 437455036576]
[206438846464, 442368155792]
[206438846464, 442368544944]
[206438846464, 447283454128]
[206438846464, 447283499048]
[206438846464, 447283511368]
[206438846464, 447283806352]
[206438846464, 447284314184]
[206438846464, 452198473752]
[206438846464, 452198883488]
[206438846464, 452199313600]
[206438846464, 452199354544]
[206438846464, 452200427664]
[206438846464, 457113645064]
[206438846464, 462028886024]
[206438846464, 462029262968]
[206438846464, 466944118792]
[206438846464, 471859236864]
[206438846464, 471859286176]
[206438846464, 471859785728]
[206438846464, 476775202888]
[206438846464, 476775727144]
[206438846464, 481689882768]
[206438846464, 481689968648]
[206438846464, 481690226832]
[206438846464, 481690333256]
[206438846464, 481691484200]
[206438846464, 486608167016]
[206438846464, 491520172256]
[206438846464, 491520377080]
[206438846464, 491520630856]
[206438846464, 491521007760]
[206438846464, 491521486920]
[206438846464, 496435290240]
[206438846464, 496435294216]
[206438846464, 496435318928]
[206438846464, 496435339288]
[206438846464, 496435482752]
[206438846464, 496436236328]
[206438846464, 496437051632]
[206438846464, 501351452696]
[206438846464, 501351497736]
[206438846464, 506266083552]
[206438846464, 506266841312]
[206438846464, 511182774296]
[206438846464, 516097077472]
[206438846464, 516097765384]
[206438846464, 516098654232]
[206438846464, 521012523232]
[206438846464, 525926674440]
[206438846464, 530841989160]
[206438846464, 530844635208]
[206438846464, 535756812448]
[206438846464, 535757127824]
[206438846464, 540673654856]
[206438846464, 550503375008]
[206438846464, 555417853976]
[206438846464, 560335724688]
[206438846464, 560336470160]
[206438846464, 565248417792]
[206438846464, 575078879240]
[206438846464, 579993665696]
[206438846464, 579993804960]
[206438846464, 584910815392]
[206438846464, 589825220752]
[206438846464, 594739945616]
[206438846464, 604571238544]
[206438846464, 609485062304]
[206438846464, 614401830984]
[206438846464, 629145723040]
[206438846464, 634061254816]
[206438846464, 643891331232]
[206438846464, 648806817936]
[206438846464, 663552020624]
[206438846464, 663552053408]
