[142541033472, 98304372912]
[142541033472, 186778800256]
[142541033472, 186780168352]
[142541033472, 191693431024]
[142541033472, 201524912248]
[142541033472, 206438523000]
[142541033472, 231014809720]
[142541033472, 260506275944]
[142541033472, 304742436968]
[142541033472, 88474915008]
[142541033472, 93389373616]
[142541033472, 142541529296]
[142541033472, 162202165440]
[142541033472, 167117242544]
[142541033472, 172032323776]
[142541033472, 172032540800]
[142541033472, 186779926688]
[142541033472, 201523794080]
[142541033472, 211353895040]
[142541033472, 216268927200]
[142541033472, 221184847912]
[142541033472, 235930542208]
[142541033472, 240844980352]
[142541033472, 245760581656]
[142541033472, 280166621312]
[142541033472, 304743460968]
[142541033472, 319488471280]
[142541033472, 398131740680]
