[314573316096, 45296]
[114792, 314573316096]
[168008, 314573316096]
[254056, 314573316096]
[314573316096, 315512]
[314573316096, 655432]
[314573316096, 676080]
[314573316096, 704704]
[314573316096, 745600]
[1237152, 314573316096]
[1273928, 314573316096]
[1589320, 314573316096]
[3067976, 314573316096]
[314573316096, 3178568]
[314573316096, 3723272]
[314573316096, 4562952]
[314573316096, 4915245080]
[314573316096, 4915662936]
[314573316096, 4917755912]
[14745604104, 314573316096]
[14746087424, 314573316096]
[14746357864, 314573316096]
[14746447872, 314573316096]
[14746460160, 314573316096]
[29491794064, 314573316096]
[314573316096, 49152016560]
[314573316096, 49152196800]
[314573316096, 58982420728]
[314573316096, 58982490352]
[314573316096, 58982502456]
[314573316096, 58982543552]
[314573316096, 58982568040]
[314573316096, 58982772736]
[314573316096, 63897772056]
[314573316096, 63898218496]
[314573316096, 68813496392]
[314573316096, 73728032928]
[314573316096, 73728069856]
[314573316096, 73728069872]
[314573316096, 73728246008]
[314573316096, 73728381048]
[314573316096, 78643257416]
[314573316096, 78643634176]
[314573316096, 78643671144]
[314573316096, 78643834904]
[314573316096, 78644158656]
[314573316096, 83558408264]
[314573316096, 83558416560]
[314573316096, 83559350360]
[314573316096, 83559432280]
[314573316096, 83559804984]
[314573316096, 88474009672]
[314573316096, 88474370048]
[314573316096, 88474521776]
[314573316096, 88475738216]
[314573316096, 93388841184]
[314573316096, 93389332608]
[314573316096, 93389353120]
[314573316096, 93389656152]
[314573316096, 93389705224]
[314573316096, 93390000304]
[314573316096, 98304270456]
[314573316096, 98304294912]
[314573316096, 98304610304]
[314573316096, 98304626792]
[314573316096, 98304782336]
[314573316096, 98304868352]
[314573316096, 98305515624]
[314573316096, 98305609904]
[314573316096, 98305904744]
[314573316096, 98306420840]
[314573316096, 98306691176]
[103219302544, 314573316096]
[103219478528, 314573316096]
[103219478536, 314573316096]
[103220195384, 314573316096]
[103220719792, 314573316096]
[108134404344, 314573316096]
[108134523072, 314573316096]
[108134686960, 314573316096]
[108134879480, 314573316096]
[108135186592, 314573316096]
[108135252176, 314573316096]
[113049837568, 314573316096]
[113049854096, 314573316096]
[113049866296, 314573316096]
[113050378400, 314573316096]
[113050538144, 314573316096]
[117965082632, 314573316096]
[117965135976, 314573316096]
[117966323952, 314573316096]
[122880065536, 314573316096]
[122880077912, 314573316096]
[122880151744, 314573316096]
[122880213048, 314573316096]
[122880286776, 314573316096]
[122880421912, 314573316096]
[122880762048, 314573316096]
[122880790616, 314573316096]
[122880807016, 314573316096]
[122880831576, 314573316096]
[122881003608, 314573316096]
[122881044568, 314573316096]
[122881110072, 314573316096]
[122881130584, 314573316096]
[122881142840, 314573316096]
[122881179736, 314573316096]
[122881290328, 314573316096]
[122881491000, 314573316096]
[122881593400, 314573316096]
[122881597528, 314573316096]
[122881613912, 314573316096]
[122881683512, 314573316096]
[122881720376, 314573316096]
[122881720408, 314573316096]
[122881724504, 314573316096]
[122881765464, 314573316096]
[122881777720, 314573316096]
[122881847352, 314573316096]
[122882412600, 314573316096]
[122882433080, 314573316096]
[127795216576, 314573316096]
[127795306552, 314573316096]
[127795327064, 314573316096]
[127795355768, 314573316096]
[127795376184, 314573316096]
[127795376200, 314573316096]
[127795380432, 314573316096]
[127795392600, 314573316096]
[127795400792, 314573316096]
[127795408984, 314573316096]
[127795425488, 314573316096]
[127795470544, 314573316096]
[127795478736, 314573316096]
[127795507408, 314573316096]
[127795540176, 314573316096]
[127795658824, 314573316096]
[127795880096, 314573316096]
[127795982344, 314573316096]
[127796015192, 314573316096]
[127796047960, 314573316096]
[127796072536, 314573316096]
[127796101176, 314573316096]
[127796121656, 314573316096]
[127796195520, 314573316096]
[127796236344, 314573316096]
[127796388048, 314573316096]
[127796400184, 314573316096]
[127796420816, 314573316096]
[127796453584, 314573316096]
[127796502584, 314573316096]
[127796514872, 314573316096]
[127796527192, 314573316096]
[127796617424, 314573316096]
[127796654136, 314573316096]
[127796686904, 314573316096]
[127796711632, 314573316096]
[127796732112, 314573316096]
[127796744400, 314573316096]
[127796764728, 314573316096]
[127796900048, 314573316096]
[127796924624, 314573316096]
[127796990160, 314573316096]
[127796994256, 314573316096]
[127797055696, 314573316096]
[127797203152, 314573316096]
[127797223480, 314573316096]
[127797227608, 314573316096]
[127797256400, 314573316096]
[127797305432, 314573316096]
[127797756112, 314573316096]
[127797842128, 314573316096]
[127797878992, 314573316096]
[127797969104, 314573316096]
[127798026448, 314573316096]
[132710453440, 314573316096]
[132710473816, 314573316096]
[132710498480, 314573316096]
[132710498544, 314573316096]
[132710527184, 314573316096]
[132710555736, 314573316096]
[132710568144, 314573316096]
[132710572120, 314573316096]
[132710576216, 314573316096]
[132710613048, 314573316096]
[132710649912, 314573316096]
[132710981640, 314573316096]
[132711133392, 314573316096]
[132711161944, 314573316096]
[132711223544, 314573316096]
[132711297128, 314573316096]
[132711317608, 314573316096]
[132711448784, 314573316096]
[132711448824, 314573316096]
[132711526608, 314573316096]
[132711657680, 314573316096]
[132711678040, 314573316096]
[132711739448, 314573316096]
[132711764056, 314573316096]
[132711837752, 314573316096]
[132711911480, 314573316096]
[132712038608, 314573316096]
[132712075320, 314573316096]
[132712210488, 314573316096]
[132712607800, 314573316096]
[132712624184, 314573316096]
[132712726584, 314573316096]
[132712865848, 314573316096]
[137625628920, 314573316096]
[137625632776, 314573316096]
[137625653496, 314573316096]
[137625677864, 314573316096]
[137625772192, 314573316096]
[137625788624, 314573316096]
[137625862152, 314573316096]
[137625866368, 314573316096]
[137625891024, 314573316096]
[137626136576, 314573316096]
[137626308664, 314573316096]
[137626308728, 314573316096]
[137626603728, 314573316096]
[137626644688, 314573316096]
[137626677456, 314573316096]
[137626681400, 314573316096]
[137626689744, 314573316096]
[137626738896, 314573316096]
[137626759224, 314573316096]
[137626787896, 314573316096]
[137626845240, 314573316096]
[137626857528, 314573316096]
[137626976464, 314573316096]
[137627046096, 314573316096]
[137627050192, 314573316096]
[137627115728, 314573316096]
[137627271224, 314573316096]
[137627709560, 314573316096]
[137627943120, 314573316096]
[137627971792, 314573316096]
[137628061904, 314573316096]
[137628098768, 314573316096]
[142540816576, 314573316096]
[142541177072, 314573316096]
[142541242576, 314573316096]
[142541246584, 314573316096]
[142541369352, 314573316096]
[142541488336, 314573316096]
[142541517008, 314573316096]
[142541881488, 314573316096]
[142541918416, 314573316096]
[142541938896, 314573316096]
[142542168208, 314573316096]
[142542536776, 314573316096]
[142542659656, 314573316096]
[142543192224, 314573316096]
[147456069640, 314573316096]
[147456098424, 314573316096]
[147456262392, 314573316096]
[147456393456, 314573316096]
[147456757920, 314573316096]
[147457269952, 314573316096]
[147457273976, 314573316096]
[147457573024, 314573316096]
[152371732504, 314573316096]
[152371789928, 314573316096]
[152372646080, 314573316096]
[152372715712, 314573316096]
[152372748448, 314573316096]
[152373596320, 314573316096]
[157286699168, 314573316096]
[157286760592, 314573316096]
[157286899872, 314573316096]
[157286944896, 314573316096]
[157286989896, 314573316096]
[157287026832, 314573316096]
[157288075424, 314573316096]
[162201669704, 314573316096]
[162201669760, 314573316096]
[162201702560, 314573316096]
[162202701968, 314573316096]
[162203078664, 314573316096]
[162203844768, 314573316096]
[167116927152, 314573316096]
[167117094952, 314573316096]
[167117492400, 314573316096]
[167117930568, 314573316096]
[167118024848, 314573316096]
[167118528584, 314573316096]
[172032172032, 314573316096]
[172032233472, 314573316096]
[172032389296, 314573316096]
[172032422048, 314573316096]
[172032426176, 314573316096]
[172032548992, 314573316096]
[172032696344, 314573316096]
[172032733224, 314573316096]
[172032991352, 314573316096]
[172033093736, 314573316096]
[172033245408, 314573316096]
[172033405000, 314573316096]
[172034031840, 314573316096]
[176947511520, 314573316096]
[176947523824, 314573316096]
[176947593320, 314573316096]
[176947613736, 314573316096]
[176948101344, 314573316096]
[176948129816, 314573316096]
[176948248600, 314573316096]
[176948744216, 314573316096]
[181862551712, 314573316096]
[181862625504, 314573316096]
[181862727856, 314573316096]
[181862940816, 314573316096]
[181863100560, 314573316096]
[181863129232, 314573316096]
[181863452832, 314573316096]
[181864161424, 314573316096]
[181864292496, 314573316096]
[186777694248, 314573316096]
[186778157216, 314573316096]
[186778206432, 314573316096]
[186778218536, 314573316096]
[186778476648, 314573316096]
[186778636416, 314573316096]
[186778644552, 314573316096]
[186778816656, 314573316096]
[186779713696, 314573316096]
[191692988576, 314573316096]
[191693168680, 314573316096]
[191693246488, 314573316096]
[191693299952, 314573316096]
[191693340864, 314573316096]
[191693521072, 314573316096]
[191693606936, 314573316096]
[191693672520, 314573316096]
[191694020632, 314573316096]
[191694061592, 314573316096]
[196608086264, 314573316096]
[196608143400, 314573316096]
[196608430240, 314573316096]
[196608487672, 314573316096]
[196608630824, 314573316096]
[201523347632, 314573316096]
[201523454056, 314573316096]
[201523470528, 314573316096]
[201523499256, 314573316096]
[201523548336, 314573316096]
[201523630256, 314573316096]
[201523843264, 314573316096]
[201523998928, 314573316096]
[206438846472, 314573316096]
[206438920440, 314573316096]
[206439055400, 314573316096]
[206439100456, 314573316096]
[206439194696, 314573316096]
[211353616456, 314573316096]
[211353665760, 314573316096]
[211353874552, 314573316096]
[211354079408, 314573316096]
[211354312944, 314573316096]
[216268951560, 314573316096]
[216268988416, 314573316096]
[216269008920, 314573316096]
[216269058272, 314573316096]
[216269078552, 314573316096]
[216269090824, 314573316096]
[216269139992, 314573316096]
[216269164568, 314573316096]
[216269168640, 314573316096]
[216269951216, 314573316096]
[221184163912, 314573316096]
[221184262288, 314573316096]
[221184303224, 314573316096]
[221184655552, 314573316096]
[221184770192, 314573316096]
[221184839800, 314573316096]
[221185036448, 314573316096]
[221185196192, 314573316096]
[221185786000, 314573316096]
[226099568880, 314573316096]
[226099654904, 314573316096]
[226099728504, 314573316096]
[226100539520, 314573316096]
[231014719616, 314573316096]
[231014801448, 314573316096]
[231014945008, 314573316096]
[231015788544, 314573316096]
[235929645176, 314573316096]
[235929763880, 314573316096]
[235929796616, 314573316096]
[235930304656, 314573316096]
[240844914864, 314573316096]
[240845254784, 314573316096]
[240845328624, 314573316096]
[240845332608, 314573316096]
[240845369568, 314573316096]
[240845590768, 314573316096]
[240845906040, 314573316096]
[240846295160, 314573316096]
[240847110264, 314573316096]
[245760069656, 314573316096]
[245760168128, 314573316096]
[245760221288, 314573316096]
[245760331968, 314573316096]
[245760393344, 314573316096]
[245760422048, 314573316096]
[245760508064, 314573316096]
[245760540792, 314573316096]
[245761183864, 314573316096]
[245761192008, 314573316096]
[245761302632, 314573316096]
[250675298496, 314573316096]
[250675302592, 314573316096]
[250675331264, 314573316096]
[250675458072, 314573316096]
[250675491008, 314573316096]
[250675523584, 314573316096]
[250675552448, 314573316096]
[250675585216, 314573316096]
[250675613800, 314573316096]
[250675675328, 314573316096]
[250675679424, 314573316096]
[250675863744, 314573316096]
[250676121792, 314573316096]
[250676224192, 314573316096]
[250676236480, 314573316096]
[250676314272, 314573316096]
[250676326592, 314573316096]
[250676527296, 314573316096]
[250676670656, 314573316096]
[250676678848, 314573316096]
[250676842688, 314573316096]
[250676875456, 314573316096]
[250677043392, 314573316096]
[250677129408, 314573316096]
[255590424768, 314573316096]
[255590437056, 314573316096]
[255590494384, 314573316096]
[255590518888, 314573316096]
[255590523056, 314573316096]
[255590559920, 314573316096]
[255590568040, 314573316096]
[255590576352, 314573316096]
[255590584424, 314573316096]
[255590637744, 314573316096]
[255590658224, 314573316096]
[255590727784, 314573316096]
[255590731968, 314573316096]
[255590756528, 314573316096]
[255590772928, 314573316096]
[255590797488, 314573316096]
[255590805680, 314573316096]
[255590826176, 314573316096]
[255590846640, 314573316096]
[255590875240, 314573316096]
[255590879424, 314573316096]
[255590916336, 314573316096]
[255590920384, 314573316096]
[255590936752, 314573316096]
[255590961280, 314573316096]
[255590977680, 314573316096]
[255590994024, 314573316096]
[255590994040, 314573316096]
[255590998120, 314573316096]
[255591018672, 314573316096]
[255591022768, 314573316096]
[255591055464, 314573316096]
[255591063656, 314573316096]
[255591096424, 314573316096]
[255591129280, 314573316096]
[255591137400, 314573316096]
[255591145600, 314573316096]
[255591145664, 314573316096]
[255591157936, 314573316096]
[255591178432, 314573316096]
[255591194816, 314573316096]
[255591198912, 314573316096]
[255591268576, 314573316096]
[255591301224, 314573316096]
[255591346368, 314573316096]
[255591354560, 314573316096]
[255591362752, 314573316096]
[260505624752, 314573316096]
[260505653352, 314573316096]
[260505682144, 314573316096]
[260505698408, 314573316096]
[260505788520, 314573316096]
[260505792704, 314573316096]
[260505837760, 314573316096]
[260505854176, 314573316096]
[260505862248, 314573316096]
[260505870528, 314573316096]
[260505882816, 314573316096]
[260505952360, 314573316096]
[260505993392, 314573316096]
[260505997416, 314573316096]
[260506009776, 314573316096]
[260506046504, 314573316096]
[260506054848, 314573316096]
[260506095720, 314573316096]
[260506124480, 314573316096]
[260506132656, 314573316096]
[260506165352, 314573316096]
[260506173632, 314573316096]
[260506194112, 314573316096]
[260506198208, 314573316096]
[260506251368, 314573316096]
[260506271848, 314573316096]
[260506321000, 314573316096]
[260506382528, 314573316096]
[260506390720, 314573316096]
[260506411112, 314573316096]
[260506435776, 314573316096]
[260506509416, 314573316096]
[260506665064, 314573316096]
[260506681448, 314573316096]
[260506726504, 314573316096]
[260506783848, 314573316096]
[260506812520, 314573316096]
[260506857576, 314573316096]
[260506865768, 314573316096]
[260506886248, 314573316096]
[260507041896, 314573316096]
[265420808200, 314573316096]
[265420845248, 314573316096]
[265420865712, 314573316096]
[265420894312, 314573316096]
[265420931264, 314573316096]
[265420935360, 314573316096]
[265420992616, 314573316096]
[265420992688, 314573316096]
[265421000808, 314573316096]
[265421000896, 314573316096]
[265421029480, 314573316096]
[265421029552, 314573316096]
[265421090992, 314573316096]
[265421160552, 314573316096]
[265421172864, 314573316096]
[265421189224, 314573316096]
[265421201600, 314573316096]
[265421230272, 314573316096]
[265421275328, 314573316096]
[265421279336, 314573316096]
[265421336752, 314573316096]
[265421390000, 314573316096]
[265421516992, 314573316096]
[265421615280, 314573316096]
[265421635760, 314573316096]
[265421639856, 314573316096]
[265421676648, 314573316096]
[265421676720, 314573316096]
[265421684840, 314573316096]
[265421729968, 314573316096]
[265421799528, 314573316096]
[265421815984, 314573316096]
[265421824176, 314573316096]
[265421959272, 314573316096]
[265421963368, 314573316096]
[265421975656, 314573316096]
[265422004400, 314573316096]
[265422065840, 314573316096]
[265422143664, 314573316096]
[270336028672, 314573316096]
[270336069824, 314573316096]
[270336098480, 314573316096]
[270336127080, 314573316096]
[270336151552, 314573316096]
[270336151672, 314573316096]
[270336204904, 314573316096]
[270336233472, 314573316096]
[270336245760, 314573316096]
[270336249856, 314573316096]
[270336258152, 314573316096]
[270336282624, 314573316096]
[270336290992, 314573316096]
[270336311472, 314573316096]
[270336323776, 314573316096]
[270336331880, 314573316096]
[270336356352, 314573316096]
[270336364648, 314573316096]
[270336372736, 314573316096]
[270336377008, 314573316096]
[270336385024, 314573316096]
[270336389296, 314573316096]
[270336409776, 314573316096]
[270336426176, 314573316096]
[270336438448, 314573316096]
[270336450752, 314573316096]
[270336463024, 314573316096]
[270336467048, 314573316096]
[270336483432, 314573316096]
[270336487528, 314573316096]
[270336495792, 314573316096]
[270336536680, 314573316096]
[270336569520, 314573316096]
[270336684224, 314573316096]
[270336725152, 314573316096]
[270336733360, 314573316096]
[270336778432, 314573316096]
[270336815296, 314573316096]
[270337052864, 314573316096]
[270337065152, 314573316096]
[270337249472, 314573316096]
[270337323200, 314573316096]
[270337347776, 314573316096]
[270337523904, 314573316096]
[270337536192, 314573316096]
[270337552576, 314573316096]
[270337577152, 314573316096]
[270337585344, 314573316096]
[270337593536, 314573316096]
[270337622208, 314573316096]
[270337630400, 314573316096]
[270337634496, 314573316096]
[270337798336, 314573316096]
[270337827008, 314573316096]
[270337904832, 314573316096]
[275251228776, 314573316096]
[275251241152, 314573316096]
[275251249256, 314573316096]
[275251277928, 314573316096]
[275251339264, 314573316096]
[275251384424, 314573316096]
[275251388536, 314573316096]
[275251396712, 314573316096]
[275251413184, 314573316096]
[275251417192, 314573316096]
[275251425280, 314573316096]
[275251429480, 314573316096]
[275251437672, 314573316096]
[275251462336, 314573316096]
[275251466432, 314573316096]
[275251470440, 314573316096]
[275251474536, 314573316096]
[275251499200, 314573316096]
[275251507304, 314573316096]
[275251507376, 314573316096]
[275251556456, 314573316096]
[275251560552, 314573316096]
[275251593376, 314573316096]
[275251683520, 314573316096]
[275251699816, 314573316096]
[275251708096, 314573316096]
[275251716288, 314573316096]
[275251724480, 314573316096]
[275251806312, 314573316096]
[275251810408, 314573316096]
[275251814504, 314573316096]
[275251896424, 314573316096]
[275251966056, 314573316096]
[275251994800, 314573316096]
[275252027496, 314573316096]
[275252031592, 314573316096]
[275252072552, 314573316096]
[275252113512, 314573316096]
[275252129968, 314573316096]
[275252314288, 314573316096]
[275252347056, 314573316096]
[275252400304, 314573316096]
[275252433000, 314573316096]
[275252433072, 314573316096]
[275252474032, 314573316096]
[275252506728, 314573316096]
[275252535400, 314573316096]
[275252564072, 314573316096]
[275252625512, 314573316096]
[275252633704, 314573316096]
[275252637800, 314573316096]
[275252641968, 314573316096]
[275252662376, 314573316096]
[275252666544, 314573316096]
[275252715624, 314573316096]
[275252822192, 314573316096]
[275252826288, 314573316096]
[275252850864, 314573316096]
[275252891752, 314573316096]
[275252957360, 314573316096]
[275253071976, 314573316096]
[275253436488, 314573316096]
[275254947912, 314573316096]
[280166445056, 314573316096]
[280166457584, 314573316096]
[280166473920, 314573316096]
[280166478000, 314573316096]
[280166486056, 314573316096]
[280166486120, 314573316096]
[280166522952, 314573316096]
[280166551560, 314573316096]
[280166564032, 314573316096]
[280166592704, 314573316096]
[280166608904, 314573316096]
[280166621288, 314573316096]
[280166625400, 314573316096]
[280166629480, 314573316096]
[280166641672, 314573316096]
[280166658152, 314573316096]
[280166662304, 314573316096]
[280166662336, 314573316096]
[280166682728, 314573316096]
[280166686824, 314573316096]
[280166694920, 314573316096]
[280166707376, 314573316096]
[280166867136, 314573316096]
[280166903984, 314573316096]
[280166916272, 314573316096]
[280166924432, 314573316096]
[280167002304, 314573316096]
[280167129264, 314573316096]
[280167207056, 314573316096]
[280170160200, 314573316096]
[280170225736, 314573316096]
[285081620488, 314573316096]
[285081649328, 314573316096]
[285081653256, 314573316096]
[285081657344, 314573316096]
[285081657536, 314573316096]
[285081665544, 314573316096]
[285081702648, 314573316096]
[285081710832, 314573316096]
[285081714864, 314573316096]
[285081735344, 314573316096]
[285081804904, 314573316096]
[285081837792, 314573316096]
[285081870512, 314573316096]
[285081882816, 314573316096]
[285081899184, 314573316096]
[285081903112, 314573316096]
[285082087600, 314573316096]
[285082095792, 314573316096]
[285082104000, 314573316096]
[285082132672, 314573316096]
[285082136768, 314573316096]
[285082157232, 314573316096]
[285082165440, 314573316096]
[285082173632, 314573316096]
[285082198120, 314573316096]
[285082206312, 314573316096]
[285082210480, 314573316096]
[285082263656, 314573316096]
[285082321072, 314573316096]
[285082329192, 314573316096]
[285082550296, 314573316096]
[289996824576, 314573316096]
[289996861600, 314573316096]
[289996869808, 314573316096]
[289996906504, 314573316096]
[289996914880, 314573316096]
[289996923128, 314573316096]
[289996951560, 314573316096]
[289996955656, 314573316096]
[289996968040, 314573316096]
[289996984496, 314573316096]
[289997017248, 314573316096]
[289997021376, 314573316096]
[289997066344, 314573316096]
[289997090936, 314573316096]
[289997095016, 314573316096]
[289997099184, 314573316096]
[289997103208, 314573316096]
[289997140160, 314573316096]
[289997201416, 314573316096]
[289997275240, 314573316096]
[289997279336, 314573316096]
[289997295808, 314573316096]
[289997299720, 314573316096]
[289997308096, 314573316096]
[289997381824, 314573316096]
[289997410496, 314573316096]
[289997426880, 314573316096]
[289997443248, 314573316096]
[289997459560, 314573316096]
[289997471848, 314573316096]
[289997500608, 314573316096]
[289997516992, 314573316096]
[289997537472, 314573316096]
[289997582512, 314573316096]
[289997873344, 314573316096]
[289997881536, 314573316096]
[289997893808, 314573316096]
[289997902000, 314573316096]
[289997906096, 314573316096]
[289997914288, 314573316096]
[289997930688, 314573316096]
[289997934664, 314573316096]
[289997942976, 314573316096]
[289997975728, 314573316096]
[289997988016, 314573316096]
[289998045360, 314573316096]
[289998069952, 314573316096]
[289998106816, 314573316096]
[289998123200, 314573316096]
[289998151856, 314573316096]
[289998319792, 314573316096]
[289998348480, 314573316096]
[289998401712, 314573316096]
[289998938184, 314573316096]
[294912012464, 314573316096]
[294912016424, 314573316096]
[294912024680, 314573316096]
[294912028672, 314573316096]
[294912045056, 314573316096]
[294912053248, 314573316096]
[294912061616, 314573316096]
[294912065712, 314573316096]
[294912114696, 314573316096]
[294912122880, 314573316096]
[294912167944, 314573316096]
[294912192616, 314573316096]
[294912192688, 314573316096]
[294912200704, 314573316096]
[294912209072, 314573316096]
[294912319592, 314573316096]
[294912356544, 314573316096]
[294912381120, 314573316096]
[294912385216, 314573316096]
[294912438376, 314573316096]
[294912467120, 314573316096]
[294912467136, 314573316096]
[294912544872, 314573316096]
[294912549040, 314573316096]
[294912553152, 314573316096]
[294912565424, 314573316096]
[294912602216, 314573316096]
[294912667824, 314573316096]
[294912696512, 314573316096]
[294912753840, 314573316096]
[294912794800, 314573316096]
[294912798896, 314573316096]
[294912811200, 314573316096]
[294912839872, 314573316096]
[294912848064, 314573316096]
[294912864448, 314573316096]
[294912884928, 314573316096]
[294912901296, 314573316096]
[294912905320, 314573316096]
[294912921776, 314573316096]
[294913056960, 314573316096]
[294913065152, 314573316096]
[294913069248, 314573316096]
[294913073344, 314573316096]
[294913106112, 314573316096]
[294913110208, 314573316096]
[294913282224, 314573316096]
[299827212464, 314573316096]
[299827232776, 314573316096]
[299827253248, 314573316096]
[299827277952, 314573316096]
[299827286024, 314573316096]
[299827290120, 314573316096]
[299827294208, 314573316096]
[299827323008, 314573316096]
[299827326976, 314573316096]
[299827368128, 314573316096]
[299827412992, 314573316096]
[299827417264, 314573316096]
[299827478704, 314573316096]
[299827486824, 314573316096]
[299827499200, 314573316096]
[299827507208, 314573316096]
[299827523584, 314573316096]
[299827527784, 314573316096]
[299827531880, 314573316096]
[299827544240, 314573316096]
[299827548352, 314573316096]
[299827560640, 314573316096]
[299827577008, 314573316096]
[299827597488, 314573316096]
[299827630088, 314573316096]
[299827638280, 314573316096]
[299827658760, 314573316096]
[299827666952, 314573316096]
[299827687432, 314573316096]
[299827699784, 314573316096]
[299827716288, 314573316096]
[299827802304, 314573316096]
[299828048064, 314573316096]
[299828052160, 314573316096]
[299828068544, 314573316096]
[299828080832, 314573316096]
[299828097216, 314573316096]
[299828138176, 314573316096]
[299828211904, 314573316096]
[299828375744, 314573316096]
[299828383936, 314573316096]
[299828400320, 314573316096]
[299828408512, 314573316096]
[299828465856, 314573316096]
[304742404288, 314573316096]
[304742408368, 314573316096]
[304742453488, 314573316096]
[304742469880, 314573316096]
[304742473832, 314573316096]
[304742473976, 314573316096]
[304742490240, 314573316096]
[304742498312, 314573316096]
[304742510784, 314573316096]
[304742523072, 314573316096]
[304742535192, 314573316096]
[304742543368, 314573316096]
[304742596800, 314573316096]
[304742600896, 314573316096]
[304742645864, 314573316096]
[304742686720, 314573316096]
[304742727680, 314573316096]
[304742809704, 314573316096]
[304742822080, 314573316096]
[304742826160, 314573316096]
[304742826176, 314573316096]
[304742916288, 314573316096]
[304742920440, 314573316096]
[304742965352, 314573316096]
[304742965472, 314573316096]
[304742969448, 314573316096]
[304742969592, 314573316096]
[304742990016, 314573316096]
[304742998264, 314573316096]
[304743014592, 314573316096]
[304743022816, 314573316096]
[304743034952, 314573316096]
[304743051440, 314573316096]
[304743067824, 314573316096]
[304743117048, 314573316096]
[304743121072, 314573316096]
[304743137280, 314573316096]
[304743162104, 314573316096]
[304743186536, 314573316096]
[304743198896, 314573316096]
[304743280864, 314573316096]
[304743321728, 314573316096]
[304743329896, 314573316096]
[304743358568, 314573316096]
[304743383264, 314573316096]
[304743391360, 314573316096]
[304743411936, 314573316096]
[304743452920, 314573316096]
[304743465064, 314573316096]
[304743469160, 314573316096]
[304743481520, 314573316096]
[304743538864, 314573316096]
[304743542960, 314573316096]
[304743604400, 314573316096]
[304743620712, 314573316096]
[304743624808, 314573316096]
[304743698536, 314573316096]
[304743743712, 314573316096]
[304743874664, 314573316096]
[304743919720, 314573316096]
[304743940224, 314573316096]
[304744059008, 314573316096]
[304744063104, 314573316096]
[304744108160, 314573316096]
[304744116328, 314573316096]
[304744128616, 314573316096]
[309657604136, 314573316096]
[309657608232, 314573316096]
[309657665760, 314573316096]
[309657722904, 314573316096]
[309657727104, 314573316096]
[309657739440, 314573316096]
[309657751656, 314573316096]
[309657768064, 314573316096]
[309657796784, 314573316096]
[309657800880, 314573316096]
[309657808920, 314573316096]
[309657829504, 314573316096]
[309657841768, 314573316096]
[309657854144, 314573316096]
[309657858272, 314573316096]
[309657862248, 314573316096]
[309657886824, 314573316096]
[309657895016, 314573316096]
[309657940072, 314573316096]
[309657940112, 314573316096]
[309657972840, 314573316096]
[309657997552, 314573316096]
[309658005680, 314573316096]
[309658009776, 314573316096]
[309658022064, 314573316096]
[309658038464, 314573316096]
[309658058856, 314573316096]
[309658071216, 314573316096]
[309658071288, 314573316096]
[309658075176, 314573316096]
[309658091768, 314573316096]
[309658108096, 314573316096]
[309658132584, 314573316096]
[309658169416, 314573316096]
[309658181808, 314573316096]
[309658194168, 314573316096]
[309658210552, 314573316096]
[309658218600, 314573316096]
[309658230888, 314573316096]
[309658239224, 314573316096]
[309658251304, 314573316096]
[309658345720, 314573316096]
[309658349816, 314573316096]
[309658353840, 314573316096]
[309658370296, 314573316096]
[309658427568, 314573316096]
[309658488960, 314573316096]
[309658525944, 314573316096]
[309658574872, 314573316096]
[309658624024, 314573316096]
[309658710144, 314573316096]
[309658710264, 314573316096]
[309658816640, 314573316096]
[309658824832, 314573316096]
[309658886272, 314573316096]
[309658919040, 314573316096]
[309658927128, 314573316096]
[309659140224, 314573316096]
[309659144320, 314573316096]
[309659472000, 314573316096]
[309659697280, 314573316096]
[309659709568, 314573316096]
[309660233752, 314573316096]
[309660332056, 314573316096]
[314572804224, 314573316096]
[314572808416, 314573316096]
[314572820704, 314573316096]
[314572832776, 314573316096]
[314572836872, 314573316096]
[314572841208, 314573316096]
[314572853496, 314573316096]
[314572873768, 314573316096]
[314572918792, 314573316096]
[314573000808, 314573316096]
[314573004928, 314573316096]
[314573009024, 314573316096]
[314573033632, 314573316096]
[314573045880, 314573316096]
[314573094920, 314573316096]
[314573111416, 314573316096]
[314573144184, 314573316096]
[314573152376, 314573316096]
[314573172912, 314573316096]
[314573242528, 314573316096]
[314573316096, 314573332600]
[314573316096, 314573336696]
[314573316096, 314573377760]
[314573316096, 314573488152]
[314573316096, 314573529336]
[314573316096, 314573606936]
[314573316096, 314573619328]
[314573316096, 314573627496]
[314573316096, 314573660184]
[314573316096, 314573807640]
[314573316096, 314573807656]
[314573316096, 314573828200]
[314573316096, 314573852896]
[314573316096, 314573860992]
[314573316096, 314573987864]
[314573316096, 314574090280]
[314573316096, 314574135424]
[314573316096, 314574147712]
[314573316096, 314574221336]
[314573316096, 314574254104]
[314573316096, 314574282776]
[314573316096, 314574397568]
[314573316096, 314574434432]
[314573316096, 314574438528]
[314573316096, 314574545024]
[314573316096, 314574581800]
[314573316096, 314574590080]
[314573316096, 314574647336]
[314573316096, 314574667800]
[314573316096, 314574704680]
[314573316096, 314574712872]
[314573316096, 314574766120]
[314573316096, 314574962864]
[314573316096, 319488041208]
[314573316096, 319488045096]
[314573316096, 319488069656]
[314573316096, 319488073952]
[314573316096, 319488073976]
[314573316096, 319488094432]
[314573316096, 319488098528]
[314573316096, 319488106744]
[314573316096, 319488114712]
[314573316096, 319488229448]
[314573316096, 319488245784]
[314573316096, 319488253960]
[314573316096, 319488270560]
[314573316096, 319488286944]
[314573316096, 319488364544]
[314573316096, 319488425992]
[314573316096, 319488450560]
[314573316096, 319488491528]
[314573316096, 319488512248]
[314573316096, 319488573448]
[314573316096, 319488573464]
[314573316096, 319488602112]
[314573316096, 319488610544]
[314573316096, 319488618624]
[314573316096, 319488622616]
[314573316096, 319488643112]
[314573316096, 319488696568]
[314573316096, 319488720896]
[314573316096, 319488729088]
[314573316096, 319488729336]
[314573316096, 319488753912]
[314573316096, 319488798968]
[314573316096, 319488806912]
[314573316096, 319488823520]
[314573316096, 319488983080]
[314573316096, 319489044728]
[314573316096, 319489056776]
[314573316096, 319489069304]
[314573316096, 319489073400]
[314573316096, 319489101952]
[314573316096, 319489118336]
[314573316096, 319489159416]
[314573316096, 319489499136]
[314573316096, 319489614048]
[314573316096, 319489642536]
[314573316096, 319489822744]
[314573316096, 324403277944]
[314573316096, 324403282040]
[314573316096, 324403306736]
[314573316096, 324403347696]
[314573316096, 324403372152]
[314573316096, 324403441688]
[314573316096, 324403503112]
[314573316096, 324403535896]
[314573316096, 324403621912]
[314573316096, 324403699936]
[314573316096, 324403757176]
[314573316096, 324403847408]
[314573316096, 324403978360]
[314573316096, 324403978368]
[314573316096, 324403978480]
[314573316096, 324404002944]
[314573316096, 324404031712]
[314573316096, 324404056304]
[314573316096, 324404068592]
[314573316096, 324404084736]
[314573316096, 324404179072]
[314573316096, 324404273272]
[314573316096, 324404301824]
[314573316096, 324404318328]
[314573316096, 324404342912]
[314573316096, 324404441328]
[314573316096, 324404563968]
[314573316096, 324404781184]
[314573316096, 324404805760]
[314573316096, 324405002240]
[314573316096, 324405006336]
[314573316096, 324405067776]
[314573316096, 324405137432]
[314573316096, 324405379096]
[314573316096, 324405383192]
[314573316096, 324405669912]
[314573316096, 324405813272]
[314573316096, 324405829656]
[314573316096, 324405846040]
[314573316096, 329318437088]
[314573316096, 329318469872]
[314573316096, 329318482040]
[314573316096, 329318531312]
[314573316096, 329318568184]
[314573316096, 329318588416]
[314573316096, 329318645800]
[314573316096, 329318645880]
[314573316096, 329318662272]
[314573316096, 329318686848]
[314573316096, 329318699128]
[314573316096, 329318727808]
[314573316096, 329318854680]
[314573316096, 329318891640]
[314573316096, 329318920264]
[314573316096, 329318948872]
[314573316096, 329318969464]
[314573316096, 329318977776]
[314573316096, 329319006432]
[314573316096, 329319014544]
[314573316096, 329319055488]
[314573316096, 329319100416]
[314573316096, 329319125232]
[314573316096, 329319186656]
[314573316096, 329319207152]
[314573316096, 329319248096]
[314573316096, 329319350512]
[314573316096, 329319387176]
[314573316096, 329319526424]
[314573316096, 329319591960]
[314573316096, 329319629040]
[314573316096, 329319698456]
[314573316096, 329320661016]
[314573316096, 329320718360]
[314573316096, 334233678048]
[314573316096, 334233706616]
[314573316096, 334233714928]
[314573316096, 334233735288]
[314573316096, 334233735408]
[314573316096, 334233739288]
[314573316096, 334233743368]
[314573316096, 334233759872]
[314573316096, 334233768064]
[314573316096, 334233776376]
[314573316096, 334233792736]
[314573316096, 334233796648]
[314573316096, 334233850080]
[314573316096, 334233874680]
[314573316096, 334233878768]
[314573316096, 334233915520]
[314573316096, 334233919512]
[314573316096, 334233936096]
[314573316096, 334233948408]
[314573316096, 334233952376]
[314573316096, 334233997352]
[314573316096, 334234009760]
[314573316096, 334234034336]
[314573316096, 334234079392]
[314573316096, 334234103968]
[314573316096, 334234140672]
[314573316096, 334234173664]
[314573316096, 334234181856]
[314573316096, 334234185952]
[314573316096, 334234230808]
[314573316096, 334234230824]
[314573316096, 334234239016]
[314573316096, 334234255520]
[314573316096, 334234288288]
[314573316096, 334234337440]
[314573316096, 334234419200]
[314573316096, 334234460320]
[314573316096, 334234472608]
[314573316096, 334234505456]
[314573316096, 334234517744]
[314573316096, 334234521624]
[314573316096, 334234566896]
[314573316096, 334234800128]
[314573316096, 334234829040]
[314573316096, 334234849520]
[314573316096, 334234918952]
[314573316096, 334234931424]
[314573316096, 334234947824]
[314573316096, 334234992864]
[314573316096, 334235009064]
[314573316096, 334235091184]
[314573316096, 334235136240]
[314573316096, 334235209768]
[314573316096, 334235234544]
[314573316096, 334235508960]
[314573316096, 334235549736]
[314573316096, 334235750640]
[314573316096, 339148816424]
[314573316096, 339148837104]
[314573316096, 339148841000]
[314573316096, 339148849296]
[314573316096, 339148849400]
[314573316096, 339148861568]
[314573316096, 339148873848]
[314573316096, 339148882040]
[314573316096, 339148886176]
[314573316096, 339148910712]
[314573316096, 339148914832]
[314573316096, 339148923040]
[314573316096, 339148951792]
[314573316096, 339148968064]
[314573316096, 339148980464]
[314573316096, 339148984464]
[314573316096, 339149008936]
[314573316096, 339149017336]
[314573316096, 339149025528]
[314573316096, 339149037712]
[314573316096, 339149062288]
[314573316096, 339149066464]
[314573316096, 339149156512]
[314573316096, 339149172880]
[314573316096, 339149201552]
[314573316096, 339149209640]
[314573316096, 339149238280]
[314573316096, 339149238432]
[314573316096, 339149283488]
[314573316096, 339149295776]
[314573316096, 339149308048]
[314573316096, 339149308128]
[314573316096, 339149316240]
[314573316096, 339149328408]
[314573316096, 339149340832]
[314573316096, 339149353000]
[314573316096, 339149389968]
[314573316096, 339149754592]
[314573316096, 339149758504]
[314573316096, 339149766680]
[314573316096, 339149987880]
[314573316096, 339150065704]
[314573316096, 339150520360]
[314573316096, 344064004344]
[314573316096, 344064012536]
[314573316096, 344064020728]
[314573316096, 344064032928]
[314573316096, 344064041184]
[314573316096, 344064069760]
[314573316096, 344064086176]
[314573316096, 344064086256]
[314573316096, 344064110720]
[314573316096, 344064114728]
[314573316096, 344064123128]
[314573316096, 344064127200]
[314573316096, 344064139504]
[314573316096, 344064155768]
[314573316096, 344064163968]
[314573316096, 344064168176]
[314573316096, 344064184448]
[314573316096, 344064184464]
[314573316096, 344064229504]
[314573316096, 344064237592]
[314573316096, 344064245880]
[314573316096, 344064262384]
[314573316096, 344064266384]
[314573316096, 344064278688]
[314573316096, 344064290824]
[314573316096, 344064307448]
[314573316096, 344064311544]
[314573316096, 344064319608]
[314573316096, 344064323728]
[314573316096, 344064332000]
[314573316096, 344064340088]
[314573316096, 344064356592]
[314573316096, 344064364544]
[314573316096, 344064368784]
[314573316096, 344064372984]
[314573316096, 344064397320]
[314573316096, 344064405504]
[314573316096, 344064495760]
[314573316096, 344064524536]
[314573316096, 344064532480]
[314573316096, 344064549112]
[314573316096, 344064565496]
[314573316096, 344064626688]
[314573316096, 344064639120]
[314573316096, 344064643200]
[314573316096, 344064680008]
[314573316096, 344064680184]
[314573316096, 344064684160]
[314573316096, 344064688272]
[314573316096, 344064700544]
[314573316096, 344064712952]
[314573316096, 344064794872]
[314573316096, 344064839904]
[314573316096, 344064860408]
[314573316096, 344064897272]
[314573316096, 344064905464]
[314573316096, 344065249304]
[314573316096, 344065282120]
[314573316096, 344065413144]
[314573316096, 348979224824]
[314573316096, 348979245216]
[314573316096, 348979261568]
[314573316096, 348979261584]
[314573316096, 348979306736]
[314573316096, 348979319032]
[314573316096, 348979327096]
[314573316096, 348979339512]
[314573316096, 348979359984]
[314573316096, 348979380464]
[314573316096, 348979384568]
[314573316096, 348979392656]
[314573316096, 348979400952]
[314573316096, 348979404808]
[314573316096, 348979404920]
[314573316096, 348979441912]
[314573316096, 348979446008]
[314573316096, 348979462392]
[314573316096, 348979478568]
[314573316096, 348979515640]
[314573316096, 348979593344]
[314573316096, 348979609728]
[314573316096, 348979663008]
[314573316096, 348979667072]
[314573316096, 348979691520]
[314573316096, 348979691680]
[314573316096, 348979699752]
[314573316096, 348979794080]
[314573316096, 348979798176]
[314573316096, 348979802272]
[314573316096, 348979896320]
[314573316096, 348979921056]
[314573316096, 348979941376]
[314573316096, 348979994784]
[314573316096, 348980047872]
[314573316096, 348980113408]
[314573316096, 348980310056]
[314573316096, 348980482072]
[314573316096, 348980502552]
[314573316096, 348980690968]
[314573316096, 348980695064]
[314573316096, 348980809768]
[314573316096, 348980920360]
[314573316096, 348981293096]
[314573316096, 348981432360]
[314573316096, 348982050856]
[314573316096, 348982153256]
[314573316096, 348982239272]
[314573316096, 348982362152]
[314573316096, 353894404224]
[314573316096, 353894416512]
[314573316096, 353894416544]
[314573316096, 353894498432]
[314573316096, 353894498544]
[314573316096, 353894502528]
[314573316096, 353894518928]
[314573316096, 353894523000]
[314573316096, 353894527120]
[314573316096, 353894531216]
[314573316096, 353894535408]
[314573316096, 353894547696]
[314573316096, 353894559904]
[314573316096, 353894568096]
[314573316096, 353894596768]
[314573316096, 353894604928]
[314573316096, 353894605048]
[314573316096, 353894674560]
[314573316096, 353894699128]
[314573316096, 353894748320]
[314573316096, 353894748408]
[314573316096, 353894756352]
[314573316096, 353894768648]
[314573316096, 353894781048]
[314573316096, 353894797432]
[314573316096, 353894805504]
[314573316096, 353894834296]
[314573316096, 353894854816]
[314573316096, 353894879352]
[314573316096, 353894981880]
[314573316096, 353894994168]
[314573316096, 353895026808]
[314573316096, 353895030792]
[314573316096, 353895121016]
[314573316096, 353895129208]
[314573316096, 353895145632]
[314573316096, 353895157784]
[314573316096, 353895206920]
[314573316096, 353895256072]
[314573316096, 353895256088]
[314573316096, 353895293088]
[314573316096, 353895391256]
[314573316096, 353895411872]
[314573316096, 353895448800]
[314573316096, 353895469280]
[314573316096, 353895538696]
[314573316096, 353895563272]
[314573316096, 353895706848]
[314573316096, 353895768288]
[314573316096, 353895854304]
[314573316096, 353896402952]
[314573316096, 353896870112]
[314573316096, 353896890592]
[314573316096, 353897394400]
[314573316096, 358809608432]
[314573316096, 358809620640]
[314573316096, 358809624600]
[314573316096, 358809628912]
[314573316096, 358809632896]
[314573316096, 358809657584]
[314573316096, 358809657592]
[314573316096, 358809686144]
[314573316096, 358809690240]
[314573316096, 358809698328]
[314573316096, 358809706496]
[314573316096, 358809718824]
[314573316096, 358809731320]
[314573316096, 358809735296]
[314573316096, 358809735416]
[314573316096, 358809743504]
[314573316096, 358809784360]
[314573316096, 358809809136]
[314573316096, 358809813112]
[314573316096, 358809817336]
[314573316096, 358809829536]
[314573316096, 358809833616]
[314573316096, 358809841808]
[314573316096, 358809845800]
[314573316096, 358809845904]
[314573316096, 358809862304]
[314573316096, 358809878656]
[314573316096, 358809882624]
[314573316096, 358809890936]
[314573316096, 358809899256]
[314573316096, 358809919512]
[314573316096, 358809919616]
[314573316096, 358809927688]
[314573316096, 358809944184]
[314573316096, 358809956472]
[314573316096, 358809972864]
[314573316096, 358809993344]
[314573316096, 358810021896]
[314573316096, 358810034320]
[314573316096, 358810058760]
[314573316096, 358810075280]
[314573316096, 358810087544]
[314573316096, 358810103936]
[314573316096, 358810108048]
[314573316096, 358810112120]
[314573316096, 358810140712]
[314573316096, 358810194144]
[314573316096, 358810206432]
[314573316096, 358810222736]
[314573316096, 358810230928]
[314573316096, 358810239120]
[314573316096, 358810239216]
[314573316096, 358810247312]
[314573316096, 358810263776]
[314573316096, 358810263792]
[314573316096, 358810341616]
[314573316096, 358810361864]
[314573316096, 358810439920]
[314573316096, 358810472456]
[314573316096, 358810488872]
[314573316096, 358810509320]
[314573316096, 358810509552]
[314573316096, 358810525840]
[314573316096, 358810570976]
[314573316096, 358810575088]
[314573316096, 358810583280]
[314573316096, 358810587280]
[314573316096, 358810628104]
[314573316096, 358810640624]
[314573316096, 358810685680]
[314573316096, 358810705960]
[314573316096, 358810718448]
[314573316096, 358810726440]
[314573316096, 358810800352]
[314573316096, 358810812656]
[314573316096, 358810832904]
[314573316096, 358810878176]
[314573316096, 358811070688]
[314573316096, 358811103272]
[314573316096, 358811455528]
[314573316096, 358812078304]
[314573316096, 358812115168]
[314573316096, 363724804216]
[314573316096, 363724845056]
[314573316096, 363724923000]
[314573316096, 363724931200]
[314573316096, 363724964000]
[314573316096, 363724968064]
[314573316096, 363724968096]
[314573316096, 363724988544]
[314573316096, 363724992552]
[314573316096, 363725041672]
[314573316096, 363725041808]
[314573316096, 363725049856]
[314573316096, 363725058192]
[314573316096, 363725082872]
[314573316096, 363725086960]
[314573316096, 363725091056]
[314573316096, 363725095032]
[314573316096, 363725111536]
[314573316096, 363725160456]
[314573316096, 363725168760]
[314573316096, 363725177072]
[314573316096, 363725185064]
[314573316096, 363725246592]
[314573316096, 363725246624]
[314573316096, 363725254784]
[314573316096, 363725271200]
[314573316096, 363725287544]
[314573316096, 363725303952]
[314573316096, 363725312160]
[314573316096, 363725316224]
[314573316096, 363725332600]
[314573316096, 363725377536]
[314573316096, 363725377680]
[314573316096, 363725402256]
[314573316096, 363725439104]
[314573316096, 363725471888]
[314573316096, 363725484176]
[314573316096, 363725492384]
[314573316096, 363725504672]
[314573316096, 363725512864]
[314573316096, 363725516928]
[314573316096, 363725525120]
[314573316096, 363725561984]
[314573316096, 363725611136]
[314573316096, 363725615264]
[314573316096, 363725754408]
[314573316096, 363725811720]
[314573316096, 363725815968]
[314573316096, 363726397464]
[314573316096, 363726450912]
[314573316096, 368640004336]
[314573316096, 368640016624]
[314573316096, 368640020608]
[314573316096, 368640041120]
[314573316096, 368640049400]
[314573316096, 368640073888]
[314573316096, 368640102648]
[314573316096, 368640135416]
[314573316096, 368640143608]
[314573316096, 368640163848]
[314573316096, 368640176256]
[314573316096, 368640176376]
[314573316096, 368640180464]
[314573316096, 368640184392]
[314573316096, 368640184568]
[314573316096, 368640204872]
[314573316096, 368640209016]
[314573316096, 368640213232]
[314573316096, 368640217328]
[314573316096, 368640237712]
[314573316096, 368640258048]
[314573316096, 368640270408]
[314573316096, 368640299080]
[314573316096, 368640303176]
[314573316096, 368640327752]
[314573316096, 368640327824]
[314573316096, 368640340088]
[314573316096, 368640368784]
[314573316096, 368640385032]
[314573316096, 368640385096]
[314573316096, 368640397432]
[314573316096, 368640479480]
[314573316096, 368640508024]
[314573316096, 368640524408]
[314573316096, 368640528504]
[314573316096, 368640528624]
[314573316096, 368640544888]
[314573316096, 368640622832]
[314573316096, 368640635128]
[314573316096, 368640643312]
[314573316096, 368640647408]
[314573316096, 368640725232]
[314573316096, 368640766192]
[314573316096, 368640778488]
[314573316096, 368640782584]
[314573316096, 368640790768]
[314573316096, 368640819224]
[314573316096, 368640827416]
[314573316096, 368640872688]
[314573316096, 368640958712]
[314573316096, 368640983288]
[314573316096, 368640987376]
[314573316096, 368640991472]
[314573316096, 368640999664]
[314573316096, 368641097968]
[314573316096, 368641102072]
[314573316096, 368641114360]
[314573316096, 368641155312]
[314573316096, 368641212664]
[314573316096, 368641241328]
[314573316096, 368641245208]
[314573316096, 368641302600]
[314573316096, 368641314888]
[314573316096, 368641376328]
[314573316096, 368641613896]
[314573316096, 368641622056]
[314573316096, 368641658952]
[314573316096, 368641708104]
[314573316096, 368641769544]
[314573316096, 368641794120]
[314573316096, 368641818664]
[314573316096, 368641843272]
[314573316096, 368641847368]
[314573316096, 368641957960]
[314573316096, 368642023496]
[314573316096, 368642117704]
[314573316096, 368642539560]
[314573316096, 368642695240]
[314573316096, 368642826280]
[314573316096, 373555212528]
[314573316096, 373555216632]
[314573316096, 373555224696]
[314573316096, 373555232896]
[314573316096, 373555237104]
[314573316096, 373555241088]
[314573316096, 373555249296]
[314573316096, 373555331320]
[314573316096, 373555343432]
[314573316096, 373555347696]
[314573316096, 373555351672]
[314573316096, 373555363984]
[314573316096, 373555364088]
[314573316096, 373555368064]
[314573316096, 373555380368]
[314573316096, 373555388664]
[314573316096, 373555404944]
[314573316096, 373555417208]
[314573316096, 373555421312]
[314573316096, 373555425528]
[314573316096, 373555445832]
[314573316096, 373555495160]
[314573316096, 373555515536]
[314573316096, 373555548280]
[314573316096, 373555548304]
[314573316096, 373555564688]
[314573316096, 373555576952]
[314573316096, 373555630200]
[314573316096, 373555630320]
[314573316096, 373555720192]
[314573316096, 373555724528]
[314573316096, 373555749104]
[314573316096, 373555773680]
[314573316096, 373555789944]
[314573316096, 373555806368]
[314573316096, 373555843312]
[314573316096, 373555871888]
[314573316096, 373555908848]
[314573316096, 373555986576]
[314573316096, 373555986672]
[314573316096, 373555990672]
[314573316096, 373555990768]
[314573316096, 373556019320]
[314573316096, 373556039800]
[314573316096, 373556039920]
[314573316096, 373556052208]
[314573316096, 373556060280]
[314573316096, 373556154608]
[314573316096, 373556166896]
[314573316096, 373556211952]
[314573316096, 373556219976]
[314573316096, 373556371616]
[314573316096, 373556486216]
[314573316096, 373556568136]
[314573316096, 373556658248]
[314573316096, 373556662344]
[314573316096, 373556711496]
[314573316096, 373556838560]
[314573316096, 373556858952]
[314573316096, 373557407816]
[314573316096, 373557456968]
[314573316096, 378470404224]
[314573316096, 378470412360]
[314573316096, 378470412528]
[314573316096, 378470420728]
[314573316096, 378470424696]
[314573316096, 378470424816]
[314573316096, 378470461512]
[314573316096, 378470473968]
[314573316096, 378470473976]
[314573316096, 378470482168]
[314573316096, 378470486256]
[314573316096, 378470490232]
[314573316096, 378470527048]
[314573316096, 378470531192]
[314573316096, 378470563968]
[314573316096, 378470588664]
[314573316096, 378470600944]
[314573316096, 378470609016]
[314573316096, 378470609136]
[314573316096, 378470613232]
[314573316096, 378470617216]
[314573316096, 378470621312]
[314573316096, 378470646008]
[314573316096, 378470670456]
[314573316096, 378470674680]
[314573316096, 378470699256]
[314573316096, 378470715640]
[314573316096, 378470752384]
[314573316096, 378470793456]
[314573316096, 378470826224]
[314573316096, 378470891760]
[314573316096, 378470924448]
[314573316096, 378470969488]
[314573316096, 378471092232]
[314573316096, 378471477256]
[314573316096, 378471489696]
[314573316096, 378471505928]
[314573316096, 378471596040]
[314573316096, 378471755920]
[314573316096, 378471899208]
[314573316096, 378472206408]
[314573316096, 378472230984]
[314573316096, 378472882248]
[314573316096, 383385624696]
[314573316096, 383385624816]
[314573316096, 383385628800]
[314573316096, 383385649400]
[314573316096, 383385661560]
[314573316096, 383385665656]
[314573316096, 383385669752]
[314573316096, 383385677952]
[314573316096, 383385694328]
[314573316096, 383385723120]
[314573316096, 383385727216]
[314573316096, 383385731200]
[314573316096, 383385739336]
[314573316096, 383385763960]
[314573316096, 383385768056]
[314573316096, 383385809016]
[314573316096, 383385944304]
[314573316096, 383385956496]
[314573316096, 383385977080]
[314573316096, 383385993464]
[314573316096, 383386001528]
[314573316096, 383386001568]
[314573316096, 383386017912]
[314573316096, 383386017920]
[314573316096, 383386058872]
[314573316096, 383386108152]
[314573316096, 383386132600]
[314573316096, 383386132728]
[314573316096, 383386153088]
[314573316096, 383386194040]
[314573316096, 383386194168]
[314573316096, 383386243320]
[314573316096, 383386251512]
[314573316096, 383386267768]
[314573316096, 383386284104]
[314573316096, 383386288200]
[314573316096, 383386292296]
[314573316096, 383386312824]
[314573316096, 383386353808]
[314573316096, 383386366200]
[314573316096, 383386374288]
[314573316096, 383386403064]
[314573316096, 383386407072]
[314573316096, 383386415224]
[314573316096, 383386484896]
[314573316096, 383386501280]
[314573316096, 383386517576]
[314573316096, 383386546248]
[314573316096, 383386566728]
[314573316096, 383386632264]
[314573316096, 383386693704]
[314573316096, 383386706064]
[314573316096, 383387013264]
[314573316096, 383387037704]
[314573316096, 383387049992]
[314573316096, 383387131912]
[314573316096, 383387140104]
[314573316096, 383387176968]
[314573316096, 383387213896]
[314573316096, 383387230280]
[314573316096, 383387349064]
[314573316096, 383387357256]
[314573316096, 383387406408]
[314573316096, 383387426976]
[314573316096, 383387705352]
[314573316096, 383387852960]
[314573316096, 383388029088]
[314573316096, 383388119200]
[314573316096, 383388340232]
[314573316096, 388300832888]
[314573316096, 388300836984]
[314573316096, 388300861568]
[314573316096, 388300861680]
[314573316096, 388300878064]
[314573316096, 388300898432]
[314573316096, 388300914928]
[314573316096, 388300923120]
[314573316096, 388300931200]
[314573316096, 388300955720]
[314573316096, 388301000832]
[314573316096, 388301004928]
[314573316096, 388301009136]
[314573316096, 388301025352]
[314573316096, 388301029616]
[314573316096, 388301041904]
[314573316096, 388301058168]
[314573316096, 388301058288]
[314573316096, 388301066360]
[314573316096, 388301074576]
[314573316096, 388301078768]
[314573316096, 388301095152]
[314573316096, 388301193376]
[314573316096, 388301209840]
[314573316096, 388301230088]
[314573316096, 388301246624]
[314573316096, 388301258912]
[314573316096, 388301267104]
[314573316096, 388301271168]
[314573316096, 388301373600]
[314573316096, 388301418736]
[314573316096, 388301435128]
[314573316096, 388301480080]
[314573316096, 388301520968]
[314573316096, 388301521144]
[314573316096, 388301553792]
[314573316096, 388301607152]
[314573316096, 388301631616]
[314573316096, 388301635824]
[314573316096, 388301709384]
[314573316096, 388301717576]
[314573316096, 388301717648]
[314573316096, 388301734128]
[314573316096, 388301779016]
[314573316096, 388301787376]
[314573316096, 388301848648]
[314573316096, 388301877320]
[314573316096, 388301881584]
[314573316096, 388302004352]
[314573316096, 388302020736]
[314573316096, 388302028928]
[314573316096, 388302070000]
[314573316096, 388302086384]
[314573316096, 388302303304]
[314573316096, 388302344264]
[314573316096, 388302422088]
[314573316096, 388302463048]
[314573316096, 393216004336]
[314573316096, 393216008312]
[314573316096, 393216012416]
[314573316096, 393216049272]
[314573316096, 393216061680]
[314573316096, 393216069752]
[314573316096, 393216073968]
[314573316096, 393216082040]
[314573316096, 393216098432]
[314573316096, 393216102640]
[314573316096, 393216123120]
[314573316096, 393216164080]
[314573316096, 393216168184]
[314573316096, 393216176200]
[314573316096, 393216184448]
[314573316096, 393216245888]
[314573316096, 393216254192]
[314573316096, 393216258288]
[314573316096, 393216286840]
[314573316096, 393216295032]
[314573316096, 393216307440]
[314573316096, 393216319496]
[314573316096, 393216377072]
[314573316096, 393216389248]
[314573316096, 393216475264]
[314573316096, 393216503936]
[314573316096, 393216516224]
[314573316096, 393216544888]
[314573316096, 393216569504]
[314573316096, 393216589952]
[314573316096, 393216651336]
[314573316096, 393216667776]
[314573316096, 393216675960]
[314573316096, 393216700544]
[314573316096, 393216704640]
[314573316096, 393216725152]
[314573316096, 393216729208]
[314573316096, 393216753784]
[314573316096, 393216761984]
[314573316096, 393216782456]
[314573316096, 393216815232]
[314573316096, 393216823416]
[314573316096, 393216872568]
[314573316096, 393216958536]
[314573316096, 393216962632]
[314573316096, 393216974976]
[314573316096, 393216979064]
[314573316096, 393216991360]
[314573316096, 393216995448]
[314573316096, 393217015936]
[314573316096, 393217032320]
[314573316096, 393217188000]
[314573316096, 393217249400]
[314573316096, 393217441864]
[314573316096, 393217507400]
[314573316096, 393217564744]
[314573316096, 393217704096]
[314573316096, 393218064544]
[314573316096, 398131208320]
[314573316096, 398131208432]
[314573316096, 398131216504]
[314573316096, 398131237104]
[314573316096, 398131257464]
[314573316096, 398131261568]
[314573316096, 398131278064]
[314573316096, 398131294328]
[314573316096, 398131310832]
[314573316096, 398131314808]
[314573316096, 398131314928]
[314573316096, 398131322952]
[314573316096, 398131359864]
[314573316096, 398131368176]
[314573316096, 398131388536]
[314573316096, 398131388544]
[314573316096, 398131429616]
[314573316096, 398131433600]
[314573316096, 398131507272]
[314573316096, 398131519616]
[314573316096, 398131532016]
[314573316096, 398131540208]
[314573316096, 398131548288]
[314573316096, 398131552384]
[314573316096, 398131552400]
[314573316096, 398131552496]
[314573316096, 398131589360]
[314573316096, 398131597384]
[314573316096, 398131622128]
[314573316096, 398131716168]
[314573316096, 398131814472]
[314573316096, 398131875912]
[314573316096, 398131998792]
[314573316096, 398132006984]
[314573316096, 398132027552]
[314573316096, 398132146336]
[314573316096, 398132686992]
[314573316096, 398133194896]
[314573316096, 403046412360]
[314573316096, 403046465656]
[314573316096, 403046473968]
[314573316096, 403046523120]
[314573316096, 403046543480]
[314573316096, 403046543600]
[314573316096, 403046551672]
[314573316096, 403046572152]
[314573316096, 403046629616]
[314573316096, 403046645880]
[314573316096, 403046649976]
[314573316096, 403046654024]
[314573316096, 403046678600]
[314573316096, 403046695152]
[314573316096, 403046789360]
[314573316096, 403046895776]
[314573316096, 403046932624]
[314573316096, 403046965408]
[314573316096, 403047010544]
[314573316096, 403047039104]
[314573316096, 403047071984]
[314573316096, 403047137408]
[314573316096, 403047137520]
[314573316096, 403047141536]
[314573316096, 403047145600]
[314573316096, 403047145632]
[314573316096, 403047276784]
[314573316096, 403047387376]
[314573316096, 403047497968]
[314573316096, 403047518368]
[314573316096, 403047522544]
[314573316096, 403047575792]
[314573316096, 403047633136]
[314573316096, 407961604336]
[314573316096, 407961612528]
[314573316096, 407961632840]
[314573316096, 407961657584]
[314573316096, 407961686088]
[314573316096, 407961690184]
[314573316096, 407961788536]
[314573316096, 407961829496]
[314573316096, 407961829616]
[314573316096, 407961874672]
[314573316096, 407961882864]
[314573316096, 407962144840]
[314573316096, 407962144912]
[314573316096, 407962755216]
[314573316096, 407963148416]
[314573316096, 407963500688]
[314573316096, 407963857040]
[314573316096, 407964508304]
[314573316096, 407964717200]
[314573316096, 407964725392]
[314573316096, 412876808352]
[314573316096, 412876873968]
[314573316096, 412876931144]
[314573316096, 412876976200]
[314573316096, 412877013064]
[314573316096, 412877066312]
[314573316096, 412877094984]
[314573316096, 412877127752]
[314573316096, 412877168712]
[314573316096, 412877291592]
[314573316096, 412877291760]
[314573316096, 412877320432]
[314573316096, 412877324360]
[314573316096, 412877385848]
[314573316096, 412877520968]
[314573316096, 412877537352]
[314573316096, 412877545592]
[314573316096, 412877549712]
[314573316096, 412877660232]
[314573316096, 412877684808]
[314573316096, 412877709384]
[314573316096, 412877795400]
[314573316096, 412877897800]
[314573316096, 412878500000]
[314573316096, 412878766240]
[314573316096, 412878995616]
[314573316096, 412879483040]
[314573316096, 412879515808]
[314573316096, 412879585440]
[314573316096, 412879700128]
[314573316096, 412879708320]
[314573316096, 417792053408]
[314573316096, 417792233544]
[314573316096, 417792319632]
[314573316096, 417792442528]
[314573316096, 417792450704]
[314573316096, 417792495760]
[314573316096, 417792520336]
[314573316096, 417792565320]
[314573316096, 417792622752]
[314573316096, 417792626848]
[314573316096, 417792671816]
[314573316096, 417793138832]
[314573316096, 417793192080]
[314573316096, 417793257616]
[314573316096, 422707368008]
[314573316096, 422707392584]
[314573316096, 422707413152]
[314573316096, 422707638344]
[314573316096, 422707736720]
[314573316096, 422707806280]
[314573316096, 422707822664]
[314573316096, 422707826760]
[314573316096, 422707847328]
[314573316096, 422707916872]
[314573316096, 422707937424]
[314573316096, 422707953736]
[314573316096, 422707986504]
[314573316096, 422708056136]
[314573316096, 422708093000]
[314573316096, 422708129864]
[314573316096, 422708138056]
[314573316096, 422708158536]
[314573316096, 422708252744]
[314573316096, 422708256840]
[314573316096, 422708261024]
[314573316096, 422708322376]
[314573316096, 422708326544]
[314573316096, 422708338760]
[314573316096, 422708457544]
[314573316096, 422708936864]
[314573316096, 422709366944]
[314573316096, 427622416456]
[314573316096, 427622420552]
[314573316096, 427622428816]
[314573316096, 427622449224]
[314573316096, 427622547528]
[314573316096, 427622608968]
[314573316096, 427622637640]
[314573316096, 427622678672]
[314573316096, 427622703248]
[314573316096, 427622707360]
[314573316096, 427622928528]
[314573316096, 427623035024]
[314573316096, 427623043216]
[314573316096, 427623272592]
[314573316096, 427623317648]
[314573316096, 427623358608]
[314573316096, 427623739552]
[314573316096, 427623878816]
[314573316096, 427623997584]
[314573316096, 427624808592]
[314573316096, 432537616528]
[314573316096, 432537653392]
[314573316096, 432537702472]
[314573316096, 432537935944]
[314573316096, 432538206280]
[314573316096, 432538234952]
[314573316096, 432538275912]
[314573316096, 432538415176]
[314573316096, 432538419272]
[314573316096, 432538488976]
[314573316096, 432538554440]
[314573316096, 432538607776]
[314573316096, 432538619976]
[314573316096, 432538767520]
[314573316096, 432538923080]
[314573316096, 432539021472]
[314573316096, 432539099296]
[314573316096, 432539160736]
[314573316096, 432539168840]
[314573316096, 432539242640]
[314573316096, 432539361424]
[314573316096, 432539451536]
[314573316096, 432539668640]
[314573316096, 432539836560]
[314573316096, 432539844768]
[314573316096, 432539848848]
[314573316096, 432539914384]
[314573316096, 432539926688]
[314573316096, 432539971728]
[314573316096, 432540012704]
[314573316096, 432540115104]
[314573316096, 432540356752]
[314573316096, 432540418192]
[314573316096, 437452980296]
[314573316096, 437453242440]
[314573316096, 437453348936]
[314573316096, 437453389896]
[314573316096, 437453426760]
[314573316096, 437453484104]
[314573316096, 437453545616]
[314573316096, 437453648016]
[314573316096, 437453975712]
[314573316096, 437454024864]
[314573316096, 437454135440]
[314573316096, 437454229664]
[314573316096, 437454426272]
[314573316096, 437454459024]
[314573316096, 437454520480]
[314573316096, 437454561424]
[314573316096, 437454655648]
[314573316096, 437454676128]
[314573316096, 437454680224]
[314573316096, 437454737568]
[314573316096, 437454811296]
[314573316096, 437455442080]
[314573316096, 442368131144]
[314573316096, 442368286864]
[314573316096, 442368516240]
[314573316096, 442368520264]
[314573316096, 442368553104]
[314573316096, 442368626832]
[314573316096, 442368675912]
[314573316096, 442368684104]
[314573316096, 442368720968]
[314573316096, 442368790600]
[314573316096, 442368819272]
[314573316096, 442368860232]
[314573316096, 442368901280]
[314573316096, 442368934048]
[314573316096, 442369114184]
[314573316096, 442369458248]
[314573316096, 442369708176]
[314573316096, 447283257416]
[314573316096, 447283281992]
[314573316096, 447283339336]
[314573316096, 447283355720]
[314573316096, 447283404872]
[314573316096, 447283437728]
[314573316096, 447283556424]
[314573316096, 447283621960]
[314573316096, 447283630240]
[314573316096, 447283634248]
[314573316096, 447283650720]
[314573316096, 447283658912]
[314573316096, 447283724360]
[314573316096, 447283748936]
[314573316096, 447283798176]
[314573316096, 447283802272]
[314573316096, 447283818568]
[314573316096, 447283830856]
[314573316096, 447283834952]
[314573316096, 447283839048]
[314573316096, 447283839136]
[314573316096, 447283847328]
[314573316096, 447283859528]
[314573316096, 447283957832]
[314573316096, 447284019272]
[314573316096, 447284162632]
[314573316096, 447284252816]
[314573316096, 447284273224]
[314573316096, 447284293704]
[314573316096, 447284478096]
[314573316096, 447284510864]
[314573316096, 447285362832]
[314573316096, 452198449296]
[314573316096, 452198539336]
[314573316096, 452198543432]
[314573316096, 452198547528]
[314573316096, 452198674504]
[314573316096, 452198715464]
[314573316096, 452198809744]
[314573316096, 452198907976]
[314573316096, 452198944840]
[314573316096, 452198957128]
[314573316096, 452198961224]
[314573316096, 452199157920]
[314573316096, 452199616672]
[314573316096, 452199760032]
[314573316096, 457113677896]
[314573316096, 457113706568]
[314573316096, 457114292384]
[314573316096, 457114439824]
[314573316096, 457114480800]
[314573316096, 457114493088]
[314573316096, 457114566816]
[314573316096, 457114693776]
[314573316096, 457114767520]
[314573316096, 457114824848]
[314573316096, 457114964112]
[314573316096, 462028804168]
[314573316096, 462028808264]
[314573316096, 462028931144]
[314573316096, 462029160520]
[314573316096, 462029168712]
[314573316096, 462029201480]
[314573316096, 462029267016]
[314573316096, 462029324432]
[314573316096, 462029340744]
[314573316096, 462029348936]
[314573316096, 462029389896]
[314573316096, 462029402184]
[314573316096, 462029484176]
[314573316096, 462029672592]
[314573316096, 462029729936]
[314573316096, 462029758608]
[314573316096, 462030139552]
[314573316096, 462030684320]
[314573316096, 466944090184]
[314573316096, 466944151624]
[314573316096, 466944188560]
[314573316096, 466944192584]
[314573316096, 466944262216]
[314573316096, 466944278600]
[314573316096, 466944356424]
[314573316096, 466944368784]
[314573316096, 466944426056]
[314573316096, 466944430152]
[314573316096, 466944507976]
[314573316096, 466944536720]
[314573316096, 466944704584]
[314573316096, 466944753736]
[314573316096, 466944786504]
[314573316096, 466944917576]
[314573316096, 466944999496]
[314573316096, 466945007688]
[314573316096, 466945015880]
[314573316096, 466945122376]
[314573316096, 466945192008]
[314573316096, 466945204296]
[314573316096, 466945208392]
[314573316096, 466945237064]
[314573316096, 466945253448]
[314573316096, 466945314888]
[314573316096, 466945544264]
[314573316096, 466945728584]
[314573316096, 466945740872]
[314573316096, 466945839176]
[314573316096, 471859208264]
[314573316096, 471859232840]
[314573316096, 471859253320]
[314573316096, 471859429520]
[314573316096, 471859621960]
[314573316096, 471859793992]
[314573316096, 471859806280]
[314573316096, 471859830856]
[314573316096, 471859867720]
[314573316096, 471859900488]
[314573316096, 471860006984]
[314573316096, 471860088904]
[314573316096, 471860101192]
[314573316096, 471860105288]
[314573316096, 471860121672]
[314573316096, 471860138056]
[314573316096, 471860215880]
[314573316096, 471860277320]
[314573316096, 471860289608]
[314573316096, 471860404296]
[314573316096, 471860412488]
[314573316096, 471860457544]
[314573316096, 471860621384]
[314573316096, 476774432840]
[314573316096, 476774436936]
[314573316096, 476774449224]
[314573316096, 476774559816]
[314573316096, 476774694984]
[314573316096, 476774735944]
[314573316096, 476774903880]
[314573316096, 476775063624]
[314573316096, 476775080008]
[314573316096, 476775108680]
[314573316096, 476775194696]
[314573316096, 476775223368]
[314573316096, 476775260232]
[314573316096, 481689653320]
[314573316096, 481689673800]
[314573316096, 481689755720]
[314573316096, 481689763912]
[314573316096, 481689989192]
[314573316096, 481690009672]
[314573316096, 481690030152]
[314573316096, 481690337352]
[314573316096, 481690374216]
[314573316096, 481690493000]
[314573316096, 481690558536]
[314573316096, 481690705992]
[314573316096, 481690869832]
[314573316096, 486605905992]
[314573316096, 486605922376]
[314573316096, 486606078024]
[314573316096, 486606291016]
[314573316096, 491521200200]
