[108134727680, 68813099080]
[108134727680, 73728024680]
[108134727680, 73728917608]
[108134727680, 78643413184]
[108134727680, 78644297832]
[108134727680, 78644506816]
[108134727680, 78645252288]
[108134727680, 83559612520]
[108134727680, 83560665192]
[108134727680, 83561009328]
[108134727680, 88473620480]
[108134727680, 88474656960]
[108134727680, 88476061800]
[108134727680, 93389025336]
[108134727680, 93389254760]
[108134727680, 93389651968]
[108134727680, 98304106672]
[108134727680, 98304454848]
[108134727680, 98304942184]
[108134727680, 98304970856]
[108134727680, 98305011904]
[108134727680, 98305769576]
[103220220096, 108134727680]
[103220289728, 108134727680]
[108134727680, 113049665536]
[108134727680, 113049751800]
[108134727680, 117965369472]
[108134727680, 117965742208]
[108134727680, 117965996272]
[108134727680, 117966016752]
[108134727680, 122880033008]
[108134727680, 122880508152]
[108134727680, 122880659528]
[108134727680, 127795753104]
[108134727680, 127796187328]
[108134727680, 127796801592]
[108134727680, 132710416512]
[108134727680, 132710432960]
[108134727680, 132711178248]
[108134727680, 132711915528]
[108134727680, 132712624376]
[108134727680, 137625612528]
[108134727680, 137625780472]
[108134727680, 137625858224]
[108134727680, 137626775608]
[108134727680, 137626910840]
[108134727680, 142540836992]
[108134727680, 142540972104]
[108134727680, 142541037696]
[108134727680, 142541095056]
[108134727680, 142541221992]
[108134727680, 147456712944]
[108134727680, 147456872456]
[108134727680, 147457183816]
[108134727680, 152371552400]
[108134727680, 152371556528]
[108134727680, 152371622112]
[108134727680, 152372383904]
[108134727680, 152372560080]
[108134727680, 152372822160]
[108134727680, 157286404200]
[108134727680, 157286404288]
[108134727680, 157286445296]
[108134727680, 157286518944]
[108134727680, 157286555656]
[108134727680, 157286576136]
[108134727680, 157286662352]
[108134727680, 157286723656]
[108134727680, 157286744256]
[108134727680, 157286781000]
[108134727680, 157286838464]
[108134727680, 157287342152]
[108134727680, 157287375088]
[108134727680, 157287452744]
[108134727680, 162201845968]
[108134727680, 162201940192]
[108134727680, 162202030272]
[108134727680, 162202276016]
[108134727680, 162203005072]
[108134727680, 162203050144]
[108134727680, 162203099280]
[108134727680, 162203160720]
[108134727680, 162203680928]
[108134727680, 162209820760]
[108134727680, 167116820488]
[108134727680, 167117242376]
[108134727680, 167117365440]
[108134727680, 167117484056]
[108134727680, 172032012296]
[108134727680, 172032065544]
[108134727680, 172032077824]
[108134727680, 172032164032]
[108134727680, 172032196784]
[108134727680, 172033089608]
[108134727680, 172033400992]
[108134727680, 172034003032]
[108134727680, 176947269792]
[108134727680, 176947327120]
[108134727680, 176947548336]
[108134727680, 176947658760]
[108134727680, 176947843320]
[108134727680, 176947941536]
[108134727680, 176947970056]
[108134727680, 176948269216]
[108134727680, 176948305928]
[108134727680, 176948400352]
[108134727680, 181862555656]
[108134727680, 181862625424]
[108134727680, 181862752400]
[108134727680, 181862883432]
[108134727680, 181862969448]
[108134727680, 181863501968]
[108134727680, 181863592096]
[108134727680, 181863608480]
[108134727680, 186777870496]
[108134727680, 186778083472]
[108134727680, 186778374384]
[108134727680, 186779340960]
[108134727680, 186779869344]
[108134727680, 191692976376]
[108134727680, 191693140008]
[108134727680, 191693615224]
[108134727680, 191693828200]
[108134727680, 196608057352]
[108134727680, 196608381000]
[108134727680, 196608413720]
[108134727680, 196608520280]
[108134727680, 196608598176]
[108134727680, 196609871944]
[108134727680, 201523204240]
[108134727680, 201523277952]
[108134727680, 201523449880]
[108134727680, 201523470496]
[108134727680, 201523626104]
[108134727680, 201523830944]
[108134727680, 201523986592]
[108134727680, 201525108760]
[108134727680, 206438531072]
[108134727680, 206438588656]
[108134727680, 206438649856]
[108134727680, 206438936824]
[108134727680, 206439104536]
[108134727680, 206439510056]
[108134727680, 206439821560]
[108134727680, 211353657464]
[108134727680, 211353735176]
[108134727680, 211353763960]
[108134727680, 211354230808]
[108134727680, 211354288128]
[108134727680, 211354480880]
[108134727680, 216268804256]
[108134727680, 216268910752]
[108134727680, 216269086728]
[108134727680, 216269480008]
[108134727680, 216269541400]
[108134727680, 221184008432]
[108134727680, 221184012512]
[108134727680, 221184077896]
[108134727680, 221185839248]
[108134727680, 226099306616]
[108134727680, 226099527752]
[108134727680, 226099847312]
[108134727680, 226100867192]
[108134727680, 226102137040]
[108134727680, 231014453376]
[108134727680, 231014518960]
[108134727680, 231014617336]
[108134727680, 231014715552]
[108134727680, 231015059600]
[108134727680, 235929731144]
[108134727680, 235929870584]
[108134727680, 235931099264]
[108134727680, 235931132048]
[108134727680, 240844865608]
[108134727680, 240844898304]
[108134727680, 240845201568]
[108134727680, 240845320336]
[108134727680, 240845426808]
[108134727680, 240845435024]
[108134727680, 240845455584]
[108134727680, 245760008200]
[108134727680, 245760123120]
[108134727680, 245760290840]
[108134727680, 245760634984]
[108134727680, 245760852072]
[108134727680, 250675765392]
[108134727680, 250676940944]
[108134727680, 255590907928]
[108134727680, 255591108728]
[108134727680, 260505612360]
[108134727680, 260505755824]
[108134727680, 260508676168]
[108134727680, 265420804168]
[108134727680, 265421242392]
[108134727680, 265421824072]
[108134727680, 270336188544]
[108134727680, 270336344064]
[108134727680, 275251261440]
[108134727680, 275251519712]
[108134727680, 275252510792]
[108134727680, 275252580528]
[108134727680, 275253981256]
[108134727680, 280166576304]
[108134727680, 280166989968]
[108134727680, 285082108096]
[108134727680, 285082886216]
[108134727680, 289997177008]
[108134727680, 294912176248]
[108134727680, 294912536720]
[108134727680, 304742531296]
[108134727680, 304742711472]
[108134727680, 304742817792]
[108134727680, 304742907928]
[108134727680, 309657620624]
[108134727680, 309657665656]
[108134727680, 309657669856]
[108134727680, 314573754392]
[108134727680, 319488430304]
[108134727680, 319489155296]
[108134727680, 324403462368]
[108134727680, 324404343008]
[108134727680, 329320001576]
[108134727680, 329320394944]
[108134727680, 334233649376]
[108134727680, 334234607640]
[108134727680, 334234959896]
[108134727680, 339148849272]
[108134727680, 339149815848]
[108134727680, 344064274456]
[108134727680, 348981370984]
[108134727680, 348981399728]
[108134727680, 348982538344]
[108134727680, 353896919216]
[108134727680, 358809956376]
[108134727680, 358811439328]
[108134727680, 363725635776]
[108134727680, 368641814600]
[108134727680, 373556846664]
[108134727680, 373557170216]
[108134727680, 373557235888]
[108134727680, 388301729968]
[108134727680, 393217011816]
[108134727680, 393217466560]
[108134727680, 398132289696]
[108134727680, 403046519024]
[108134727680, 403046584320]
[108134727680, 403046629568]
[108134727680, 403046711320]
[108134727680, 403046834352]
[108134727680, 407961673768]
[108134727680, 407962222616]
[108134727680, 407962415280]
[108134727680, 407963140200]
[108134727680, 412876972072]
[108134727680, 412877017112]
[108134727680, 412877119560]
[108134727680, 422707863656]
[108134727680, 427622420640]
[108134727680, 432537764032]
[108134727680, 432538324992]
[108134727680, 432539127880]
[108134727680, 437452812528]
[108134727680, 447284408464]
[108134727680, 452198703128]
[108134727680, 452198957176]
[108134727680, 452199108752]
[108134727680, 457113845984]
[108134727680, 457114689696]
[108134727680, 462029152264]
[108134727680, 466944295152]
[108134727680, 466944577656]
[108134727680, 466944770056]
[108134727680, 466945040408]
[108134727680, 476775342208]
[108134727680, 476775362704]
[108134727680, 481689862264]
[108134727680, 486604980448]
[108134727680, 486605611168]
[108134727680, 486605660184]
[108134727680, 486606245896]
[108134727680, 491520524328]
[108134727680, 491521020024]
[108134727680, 491521556552]
[108134727680, 496435494936]
[108134727680, 496436224008]
[108134727680, 501351280664]
[108134727680, 501351866408]
[108134727680, 506266095840]
[108134727680, 506267201576]
[108134727680, 511182377000]
[108134727680, 511183069408]
[108134727680, 516096913568]
[108134727680, 516097040544]
[108134727680, 516097269768]
[108134727680, 516097392864]
[108134727680, 521011589264]
[108134727680, 521011806352]
[108134727680, 521011888272]
[108134727680, 521012314272]
[108134727680, 521012568288]
[108134727680, 521013309664]
[108134727680, 525926514760]
[108134727680, 530841645080]
[108134727680, 530842198088]
[108134727680, 535757439000]
[108134727680, 535758213192]
[108134727680, 540672761928]
[108134727680, 545589911696]
[108134727680, 555418599584]
[108134727680, 560332931096]
[108134727680, 560333344776]
[108134727680, 570164768928]
[108134727680, 575079411856]
[108134727680, 575080190024]
[108134727680, 575080296520]
[108134727680, 579994136736]
[108134727680, 584910569632]
[108134727680, 594740645960]
[108134727680, 594741534864]
[108134727680, 599655739536]
[108134727680, 614400049296]
[108134727680, 624230731920]
[108134727680, 658637381776]
[108134727680, 658637664416]
[108134727680, 668468584608]
[108134727680, 688129691792]
