[1249280, 356528]
[1249280, 508008]
[1249280, 798720]
[1249280, 987136]
[1249280, 1544352]
[1249280, 1573024]
[1249280, 1695920]
[1249280, 1790112]
[1249280, 2936840]
[1249280, 2940936]
[1249280, 3117064]
[1249280, 3133584]
[1249280, 3350536]
[1249280, 3678352]
[1249280, 4702216]
[1249280, 4916142272]
[1249280, 4917596168]
[1249280, 4917657760]
[1249280, 4917706912]
[1249280, 4917747856]
[1249280, 4917747872]
[1249280, 4917944328]
[1249280, 4918321160]
[1249280, 4918808736]
[1249280, 9830588576]
[1249280, 9830719648]
[1249280, 9831202992]
[1249280, 14745829384]
[1249280, 19660955656]
[1249280, 12496]
[106520, 1249280]
[1249280, 164016]
[1249280, 172208]
[1249280, 200912]
[1249280, 213096]
[1249280, 393320]
[1249280, 450736]
[1249280, 483520]
[1122304, 1249280]
[1151168, 1249280]
[1163440, 1249280]
[1200320, 1249280]
[1249280, 1331376]
[1249280, 1339568]
[1249280, 1429680]
[1249280, 1437872]
[1249280, 1441984]
[1249280, 1528000]
[1249280, 1585344]
[1249280, 1720496]
[1249280, 2044096]
[1249280, 2097344]
[1249280, 2207936]
[1249280, 2224320]
[1249280, 4157584]
[1249280, 5136528]
[1249280, 4915228712]
[1249280, 4915286240]
[1249280, 4915482712]
[1249280, 4915482800]
[1249280, 4915548352]
[1249280, 4915568680]
[1249280, 4915687480]
[1249280, 4916244672]
[1249280, 4918816928]
[1249280, 9830449296]
[1249280, 9830461544]
[1249280, 9830486040]
[1249280, 9830547544]
[1249280, 9830551728]
[1249280, 9830580328]
[1249280, 9830609040]
[1249280, 9830735976]
[1249280, 9830740072]
[1249280, 9830822048]
[1249280, 9830826088]
[1249280, 9830842368]
[1249280, 9830842528]
[1249280, 9830973544]
[1249280, 9831141552]
[1249280, 9831194728]
[1249280, 9831223440]
[1249280, 9831289008]
[1249280, 9831317608]
[1249280, 9831374952]
[1249280, 9831805032]
[1249280, 9831870640]
[1249280, 9831932080]
[1249280, 9832022192]
[1249280, 9832054960]
[1249280, 14745624664]
[1249280, 14745657400]
[1249280, 14745657416]
[1249280, 14745669808]
[1249280, 14745767944]
[1249280, 14745808896]
[1249280, 14745817088]
[1249280, 14745829552]
[1249280, 14745997456]
[1249280, 14746091696]
[1249280, 14746230960]
[1249280, 14746341384]
[1249280, 14746431664]
[1249280, 14746435760]
[1249280, 14746574848]
[1249280, 14746763408]
[1249280, 19660812360]
[1249280, 19660869840]
[1249280, 19660877928]
[1249280, 19660894216]
[1249280, 19660955792]
[1249280, 19661140144]
[1249280, 19661254664]
[1249280, 19661447192]
[1249280, 24576028712]
[1249280, 24576180400]
[1249280, 24576213200]
[1249280, 24576225384]
[1249280, 24576356544]
[1249280, 24577032368]
[1249280, 29491245248]
[1249280, 29491339352]
[1249280, 29491347480]
[1249280, 29491896360]
[1249280, 34406437008]
[1249280, 34406523072]
[1249280, 34406776888]
[1249280, 34406834184]
[1249280, 34406969504]
[1249280, 34407333976]
[1249280, 34407551064]
[1249280, 34407903320]
[1249280, 44237050032]
[1249280, 44237123760]
[1249280, 44237136064]
[1249280, 44237246552]
[1249280, 44237463640]
[1249280, 44237860920]
[1249280, 49152294968]
[1249280, 54067220608]
[1249280, 54067273800]
[1249280, 54067548264]
[1249280, 58982408216]
[1249280, 58982510696]
[1249280, 58982879272]
[1249280, 68812984544]
[1249280, 73728237656]
[1249280, 78643249208]
[1249280, 78643646688]
[1249280, 83559010512]
[1249280, 127795355672]
