[2564240, 78643453952]
[3215368, 78643453952]
[3276808, 78643453952]
[73728839872, 78643453952]
[78643453952, 83561865392]
[78643453952, 93389070576]
[78643453952, 98304630784]
[103219306688, 78643453952]
[113050296464, 78643453952]
[127795429584, 78643453952]
[132710465592, 78643453952]
[137626669264, 78643453952]
[142542016584, 78643453952]
[147456123056, 78643453952]
[147456237672, 78643453952]
[147456262352, 78643453952]
[152371208296, 78643453952]
[167116955840, 78643453952]
[176947265656, 78643453952]
[181863374992, 78643453952]
[181863661728, 78643453952]
[186778636432, 78643453952]
[186779332752, 78643453952]
[186780246176, 78643453952]
[201524404264, 78643453952]
[206438498528, 78643453952]
[206438727784, 78643453952]
[206439297216, 78643453952]
[206440681720, 78643453952]
[221184086256, 78643453952]
[226099753088, 78643453952]
[231015419904, 78643453952]
[240844910736, 78643453952]
[245761409264, 78643453952]
[270336659600, 78643453952]
[280166428744, 78643453952]
[280167792784, 78643453952]
[289996849344, 78643453952]
[294912078048, 78643453952]
[299827495104, 78643453952]
[304743276616, 78643453952]
[314574442624, 78643453952]
[319488753704, 78643453952]
[324403294352, 78643453952]
[324405743640, 78643453952]
[329318990016, 78643453952]
[334233907392, 78643453952]
[344064147632, 78643453952]
[358811578408, 78643453952]
[363725127720, 78643453952]
[368641347656, 78643453952]
[373555417096, 78643453952]
[373556383768, 78643453952]
[388301410328, 78643453952]
[388302381096, 78643453952]
[393216208904, 78643453952]
[393217212536, 78643453952]
[403046846624, 78643453952]
[427622977680, 78643453952]
[437454422176, 78643453952]
[447283765256, 78643453952]
[457114071184, 78643453952]
[466944311336, 78643453952]
[466944376976, 78643453952]
[471859249192, 78643453952]
[471859290152, 78643453952]
[471859650752, 78643453952]
[476774490288, 78643453952]
[481689882624, 78643453952]
[481691304128, 78643453952]
[486605008936, 78643453952]
[486607532040, 78643453952]
[491520659560, 78643453952]
[496436703408, 78643453952]
[516096180232, 78643453952]
[516096471280, 78643453952]
[516097020064, 78643453952]
[525927710960, 78643453952]
[530841976904, 78643453952]
[589826764960, 78643453952]
[668468088992, 78643453952]
[49376, 78643453952]
[635008, 78643453952]
[2531336, 78643453952]
[4186120, 78643453952]
[4915310816, 78643453952]
[4915396608, 78643453952]
[4917325832, 78643453952]
[4918296720, 78643453952]
[4918354080, 78643453952]
[4918501536, 78643453952]
[78643453952, 9831116904]
[14745731216, 78643453952]
[14746542224, 78643453952]
[19660832928, 78643453952]
[19661250720, 78643453952]
[39321837728, 78643453952]
[54067228912, 78643453952]
[58982416544, 78643453952]
[58982449280, 78643453952]
[58982482168, 78643453952]
[73729405032, 78643453952]
[73731272808, 78643453952]
[73731358824, 78643453952]
[78643453952, 83558408368]
[78643453952, 83559252144]
[78643453952, 83560919216]
[78643453952, 88474050680]
[78643453952, 93389623488]
[78643453952, 98304733256]
[103221043392, 78643453952]
[108135026936, 78643453952]
[117965562096, 78643453952]
[122880876792, 78643453952]
[127795732480, 78643453952]
[132710592760, 78643453952]
[132711583752, 78643453952]
[132712120408, 78643453952]
[137626370296, 78643453952]
[137627623552, 78643453952]
[137628156024, 78643453952]
[142541152416, 78643453952]
[142541430792, 78643453952]
[142541721760, 78643453952]
[142541791392, 78643453952]
[142542209168, 78643453952]
[142543298720, 78643453952]
[147456049280, 78643453952]
[147456069688, 78643453952]
[147456532720, 78643453952]
[147456553048, 78643453952]
[147456655520, 78643453952]
[147457151096, 78643453952]
[147457609848, 78643453952]
[152371556576, 78643453952]
[157286490112, 78643453952]
[157287268496, 78643453952]
[157287817376, 78643453952]
[167117017248, 78643453952]
[172032024704, 78643453952]
[172032372880, 78643453952]
[172033634376, 78643453952]
[172034953424, 78643453952]
[176947875848, 78643453952]
[176948252744, 78643453952]
[176949022744, 78643453952]
[186778828928, 78643453952]
[196608012288, 78643453952]
[196608675912, 78643453952]
[206439473280, 78643453952]
[206439530744, 78643453952]
[211353759904, 78643453952]
[216268931072, 78643453952]
[216269484176, 78643453952]
[216271704312, 78643453952]
[221184618568, 78643453952]
[226101678136, 78643453952]
[231014531080, 78643453952]
[235929608440, 78643453952]
[235929731296, 78643453952]
[240845738128, 78643453952]
[240845750392, 78643453952]
[245761597512, 78643453952]
[250675372272, 78643453952]
[255590608920, 78643453952]
[255591080008, 78643453952]
[255591305440, 78643453952]
[260505719032, 78643453952]
[260505997472, 78643453952]
[260506783816, 78643453952]
[270336741448, 78643453952]
[275251998792, 78643453952]
[275255545928, 78643453952]
[280166662264, 78643453952]
[285081989264, 78643453952]
[289997357200, 78643453952]
[294912721040, 78643453952]
[299827585200, 78643453952]
[348979781632, 78643453952]
[348981755944, 78643453952]
[358810009776, 78643453952]
[358810722528, 78643453952]
[368641761320, 78643453952]
[378471350416, 78643453952]
[383386800136, 78643453952]
[388300959864, 78643453952]
[398131904552, 78643453952]
[403047026864, 78643453952]
[412878475424, 78643453952]
[422707740816, 78643453952]
[422707953824, 78643453952]
[427622658224, 78643453952]
[432540242064, 78643453952]
[437453541520, 78643453952]
[437454336160, 78643453952]
[447283814472, 78643453952]
[457113809024, 78643453952]
[457114017968, 78643453952]
[457114103968, 78643453952]
[457114411168, 78643453952]
[462029017312, 78643453952]
[466944450632, 78643453952]
[476774658072, 78643453952]
[476775075968, 78643453952]
[481689637024, 78643453952]
[481689718904, 78643453952]
[486605639704, 78643453952]
[486607568904, 78643453952]
[491520037008, 78643453952]
[491520581872, 78643453952]
[496435556528, 78643453952]
[496435605680, 78643453952]
[496435785768, 78643453952]
[501351858200, 78643453952]
[506266832920, 78643453952]
[525926822128, 78643453952]
[530841850000, 78643453952]
[565248356424, 78643453952]
[565249183904, 78643453952]
[584909021344, 78643453952]
[624230510752, 78643453952]
[634061275296, 78643453952]
[57464, 78643453952]
[151776, 78643453952]
[159968, 78643453952]
[176256, 78643453952]
[176320, 78643453952]
[196680, 78643453952]
[245952, 78643453952]
[262336, 78643453952]
[294952, 78643453952]
[323688, 78643453952]
[376904, 78643453952]
[389208, 78643453952]
[520368, 78643453952]
[524344, 78643453952]
[528632, 78643453952]
[561240, 78643453952]
[589928, 78643453952]
[655552, 78643453952]
[680128, 78643453952]
[78643453952, 823488]
[78643453952, 839688]
[78643453952, 864256]
[78643453952, 872688]
[78643453952, 913568]
[78643453952, 925752]
[78643453952, 991392]
[1032440, 78643453952]
[1126560, 78643453952]
[1286144, 78643453952]
[1351856, 78643453952]
[1523904, 78643453952]
[1630384, 78643453952]
[1908896, 78643453952]
[2015424, 78643453952]
[2277536, 78643453952]
[2441224, 78643453952]
[2445320, 78643453952]
[2490512, 78643453952]
[2703504, 78643453952]
[2797576, 78643453952]
[2822288, 78643453952]
[2990224, 78643453952]
[3096720, 78643453952]
[3149896, 78643453952]
[3162120, 78643453952]
[3309712, 78643453952]
[3330056, 78643453952]
[3895304, 78643453952]
[3907592, 78643453952]
[4059280, 78643453952]
[4165640, 78643453952]
[4362248, 78643453952]
[4714504, 78643453952]
[4796424, 78643453952]
[4841480, 78643453952]
[4849672, 78643453952]
[4870288, 78643453952]
[4882576, 78643453952]
[4902920, 78643453952]
[4907016, 78643453952]
[4911112, 78643453952]
[5066896, 78643453952]
[5107856, 78643453952]
[5148816, 78643453952]
[5161104, 78643453952]
[4915220640, 78643453952]
[4915236864, 78643453952]
[4915236872, 78643453952]
[4915265536, 78643453952]
[4915384424, 78643453952]
[4915413096, 78643453952]
[4915425384, 78643453952]
[4915445968, 78643453952]
[4915449944, 78643453952]
[4915499232, 78643453952]
[4915523808, 78643453952]
[4915527888, 78643453952]
[4915536016, 78643453952]
[4915577056, 78643453952]
[4915613904, 78643453952]
[4915663040, 78643453952]
[4915671232, 78643453952]
[4915707912, 78643453952]
[4915712144, 78643453952]
[4915724448, 78643453952]
[4915749024, 78643453952]
[4915994816, 78643453952]
[4915998912, 78643453952]
[4916109504, 78643453952]
[4916813968, 78643453952]
[4916838560, 78643453952]
[4916846736, 78643453952]
[4916920328, 78643453952]
[4917100552, 78643453952]
[4917272720, 78643453952]
[4917583880, 78643453952]
[4917600400, 78643453952]
[4917719200, 78643453952]
[4917797008, 78643453952]
[4917956752, 78643453952]
[4918075400, 78643453952]
[4918124552, 78643453952]
[4918132880, 78643453952]
[4918182048, 78643453952]
[4918374408, 78643453952]
[4918562824, 78643453952]
[4918599688, 78643453952]
[4918648840, 78643453952]
[4918845600, 78643453952]
[4918861984, 78643453952]
[4918866080, 78643453952]
[4918870176, 78643453952]
[4918882448, 78643453952]
[4918886560, 78643453952]
[4918898848, 78643453952]
[78643453952, 9830404104]
[78643453952, 9830404272]
[78643453952, 9830408400]
[78643453952, 9830453288]
[78643453952, 9830481960]
[78643453952, 9830486056]
[78643453952, 9830551640]
[78643453952, 9830584424]
[78643453952, 9830592672]
[78643453952, 9830604800]
[78643453952, 9830662184]
[78643453952, 9830748264]
[78643453952, 9830752360]
[78643453952, 9830764704]
[78643453952, 9830813904]
[78643453952, 9830883536]
[78643453952, 9830912160]
[78643453952, 9830949040]
[78643453952, 9831100520]
[78643453952, 9831178416]
[78643453952, 9831497904]
[78643453952, 9831506096]
[78643453952, 9831514216]
[78643453952, 9831587944]
[78643453952, 9831821488]
[78643453952, 9831825584]
[14745636888, 78643453952]
[14745743504, 78643453952]
[14745751712, 78643453952]
[14745755872, 78643453952]
[14745768128, 78643453952]
[14745825384, 78643453952]
[14745874432, 78643453952]
[14745923760, 78643453952]
[14745972824, 78643453952]
[14746099720, 78643453952]
[14746300592, 78643453952]
[14746349744, 78643453952]
[19660849312, 78643453952]
[19660853440, 78643453952]
[19660857384, 78643453952]
[19660865760, 78643453952]
[19660877952, 78643453952]
[19660878016, 78643453952]
[19660906552, 78643453952]
[19660914912, 78643453952]
[19660918976, 78643453952]
[19660927168, 78643453952]
[19660955736, 78643453952]
[19660968040, 78643453952]
[19661013096, 78643453952]
[19661082832, 78643453952]
[19661091040, 78643453952]
[19661123744, 78643453952]
[19661262856, 78643453952]
[19661590720, 78643453952]
[19661758688, 78643453952]
[19661832416, 78643453952]
[24576012448, 78643453952]
[24576016528, 78643453952]
[24576073752, 78643453952]
[24576077984, 78643453952]
[24576098464, 78643453952]
[24576184376, 78643453952]
[24576221376, 78643453952]
[24576274592, 78643453952]
[24576311304, 78643453952]
[24576442368, 78643453952]
[24576475280, 78643453952]
[24576581656, 78643453952]
[24576655504, 78643453952]
[24576671888, 78643453952]
[24576864296, 78643453952]
[24576950448, 78643453952]
[24576966680, 78643453952]
[24576987160, 78643453952]
[29491212480, 78643453952]
[29491220704, 78643453952]
[29491236872, 78643453952]
[29491269824, 78643453952]
[29491273752, 78643453952]
[29491290152, 78643453952]
[29491454160, 78643453952]
[29491494920, 78643453952]
[29491740896, 78643453952]
[29491843280, 78643453952]
[29492183080, 78643453952]
[34406416392, 78643453952]
[34406420480, 78643453952]
[34406420608, 78643453952]
[34406424736, 78643453952]
[34406482112, 78643453952]
[34406564016, 78643453952]
[34406588504, 78643453952]
[34406605048, 78643453952]
[34406678632, 78643453952]
[34406715536, 78643453952]
[34406883552, 78643453952]
[34406940816, 78643453952]
[34407014408, 78643453952]
[34407117008, 78643453952]
[34407219224, 78643453952]
[34407346200, 78643453952]
[34407555160, 78643453952]
[34407637080, 78643453952]
[34407755864, 78643453952]
[34407772248, 78643453952]
[34407776344, 78643453952]
[39321608320, 78643453952]
[39321628744, 78643453952]
[39321686224, 78643453952]
[39321731264, 78643453952]
[39321780416, 78643453952]
[39321817144, 78643453952]
[39321817280, 78643453952]
[39321931920, 78643453952]
[39322337368, 78643453952]
[39322341400, 78643453952]
[39322390616, 78643453952]
[39322534112, 78643453952]
[39322603608, 78643453952]
[44236894384, 78643453952]
[44236931096, 78643453952]
[44236935376, 78643453952]
[44237012992, 78643453952]
[44237082832, 78643453952]
[44237168832, 78643453952]
[44237312056, 78643453952]
[44237316136, 78643453952]
[44237459496, 78643453952]
[44237467672, 78643453952]
[44237488336, 78643453952]
[44237656272, 78643453952]
[49152008432, 78643453952]
[49152032944, 78643453952]
[49152041152, 78643453952]
[49152041168, 78643453952]
[49152081992, 78643453952]
[49152094248, 78643453952]
[49152123104, 78643453952]
[49152127200, 78643453952]
[49152241704, 78643453952]
[49152393272, 78643453952]
[49152458840, 78643453952]
[49152467032, 78643453952]
[49152508096, 78643453952]
[49152536768, 78643453952]
[54067298360, 78643453952]
[54067372136, 78643453952]
[54067376168, 78643453952]
[54067396848, 78643453952]
[54067413216, 78643453952]
[54067454056, 78643453952]
[54067532016, 78643453952]
[54067622080, 78643453952]
[54067626176, 78643453952]
[58982412480, 78643453952]
[58982416408, 78643453952]
[58982437112, 78643453952]
[58982445160, 78643453952]
[58982490232, 78643453952]
[58982506552, 78643453952]
[58982612992, 78643453952]
[58982674592, 78643453952]
[58982764752, 78643453952]
[58982781136, 78643453952]
[58982867168, 78643453952]
[58982895824, 78643453952]
[63897604256, 78643453952]
[63897649376, 78643453952]
[63897665712, 78643453952]
[63897686224, 78643453952]
[63897694312, 78643453952]
[63897718928, 78643453952]
[63897722952, 78643453952]
[63897723008, 78643453952]
[63897727064, 78643453952]
[63897735168, 78643453952]
[63897788544, 78643453952]
[63897796816, 78643453952]
[63897808936, 78643453952]
[63898238976, 78643453952]
[68812836872, 78643453952]
[68812849152, 78643453952]
[68812869840, 78643453952]
[68812931312, 78643453952]
[68812972088, 78643453952]
[68812984392, 78643453952]
[68813004872, 78643453952]
[68813013064, 78643453952]
[68813021256, 78643453952]
[68813025280, 78643453952]
[68813037568, 78643453952]
[68813045816, 78643453952]
[68813127704, 78643453952]
[68813136112, 78643453952]
[68813258992, 78643453952]
[68813447288, 78643453952]
[73728012296, 78643453952]
[73728180344, 78643453952]
[73728180432, 78643453952]
[73728184376, 78643453952]
[73728233480, 78643453952]
[73728237688, 78643453952]
[73728323776, 78643453952]
[73729048680, 78643453952]
[73729663080, 78643453952]
[73730240616, 78643453952]
[73730879592, 78643453952]
[73730973800, 78643453952]
[78643261480, 78643453952]
[78643425528, 78643453952]
[78643453952, 78643458152]
[78643453952, 78643482784]
[78643453952, 78643535976]
[78643453952, 78643830888]
[78643453952, 78644133992]
[78643453952, 78644187240]
[78643453952, 78645297344]
[78643453952, 83558437072]
[78643453952, 83558449224]
[78643453952, 83558465560]
[78643453952, 83558465664]
[78643453952, 83558478072]
[78643453952, 83558510632]
[78643453952, 83558559872]
[78643453952, 83558608984]
[78643453952, 83558666432]
[78643453952, 83558715584]
[78643453952, 83558826128]
[78643453952, 83558879392]
[78643453952, 83559075912]
[78643453952, 83559121072]
[78643453952, 83559145592]
[78643453952, 83559153856]
[78643453952, 83559231608]
[78643453952, 83559264448]
[78643453952, 83559714920]
[78643453952, 88473645280]
[78643453952, 88473653288]
[78643453952, 88473944240]
[78643453952, 88473948264]
[78643453952, 88473972896]
[78643453952, 88474022064]
[78643453952, 88474300520]
[78643453952, 88474341584]
[78643453952, 88474427496]
[78643453952, 88474443880]
[78643453952, 88474525800]
[78643453952, 88474640576]
[78643453952, 88474669160]
[78643453952, 88474677424]
[78643453952, 88474927312]
[78643453952, 88475725928]
[78643453952, 88475750576]
[78643453952, 88475783344]
[78643453952, 88475807920]
[78643453952, 88476106856]
[78643453952, 93388808352]
[78643453952, 93388931080]
[78643453952, 93388984512]
[78643453952, 93389000832]
[78643453952, 93389005040]
[78643453952, 93389107328]
[78643453952, 93389152264]
[78643453952, 93389185264]
[78643453952, 93389287432]
[78643453952, 93389316104]
[78643453952, 93389348968]
[78643453952, 93389352968]
[78643453952, 93389402256]
[78643453952, 93389459456]
[78643453952, 93389541584]
[78643453952, 93389910104]
[78643453952, 93389914120]
[78643453952, 98304012328]
[78643453952, 98304020672]
[78643453952, 98304057416]
[78643453952, 98304090232]
[78643453952, 98304164032]
[78643453952, 98304278688]
[78643453952, 98304291064]
[78643453952, 98304339968]
[78643453952, 98304344272]
[78643453952, 98304422128]
[78643453952, 98304565256]
[78643453952, 98304806920]
[78643453952, 98305056960]
[78643453952, 98305138864]
[78643453952, 98305200232]
[78643453952, 98305536176]
[78643453952, 98305740976]
[78643453952, 98306109616]
[78643453952, 98306224232]
[103219261616, 78643453952]
[103219273856, 78643453952]
[103219302520, 78643453952]
[103219339424, 78643453952]
[103219347584, 78643453952]
[103219400952, 78643453952]
[103219433712, 78643453952]
[103219441904, 78643453952]
[103219535880, 78643453952]
[103219548168, 78643453952]
[103219556408, 78643453952]
[103219716200, 78643453952]
[103219748952, 78643453952]
[103219814408, 78643453952]
[103219867824, 78643453952]
[103220302000, 78643453952]
[108134416608, 78643453952]
[108134420520, 78643453952]
[108134486088, 78643453952]
[108134494400, 78643453952]
[108134506672, 78643453952]
[108134568080, 78643453952]
[108134584464, 78643453952]
[108134637640, 78643453952]
[108134670408, 78643453952]
[108134682864, 78643453952]
[108134781136, 78643453952]
[108134883336, 78643453952]
[108135043216, 78643453952]
[108135125064, 78643453952]
[113049669752, 78643453952]
[113049673856, 78643453952]
[113049759816, 78643453952]
[113049841840, 78643453952]
[113050509472, 78643453952]
[113050865768, 78643453952]
[117964832792, 78643453952]
[117964890120, 78643453952]
[117965107328, 78643453952]
[117965144136, 78643453952]
[117965226144, 78643453952]
[117965537440, 78643453952]
[117965603024, 78643453952]
[117965774952, 78643453952]
[117965889664, 78643453952]
[117966303472, 78643453952]
[122880094216, 78643453952]
[122880147512, 78643453952]
[122880155872, 78643453952]
[122880262200, 78643453952]
[122880295040, 78643453952]
[122880303352, 78643453952]
[122880540672, 78643453952]
[122880626808, 78643453952]
[122880741536, 78643453952]
[122880749728, 78643453952]
[122880962664, 78643453952]
[122881134680, 78643453952]
[122881618112, 78643453952]
[127795265560, 78643453952]
[127795298432, 78643453952]
[127795343384, 78643453952]
[127795392736, 78643453952]
[127795511320, 78643453952]
[127795523832, 78643453952]
[127795564672, 78643453952]
[127795572896, 78643453952]
[127795724480, 78643453952]
[127795777536, 78643453952]
[127796113648, 78643453952]
[127796261008, 78643453952]
[127796326488, 78643453952]
[127796408328, 78643453952]
[127796473864, 78643453952]
[132710428832, 78643453952]
[132710457592, 78643453952]
[132710514848, 78643453952]
[132710592520, 78643453952]
[132710629496, 78643453952]
[132710653992, 78643453952]
[132710781152, 78643453952]
[132710813856, 78643453952]
[132710871048, 78643453952]
[132710928456, 78643453952]
[132710936680, 78643453952]
[132710957216, 78643453952]
[132711071872, 78643453952]
[132711108768, 78643453952]
[132711674064, 78643453952]
[132711727112, 78643453952]
[132712243256, 78643453952]
[132712599800, 78643453952]
[137625661448, 78643453952]
[137625661496, 78643453952]
[137625665560, 78643453952]
[137625759968, 78643453952]
[137625792656, 78643453952]
[137625804944, 78643453952]
[137625956496, 78643453952]
[137626058760, 78643453952]
[137626337520, 78643453952]
[137626443936, 78643453952]
[137626464264, 78643453952]
[137626468480, 78643453952]
[137626513568, 78643453952]
[137626595456, 78643453952]
[137626656776, 78643453952]
[137626906784, 78643453952]
[137627041912, 78643453952]
[137627103360, 78643453952]
[137627218080, 78643453952]
[137627279480, 78643453952]
[137627279488, 78643453952]
[137627529336, 78643453952]
[137628082296, 78643453952]
[137628246136, 78643453952]
[137628663928, 78643453952]
[142541025288, 78643453952]
[142541058056, 78643453952]
[142541095072, 78643453952]
[142541144240, 78643453952]
[142541205648, 78643453952]
[142541234296, 78643453952]
[142541267184, 78643453952]
[142541484192, 78643453952]
[142541697080, 78643453952]
[142541889744, 78643453952]
[142541906080, 78643453952]
[142542090344, 78643453952]
[147456073736, 78643453952]
[147456188544, 78643453952]
[147456213112, 78643453952]
[147456299152, 78643453952]
[147456381072, 78643453952]
[147456385200, 78643453952]
[147456426208, 78643453952]
[147456508064, 78643453952]
[147456532488, 78643453952]
[147456590000, 78643453952]
[147456676000, 78643453952]
[147456692384, 78643453952]
[147456700576, 78643453952]
[147456897216, 78643453952]
[147456954440, 78643453952]
[147457413192, 78643453952]
[147457708192, 78643453952]
[147457945760, 78643453952]
[147458117792, 78643453952]
[152371236864, 78643453952]
[152371282080, 78643453952]
[152371298344, 78643453952]
[152371306624, 78643453952]
[152371413000, 78643453952]
[152371450096, 78643453952]
[152371474504, 78643453952]
[152371544256, 78643453952]
[152371617952, 78643453952]
[152371646688, 78643453952]
[152371728424, 78643453952]
[152371765408, 78643453952]
[152371793960, 78643453952]
[152371806368, 78643453952]
[152371822752, 78643453952]
[152371937440, 78643453952]
[152372347128, 78643453952]
[152372580600, 78643453952]
[152372748480, 78643453952]
[157286477984, 78643453952]
[157286522952, 78643453952]
[157286535176, 78643453952]
[157286551592, 78643453952]
[157286604920, 78643453952]
[157286645768, 78643453952]
[157286768712, 78643453952]
[157286797456, 78643453952]
[157286924496, 78643453952]
[157286936616, 78643453952]
[157286940816, 78643453952]
[157286965288, 78643453952]
[157286977560, 78643453952]
[157287301360, 78643453952]
[157287436360, 78643453952]
[157287444552, 78643453952]
[157287518448, 78643453952]
[157287743560, 78643453952]
[162201694448, 78643453952]
[162201743608, 78643453952]
[162201784360, 78643453952]
[162201829384, 78643453952]
[162201845936, 78643453952]
[162201854200, 78643453952]
[162201997488, 78643453952]
[162202021960, 78643453952]
[162202144792, 78643453952]
[162202185752, 78643453952]
[162202234904, 78643453952]
[162202300664, 78643453952]
[162202374304, 78643453952]
[162202710160, 78643453952]
[162202955784, 78643453952]
[162203861152, 78643453952]
[162205839448, 78643453952]
[167116804320, 78643453952]
[167116812464, 78643453952]
[167116824576, 78643453952]
[167116861680, 78643453952]
[167116914848, 78643453952]
[167116951760, 78643453952]
[167117046000, 78643453952]
[167117054024, 78643453952]
[167117070480, 78643453952]
[167117082728, 78643453952]
[167117156392, 78643453952]
[167117160608, 78643453952]
[167117254664, 78643453952]
[167117262992, 78643453952]
[167117418656, 78643453952]
[167117480080, 78643453952]
[167117496344, 78643453952]
[167118102672, 78643453952]
[167118209168, 78643453952]
[172032008200, 78643453952]
[172032008440, 78643453952]
[172032090112, 78643453952]
[172032118824, 78643453952]
[172032176248, 78643453952]
[172032196632, 78643453952]
[172032266464, 78643453952]
[172032352384, 78643453952]
[172032368648, 78643453952]
[172032401528, 78643453952]
[172032442528, 78643453952]
[172032467152, 78643453952]
[172032483488, 78643453952]
[172032487584, 78643453952]
[172032528512, 78643453952]
[172032614520, 78643453952]
[172032761856, 78643453952]
[172032778312, 78643453952]
[172032913568, 78643453952]
[172032954592, 78643453952]
[172033265704, 78643453952]
[176947232792, 78643453952]
[176947532024, 78643453952]
[176947568864, 78643453952]
[176947630256, 78643453952]
[176947650720, 78643453952]
[176947658880, 78643453952]
[176947675296, 78643453952]
[176947687584, 78643453952]
[176947843072, 78643453952]
[176947859544, 78643453952]
[176947945480, 78643453952]
[176947982480, 78643453952]
[176948051992, 78643453952]
[176948244488, 78643453952]
[176948510776, 78643453952]
[176948830232, 78643453952]
[176948990096, 78643453952]
[181862527016, 78643453952]
[181862764616, 78643453952]
[181863190600, 78643453952]
[181863256136, 78643453952]
[181863395568, 78643453952]
[181863440624, 78643453952]
[181863497872, 78643453952]
[186777829448, 78643453952]
[186777846008, 78643453952]
[186777911368, 78643453952]
[186778140848, 78643453952]
[186778263624, 78643453952]
[186778444024, 78643453952]
[186778865720, 78643453952]
[186778873928, 78643453952]
[186778898560, 78643453952]
[186779066592, 78643453952]
[186779173008, 78643453952]
[191692824752, 78643453952]
[191692849312, 78643453952]
[191692873848, 78643453952]
[191692984480, 78643453952]
[191693066384, 78643453952]
[191693168800, 78643453952]
[191693369568, 78643453952]
[191693480128, 78643453952]
[191693557880, 78643453952]
[191693754472, 78643453952]
[191694049488, 78643453952]
[191694209096, 78643453952]
[191694356536, 78643453952]
[196608049392, 78643453952]
[196608061440, 78643453952]
[196608090216, 78643453952]
[196608237808, 78643453952]
[196608475328, 78643453952]
[196608593928, 78643453952]
[196608610376, 78643453952]
[196608675880, 78643453952]
[196608676016, 78643453952]
[196608753824, 78643453952]
[196609474720, 78643453952]
[196609532048, 78643453952]
[201523286016, 78643453952]
[201523372208, 78643453952]
[201523408968, 78643453952]
[201523409056, 78643453952]
[201523445760, 78643453952]
[201523507360, 78643453952]
[201523593456, 78643453952]
[201523695744, 78643453952]
[201523826880, 78643453952]
[201523855504, 78643453952]
[201523904752, 78643453952]
[201524015208, 78643453952]
[201524056120, 78643453952]
[201524240544, 78643453952]
[201524330616, 78643453952]
[201524371544, 78643453952]
[201524576416, 78643453952]
[201524949112, 78643453952]
[206438478064, 78643453952]
[206438494336, 78643453952]
[206438596832, 78643453952]
[206438633648, 78643453952]
[206438678656, 78643453952]
[206439035008, 78643453952]
[206439063800, 78643453952]
[206439141520, 78643453952]
[206439157888, 78643453952]
[206439342272, 78643453952]
[206439624760, 78643453952]
[206439809272, 78643453952]
[206439940344, 78643453952]
[211353604256, 78643453952]
[211353706616, 78643453952]
[211353718856, 78643453952]
[211353755720, 78643453952]
[211353829520, 78643453952]
[211353854176, 78643453952]
[211353870456, 78643453952]
[211353899032, 78643453952]
[211353940216, 78643453952]
[211353968680, 78643453952]
[211354062872, 78643453952]
[211354067168, 78643453952]
[211354112072, 78643453952]
[211354468424, 78643453952]
[211354542152, 78643453952]
[211354632432, 78643453952]
[211354689608, 78643453952]
[211354791992, 78643453952]
[216268894328, 78643453952]
[216268902520, 78643453952]
[216268972224, 78643453952]
[216269049976, 78643453952]
[216269115416, 78643453952]
[216269287496, 78643453952]
[216269394064, 78643453952]
[216269602936, 78643453952]
[216269738224, 78643453952]
[216270065912, 78643453952]
[216270643448, 78643453952]
[216270962936, 78643453952]
[221184004104, 78643453952]
[221184168056, 78643453952]
[221184417816, 78643453952]
[221184442408, 78643453952]
[221184467152, 78643453952]
[221184643192, 78643453952]
[221184749688, 78643453952]
[221185757328, 78643453952]
[221186154616, 78643453952]
[226099290256, 78643453952]
[226099351792, 78643453952]
[226099355888, 78643453952]
[226099359984, 78643453952]
[226099368056, 78643453952]
[226099384392, 78643453952]
[226099474440, 78643453952]
[226099527928, 78643453952]
[226099589240, 78643453952]
[226099712104, 78643453952]
[226099814528, 78643453952]
[226099830904, 78643453952]
[226099867776, 78643453952]
[226100322432, 78643453952]
[231014662384, 78643453952]
[231014694936, 78643453952]
[231015206912, 78643453952]
[231015235584, 78643453952]
[231015411712, 78643453952]
[231016022136, 78643453952]
[235929751680, 78643453952]
[235929825408, 78643453952]
[235929849856, 78643453952]
[235929878672, 78643453952]
[235929927904, 78643453952]
[235930067184, 78643453952]
[235930136704, 78643453952]
[235930173680, 78643453952]
[235930177696, 78643453952]
[235930759328, 78643453952]
[235930976384, 78643453952]
[235931467920, 78643453952]
[240844935392, 78643453952]
[240845017280, 78643453952]
[240845058288, 78643453952]
[240845131896, 78643453952]
[240845209824, 78643453952]
[240845414528, 78643453952]
[240845447192, 78643453952]
[240845508728, 78643453952]
[240845717624, 78643453952]
[245760004344, 78643453952]
[245760012360, 78643453952]
[245760131232, 78643453952]
[245760401480, 78643453952]
[245760442544, 78643453952]
[245760442608, 78643453952]
[245760524408, 78643453952]
[245760643312, 78643453952]
[245760852208, 78643453952]
[245761048816, 78643453952]
[245761101944, 78643453952]
[245761523784, 78643453952]
[250675261560, 78643453952]
[250675384544, 78643453952]
[250675621992, 78643453952]
[250675650600, 78643453952]
[250675728488, 78643453952]
[250675777712, 78643453952]
[250675781808, 78643453952]
[250675863624, 78643453952]
[250675970192, 78643453952]
[250676121744, 78643453952]
[250677108880, 78643453952]
[255590424600, 78643453952]
[255590441104, 78643453952]
[255590572032, 78643453952]
[255590654096, 78643453952]
[260505616544, 78643453952]
[260505821408, 78643453952]
[260505989280, 78643453952]
[260506116168, 78643453952]
[260506898504, 78643453952]
[260508487752, 78643453952]
[260508672072, 78643453952]
[265420845216, 78643453952]
[265421156576, 78643453952]
[265421402272, 78643453952]
[265421598792, 78643453952]
[265422184520, 78643453952]
[270336028696, 78643453952]
[270336180448, 78643453952]
[270336213032, 78643453952]
[270336446656, 78643453952]
[270336520216, 78643453952]
[270336749592, 78643453952]
[270336995472, 78643453952]
[270337257664, 78643453952]
[275251245184, 78643453952]
[275251294384, 78643453952]
[275251298328, 78643453952]
[275251302640, 78643453952]
[275251470408, 78643453952]
[275251675176, 78643453952]
[275251892368, 78643453952]
[275252465736, 78643453952]
[275253035080, 78643453952]
[275253063752, 78643453952]
[275253149768, 78643453952]
[275253997640, 78643453952]
[275254583368, 78643453952]
[280166469872, 78643453952]
[280166514760, 78643453952]
[280166604992, 78643453952]
[280167190600, 78643453952]
[280167411784, 78643453952]
[280167579720, 78643453952]
[285081923808, 78643453952]
[285081972896, 78643453952]
[285082050720, 78643453952]
[285082112024, 78643453952]
[285082738760, 78643453952]
[289997099136, 78643453952]
[289997115520, 78643453952]
[289998831688, 78643453952]
[294912069704, 78643453952]
[294912397552, 78643453952]
[299827302544, 78643453952]
[299827327104, 78643453952]
[299827540160, 78643453952]
[299827695760, 78643453952]
[299827843144, 78643453952]
[299827884176, 78643453952]
[299827994768, 78643453952]
[304742440984, 78643453952]
[304742522880, 78643453952]
[304742748304, 78643453952]
[304742756456, 78643453952]
[304743125168, 78643453952]
[304743256208, 78643453952]
[309657673952, 78643453952]
[309657706744, 78643453952]
[309657817312, 78643453952]
[309658013920, 78643453952]
[309658345712, 78643453952]
[309659664512, 78643453952]
[314572976152, 78643453952]
[314573332584, 78643453952]
[314573410376, 78643453952]
[314573689008, 78643453952]
[314573692952, 78643453952]
[319488049272, 78643453952]
[319488073920, 78643453952]
[319488110600, 78643453952]
[319488217088, 78643453952]
[319488450568, 78643453952]
[319488651408, 78643453952]
[319488688200, 78643453952]
[324403286240, 78643453952]
[324403384512, 78643453952]
[324403536112, 78643453952]
[324403896440, 78643453952]
[329318502440, 78643453952]
[329318641784, 78643453952]
[329318678600, 78643453952]
[329318887568, 78643453952]
[329319120936, 78643453952]
[329319243920, 78643453952]
[329319252008, 78643453952]
[329319755816, 78643453952]
[329319919624, 78643453952]
[334233665640, 78643453952]
[334234480664, 78643453952]
[334234783744, 78643453952]
[334235082896, 78643453952]
[339149123608, 78643453952]
[344064192536, 78643453952]
[344064393464, 78643453952]
[344064454800, 78643453952]
[344064462856, 78643453952]
[344064479480, 78643453952]
[344065134664, 78643453952]
[344065921200, 78643453952]
[348979306568, 78643453952]
[348979503264, 78643453952]
[348979712160, 78643453952]
[348979773480, 78643453952]
[348980215848, 78643453952]
[353894854904, 78643453952]
[353894858752, 78643453952]
[353895096344, 78643453952]
[353895387240, 78643453952]
[353896591584, 78643453952]
[353897119968, 78643453952]
[358809632840, 78643453952]
[358809829520, 78643453952]
[358810423536, 78643453952]
[358810607856, 78643453952]
[358811631792, 78643453952]
[363725066384, 78643453952]
[363725447208, 78643453952]
[363725914120, 78643453952]
[368640024720, 78643453952]
[368640053424, 78643453952]
[368640848112, 78643453952]
[368642666568, 78643453952]
[373555503352, 78643453952]
[373557235736, 78643453952]
[373557248176, 78643453952]
[373557506120, 78643453952]
[373557526600, 78643453952]
[373557694640, 78643453952]
[378470543368, 78643453952]
[378470551792, 78643453952]
[378470940816, 78643453952]
[378471301160, 78643453952]
[378471632904, 78643453952]
[378472030232, 78643453952]
[378472091720, 78643453952]
[378472476696, 78643453952]
[383385792704, 78643453952]
[383386267720, 78643453952]
[383386394848, 78643453952]
[383387017376, 78643453952]
[388300906496, 78643453952]
[388301922376, 78643453952]
[388302622760, 78643453952]
[393216041200, 78643453952]
[393216270456, 78643453952]
[393216446640, 78643453952]
[393216503848, 78643453952]
[393216503984, 78643453952]
[393216925768, 78643453952]
[393217339584, 78643453952]
[398131392584, 78643453952]
[398131769488, 78643453952]
[398131790000, 78643453952]
[398131814440, 78643453952]
[398132015264, 78643453952]
[398132092968, 78643453952]
[398133850304, 78643453952]
[403046502592, 78643453952]
[403046711304, 78643453952]
[403046879360, 78643453952]
[403047354608, 78643453952]
[403047370992, 78643453952]
[407961727200, 78643453952]
[407961976992, 78643453952]
[412877635584, 78643453952]
[412877672520, 78643453952]
[412877762560, 78643453952]
[417792049328, 78643453952]
[417792483504, 78643453952]
[417792536736, 78643453952]
[422707277944, 78643453952]
[422707839120, 78643453952]
[422707978432, 78643453952]
[422708302048, 78643453952]
[427622428832, 78643453952]
[427622662320, 78643453952]
[427623129192, 78643453952]
[427623620800, 78643453952]
[427623796880, 78643453952]
[427624005776, 78643453952]
[432537686016, 78643453952]
[437453082744, 78643453952]
[437453451288, 78643453952]
[437453553664, 78643453952]
[437455397024, 78643453952]
[437455708320, 78643453952]
[437455937696, 78643453952]
[442368246008, 78643453952]
[442368524464, 78643453952]
[442368868544, 78643453952]
[442369306768, 78643453952]
[447283294312, 78643453952]
[447283433576, 78643453952]
[447284297904, 78643453952]
[447284650088, 78643453952]
[457113800728, 78643453952]
[462029185248, 78643453952]
[462029189344, 78643453952]
[462029336736, 78643453952]
[462029820048, 78643453952]
[462030131376, 78643453952]
[462030684352, 78643453952]
[466944106504, 78643453952]
[466944868360, 78643453952]
[466944917528, 78643453952]
[466946179248, 78643453952]
[471859208440, 78643453952]
[471859519528, 78643453952]
[471859577008, 78643453952]
[476774662336, 78643453952]
[476774801432, 78643453952]
[476775235824, 78643453952]
[476777345128, 78643453952]
[481689653488, 78643453952]
[481690140792, 78643453952]
[481690386656, 78643453952]
[481691652288, 78643453952]
[481691709480, 78643453952]
[486606467096, 78643453952]
[486607188160, 78643453952]
[486607540232, 78643453952]
[491520839928, 78643453952]
[491521282056, 78643453952]
[496435286144, 78643453952]
[496435380224, 78643453952]
[496435433512, 78643453952]
[496435781672, 78643453952]
[496436744384, 78643453952]
[496436764744, 78643453952]
[496436912320, 78643453952]
[501350654128, 78643453952]
[501352312872, 78643453952]
[506265706616, 78643453952]
[506266726560, 78643453952]
[506267365400, 78643453952]
[511181029400, 78643453952]
[516096323592, 78643453952]
[516096593944, 78643453952]
[516096901280, 78643453952]
[516096921840, 78643453952]
[516098633768, 78643453952]
[521011318904, 78643453952]
[521011998760, 78643453952]
[530843840536, 78643453952]
[535757021344, 78643453952]
[535759556632, 78643453952]
[540672921720, 78643453952]
[550502596728, 78643453952]
[550502740008, 78643453952]
[550503489656, 78643453952]
[555418841160, 78643453952]
[560333435024, 78643453952]
[560334299160, 78643453952]
[560334946328, 78643453952]
[575079882824, 78643453952]
[579994980512, 78643453952]
[584909279392, 78643453952]
[584909426832, 78643453952]
[584910176416, 78643453952]
[589825745056, 78643453952]
[589826015392, 78643453952]
[589826269344, 78643453952]
[589826707616, 78643453952]
[589826756768, 78643453952]
[599655575712, 78643453952]
[609485000776, 78643453952]
[619315785888, 78643453952]
[619316523080, 78643453952]
[624230543504, 78643453952]
[624230998176, 78643453952]
[624232284304, 78643453952]
[624232452240, 78643453952]
[624232587408, 78643453952]
[629146554512, 78643453952]
[634061275208, 78643453952]
[634063257672, 78643453952]
[643893198920, 78643453952]
[643893231688, 78643453952]
[643893833800, 78643453952]
[658638037136, 78643453952]
[663553290400, 78643453952]
[683212832928, 78643453952]
