[132710682624, 137626386432]
[132710682624, 157286653952]
[132710682624, 162202730504]
[132710682624, 162202787848]
[132710682624, 162202869768]
[132710682624, 172032692232]
[132710682624, 176947793928]
[132710682624, 176947879944]
[132710682624, 181862703112]
[132710682624, 181863338144]
[132710682624, 181863411872]
[132710682624, 181863911568]
[132710682624, 186778869904]
[132710682624, 186779058320]
[132710682624, 186779062416]
[132710682624, 186779390112]
[132710682624, 186779644064]
[132710682624, 196608983200]
[132710682624, 196609085584]
[132710682624, 201523642512]
[132710682624, 201523650704]
[132710682624, 201524121760]
[132710682624, 201524244640]
[132710682624, 206438899856]
[132710682624, 206438989968]
[132710682624, 206439096480]
[132710682624, 211354300560]
[132710682624, 211354321056]
[132710682624, 216269455504]
[132710682624, 216269475984]
[132710682624, 216269480080]
[132710682624, 216269562000]
[132710682624, 216269590672]
[132710682624, 240844824736]
