[106520, 34406457344, 44236865544]
[162201858048, 68813557880]
[1003592, 1024240, 102520, 1028168, 103219269736, 103219609776, 103219830840, 103219884088, 103220523184, 103220539568, 106616, 108134473736, 108134752448, 113049698328, 113049862336, 113050415248, 1138936, 117965488288, 122880180344, 122880258072, 122880340096, 122881106008, 1229040, 123120, 127795212288, 127795413000, 127795908752, 127796228096, 132710494264, 132711125000, 132711317712, 132711645432, 132711661656, 132712083544, 132712177720, 132712190200, 132712652856, 1347656, 1364160, 137625751760, 137626034304, 137626665016, 137628000464, 137628151928, 142540832808, 142541009136, 142541164704, 142541377712, 142541930704, 147456045064, 147456975008, 147457372232, 152371269856, 152371273736, 152371589144, 152371605648, 152371691624, 152372003064, 152372183168, 152373440672, 157286424704, 157286510592, 157286777008, 157287112896, 162201899008, 162202312896, 162203316384, 1634376, 167117455608, 167117643848, 172032348200, 172033138728, 176947253320, 176947536016, 176947568832, 176948473880, 176948879504, 181863182496, 186777727136, 186777874576, 186777919560, 186777952504, 186778165320, 186778493168, 186778960000, 186779738272, 186779959456, 186780188832, 188440, 191692906600, 191693107328, 191693164648, 191693267016, 191693447408, 191694262344, 196608041104, 196608073752, 196608356600, 196608589896, 196608790672, 19660939440, 19661004992, 201523281944, 201523495016, 201523617912, 201523716120, 204800, 206438793216, 206438793224, 206439649304, 209136, 211353784496, 211353809144, 211354042512, 211354067120, 211354497096, 2117704, 216268861560, 216269045768, 221184221344, 221184381176, 221184499904, 221184905336, 221184938144, 226099216608, 226099302400, 226099835128, 226100424848, 231015104760, 231015268496, 2330696, 235929628792, 235929981000, 235930357880, 235930882192, 2367496, 240845131848, 240845185024, 240845414544, 240845475984, 2433096, 245760004256, 245760200928, 245760213000, 24576028696, 245760348280, 245760659480, 24576086256, 245761392880, 245761405000, 24576200880, 245762236488, 24576991256, 24720, 250675511520, 250675560624, 250675761280, 250676523248, 250676625600, 250676732048, 250677051584, 255590432872, 255590514696, 260505796800, 260505972840, 260506079480, 260506132672, 260506136752, 260506329336, 260506452216, 260506763336, 260507156584, 260508168264, 265420816560, 265420988608, 265421004976, 265421156544, 265421418600, 265421541624, 265421738088, 265422094512, 2658496, 270336004288, 270336135344, 270336147632, 270336155824, 270336209016, 270336253992, 270336319496, 270336356456, 270336385216, 270336491624, 270337953984, 2748488, 275251269808, 275251355648, 275251585200, 275251646584, 275251773560, 275251777576, 275251908752, 275251949744, 275251974320, 275252445288, 275252895848, 275252920496, 280166441136, 280166551792, 280166555720, 280166580384, 280166617216, 280166899832, 280167022712, 280167088304, 280167121072, 280168333384, 280168468552, 285081690232, 285081804920, 285082181872, 285082271848, 285082464496, 285082550344, 285082697800, 289996804096, 289996840968, 289996902400, 289996984424, 289997013120, 289997099112, 289997144184, 289997176992, 289997185264, 289997476032, 289997570240, 289997979824, 291056, 294912131080, 294912442608, 294912655464, 294912917648, 294913142960, 294913261744, 294913269936, 294913274032, 29491445864, 29491515400, 299827343488, 299827384568, 299827413232, 299827511488, 299827777560, 299827974336, 299828109504, 299828490432, 304742436992, 304742645936, 304742719608, 304742744184, 304742752376, 304742756376, 304742809720, 304742928560, 304743022840, 304743035072, 304743149672, 304743186608, 304743370928, 304743411840, 304743473280, 304743895144, 309657821360, 309657866344, 309657915512, 309658120432, 309658247344, 309658497152, 309658501296, 309658747008, 309658943616, 314573058176, 314573791360, 319488032896, 319488344184, 319488368880, 319488401480, 319488536648, 319488557128, 319488573512, 319488647240, 324403535944, 324403748984, 324403941496, 329318830208, 329319735536, 334233624696, 334233821312, 334234255504, 334234771528, 334234775624, 334235443344, 339149213856, 339149303952, 339149307976, 339149344840, 339149455432, 339149459528, 339149463624, 339149475912, 339149488200, 344064078064, 344064233592, 344064372896, 344064393288, 344064737408, 344064839752, 344064852040, 344065163336, 34406522904, 34407235672, 34407338072, 344136, 348979372176, 348979404944, 348979404960, 348979466360, 348979482872, 348979622016, 348979703968, 348979740800, 353894694984, 353894764616, 353894801528, 353894985888, 358809632928, 358809682064, 358809776200, 358809985144, 358810046536, 363724837024, 363725160520, 363725267016, 363725320312, 363725365376, 363725394048, 364672, 368640110664, 368640123024, 368640168008, 368641323248, 368641716296, 373555228816, 373555376256, 373555765488, 373555814544, 373555851504, 373556015344, 378470527216, 378472808520, 378472833096, 383385669760, 383386755144, 388301709440, 388301787208, 393216037104, 393216123008, 393216819320, 393216929864, 393217089608, 39321800896, 397432, 398131269752, 398131269872, 398131466312, 403047411952, 432537907272, 437453496392, 44236845264, 442456, 447283249224, 447283544136, 450808, 462029221960, 466944548936, 471860203592, 476775067720, 483400, 49152037040, 4915224736, 4915290136, 4915888216, 4916191424, 4916945040, 4918587400, 54067318904, 54067478776, 54067544304, 58982818000, 61688, 618672, 618744, 63897612416, 63897808984, 73728016592, 73728045080, 73728078072, 73728278616, 73728778416, 73729753264, 73730187368, 753904, 78643654728, 83558580224, 83559157848, 83559317680, 83561808048, 844016, 86024, 88473628896, 88473882816, 88474152960, 88474300416, 88475295936, 905456, 93389181176, 93389275376, 93389414456, 98304028712, 9830428776, 9830441200, 98304569584, 98304684032, 98304700608, 98304704584, 9830477952, 98305663152, 98307379376]
[196608016384, 201523491008]
[34406457344, 8280]
[34406457344, 77864]
[184408, 34406457344]
[286928, 34406457344]
[331968, 34406457344]
[34406457344, 450736]
[34406457344, 593976]
[34406457344, 671800]
[34406457344, 679936]
[34406457344, 741376]
[34406457344, 798824]
[34406457344, 831664]
[34406457344, 835584]
[34406457344, 880696]
[34406457344, 966656]
[1212416, 34406457344]
[1216672, 34406457344]
[1302688, 34406457344]
[1306784, 34406457344]
[1314976, 34406457344]
[1323168, 34406457344]
[1327264, 34406457344]
[1339552, 34406457344]
[1351840, 34406457344]
[1396896, 34406457344]
[1400992, 34406457344]
[1450176, 34406457344]
[1454272, 34406457344]
[1458336, 34406457344]
[1585344, 34406457344]
[1622176, 34406457344]
[1695920, 34406457344]
[1720496, 34406457344]
[1872032, 34406457344]
[1986720, 34406457344]
[2101440, 34406457344]
[2207936, 34406457344]
[2404544, 34406457344]
[2609160, 34406457344]
[2621448, 34406457344]
[2662592, 34406457344]
[2670600, 34406457344]
[2691080, 34406457344]
[2711560, 34406457344]
[2719752, 34406457344]
[2842632, 34406457344]
[2854920, 34406457344]
[2867208, 34406457344]
[2871304, 34406457344]
[2879496, 34406457344]
[2887688, 34406457344]
[2891784, 34406457344]
[2895880, 34406457344]
[2899976, 34406457344]
[2904208, 34406457344]
[2920456, 34406457344]
[2928648, 34406457344]
[2932880, 34406457344]
[2936840, 34406457344]
[2945032, 34406457344]
[2949128, 34406457344]
[2969744, 34406457344]
[3022856, 34406457344]
[3047568, 34406457344]
[3051664, 34406457344]
[3055760, 34406457344]
[3059856, 34406457344]
[3063952, 34406457344]
[3080336, 34406457344]
[3112968, 34406457344]
[3113104, 34406457344]
[3125256, 34406457344]
[3125392, 34406457344]
[3133584, 34406457344]
[3145872, 34406457344]
[3149968, 34406457344]
[3158024, 34406457344]
[3178640, 34406457344]
[3182600, 34406457344]
[3199120, 34406457344]
[3219600, 34406457344]
[3309576, 34406457344]
[3371152, 34406457344]
[3383440, 34406457344]
[3391632, 34406457344]
[3420304, 34406457344]
[34406457344, 3448840]
[34406457344, 3477512]
[34406457344, 3489800]
[34406457344, 3514512]
[34406457344, 3518608]
[34406457344, 3727504]
[34406457344, 3747984]
[34406457344, 3756040]
[34406457344, 3895440]
[34406457344, 3911824]
[34406457344, 4063240]
[34406457344, 4141064]
[34406457344, 4157584]
[34406457344, 4542608]
[34406457344, 4603912]
[34406457344, 4722696]
[34406457344, 5058704]
[34406457344, 4915232872]
[34406457344, 4915245296]
[34406457344, 4915351792]
[34406457344, 4915388472]
[34406457344, 4915445800]
[34406457344, 4915494952]
[34406457344, 4915527904]
[34406457344, 4915536096]
[34406457344, 4915556576]
[34406457344, 4915646672]
[34406457344, 4915654712]
[34406457344, 4915679440]
[34406457344, 4917059592]
[34406457344, 4917071880]
[34406457344, 4917178376]
[34406457344, 4917198992]
[34406457344, 4917215240]
[34406457344, 4917219336]
[34406457344, 4917227528]
[34406457344, 4917227680]
[34406457344, 4917235720]
[34406457344, 4917235856]
[34406457344, 4917243912]
[34406457344, 4917248160]
[34406457344, 4917252240]
[34406457344, 4917256352]
[34406457344, 4917272736]
[34406457344, 4917280912]
[34406457344, 4917280928]
[34406457344, 4917293200]
[34406457344, 4917338272]
[34406457344, 4917346464]
[34406457344, 4917362848]
[34406457344, 4917375120]
[34406457344, 4917379216]
[34406457344, 4917387424]
[34406457344, 4917391520]
[34406457344, 4917395600]
[34406457344, 4917407904]
[34406457344, 4917411984]
[34406457344, 4917416080]
[34406457344, 4917440672]
[34406457344, 4917444752]
[34406457344, 4917452944]
[34406457344, 4917518496]
[34406457344, 4917522576]
[34406457344, 4917530632]
[34406457344, 4917551112]
[34406457344, 4917555344]
[34406457344, 4917559440]
[34406457344, 4917575824]
[34406457344, 4917600416]
[34406457344, 4917649416]
[34406457344, 4917817488]
[34406457344, 4917821448]
[34406457344, 4917821600]
[34406457344, 4917833872]
[34406457344, 4917833888]
[34406457344, 4917969040]
[34406457344, 4918018192]
[34406457344, 4918026384]
[34406457344, 4918067344]
[34406457344, 4918202512]
[34406457344, 4918268048]
[34406457344, 9830428800]
[34406457344, 9830449296]
[34406457344, 9830469640]
[34406457344, 9830498408]
[34406457344, 9830555792]
[34406457344, 9830600880]
[34406457344, 9830625472]
[34406457344, 9830641720]
[34406457344, 9830739992]
[34406457344, 9830797368]
[34406457344, 9830805544]
[34406457344, 9831317608]
[34406457344, 9831407792]
[34406457344, 9831551136]
[34406457344, 9831805032]
[14745624632, 34406457344]
[14745641136, 34406457344]
[14745702560, 34406457344]
[14745714792, 34406457344]
[14745722984, 34406457344]
[14745735344, 34406457344]
[14745788472, 34406457344]
[14745792656, 34406457344]
[14745825288, 34406457344]
[14745870336, 34406457344]
[14745891040, 34406457344]
[14745940192, 34406457344]
[14745985232, 34406457344]
[14746800272, 34406457344]
[19660820720, 34406457344]
[19660828848, 34406457344]
[19660845096, 34406457344]
[19660886016, 34406457344]
[19660894296, 34406457344]
[19660931072, 34406457344]
[19660939264, 34406457344]
[19660951744, 34406457344]
[19660959752, 34406457344]
[19660972176, 34406457344]
[19661025472, 34406457344]
[19661090992, 34406457344]
[19661115616, 34406457344]
[19661344808, 34406457344]
[19661447192, 34406457344]
[19661455584, 34406457344]
[19661582376, 34406457344]
[19661660352, 34406457344]
[19661852896, 34406457344]
[24576037024, 34406457344]
[24576053392, 34406457344]
[24576057344, 34406457344]
[24576057536, 34406457344]
[24576065544, 34406457344]
[24576073888, 34406457344]
[24576082064, 34406457344]
[24576090304, 34406457344]
[24576098304, 34406457344]
[24576110736, 34406457344]
[24576110768, 34406457344]
[24576114832, 34406457344]
[24576135344, 34406457344]
[24576143416, 34406457344]
[24576155792, 34406457344]
[24576159752, 34406457344]
[24576172176, 34406457344]
[24576213152, 34406457344]
[24576311352, 34406457344]
[24576319488, 34406457344]
[24576397312, 34406457344]
[24576422032, 34406457344]
[24576516096, 34406457344]
[24576528488, 34406457344]
[24576544912, 34406457344]
[24576549008, 34406457344]
[24576667792, 34406457344]
[24576688152, 34406457344]
[24576692368, 34406457344]
[24576741552, 34406457344]
[24576970776, 34406457344]
[29491212408, 34406457344]
[29491228848, 34406457344]
[29491245248, 34406457344]
[29491265776, 34406457344]
[29491269640, 34406457344]
[29491273952, 34406457344]
[29491273976, 34406457344]
[29491286160, 34406457344]
[29491290216, 34406457344]
[29491298480, 34406457344]
[29491302544, 34406457344]
[29491318928, 34406457344]
[29491363896, 34406457344]
[29491363984, 34406457344]
[29491519664, 34406457344]
[29491572928, 34406457344]
[29491703952, 34406457344]
[29491884176, 34406457344]
[29491925136, 34406457344]
[29491970192, 34406457344]
[34406441120, 34406457344]
[34406457344, 34406461600]
[34406457344, 34406461688]
[34406457344, 34406465640]
[34406457344, 34406498408]
[34406457344, 34406502504]
[34406457344, 34406510696]
[34406457344, 34406526984]
[34406457344, 34406580472]
[34406457344, 34406596616]
[34406457344, 34406928528]
[34406457344, 34406961312]
[34406457344, 34407014440]
[34406457344, 34407063560]
[34406457344, 34407116808]
[34406457344, 34407444520]
[34406457344, 39321624736]
[34406457344, 39321628880]
[34406457344, 39321632912]
[34406457344, 39321661584]
[34406457344, 39321673968]
[34406457344, 39321682168]
[34406457344, 39321706744]
[34406457344, 39321710832]
[34406457344, 39321710840]
[34406457344, 39321850016]
[34406457344, 39321850048]
[34406457344, 39321968784]
[34406457344, 39322013840]
[34406457344, 39322103952]
[34406457344, 39322239200]
[34406457344, 39322321120]
[34406457344, 44236808432]
[34406457344, 44236824632]
[34406457344, 44236828680]
[34406457344, 44236841208]
[34406457344, 44236849376]
[34406457344, 44236861448]
[34406457344, 44236861600]
[34406457344, 44236865544]
[34406457344, 44236882112]
[34406457344, 44236886192]
[34406457344, 44236910752]
[34406457344, 44236931216]
[34406457344, 44236935328]
[34406457344, 44236951672]
[34406457344, 44236972040]
[34406457344, 44236980224]
[34406457344, 44237095104]
[34406457344, 44237144272]
[34406457344, 44237361240]
[34406457344, 44237643984]
[34406457344, 44238622776]
[34406457344, 49152037088]
[34406457344, 49152041064]
[34406457344, 49152053472]
[34406457344, 49152057352]
[34406457344, 49152151776]
[34406457344, 49152159936]
[34406457344, 49152168160]
[34406457344, 49152180448]
[34406457344, 49152188440]
[34406457344, 49152217112]
[34406457344, 49152266464]
[34406457344, 49152270408]
[34406457344, 49152294968]
[34406457344, 49152413736]
[34406457344, 49152528576]
[34406457344, 49152602152]
[34406457344, 49152639016]
[34406457344, 49152696360]
[34406457344, 54067204168]
[34406457344, 54067212512]
[34406457344, 54067232992]
[34406457344, 54067236904]
[34406457344, 54067265544]
[34406457344, 54067314760]
[34406457344, 54067322888]
[34406457344, 54067326984]
[34406457344, 54067339320]
[34406457344, 54067343416]
[34406457344, 54067392568]
[34406457344, 54067445936]
[34406457344, 54067454128]
[34406457344, 54067511520]
[34406457344, 54067515584]
[34406457344, 54067535976]
[34406457344, 54067560552]
[34406457344, 58982420624]
[34406457344, 58982473816]
[34406457344, 58982477984]
[34406457344, 58982481944]
[34406457344, 58982486072]
[34406457344, 58982498424]
[34406457344, 58982506656]
[34406457344, 58982518824]
[34406457344, 58982527016]
[34406457344, 58982539288]
[34406457344, 58982539384]
[34406457344, 58982559784]
[34406457344, 58982580432]
[34406457344, 58982584328]
[34406457344, 58982588456]
[34406457344, 58982592672]
[34406457344, 58982617248]
[34406457344, 58982645920]
[34406457344, 58982654112]
[34406457344, 58982744224]
[34406457344, 58982764768]
[34406457344, 58982838464]
[34406457344, 58982842592]
[34406457344, 58982875328]
[34406457344, 58983059680]
[34406457344, 63897616408]
[34406457344, 63897632776]
[34406457344, 63897645176]
[34406457344, 63897673920]
[34406457344, 63897682040]
[34406457344, 63897706568]
[34406457344, 63897718792]
[34406457344, 63897718888]
[34406457344, 63897776352]
[34406457344, 63897780248]
[34406457344, 63897862152]
[34406457344, 63898005544]
[34406457344, 63898054696]
[34406457344, 63898071080]
[34406457344, 68812824680]
[34406457344, 68812882144]
[34406457344, 68812886176]
[34406457344, 68812898448]
[34406457344, 68812906688]
[34406457344, 68812914848]
[34406457344, 68812914912]
[34406457344, 68812918928]
[34406457344, 68812964048]
[34406457344, 68812984544]
[34406457344, 68812988456]
[34406457344, 68813008952]
[34406457344, 68813009120]
[34406457344, 68813021344]
[34406457344, 68813037712]
[34406457344, 68813074472]
[34406457344, 68813242592]
[34406457344, 68813262888]
[34406457344, 68813455400]
[34406457344, 73728028760]
[34406457344, 73728040984]
[34406457344, 78643249208]
[34406457344, 78643253392]
[34406457344, 78643302440]
[34406457344, 78643310736]
[34406457344, 78643458208]
[34406457344, 78643462304]
[34406457344, 78643478752]
[34406457344, 78643593440]
[34406457344, 78643646688]
[34406457344, 78643703832]
[34406457344, 78643712224]
[34406457344, 78643769368]
[34406457344, 78643912728]
[34406457344, 83558572056]
[34406457344, 83558617112]
[34406457344, 83558682648]
[34406457344, 83559026896]
[34406457344, 88473604320]
[34406457344, 88473624600]
[34406457344, 93388853288]
[34406457344, 93388927200]
[34406457344, 98304098528]
[103219220520, 34406457344]
[103219273768, 34406457344]
[103219306520, 34406457344]
[117964804136, 34406457344]
[117964857568, 34406457344]
[117964902624, 34406457344]
[117964935392, 34406457344]
[117964939488, 34406457344]
[122880020704, 34406457344]
[122880180264, 34406457344]
[122880184360, 34406457344]
[122880192736, 34406457344]
[122880221208, 34406457344]
[127795245280, 34406457344]
[127795265576, 34406457344]
[127795269856, 34406457344]
[127795273768, 34406457344]
[127795286056, 34406457344]
[127795302624, 34406457344]
[127795339288, 34406457344]
[127795441888, 34406457344]
[132710424600, 34406457344]
[132710572256, 34406457344]
[137625604320, 34406457344]
[137625719008, 34406457344]
[137625727000, 34406457344]
[142540820504, 34406457344]
[142540845280, 34406457344]
[142540890152, 34406457344]
[142540898328, 34406457344]
[142540927016, 34406457344]
[142540935208, 34406457344]
[142540980248, 34406457344]
[142540996648, 34406457344]
[142541201448, 34406457344]
[147456004136, 34406457344]
[147456016408, 34406457344]
[147456225320, 34406457344]
[147456327720, 34406457344]
[137626066944, 83558527064]
[137626066944, 83559202904]
[137626066944, 83559227480]
[137626066944, 88473792512]
[137626066944, 88473972736]
[137626066944, 88473993216]
[137626066944, 88474075192]
[137626066944, 88474259456]
[137626066944, 88474263552]
[137626066944, 88474337280]
[137626066944, 88474341376]
[137626066944, 88474382336]
[137626066944, 88474394624]
[137626066944, 88474484944]
[137626066944, 88474492928]
[137626066944, 88474865872]
[137626066944, 93388964048]
[137626066944, 93389217848]
[137626066944, 93389262848]
[137626066944, 93389390032]
[137626066944, 93389586432]
[137626066944, 93389635584]
[137626066944, 93389758464]
[137626066944, 93389791288]
[137626066944, 98304208952]
[137626066944, 98304417792]
[137626066944, 98304426192]
[137626066944, 98304589824]
[103219273784, 137626066944]
[103219273936, 137626066944]
[103219388416, 137626066944]
[103219503104, 137626066944]
[108134518840, 137626066944]
[108134801408, 137626066944]
[113049698408, 137626066944]
[113049812992, 137626066944]
[113049866240, 137626066944]
[113050214592, 137626066944]
[113050685632, 137626066944]
[113050804416, 137626066944]
[117964832768, 137626066944]
[117964943360, 137626066944]
[117965013184, 137626066944]
[117965062144, 137626066944]
[117965152464, 137626066944]
[117965209808, 137626066944]
[117965353168, 137626066944]
[117965365424, 137626066944]
[117965365456, 137626066944]
[117965496376, 137626066944]
[117965512896, 137626066944]
[117965807824, 137626066944]
[117966012624, 137626066944]
[117966082256, 137626066944]
[117966233808, 137626066944]
[122880258104, 137626066944]
[122880290816, 137626066944]
[122880458752, 137626066944]
[122880475136, 137626066944]
[122880479232, 137626066944]
[122881048664, 137626066944]
[122881536056, 137626066944]
[122881605688, 137626066944]
[122881781816, 137626066944]
[127795507208, 137626066944]
[127795704000, 137626066944]
[127795724296, 137626066944]
[127796125888, 137626066944]
[127796220096, 137626066944]
[127796318216, 137626066944]
[127796322312, 137626066944]
[127796342792, 137626066944]
[127797264472, 137626066944]
[132710412288, 137626066944]
[132710998024, 137626066944]
[132711034888, 137626066944]
[132711321608, 137626066944]
[132711432200, 137626066944]
[132711575560, 137626066944]
[132711809032, 137626066944]
[132712038456, 137626066944]
[137625694208, 137626066944]
[137625772240, 137626066944]
[137625813080, 137626066944]
[137625862144, 137626066944]
[137625960456, 137626066944]
[137626066944, 137626230792]
[137626066944, 137626497032]
[137626066944, 137626521608]
[137626066944, 137626525704]
[137626066944, 137626742792]
[137626066944, 142540808368]
[137626066944, 142541053960]
[137626066944, 142541078616]
[137626066944, 142541172744]
[137626066944, 142541275280]
[137626066944, 142541283336]
[137626066944, 142541324376]
[137626066944, 142541332488]
[137626066944, 142541357200]
[137626066944, 142541484176]
[137626066944, 142541500424]
[137626066944, 142541541384]
[137626066944, 142541545480]
[137626066944, 142541562000]
[137626066944, 142541570192]
[137626066944, 142541582344]
[137626066944, 142541594784]
[137626066944, 142541606920]
[137626066944, 142541627552]
[137626066944, 142541660320]
[137626066944, 142541672592]
[137626066944, 142541697168]
[137626066944, 142541861008]
[137626066944, 142541922464]
[137626066944, 142541996176]
[137626066944, 142542000272]
[137626066944, 142542049440]
[137626066944, 142542082208]
[137626066944, 142542610592]
[137626066944, 142542639264]
[137626066944, 142542823584]
[137626066944, 142542831776]
[137626066944, 142542913696]
[137626066944, 142542921888]
[137626066944, 142542925984]
[137626066944, 142543282336]
[137626066944, 147456008384]
[137626066944, 147456020656]
[137626066944, 147456237712]
[137626066944, 147456356440]
[137626066944, 147456602272]
[137626066944, 147456708768]
[137626066944, 147456790536]
[137626066944, 147456811168]
[137626066944, 147456847880]
[137626066944, 147456860168]
[137626066944, 147456876552]
[137626066944, 147456983248]
[137626066944, 147456987144]
[137626066944, 147457167552]
[137626066944, 147457323168]
[137626066944, 147457826976]
[137626066944, 147457843360]
[137626066944, 147457896608]
[137626066944, 147458007200]
[137626066944, 147458113696]
[137626066944, 152371282064]
[137626066944, 152371470344]
[137626066944, 152371515400]
[137626066944, 152371732624]
[137626066944, 152371777624]
[137626066944, 152371806264]
[137626066944, 152371814560]
[137626066944, 152371949656]
[137626066944, 152372052024]
[137626066944, 152372150432]
[137626066944, 152372154512]
[137626066944, 152372183200]
[137626066944, 152372293776]
[137626066944, 152372314256]
[137626066944, 152372351120]
[137626066944, 152372379704]
[137626066944, 152372392024]
[137626066944, 152372498576]
[137626066944, 152372609184]
[137626066944, 152372633744]
[137626066944, 152372666528]
[137626066944, 152372691088]
[137626066944, 152372695184]
[137626066944, 152372711584]
[137626066944, 152372744336]
[137626066944, 152372752544]
[137626066944, 152372793504]
[137626066944, 152373051552]
[137626066944, 152373149856]
[137626066944, 152373186720]
[137626066944, 152373231776]
[137626066944, 152373403808]
[137626066944, 152373547168]
[137626066944, 157286936720]
[137626066944, 157286994080]
[137626066944, 157287002272]
[137626066944, 157287051408]
[137626066944, 157287092384]
[137626066944, 157287149728]
[137626066944, 157287215248]
[137626066944, 157287280784]
[137626066944, 157287284880]
[137626066944, 157287506064]
[137626066944, 157287620752]
[137626066944, 157287637136]
[137626066944, 157287686288]
[137626066944, 157287874720]
[137626066944, 157287903392]
[137626066944, 157288100000]
[137626066944, 157288292512]
[137626066944, 162201731080]
[137626066944, 162201833480]
[137626066944, 162201931784]
[137626066944, 162202025992]
[137626066944, 162202120336]
[137626066944, 162202132624]
[137626066944, 162202234888]
[137626066944, 162202325152]
[137626066944, 162202353824]
[137626066944, 162202370056]
[137626066944, 162202431648]
[137626066944, 162202611856]
[137626066944, 162202636432]
[137626066944, 162202812576]
[137626066944, 162202935440]
[137626066944, 162202964112]
[137626066944, 162203005088]
[137626066944, 162203070624]
[137626066944, 162203086992]
[137626066944, 162203164832]
[137626066944, 162203197584]
[137626066944, 162203553952]
[137626066944, 162203574432]
[137626066944, 162203672736]
[137626066944, 162203750560]
[137626066944, 162203951160]
[137626066944, 162209308760]
[137626066944, 167116820568]
[137626066944, 167116955824]
[137626066944, 167116972224]
[137626066944, 167117025288]
[137626066944, 167117045920]
[137626066944, 167117066416]
[137626066944, 167117181088]
[137626066944, 167117295624]
[137626066944, 167117299872]
[137626066944, 167117389968]
[137626066944, 167117447328]
[137626066944, 167117484192]
[137626066944, 167117565960]
[137626066944, 167117578400]
[137626066944, 167117697184]
[137626066944, 167117705424]
[137626066944, 167117979792]
[137626066944, 167118033040]
[137626066944, 167118053520]
[137626066944, 167119015992]
[137626066944, 167119511608]
[137626066944, 167119536216]
[137626066944, 167120531512]
[137626066944, 167121293368]
[137626066944, 167121408208]
[137626066944, 172032036872]
[137626066944, 172032086208]
[137626066944, 172032233616]
[137626066944, 172032274440]
[137626066944, 172032286896]
[137626066944, 172032290960]
[137626066944, 172032295056]
[137626066944, 172032299152]
[137626066944, 172032532656]
[137626066944, 172032925704]
[137626066944, 172032938144]
[137626066944, 172033118248]
[137626066944, 172033179808]
[137626066944, 172033245344]
[137626066944, 172033343648]
[137626066944, 172034215992]
[137626066944, 172034789584]
[137626066944, 172037398616]
[137626066944, 176947372256]
[137626066944, 176947400712]
[137626066944, 176947478528]
[137626066944, 176947802256]
[137626066944, 176947847312]
[137626066944, 176948146336]
[137626066944, 176948207776]
[137626066944, 176948256912]
[137626066944, 176948334736]
[137626066944, 176948338848]
[137626066944, 176948351136]
[137626066944, 176948363408]
[137626066944, 176948371616]
[137626066944, 176948428960]
[137626066944, 176948662480]
[137626066944, 176948678864]
[137626066944, 176948699280]
[137626066944, 176948723856]
[137626066944, 176948768912]
[137626066944, 176948793488]
[137626066944, 176949686480]
[137626066944, 176949887184]
[137626066944, 176951119928]
[137626066944, 181862453256]
[137626066944, 181862555792]
[137626066944, 181862572040]
[137626066944, 181862658072]
[137626066944, 181862801552]
[137626066944, 181863125152]
[137626066944, 181863289040]
[137626066944, 186777907360]
[137626066944, 186777927824]
[137626066944, 186778427552]
[137626066944, 186778562616]
[137626066944, 186779156704]
[137626066944, 186779410592]
[137626066944, 186779492496]
[137626066944, 186780164256]
[137626066944, 191692902576]
[137626066944, 191692939408]
[137626066944, 191693008904]
[137626066944, 191693062288]
[137626066944, 191693426848]
[137626066944, 191693992040]
[137626066944, 196608098448]
[137626066944, 196608135376]
[137626066944, 196608167992]
[137626066944, 196608438416]
[137626066944, 196608495624]
[137626066944, 196608508048]
[137626066944, 196608827400]
[137626066944, 196608925840]
[137626066944, 196609208480]
[137626066944, 196609491152]
[137626066944, 196609978576]
[137626066944, 201523359904]
[137626066944, 201523523728]
[137626066944, 201523634216]
[137626066944, 201523843096]
[137626066944, 201523843232]
[137626066944, 201523863712]
[137626066944, 201524359328]
[137626066944, 201524437080]
[137626066944, 201524916312]
[137626066944, 206438432928]
[137626066944, 206438760536]
[137626066944, 206439149608]
[137626066944, 211353653392]
[137626066944, 211353706640]
[137626066944, 211353813048]
[137626066944, 211353850080]
[137626066944, 211353890976]
[137626066944, 211353923808]
[137626066944, 211353936032]
[137626066944, 211354157096]
[137626066944, 211354230944]
[137626066944, 211354304736]
[137626066944, 211354325032]
[137626066944, 211354378384]
[137626066944, 216268853248]
[137626066944, 216269467792]
[137626066944, 216269594664]
[137626066944, 216271188216]
[137626066944, 221184045080]
[137626066944, 221184631032]
[137626066944, 221184737472]
[137626066944, 221184888992]
[137626066944, 226099208416]
[137626066944, 226099273752]
[137626066944, 226099638376]
[137626066944, 226100449520]
[137626066944, 226100977784]
[137626066944, 226101104848]
[137626066944, 226101375184]
[137626066944, 226101383288]
[137626066944, 226101936336]
[137626066944, 231014678688]
[137626066944, 231014772744]
[137626066944, 231015038976]
[137626066944, 231015096560]
[137626066944, 231015170192]
[137626066944, 231015903376]
[137626066944, 235930148872]
[137626066944, 235930185888]
[137626066944, 240844812328]
[137626066944, 240844828848]
[137626066944, 240844935312]
[137626066944, 240845099256]
[137626066944, 240845189120]
[137626066944, 240845308032]
[137626066944, 245760008192]
[137626066944, 245760200704]
[137626066944, 245760217312]
[137626066944, 245760483328]
[137626066944, 245760491520]
[137626066944, 245760995352]
[137626066944, 250675228920]
[137626066944, 250675232928]
[137626066944, 250675245160]
[137626066944, 250675421408]
[137626066944, 250675556528]
[137626066944, 250675761328]
[137626066944, 250676789440]
[137626066944, 250677137600]
[137626066944, 255590678552]
[137626066944, 255590748168]
[137626066944, 255590838416]
[137626066944, 255590887568]
[137626066944, 255590973632]
[137626066944, 260505772040]
[137626066944, 260505854056]
[137626066944, 260505935880]
[137626066944, 260506222632]
[137626066944, 260506222784]
[137626066944, 260506448016]
[137626066944, 265421111440]
[137626066944, 265421295640]
[137626066944, 265421779048]
[137626066944, 270336442408]
[137626066944, 270336905408]
[137626066944, 270337056960]
[137626066944, 270337101968]
[137626066944, 275251232960]
[137626066944, 275251396608]
[137626066944, 275251826728]
[137626066944, 280166502528]
[137626066944, 280166531080]
[137626066944, 280166547584]
[137626066944, 280166609072]
[137626066944, 280166764552]
[137626066944, 280167202936]
[137626066944, 280167624848]
[137626066944, 280170262600]
[137626066944, 285081923592]
[137626066944, 285082107928]
[137626066944, 285082177776]
[137626066944, 285082231024]
[137626066944, 289996836984]
[137626066944, 289996857592]
[137626066944, 289997021288]
[137626066944, 289998893128]
[137626066944, 294912049312]
[137626066944, 294912172160]
[137626066944, 294912987208]
[137626066944, 294913196176]
[137626066944, 299827228864]
[137626066944, 299827564552]
[137626066944, 299827613696]
[137626066944, 299827707912]
[137626066944, 304742617248]
[137626066944, 309657612328]
[137626066944, 309657886960]
[137626066944, 309658013936]
[137626066944, 309658317024]
[137626066944, 309658763392]
[137626066944, 309659893784]
[137626066944, 314573058048]
[137626066944, 314573160552]
[137626066944, 314573320192]
[137626066944, 314573390048]
[137626066944, 314573586536]
[137626066944, 314573668392]
[137626066944, 314573734064]
[137626066944, 314574483584]
[137626066944, 319488118824]
[137626066944, 319488430320]
[137626066944, 319488438376]
[137626066944, 319488454800]
[137626066944, 319488585848]
[137626066944, 319488835624]
[137626066944, 319489048600]
[137626066944, 319489196280]
[137626066944, 319489257696]
[137626066944, 319489388544]
[137626066944, 319489835232]
[137626066944, 324403331200]
[137626066944, 324403363944]
[137626066944, 324403515464]
[137626066944, 324403752984]
[137626066944, 324404047896]
[137626066944, 324404154392]
[137626066944, 324404256896]
[137626066944, 324404396160]
[137626066944, 324404723736]
[137626066944, 329318678528]
[137626066944, 329319002216]
[137626066944, 329319026912]
[137626066944, 329319059600]
[137626066944, 329319104752]
[137626066944, 329319112744]
[137626066944, 329319170240]
[137626066944, 329319248112]
[137626066944, 329319264360]
[137626066944, 329319686384]
[137626066944, 329319690280]
[137626066944, 334233911472]
[137626066944, 334234280080]
[137626066944, 334234320968]
[137626066944, 334234321040]
[137626066944, 334234423488]
[137626066944, 334234468528]
[137626066944, 334234509488]
[137626066944, 334234517680]
[137626066944, 334234718280]
[137626066944, 334235074800]
[137626066944, 334235230448]
[137626066944, 334235484264]
[137626066944, 339148804216]
[137626066944, 339148812416]
[137626066944, 339148853440]
[137626066944, 339149545648]
[137626066944, 339149549760]
[137626066944, 339149709336]
[137626066944, 339149750448]
[137626066944, 339149807808]
[137626066944, 339150360752]
[137626066944, 344064028816]
[137626066944, 344064082096]
[137626066944, 344064188440]
[137626066944, 344064245800]
[137626066944, 344064278656]
[137626066944, 344064356496]
[137626066944, 344065130520]
[137626066944, 344065343512]
[137626066944, 344066404528]
[137626066944, 348979335176]
[137626066944, 348979552432]
[137626066944, 348979613736]
[137626066944, 348979699712]
[137626066944, 348979793944]
[137626066944, 348980330688]
[137626066944, 348980588648]
[137626066944, 348980797464]
[137626066944, 348981428328]
[137626066944, 353894420480]
[137626066944, 353894428680]
[137626066944, 353894457448]
[137626066944, 353894535344]
[137626066944, 353894604872]
[137626066944, 353894694952]
[137626066944, 353895002272]
[137626066944, 353895260336]
[137626066944, 353895637216]
[137626066944, 353895915696]
[137626066944, 353896529928]
[137626066944, 353897746656]
[137626066944, 358809628680]
[137626066944, 358809796712]
[137626066944, 358809960456]
[137626066944, 358810263744]
[137626066944, 358810611904]
[137626066944, 358810693672]
[137626066944, 358810697736]
[137626066944, 358811009200]
[137626066944, 358811947232]
[137626066944, 358811992288]
[137626066944, 358812029152]
[137626066944, 363724918888]
[137626066944, 363725066480]
[137626066944, 363725099200]
[137626066944, 363725222048]
[137626066944, 363725258880]
[137626066944, 363725287528]
[137626066944, 363725340832]
[137626066944, 363725447392]
[137626066944, 363725926424]
[137626066944, 363726454808]
[137626066944, 368640028816]
[137626066944, 368640327872]
[137626066944, 368641212656]
[137626066944, 368641224744]
[137626066944, 368641232936]
[137626066944, 368642191432]
[137626066944, 373555458224]
[137626066944, 373555675280]
[137626066944, 373555683504]
[137626066944, 373555757064]
[137626066944, 373556043936]
[137626066944, 373556084912]
[137626066944, 373556674600]
[137626066944, 373557448776]
[137626066944, 378470494400]
[137626066944, 378470858944]
[137626066944, 378471100576]
[137626066944, 378471178264]
[137626066944, 378471190552]
[137626066944, 378472124440]
[137626066944, 383385649376]
[137626066944, 383385874440]
[137626066944, 383385927872]
[137626066944, 383386030304]
[137626066944, 383386308856]
[137626066944, 383386382440]
[137626066944, 383386927328]
[137626066944, 383387054088]
[137626066944, 383388348424]
[137626066944, 388301091040]
[137626066944, 388302180544]
[137626066944, 393216090336]
[137626066944, 393216123024]
[137626066944, 393216254072]
[137626066944, 393216295072]
[137626066944, 393216561176]
[137626066944, 393216684104]
[137626066944, 393217392664]
[137626066944, 393217499208]
[137626066944, 398131355648]
[137626066944, 398131400776]
[137626066944, 398131482872]
[137626066944, 398131613888]
[137626066944, 398131806384]
[137626066944, 398131810376]
[137626066944, 398132207776]
[137626066944, 398132441232]
[137626066944, 398133096592]
[137626066944, 403046453256]
[137626066944, 403047239920]
[137626066944, 403047432232]
[137626066944, 403047841816]
[137626066944, 407961718888]
[137626066944, 407961927688]
[137626066944, 407961985248]
[137626066944, 407962157176]
[137626066944, 407962341400]
[137626066944, 407962943616]
[137626066944, 407963009144]
[137626066944, 407963136104]
[137626066944, 412877369344]
[137626066944, 412877607160]
[137626066944, 412877783112]
[137626066944, 412878205088]
[137626066944, 417792217328]
[137626066944, 417792237712]
[137626066944, 417792286840]
[137626066944, 417792491696]
[137626066944, 417792606336]
[137626066944, 417792626728]
[137626066944, 417792671936]
[137626066944, 422707257472]
[137626066944, 422707630120]
[137626066944, 422707855432]
[137626066944, 422708236464]
[137626066944, 422708289728]
[137626066944, 422708449352]
[137626066944, 427622473752]
[137626066944, 427622506504]
[137626066944, 427622957056]
[137626066944, 432537940192]
[137626066944, 432538988688]
[137626066944, 432538992784]
[137626066944, 432539381864]
[137626066944, 437452886256]
[137626066944, 437453287424]
[137626066944, 437453549568]
[137626066944, 437453795328]
[137626066944, 437453889712]
[137626066944, 437454856200]
[137626066944, 442368282664]
[137626066944, 442368286848]
[137626066944, 442368852160]
[137626066944, 442369224776]
[137626066944, 442369589248]
[137626066944, 447284191408]
[137626066944, 452198514712]
[137626066944, 452198662384]
[137626066944, 452198903928]
[137626066944, 452198936824]
[137626066944, 452198965408]
[137626066944, 452199489760]
[137626066944, 457114243080]
[137626066944, 457114669280]
[137626066944, 462029504656]
[137626066944, 462029709536]
[137626066944, 462030282912]
[137626066944, 466944135408]
[137626066944, 466944237728]
[137626066944, 466944253960]
[137626066944, 466944307344]
[137626066944, 466944692472]
[137626066944, 466945159208]
[137626066944, 466946215976]
[137626066944, 466947063848]
[137626066944, 471859269872]
[137626066944, 471859388640]
[137626066944, 471859572960]
[137626066944, 471859966176]
[137626066944, 476774478072]
[137626066944, 476775247912]
[137626066944, 476775288976]
[137626066944, 476775366880]
[137626066944, 476775792784]
[137626066944, 481689702408]
[137626066944, 481689829536]
[137626066944, 481689964568]
[137626066944, 481690128456]
[137626066944, 481690214440]
[137626066944, 481690226760]
[137626066944, 481690882272]
[137626066944, 481691058216]
[137626066944, 481691078696]
[137626066944, 481691095080]
[137626066944, 481691123752]
[137626066944, 481692274792]
[137626066944, 486604812296]
[137626066944, 486604853392]
[137626066944, 486605004960]
[137626066944, 486605021304]
[137626066944, 486605074456]
[137626066944, 486605209824]
[137626066944, 486605254880]
[137626066944, 486605316104]
[137626066944, 486605848648]
[137626066944, 486606299144]
[137626066944, 486606368792]
[137626066944, 486606708744]
[137626066944, 486606782488]
[137626066944, 486606860296]
[137626066944, 486607024152]
[137626066944, 491520143480]
[137626066944, 491520184544]
[137626066944, 491520229400]
[137626066944, 491520299232]
[137626066944, 491520438312]
[137626066944, 491520512120]
[137626066944, 491520614624]
[137626066944, 491520753888]
[137626066944, 491520921848]
[137626066944, 491521130720]
[137626066944, 491521175576]
[137626066944, 491521216736]
[137626066944, 491521589272]
[137626066944, 496435253472]
[137626066944, 496435417312]
[137626066944, 496435626208]
[137626066944, 496435634200]
[137626066944, 496435961984]
[137626066944, 496436002888]
[137626066944, 496436019240]
[137626066944, 496436113432]
[137626066944, 496436330520]
[137626066944, 496436371464]
[137626066944, 496436412440]
[137626066944, 496436445304]
[137626066944, 496436518952]
[137626066944, 496436662496]
[137626066944, 496436740136]
[137626066944, 496436961504]
[137626066944, 501350637608]
[137626066944, 501350748200]
[137626066944, 501350899960]
[137626066944, 501350973448]
[137626066944, 501351211016]
[137626066944, 501352878120]
[137626066944, 501352952032]
[137626066944, 506265706720]
[137626066944, 506265894984]
[137626066944, 506266546216]
[137626066944, 506266546400]
[137626066944, 506266706144]
[137626066944, 506266947608]
[137626066944, 511180873768]
[137626066944, 511181271200]
[137626066944, 511181410312]
[137626066944, 511182446616]
[137626066944, 511182819552]
[137626066944, 511183118560]
[137626066944, 516096159864]
[137626066944, 516096209136]
[137626066944, 516096462872]
[137626066944, 516096585800]
[137626066944, 516096643312]
[137626066944, 516097343712]
[137626066944, 516097769632]
[137626066944, 516098494688]
[137626066944, 521011249312]
[137626066944, 521011281960]
[137626066944, 521011503144]
[137626066944, 521012310176]
[137626066944, 521012346920]
[137626066944, 521012412456]
[137626066944, 525927268376]
[137626066944, 525927362704]
[137626066944, 525927428256]
[137626066944, 525929140384]
[137626066944, 530842071080]
[137626066944, 530843738136]
[137626066944, 535758225432]
[137626066944, 540672790528]
[137626066944, 545587204240]
[137626066944, 550502432840]
[137626066944, 550502531232]
[137626066944, 550502543480]
[137626066944, 550502780952]
[137626066944, 550503165952]
[137626066944, 550503407760]
[137626066944, 555419607184]
[137626066944, 560332820480]
[137626066944, 560335700112]
[137626066944, 560335954064]
[137626066944, 565248126976]
[137626066944, 565248172192]
[137626066944, 565249712272]
[137626066944, 565250523280]
[137626066944, 570164072608]
[137626066944, 575078436872]
[137626066944, 575078637712]
[137626066944, 575078670480]
[137626066944, 575079358536]
[137626066944, 575079698576]
[137626066944, 575079915592]
[137626066944, 579994869920]
[137626066944, 579995213896]
[137626066944, 584909107360]
[137626066944, 584911368264]
[137626066944, 589825724576]
[137626066944, 594739347616]
[137626066944, 594740297800]
[137626066944, 594741022880]
[137626066944, 599655493704]
[137626066944, 609485721760]
[137626066944, 614400278600]
[137626066944, 614401351752]
[137626066944, 619316199568]
[137626066944, 619316465736]
[137626066944, 624230969504]
[137626066944, 624231862344]
[137626066944, 624232034448]
[137626066944, 629146538128]
[137626066944, 634061889680]
[137626066944, 653723316384]
[137626066944, 658637598880]
[137626066944, 658638119056]
[137626066944, 663552024720]
[137626066944, 668467409040]
[137626066944, 673383039120]
[137626066944, 678297682080]
[137626066944, 683213729936]
[113049714688, 196608528384]
[122880876648, 196608528384]
[132711395432, 196608528384]
[142542110864, 196608528384]
[142542594208, 196608528384]
[147456344224, 196608528384]
[152372318368, 196608528384]
[152372433040, 196608528384]
[157286510600, 196608528384]
[157286686880, 196608528384]
[162201624576, 196608528384]
[162202144912, 196608528384]
[162202484880, 196608528384]
[162202857480, 196608528384]
[162203033608, 196608528384]
[162203320464, 196608528384]
[172032467120, 196608528384]
[172032684192, 196608528384]
[172032745472, 196608528384]
[172032909312, 196608528384]
[176947572744, 196608528384]
[176947826832, 196608528384]
[176947835024, 196608528384]
[176948056072, 196608528384]
[176948388064, 196608528384]
[181862641824, 196608528384]
[181862899904, 196608528384]
[181863620768, 196608528384]
[186777706688, 196608528384]
[186778734736, 196608528384]
[186780151968, 196608528384]
[191693262992, 196608528384]
[191693267104, 196608528384]
[196608102544, 196608528384]
[196608528384, 201524584608]
[196608528384, 211353952432]
[196608528384, 211354267792]
[196608528384, 211354284176]
[196608528384, 216269197456]
[196608528384, 221184086160]
[196608528384, 221184422136]
[196608528384, 221185044624]
[196608528384, 221185843344]
[196608528384, 226099736816]
[196608528384, 226100277368]
[196608528384, 231015149688]
[196608528384, 240844902544]
[196608528384, 245760381072]
[196608528384, 250675859584]
[196608528384, 250676601072]
[196608528384, 250676822160]
[196608528384, 260505653392]
[196608528384, 260505702560]
[196608528384, 260507750472]
[196608528384, 275254452296]
[196608528384, 275255099464]
[196608528384, 304743321672]
[196608016384, 201523491008]
