[108134457488, 363725320320]
[122880180280, 363725320320]
[122881364024, 363725320320]
[132710555856, 363725320320]
[137627148496, 363725320320]
[181862940896, 363725320320]
[201523380368, 363725320320]
[250677125312, 363725320320]
[255590748264, 363725320320]
[255591018600, 363725320320]
[255591186624, 363725320320]
[260505682024, 363725320320]
[260506075312, 363725320320]
[260507058280, 363725320320]
[265421041768, 363725320320]
[265421545664, 363725320320]
[275252809904, 363725320320]
[280166559936, 363725320320]
[285081858208, 363725320320]
[285081899112, 363725320320]
[285082079408, 363725320320]
[289998426288, 363725320320]
[294912196616, 363725320320]
[294912331784, 363725320320]
[294912344240, 363725320320]
[294912389312, 363725320320]
[294912921776, 363725320320]
[294913196208, 363725320320]
[299828072640, 363725320320]
[299828101312, 363725320320]
[304742416512, 363725320320]
[304742719680, 363725320320]
[304743059632, 363725320320]
[304743264480, 363725320320]
[304743284960, 363725320320]
[304743575656, 363725320320]
[309657612480, 363725320320]
[309657645160, 363725320320]
[309657694312, 363725320320]
[309657964648, 363725320320]
[309658091624, 363725320320]
[309658550312, 363725320320]
[309658550448, 363725320320]
[309658873984, 363725320320]
[309660528664, 363725320320]
[314572836872, 363725320320]
[314573324392, 363725320320]
[314573598760, 363725320320]
[314573778968, 363725320320]
[314574147608, 363725320320]
[314574274600, 363725320320]
[314574643328, 363725320320]
[319488184344, 363725320320]
[319488512024, 363725320320]
[319488610304, 363725320320]
[319488700664, 363725320320]
[319489200152, 363725320320]
[319489396760, 363725320320]
[319489495080, 363725320320]
[319489990696, 363725320320]
[324403527688, 363725320320]
[324404023416, 363725320320]
[324404191232, 363725320320]
[324404219904, 363725320320]
[329318785032, 363725320320]
[329318813704, 363725320320]
[329318985728, 363725320320]
[329319182336, 363725320320]
[329319944216, 363725320320]
[334233612448, 363725320320]
[334234124448, 363725320320]
[334234177760, 363725320320]
[334234185888, 363725320320]
[334234587296, 363725320320]
[334234689536, 363725320320]
[339148804224, 363725320320]
[339149336736, 363725320320]
[339149819928, 363725320320]
[339149922344, 363725320320]
[339150123048, 363725320320]
[339150630952, 363725320320]
[344064016504, 363725320320]
[344064032992, 363725320320]
[344064036984, 363725320320]
[344064434320, 363725320320]
[344064459000, 363725320320]
[344064561400, 363725320320]
[344064590072, 363725320320]
[348979261688, 363725320320]
[348979687448, 363725320320]
[348979712000, 363725320320]
[348981313576, 363725320320]
[353894539488, 363725320320]
[353894678688, 363725320320]
[353894965496, 363725320320]
[353894977784, 363725320320]
[353895104632, 363725320320]
[353895157920, 363725320320]
[353895256224, 363725320320]
[353895378984, 363725320320]
[353895403680, 363725320320]
[353896005856, 363725320320]
[358809637112, 363725320320]
[358809665784, 363725320320]
[358809727136, 363725320320]
[358809915520, 363725320320]
[358809989240, 363725320320]
[358810165376, 363725320320]
[358810185872, 363725320320]
[358810566880, 363725320320]
[358810702064, 363725320320]
[358810710256, 363725320320]
[358810783968, 363725320320]
[363724832928, 363725320320]
[363724837008, 363725320320]
[363725025288, 363725320320]
[363725099248, 363725320320]
[363725123832, 363725320320]
[363725320320, 363725463680]
[363725320320, 363725643936]
[363725320320, 363725713536]
[363725320320, 363725717664]
[363725320320, 363725770776]
[363725320320, 363726086368]
[363725320320, 363726446616]
[363725320320, 368640143360]
[363725320320, 368640213032]
[363725320320, 368640450680]
[363725320320, 368640905464]
[363725320320, 373555376248]
[363725320320, 373555409040]
[363725320320, 373555490944]
[363725320320, 378470535240]
[363725320320, 378470666480]
[363725320320, 378471858320]
[363725320320, 383386001552]
[363725320320, 383386013840]
[363725320320, 383386235024]
[363725320320, 383386304760]
[363725320320, 383386386576]
[363725320320, 383386427400]
[363725320320, 383386726560]
[363725320320, 388301000944]
[363725320320, 388301062288]
[363725320320, 388301123712]
[363725320320, 388301136016]
[363725320320, 388301250720]
[363725320320, 388301684864]
[363725320320, 388301693056]
[363725320320, 393216188544]
[363725320320, 393216512128]
[363725320320, 393216913528]
[363725320320, 393216995456]
[363725320320, 398131515520]
[363725320320, 398131634248]
[363725320320, 403046588536]
[363725320320, 403046895760]
[363725320320, 403047362720]
[363725320320, 407961735240]
[363725320320, 407961825400]
[363725320320, 407961890888]
[363725320320, 407962169464]
[363725320320, 407962255504]
[363725320320, 407962652800]
[363725320320, 407962706048]
[363725320320, 407962853496]
[363725320320, 407962865808]
[363725320320, 407963779216]
[363725320320, 407964041360]
[363725320320, 412877410448]
[363725320320, 412877877408]
[363725320320, 412877975712]
[363725320320, 412878786720]
[363725320320, 417792008264]
[363725320320, 417792176200]
[363725320320, 417792364704]
[363725320320, 417792839824]
[363725320320, 417792983200]
[363725320320, 422707212360]
[363725320320, 422707298464]
[363725320320, 422707789896]
[363725320320, 422708314184]
[363725320320, 432537874504]
[363725320320, 432538656912]
[363725320320, 432538914976]
[363725320320, 432538976328]
[363725320320, 437453275208]
[363725320320, 442368020552]
[363725320320, 442368360520]
[363725320320, 442368376904]
[363725320320, 447283671200]
[363725320320, 452198863008]
[363725320320, 457113604240]
[363725320320, 462029324448]
[363725320320, 462029377608]
[363725320320, 466944790600]
[363725320320, 471859908680]
[363725320320, 471860125768]
[363725320320, 481689620552]
[363725320320, 481690382408]
[363725320320, 491521101896]
