[20584, 471859945544]
[122952, 471859945544]
[266416, 471859945544]
[331896, 471859945544]
[462968, 471859945544]
[2654352, 471859945544]
[3117128, 471859945544]
[471859945544, 4915343448]
[471859945544, 4915363928]
[471859945544, 4915441872]
[471859945544, 4915695672]
[471859945544, 4918083744]
[471859945544, 9830457344]
[39321694384, 471859945544]
[39321714728, 471859945544]
[39321739368, 471859945544]
[39322468440, 471859945544]
[471859945544, 58982469632]
[471859945544, 73728176288]
[471859945544, 83558518944]
[471859945544, 83559657648]
[471859945544, 83559727160]
[471859945544, 88473772176]
[471859945544, 88473907304]
[471859945544, 88474734696]
[471859945544, 93389115536]
[103219908816, 471859945544]
[113049956528, 471859945544]
[117964837024, 471859945544]
[117965004992, 471859945544]
[117965471952, 471859945544]
[117965590632, 471859945544]
[117966270672, 471859945544]
[122880168024, 471859945544]
[122880356512, 471859945544]
[122880385200, 471859945544]
[122881044536, 471859945544]
[122881355832, 471859945544]
[122881454136, 471859945544]
[122881794104, 471859945544]
[122882383928, 471859945544]
[122882469944, 471859945544]
[127795208248, 471859945544]
[127795314776, 471859945544]
[127795384408, 471859945544]
[127795425336, 471859945544]
[127795441872, 471859945544]
[127795458176, 471859945544]
[127796240384, 471859945544]
[127796523096, 471859945544]
[127796551736, 471859945544]
[127796728016, 471859945544]
[127796732112, 471859945544]
[127796781112, 471859945544]
[127797055576, 471859945544]
[127797059792, 471859945544]
[127797096536, 471859945544]
[127797113040, 471859945544]
[127797248056, 471859945544]
[127797780688, 471859945544]
[127797960912, 471859945544]
[132710494432, 471859945544]
[132710518872, 471859945544]
[132710551640, 471859945544]
[132710600760, 471859945544]
[132710633528, 471859945544]
[132710715400, 471859945544]
[132710965496, 471859945544]
[132711719000, 471859945544]
[132711755832, 471859945544]
[132712026168, 471859945544]
[132712050776, 471859945544]
[132712058936, 471859945544]
[132712063032, 471859945544]
[132712075352, 471859945544]
[132712136912, 471859945544]
[132712194136, 471859945544]
[132712206392, 471859945544]
[132712779832, 471859945544]
[132712808504, 471859945544]
[132712828984, 471859945544]
[132712845368, 471859945544]
[137625776336, 471859945544]
[137625829584, 471859945544]
[137625870544, 471859945544]
[137625895120, 471859945544]
[137625993376, 471859945544]
[137626734800, 471859945544]
[137626746936, 471859945544]
[137626939448, 471859945544]
[137626980560, 471859945544]
[137627217976, 471859945544]
[137627418832, 471859945544]
[137627422840, 471859945544]
[137627885776, 471859945544]
[142540865744, 471859945544]
[142541099256, 471859945544]
[142541226192, 471859945544]
[142541537488, 471859945544]
[142541566160, 471859945544]
[142541881552, 471859945544]
[142541942992, 471859945544]
[147456835744, 471859945544]
[147457159288, 471859945544]
[147457355936, 471859945544]
[152371265664, 471859945544]
[152371331312, 471859945544]
[162201677928, 471859945544]
[162202173632, 471859945544]
[162202198160, 471859945544]
[167116832840, 471859945544]
[172032098376, 471859945544]
[172032229520, 471859945544]
[172032295072, 471859945544]
[172032684032, 471859945544]
[172033392864, 471859945544]
[176947482664, 471859945544]
[176947577024, 471859945544]
[176947834904, 471859945544]
[176948187280, 471859945544]
[181862539264, 471859945544]
[181863051408, 471859945544]
[181863165992, 471859945544]
[181863166024, 471859945544]
[181863350312, 471859945544]
[186777735416, 471859945544]
[186777866368, 471859945544]
[186778124480, 471859945544]
[186778329336, 471859945544]
[186778628168, 471859945544]
[186778947728, 471859945544]
[191693193440, 471859945544]
[191693308064, 471859945544]
[191693475984, 471859945544]
[191695040536, 471859945544]
[196608069792, 471859945544]
[196608192736, 471859945544]
[196608372760, 471859945544]
[196608434304, 471859945544]
[196608446504, 471859945544]
[196608495760, 471859945544]
[196608573464, 471859945544]
[196609114120, 471859945544]
[196609220768, 471859945544]
[201523503296, 471859945544]
[201523761344, 471859945544]
[206438633616, 471859945544]
[206439219224, 471859945544]
[206439301144, 471859945544]
[211353669856, 471859945544]
[211354022048, 471859945544]
[216268812416, 471859945544]
[216269946904, 471859945544]
[221184008352, 471859945544]
[221184245768, 471859945544]
[221184675912, 471859945544]
[226099220608, 471859945544]
[226099261664, 471859945544]
[226099564672, 471859945544]
[226100199552, 471859945544]
[226100215936, 471859945544]
[226100539520, 471859945544]
[231014424576, 471859945544]
[231014502408, 471859945544]
[231014739992, 471859945544]
[231014965248, 471859945544]
[231016480888, 471859945544]
[245760069656, 471859945544]
[245760364736, 471859945544]
[250675216576, 471859945544]
[250675867840, 471859945544]
[250675908848, 471859945544]
[250675982376, 471859945544]
[250676052160, 471859945544]
[250676236480, 471859945544]
[250676248768, 471859945544]
[250676654272, 471859945544]
[250676793536, 471859945544]
[250677186752, 471859945544]
[255590404256, 471859945544]
[255590449344, 471859945544]
[255590592688, 471859945544]
[255590604920, 471859945544]
[255590682816, 471859945544]
[255590699200, 471859945544]
[255590703208, 471859945544]
[255590715568, 471859945544]
[255590719664, 471859945544]
[255590764720, 471859945544]
[255590764736, 471859945544]
[255590863040, 471859945544]
[255590887600, 471859945544]
[255590895808, 471859945544]
[255590973544, 471859945544]
[255591047408, 471859945544]
[255591104688, 471859945544]
[255591207088, 471859945544]
[255591272592, 471859945544]
[255591317608, 471859945544]
[255591350464, 471859945544]
[260505665640, 471859945544]
[260505669656, 471859945544]
[260505727224, 471859945544]
[260505759920, 471859945544]
[260505764016, 471859945544]
[260505817192, 471859945544]
[260505850032, 471859945544]
[260505899184, 471859945544]
[260505981032, 471859945544]
[260505989224, 471859945544]
[260505989312, 471859945544]
[260506058856, 471859945544]
[260507160680, 471859945544]
[265420976304, 471859945544]
[265421177024, 471859945544]
[265421201584, 471859945544]
[265421209792, 471859945544]
[265421213872, 471859945544]
[265421258856, 471859945544]
[265421283576, 471859945544]
[265421303984, 471859945544]
[265421328576, 471859945544]
[265421357232, 471859945544]
[265421721704, 471859945544]
[265421758568, 471859945544]
[265421795432, 471859945544]
[265422020712, 471859945544]
[265422090416, 471859945544]
[265422127280, 471859945544]
[270336024752, 471859945544]
[270336196784, 471859945544]
[270336196856, 471859945544]
[270336241768, 471859945544]
[270336282816, 471859945544]
[270336315392, 471859945544]
[270336344240, 471859945544]
[270336364736, 471859945544]
[270336540776, 471859945544]
[270336721088, 471859945544]
[270336803008, 471859945544]
[270336880832, 471859945544]
[270336954560, 471859945544]
[270337343680, 471859945544]
[270337433792, 471859945544]
[270337859776, 471859945544]
[270337925312, 471859945544]
[275251327224, 471859945544]
[275251400864, 471859945544]
[275251441768, 471859945544]
[275251445800, 471859945544]
[275251511296, 471859945544]
[275251531776, 471859945544]
[275251539968, 471859945544]
[275251626176, 471859945544]
[275251695720, 471859945544]
[275251769448, 471859945544]
[275251794024, 471859945544]
[275251818688, 471859945544]
[275251830960, 471859945544]
[275251855536, 471859945544]
[275251912880, 471859945544]
[275251921000, 471859945544]
[275251945576, 471859945544]
[275252146280, 471859945544]
[275252342888, 471859945544]
[275252441192, 471859945544]
[275252486320, 471859945544]
[275252494440, 471859945544]
[275252539568, 471859945544]
[275252629680, 471859945544]
[275252703336, 471859945544]
[275252719720, 471859945544]
[275253055592, 471859945544]
[280166445064, 471859945544]
[280166494328, 471859945544]
[280166502504, 471859945544]
[280166522888, 471859945544]
[280166539368, 471859945544]
[280166551728, 471859945544]
[280166596712, 471859945544]
[280166703296, 471859945544]
[280166863040, 471859945544]
[280166895808, 471859945544]
[280167022784, 471859945544]
[280167043264, 471859945544]
[280167047360, 471859945544]
[280167506080, 471859945544]
[285081780232, 471859945544]
[285081809000, 471859945544]
[285081833576, 471859945544]
[285081944168, 471859945544]
[285082312880, 471859945544]
[285082316976, 471859945544]
[285082353856, 471859945544]
[289996836872, 471859945544]
[289996910696, 471859945544]
[289996939264, 471859945544]
[289996959848, 471859945544]
[289997082632, 471859945544]
[289997086824, 471859945544]
[289997103208, 471859945544]
[289997176936, 471859945544]
[289997287616, 471859945544]
[289997303816, 471859945544]
[289997434952, 471859945544]
[289997508784, 471859945544]
[289997541568, 471859945544]
[289997635760, 471859945544]
[289997668544, 471859945544]
[289997914288, 471859945544]
[289998086320, 471859945544]
[289998925896, 471859945544]
[294912053440, 471859945544]
[294912086120, 471859945544]
[294912118792, 471859945544]
[294912204904, 471859945544]
[294912229384, 471859945544]
[294912446656, 471859945544]
[294912463024, 471859945544]
[294912495720, 471859945544]
[294912540864, 471859945544]
[294912544944, 471859945544]
[294912581824, 471859945544]
[294912692328, 471859945544]
[294912692416, 471859945544]
[294912757864, 471859945544]
[294912848064, 471859945544]
[294913106096, 471859945544]
[294913138864, 471859945544]
[294913188016, 471859945544]
[294913196208, 471859945544]
[294913454224, 471859945544]
[299827449960, 471859945544]
[299827499008, 471859945544]
[299827523592, 471859945544]
[299827564544, 471859945544]
[299827724480, 471859945544]
[299827736752, 471859945544]
[299827863624, 471859945544]
[299828453568, 471859945544]
[304742420608, 471859945544]
[304742445080, 471859945544]
[304742490288, 471859945544]
[304742494208, 471859945544]
[304742600824, 471859945544]
[304742629376, 471859945544]
[304742633576, 471859945544]
[304742715568, 471859945544]
[304742760448, 471859945544]
[304742867048, 471859945544]
[304742891696, 471859945544]
[304743158008, 471859945544]
[304743178368, 471859945544]
[304743198824, 471859945544]
[304743198848, 471859945544]
[304743202992, 471859945544]
[304743243776, 471859945544]
[304743309488, 471859945544]
[304743329920, 471859945544]
[304743366656, 471859945544]
[304743374976, 471859945544]
[304743395432, 471859945544]
[304743395456, 471859945544]
[304743440488, 471859945544]
[304743457016, 471859945544]
[304743461088, 471859945544]
[304743477496, 471859945544]
[304743522432, 471859945544]
[304743596208, 471859945544]
[304743874784, 471859945544]
[304744005760, 471859945544]
[304744124520, 471859945544]
[309657616528, 471859945544]
[309657640968, 471859945544]
[309657649176, 471859945544]
[309657657368, 471859945544]
[309657673768, 471859945544]
[309657702408, 471859945544]
[309657714864, 471859945544]
[309657751776, 471859945544]
[309657772040, 471859945544]
[309657813120, 471859945544]
[309657817264, 471859945544]
[309657919528, 471859945544]
[309657931952, 471859945544]
[309657968664, 471859945544]
[309657985264, 471859945544]
[309658066984, 471859945544]
[309658083368, 471859945544]
[309658112104, 471859945544]
[309658210552, 471859945544]
[309658263728, 471859945544]
[309658267896, 471859945544]
[309658308632, 471859945544]
[309658337528, 471859945544]
[309658370272, 471859945544]
[309658374320, 471859945544]
[309658402856, 471859945544]
[309658484776, 471859945544]
[309658566696, 471859945544]
[309658763288, 471859945544]
[309659455512, 471859945544]
[309659607064, 471859945544]
[309659615256, 471859945544]
[314572836872, 471859945544]
[314572857352, 471859945544]
[314572927104, 471859945544]
[314572939304, 471859945544]
[314572951576, 471859945544]
[314572959768, 471859945544]
[314573025408, 471859945544]
[314573119664, 471859945544]
[314573304032, 471859945544]
[314573385752, 471859945544]
[314573414504, 471859945544]
[314573459496, 471859945544]
[314573512808, 471859945544]
[314573627568, 471859945544]
[314573635760, 471859945544]
[314573647976, 471859945544]
[314573660336, 471859945544]
[314573672672, 471859945544]
[314573688936, 471859945544]
[314573725872, 471859945544]
[314573746176, 471859945544]
[314573820032, 471859945544]
[314573848704, 471859945544]
[314573938816, 471859945544]
[314573959416, 471859945544]
[314574012592, 471859945544]
[314574020736, 471859945544]
[314574102704, 471859945544]
[314574254184, 471859945544]
[314574336024, 471859945544]
[314574569496, 471859945544]
[314574577688, 471859945544]
[314574626840, 471859945544]
[314574647424, 471859945544]
[319488069880, 471859945544]
[319488098328, 471859945544]
[319488102440, 471859945544]
[319488106536, 471859945544]
[319488208904, 471859945544]
[319488249896, 471859945544]
[319488405744, 471859945544]
[319488466952, 471859945544]
[319488508152, 471859945544]
[319488561376, 471859945544]
[319488590064, 471859945544]
[319488618736, 471859945544]
[319488651288, 471859945544]
[319488733312, 471859945544]
[319488733408, 471859945544]
[319488844000, 471859945544]
[319488876568, 471859945544]
[319488962784, 471859945544]
[319488999648, 471859945544]
[319489073376, 471859945544]
[319489196032, 471859945544]
[319489220632, 471859945544]
[319489323048, 471859945544]
[319489335520, 471859945544]
[319489376280, 471859945544]
[319489429504, 471859945544]
[319489572904, 471859945544]
[319489658904, 471859945544]
[319489691872, 471859945544]
[319489786080, 471859945544]
[319489830952, 471859945544]
[319489843224, 471859945544]
[319489896472, 471859945544]
[319489916968, 471859945544]
[324403224824, 471859945544]
[324403286136, 471859945544]
[324403306624, 471859945544]
[324403339384, 471859945544]
[324403376248, 471859945544]
[324403458272, 471859945544]
[324403580968, 471859945544]
[324403658760, 471859945544]
[324403695624, 471859945544]
[324403736800, 471859945544]
[324403740792, 471859945544]
[324403933304, 471859945544]
[324403957760, 471859945544]
[324403998744, 471859945544]
[324404002816, 471859945544]
[324404109536, 471859945544]
[324404195352, 471859945544]
[324404232320, 471859945544]
[324404256768, 471859945544]
[324404318432, 471859945544]
[324404363288, 471859945544]
[324404371680, 471859945544]
[324404400128, 471859945544]
[324404449304, 471859945544]
[324404486272, 471859945544]
[324404523032, 471859945544]
[324404678656, 471859945544]
[324405035032, 471859945544]
[324405792792, 471859945544]
[329318404136, 471859945544]
[329318424616, 471859945544]
[329318432992, 471859945544]
[329318502640, 471859945544]
[329318527000, 471859945544]
[329318527096, 471859945544]
[329318535416, 471859945544]
[329318559872, 471859945544]
[329318568184, 471859945544]
[329318703112, 471859945544]
[329318756392, 471859945544]
[329318781056, 471859945544]
[329318813736, 471859945544]
[329318826024, 471859945544]
[329318842392, 471859945544]
[329318998024, 471859945544]
[329319051272, 471859945544]
[329319059464, 471859945544]
[329319071744, 471859945544]
[329319088368, 471859945544]
[329319104512, 471859945544]
[329319104536, 471859945544]
[329319186440, 471859945544]
[329319198744, 471859945544]
[329319235824, 471859945544]
[329319329832, 471859945544]
[329319616752, 471859945544]
[329319649520, 471859945544]
[329319710960, 471859945544]
[329319731240, 471859945544]
[329320738840, 471859945544]
[329320800280, 471859945544]
[329320898584, 471859945544]
[334233640984, 471859945544]
[334233751576, 471859945544]
[334233768176, 471859945544]
[334233772280, 471859945544]
[334233776368, 471859945544]
[334233804928, 471859945544]
[334233825408, 471859945544]
[334233825528, 471859945544]
[334233829616, 471859945544]
[334233841704, 471859945544]
[334233899128, 471859945544]
[334233911368, 471859945544]
[334233944192, 471859945544]
[334233964672, 471859945544]
[334233981176, 471859945544]
[334233993344, 471859945544]
[334234026208, 471859945544]
[334234034400, 471859945544]
[334234058776, 471859945544]
[334234099872, 471859945544]
[334234103880, 471859945544]
[334234165472, 471859945544]
[334234202152, 471859945544]
[334234210328, 471859945544]
[334234210344, 471859945544]
[334234234880, 471859945544]
[334234300440, 471859945544]
[334234320936, 471859945544]
[334234419224, 471859945544]
[334234472456, 471859945544]
[334234587296, 471859945544]
[334234767400, 471859945544]
[334234775792, 471859945544]
[334234857512, 471859945544]
[334234898672, 471859945544]
[334235087088, 471859945544]
[334235119656, 471859945544]
[334235123952, 471859945544]
[334235136240, 471859945544]
[334235226352, 471859945544]
[334235643944, 471859945544]
[334235681008, 471859945544]
[334235746344, 471859945544]
[334235758632, 471859945544]
[334235799776, 471859945544]
[334235836456, 471859945544]
[334235853040, 471859945544]
[339148824600, 471859945544]
[339148824824, 471859945544]
[339148837112, 471859945544]
[339148841080, 471859945544]
[339148890336, 471859945544]
[339148898328, 471859945544]
[339148926984, 471859945544]
[339148931296, 471859945544]
[339149008920, 471859945544]
[339149058048, 471859945544]
[339149058272, 471859945544]
[339149070496, 471859945544]
[339149115432, 471859945544]
[339149139968, 471859945544]
[339149152400, 471859945544]
[339149185032, 471859945544]
[339149197352, 471859945544]
[339149217952, 471859945544]
[339149250720, 471859945544]
[339149279392, 471859945544]
[339149324512, 471859945544]
[339149369488, 471859945544]
[339149410344, 471859945544]
[339149414424, 471859945544]
[339149500640, 471859945544]
[339149692968, 471859945544]
[339149717528, 471859945544]
[339149811752, 471859945544]
[339150610472, 471859945544]
[344064016544, 471859945544]
[344064049376, 471859945544]
[344064053392, 471859945544]
[344064065576, 471859945544]
[344064102424, 471859945544]
[344064106536, 471859945544]
[344064127096, 471859945544]
[344064143608, 471859945544]
[344064225288, 471859945544]
[344064233712, 471859945544]
[344064315392, 471859945544]
[344064315632, 471859945544]
[344064327920, 471859945544]
[344064385048, 471859945544]
[344064413824, 471859945544]
[344064442392, 471859945544]
[344064475384, 471859945544]
[344064503936, 471859945544]
[344064508152, 471859945544]
[344064545016, 471859945544]
[344064577696, 471859945544]
[344064643232, 471859945544]
[344064647416, 471859945544]
[344064659704, 471859945544]
[344064688376, 471859945544]
[344064819448, 471859945544]
[344065032216, 471859945544]
[348979253272, 471859945544]
[348979253496, 471859945544]
[348979318928, 471859945544]
[348979339488, 471859945544]
[348979433592, 471859945544]
[348979490976, 471859945544]
[348979544184, 471859945544]
[348979548280, 471859945544]
[348979589240, 471859945544]
[348979642408, 471859945544]
[348979646488, 471859945544]
[348979654784, 471859945544]
[348979671064, 471859945544]
[348979671200, 471859945544]
[348979683328, 471859945544]
[348979716256, 471859945544]
[348979896344, 471859945544]
[348979937304, 471859945544]
[348979978400, 471859945544]
[348979994624, 471859945544]
[348980031528, 471859945544]
[348980035584, 471859945544]
[348980035744, 471859945544]
[348980039680, 471859945544]
[348980060160, 471859945544]
[348980064256, 471859945544]
[348980441112, 471859945544]
[348980686872, 471859945544]
[348980723752, 471859945544]
[348980867112, 471859945544]
[348981358632, 471859945544]
[348981555240, 471859945544]
[348981583912, 471859945544]
[348981780520, 471859945544]
[348981944360, 471859945544]
[348981989416, 471859945544]
[348981993512, 471859945544]
[348982198312, 471859945544]
[353894404216, 471859945544]
[353894424696, 471859945544]
[353894428832, 471859945544]
[353894469856, 471859945544]
[353894478072, 471859945544]
[353894498552, 471859945544]
[353894506616, 471859945544]
[353894506744, 471859945544]
[353894514936, 471859945544]
[353894535288, 471859945544]
[353894559872, 471859945544]
[353894564064, 471859945544]
[353894617312, 471859945544]
[353894690944, 471859945544]
[353894719488, 471859945544]
[353894768648, 471859945544]
[353894768680, 471859945544]
[353894895736, 471859945544]
[353894948904, 471859945544]
[353894953208, 471859945544]
[353895030904, 471859945544]
[353895035000, 471859945544]
[353895039096, 471859945544]
[353895096440, 471859945544]
[353895100488, 471859945544]
[353895112864, 471859945544]
[353895133192, 471859945544]
[353895137304, 471859945544]
[353895137400, 471859945544]
[353895141400, 471859945544]
[353895161864, 471859945544]
[353895239720, 471859945544]
[353895272608, 471859945544]
[353895338208, 471859945544]
[353895366664, 471859945544]
[353895374888, 471859945544]
[353895378968, 471859945544]
[353895391456, 471859945544]
[353895510024, 471859945544]
[353896923360, 471859945544]
[353897357536, 471859945544]
[353897488608, 471859945544]
[353897504992, 471859945544]
[358809604320, 471859945544]
[358809604344, 471859945544]
[358809616624, 471859945544]
[358809694448, 471859945544]
[358809743384, 471859945544]
[358809743608, 471859945544]
[358809747480, 471859945544]
[358809747496, 471859945544]
[358809792656, 471859945544]
[358809817216, 471859945544]
[358809825408, 471859945544]
[358809829384, 471859945544]
[358809874680, 471859945544]
[358809894920, 471859945544]
[358809956576, 471859945544]
[358809960576, 471859945544]
[358810005632, 471859945544]
[358810009624, 471859945544]
[358810046592, 471859945544]
[358810079360, 471859945544]
[358810140792, 471859945544]
[358810145008, 471859945544]
[358810161272, 471859945544]
[358810263696, 471859945544]
[358810276064, 471859945544]
[358810288136, 471859945544]
[358810292464, 471859945544]
[358810345616, 471859945544]
[358810353704, 471859945544]
[358810358000, 471859945544]
[358810374152, 471859945544]
[358810403056, 471859945544]
[358810431728, 471859945544]
[358810525736, 471859945544]
[358810525936, 471859945544]
[358810636528, 471859945544]
[358810665000, 471859945544]
[358810685664, 471859945544]
[358810693872, 471859945544]
[358810718432, 471859945544]
[358810804464, 471859945544]
[358810808560, 471859945544]
[358811353128, 471859945544]
[358811373608, 471859945544]
[358811697376, 471859945544]
[358811729960, 471859945544]
[358811754536, 471859945544]
[358812020776, 471859945544]
[358812049632, 471859945544]
[358812061736, 471859945544]
[363724812528, 471859945544]
[363724820608, 471859945544]
[363724853472, 471859945544]
[363724914808, 471859945544]
[363724935296, 471859945544]
[363724939392, 471859945544]
[363724984568, 471859945544]
[363725021184, 471859945544]
[363725029624, 471859945544]
[363725115640, 471859945544]
[363725156592, 471859945544]
[363725172896, 471859945544]
[363725189120, 471859945544]
[363725209720, 471859945544]
[363725279472, 471859945544]
[363725291640, 471859945544]
[363725299840, 471859945544]
[363725320200, 471859945544]
[363725340800, 471859945544]
[363725353088, 471859945544]
[363725357280, 471859945544]
[363725385728, 471859945544]
[363725385968, 471859945544]
[363725389832, 471859945544]
[363725402336, 471859945544]
[363725410424, 471859945544]
[363725479976, 471859945544]
[363725480080, 471859945544]
[363725688992, 471859945544]
[363725701280, 471859945544]
[363725721624, 471859945544]
[363725729920, 471859945544]
[363725738112, 471859945544]
[363725934616, 471859945544]
[363725971680, 471859945544]
[363726078176, 471859945544]
[363726229528, 471859945544]
[368640004344, 471859945544]
[368640008264, 471859945544]
[368640008312, 471859945544]
[368640016504, 471859945544]
[368640094328, 471859945544]
[368640098544, 471859945544]
[368640159752, 471859945544]
[368640229448, 471859945544]
[368640253960, 471859945544]
[368640417912, 471859945544]
[368640462968, 471859945544]
[368640520216, 471859945544]
[368640553080, 471859945544]
[368640557176, 471859945544]
[368640561400, 471859945544]
[368640577656, 471859945544]
[368640614648, 471859945544]
[368640618744, 471859945544]
[368640639224, 471859945544]
[368640676080, 471859945544]
[368640700656, 471859945544]
[368640782584, 471859945544]
[368640848120, 471859945544]
[368640860400, 471859945544]
[368640962800, 471859945544]
[368641110264, 471859945544]
[368641167600, 471859945544]
[368641188080, 471859945544]
[368641224944, 471859945544]
[368641241336, 471859945544]
[368641343560, 471859945544]
[368641417256, 471859945544]
[368641433640, 471859945544]
[368641560648, 471859945544]
[368641613864, 471859945544]
[368641876040, 471859945544]
[368641937448, 471859945544]
[368641949768, 471859945544]
[368642195496, 471859945544]
[368642240552, 471859945544]
[368642252840, 471859945544]
[373555228912, 471859945544]
[373555249400, 471859945544]
[373555273848, 471859945544]
[373555339512, 471859945544]
[373555376200, 471859945544]
[373555404872, 471859945544]
[373555405048, 471859945544]
[373555409024, 471859945544]
[373555409144, 471859945544]
[373555421304, 471859945544]
[373555458120, 471859945544]
[373555462272, 471859945544]
[373555478776, 471859945544]
[373555490936, 471859945544]
[373555515640, 471859945544]
[373555540088, 471859945544]
[373555552416, 471859945544]
[373555556512, 471859945544]
[373555556592, 471859945544]
[373555572976, 471859945544]
[373555679232, 471859945544]
[373555720352, 471859945544]
[373555753200, 471859945544]
[373555781872, 471859945544]
[373555826832, 471859945544]
[373555876080, 471859945544]
[373555916944, 471859945544]
[373555966192, 471859945544]
[373556101360, 471859945544]
[373556117624, 471859945544]
[373556138224, 471859945544]
[373556224240, 471859945544]
[373556265200, 471859945544]
[373556576328, 471859945544]
[373556605088, 471859945544]
[373556822088, 471859945544]
[373556879520, 471859945544]
[378470404344, 471859945544]
[378470416512, 471859945544]
[378470420552, 471859945544]
[378470428744, 471859945544]
[378470465608, 471859945544]
[378470477896, 471859945544]
[378470510664, 471859945544]
[378470531144, 471859945544]
[378470531320, 471859945544]
[378470543488, 471859945544]
[378470555792, 471859945544]
[378470605040, 471859945544]
[378470662144, 471859945544]
[378470670584, 471859945544]
[378470678672, 471859945544]
[378470707448, 471859945544]
[378470777072, 471859945544]
[378470797552, 471859945544]
[378470817792, 471859945544]
[378470858912, 471859945544]
[378470928624, 471859945544]
[378471071888, 471859945544]
[378471526472, 471859945544]
[378471583888, 471859945544]
[378471665824, 471859945544]
[378472165448, 471859945544]
[378472169544, 471859945544]
[378472230984, 471859945544]
[378472927304, 471859945544]
[383385698376, 471859945544]
[383385714816, 471859945544]
[383385731312, 471859945544]
[383385792752, 471859945544]
[383385858288, 471859945544]
[383385878776, 471859945544]
[383385886848, 471859945544]
[383385886968, 471859945544]
[383385895152, 471859945544]
[383385911416, 471859945544]
[383386059000, 471859945544]
[383386116224, 471859945544]
[383386116344, 471859945544]
[383386136704, 471859945544]
[383386161280, 471859945544]
[383386165376, 471859945544]
[383386247328, 471859945544]
[383386280184, 471859945544]
[383386431736, 471859945544]
[383386464376, 471859945544]
[383386476664, 471859945544]
[383386538056, 471859945544]
[383386603528, 471859945544]
[383386603592, 471859945544]
[383386636296, 471859945544]
[383387181064, 471859945544]
[383387209800, 471859945544]
[383387254856, 471859945544]
[383387271240, 471859945544]
[383387504648, 471859945544]
[383387541512, 471859945544]
[383387717640, 471859945544]
[383387721736, 471859945544]
[383387766944, 471859945544]
[383387844768, 471859945544]
[383388082336, 471859945544]
[383388213408, 471859945544]
[388300828800, 471859945544]
[388300845184, 471859945544]
[388300906624, 471859945544]
[388300980296, 471859945544]
[388301009056, 471859945544]
[388301017208, 471859945544]
[388301021424, 471859945544]
[388301037688, 471859945544]
[388301078648, 471859945544]
[388301099128, 471859945544]
[388301119496, 471859945544]
[388301123592, 471859945544]
[388301148168, 471859945544]
[388301193224, 471859945544]
[388301234416, 471859945544]
[388301242512, 471859945544]
[388301262976, 471859945544]
[388301279360, 471859945544]
[388301283456, 471859945544]
[388301422832, 471859945544]
[388301435120, 471859945544]
[388301475968, 471859945544]
[388301484192, 471859945544]
[388301529328, 471859945544]
[388301541448, 471859945544]
[388301623424, 471859945544]
[388301660288, 471859945544]
[388301742240, 471859945544]
[388301983872, 471859945544]
[388302004464, 471859945544]
[388302156016, 471859945544]
[388302188784, 471859945544]
[388302340168, 471859945544]
[388302471240, 471859945544]
[388302508104, 471859945544]
[393216012408, 471859945544]
[393216028792, 471859945544]
[393216041088, 471859945544]
[393216049392, 471859945544]
[393216053368, 471859945544]
[393216123128, 471859945544]
[393216143600, 471859945544]
[393216159984, 471859945544]
[393216176368, 471859945544]
[393216192640, 471859945544]
[393216225520, 471859945544]
[393216274560, 471859945544]
[393216311304, 471859945544]
[393216339976, 471859945544]
[393216368880, 471859945544]
[393216454784, 471859945544]
[393216508032, 471859945544]
[393216512120, 471859945544]
[393216536704, 471859945544]
[393216540800, 471859945544]
[393216565376, 471859945544]
[393216635000, 471859945544]
[393216692344, 471859945544]
[393216770168, 471859945544]
[393216802936, 471859945544]
[393216802976, 471859945544]
[393216864328, 471859945544]
[393216950392, 471859945544]
[393216970872, 471859945544]
[393217020024, 471859945544]
[393217056888, 471859945544]
[393217126520, 471859945544]
[393217134752, 471859945544]
[393217147000, 471859945544]
[393217171576, 471859945544]
[393217249440, 471859945544]
[393217274016, 471859945544]
[393217298592, 471859945544]
[393217478816, 471859945544]
[393217536160, 471859945544]
[393217548360, 471859945544]
[393217605704, 471859945544]
[393217622176, 471859945544]
[393217630368, 471859945544]
[393217687712, 471859945544]
[398131212408, 471859945544]
[398131216504, 471859945544]
[398131237104, 471859945544]
[398131282160, 471859945544]
[398131302520, 471859945544]
[398131310712, 471859945544]
[398131323000, 471859945544]
[398131327048, 471859945544]
[398131331144, 471859945544]
[398131376248, 471859945544]
[398131433632, 471859945544]
[398131441784, 471859945544]
[398131449984, 471859945544]
[398131454192, 471859945544]
[398131470496, 471859945544]
[398131474560, 471859945544]
[398131523712, 471859945544]
[398131523824, 471859945544]
[398131581056, 471859945544]
[398131613824, 471859945544]
[398131966024, 471859945544]
[398131974216, 471859945544]
[398132060232, 471859945544]
[398132097184, 471859945544]
[398132273296, 471859945544]
[398132383904, 471859945544]
[398132428944, 471859945544]
[398132617360, 471859945544]
[398132732048, 471859945544]
[398133133456, 471859945544]
[403046621424, 471859945544]
[403046662264, 471859945544]
[403046666480, 471859945544]
[403046723712, 471859945544]
[403046772808, 471859945544]
[403046879472, 471859945544]
[403046989984, 471859945544]
[403047022736, 471859945544]
[403047104672, 471859945544]
[403047182480, 471859945544]
[403047198960, 471859945544]
[403047211168, 471859945544]
[403047403760, 471859945544]
[403047530656, 471859945544]
[403047567600, 471859945544]
[403047686384, 471859945544]
[407961624648, 471859945544]
[407961796848, 471859945544]
[407961821304, 471859945544]
[407961866480, 471859945544]
[407961956512, 471859945544]
[407961968800, 471859945544]
[407962062968, 471859945544]
[407962108048, 471859945544]
[407962407040, 471859945544]
[407962538128, 471859945544]
[407962730616, 471859945544]
[407962792064, 471859945544]
[407962943608, 471859945544]
[407962955920, 471859945544]
[407963816080, 471859945544]
[407964250256, 471859945544]
[407964700816, 471859945544]
[407964713104, 471859945544]
[412876849224, 471859945544]
[412876865680, 471859945544]
[412876882160, 471859945544]
[412876996680, 471859945544]
[412877357296, 471859945544]
[412877443192, 471859945544]
[412877492296, 471859945544]
[412877521016, 471859945544]
[412877525136, 471859945544]
[412877881504, 471859945544]
[412878626976, 471859945544]
[412878631072, 471859945544]
[412878987424, 471859945544]
[412879147168, 471859945544]
[412879167648, 471859945544]
[412879614112, 471859945544]
[412880199840, 471859945544]
[412880625824, 471859945544]
[417792004240, 471859945544]
[417792294984, 471859945544]
[417792303176, 471859945544]
[417792471112, 471859945544]
[417792487496, 471859945544]
[417792532552, 471859945544]
[417792598160, 471859945544]
[417792622736, 471859945544]
[417792929936, 471859945544]
[417794048144, 471859945544]
[422707241032, 471859945544]
[422707327048, 471859945544]
[422707372104, 471859945544]
[422707757200, 471859945544]
[422708068496, 471859945544]
[422708080800, 471859945544]
[422708093072, 471859945544]
[422708105360, 471859945544]
[422708109456, 471859945544]
[422708273224, 471859945544]
[422708297800, 471859945544]
[422708314256, 471859945544]
[422708387912, 471859945544]
[422708428944, 471859945544]
[422708543648, 471859945544]
[427622441032, 471859945544]
[427622600776, 471859945544]
[427622645920, 471859945544]
[427622678600, 471859945544]
[427622711368, 471859945544]
[427622736016, 471859945544]
[427622989984, 471859945544]
[427623313552, 471859945544]
[427623325840, 471859945544]
[427623334032, 471859945544]
[427623338144, 471859945544]
[427623366816, 471859945544]
[427623424160, 471859945544]
[427623436432, 471859945544]
[427623637152, 471859945544]
[427623665824, 471859945544]
[427623768224, 471859945544]
[427623829664, 471859945544]
[432537681992, 471859945544]
[432537714760, 471859945544]
[432537751624, 471859945544]
[432538005576, 471859945544]
[432538034248, 471859945544]
[432538038344, 471859945544]
[432538202184, 471859945544]
[432538255432, 471859945544]
[432538325064, 471859945544]
[432538370120, 471859945544]
[432538747040, 471859945544]
[432538779792, 471859945544]
[432538935368, 471859945544]
[432539000976, 471859945544]
[432539078800, 471859945544]
[432539123872, 471859945544]
[432539140168, 471859945544]
[432539484320, 471859945544]
[432539558032, 471859945544]
[432539566224, 471859945544]
[432539586704, 471859945544]
[432539594896, 471859945544]
[432539701392, 471859945544]
[432539709584, 471859945544]
[432540414096, 471859945544]
[432540573840, 471859945544]
[432540795040, 471859945544]
[437452902472, 471859945544]
[437452918856, 471859945544]
[437453045832, 471859945544]
[437453500560, 471859945544]
[437453861008, 471859945544]
[437453971616, 471859945544]
[437453992080, 471859945544]
[437454164112, 471859945544]
[437454373024, 471859945544]
[437454475424, 471859945544]
[437454581920, 471859945544]
[437455052960, 471859945544]
[437455085728, 471859945544]
[437455376544, 471859945544]
[437455409312, 471859945544]
[437455716512, 471859945544]
[442368016456, 471859945544]
[442368073872, 471859945544]
[442368102472, 471859945544]
[442368151624, 471859945544]
[442368249928, 471859945544]
[442368299080, 471859945544]
[442368397472, 471859945544]
[442368499784, 471859945544]
[442368528456, 471859945544]
[442368622664, 471859945544]
[442368626760, 471859945544]
[442368634952, 471859945544]
[442368684176, 471859945544]
[442368716960, 471859945544]
[442368737352, 471859945544]
[442368745632, 471859945544]
[442368917648, 471859945544]
[447283302472, 471859945544]
[447283327048, 471859945544]
[447283335240, 471859945544]
[447283400776, 471859945544]
[447283429448, 471859945544]
[447283560608, 471859945544]
[447283593376, 471859945544]
[447283667104, 471859945544]
[447283699784, 471859945544]
[447283761224, 471859945544]
[447283900560, 471859945544]
[447283941520, 471859945544]
[447284359240, 471859945544]
[447284691088, 471859945544]
[452198469704, 471859945544]
[452198494352, 471859945544]
[452198576272, 471859945544]
[452198584392, 471859945544]
[452198736016, 471859945544]
[452198830224, 471859945544]
[452198903880, 471859945544]
[452198981704, 471859945544]
[452199030928, 471859945544]
[452199395472, 471859945544]
[452199465104, 471859945544]
[452199473296, 471859945544]
[452199547040, 471859945544]
[452199620752, 471859945544]
[452200263824, 471859945544]
[457113755720, 471859945544]
[457113780296, 471859945544]
[457114345616, 471859945544]
[457114525856, 471859945544]
[457114554528, 471859945544]
[457114636432, 471859945544]
[457114669200, 471859945544]
[457114685600, 471859945544]
[457114788000, 471859945544]
[457114882192, 471859945544]
[457114910864, 471859945544]
[457115119760, 471859945544]
[462028910664, 471859945544]
[462029033544, 471859945544]
[462029357128, 471859945544]
[462029373512, 471859945544]
[462029381704, 471859945544]
[462029406368, 471859945544]
[462029488272, 471859945544]
[462029537424, 471859945544]
[462029594784, 471859945544]
[462029672608, 471859945544]
[462029787280, 471859945544]
[462029824160, 471859945544]
[462030033056, 471859945544]
[462030049440, 471859945544]
[462030102688, 471859945544]
[462030119072, 471859945544]
[462030971040, 471859945544]
[466944077896, 471859945544]
[466944127048, 471859945544]
[466944229448, 471859945544]
[466944303248, 471859945544]
[466944680008, 471859945544]
[466944720968, 471859945544]
[466944733256, 471859945544]
[466944774216, 471859945544]
[466944839752, 471859945544]
[466944852040, 471859945544]
[466944901192, 471859945544]
[466945593416, 471859945544]
[466945699912, 471859945544]
[466945826888, 471859945544]
[471859281992, 471859945544]
[471859368080, 471859945544]
[471859486864, 471859945544]
[471859626128, 471859945544]
[471859646608, 471859945544]
[471859773512, 471859945544]
[471859945544, 471860019272]
[471859945544, 471860142152]
[471859945544, 471860269128]
[471859945544, 471860314184]
[471859945544, 471860351048]
[471859945544, 471860432968]
[471859945544, 476774457416]
[471859945544, 476774514760]
[471859945544, 476774944840]
[471859945544, 476775112776]
[471859945544, 476775178312]
[471859945544, 481689608264]
[471859945544, 481689649224]
[471859945544, 481689681992]
[471859945544, 481689759816]
[471859945544, 481689813064]
[471859945544, 481689833544]
[471859945544, 481689866312]
[471859945544, 481690034248]
[471859945544, 481690288200]
[471859945544, 481690341448]
[471859945544, 481690755144]
[471859945544, 481690890312]
[471859945544, 486605045832]
[471859945544, 486605455432]
[471859945544, 486605938760]
[471859945544, 491520221256]
[471859945544, 491521286216]
