[275251683520, 45296]
[114792, 275251683520]
[168008, 275251683520]
[254056, 275251683520]
[275251683520, 315512]
[275251683520, 655432]
[275251683520, 676080]
[275251683520, 704704]
[275251683520, 745600]
[1237152, 275251683520]
[1273928, 275251683520]
[1589320, 275251683520]
[275251683520, 3067976]
[275251683520, 3178568]
[275251683520, 3723272]
[275251683520, 4562952]
[275251683520, 4915245080]
[275251683520, 4915662936]
[275251683520, 4917755912]
[14745604104, 275251683520]
[14746087424, 275251683520]
[14746357864, 275251683520]
[14746447872, 275251683520]
[14746460160, 275251683520]
[275251683520, 29491794064]
[275251683520, 49152016560]
[275251683520, 49152196800]
[275251683520, 58982420728]
[275251683520, 58982490352]
[275251683520, 58982502456]
[275251683520, 58982543552]
[275251683520, 58982568040]
[275251683520, 58982772736]
[275251683520, 63897772056]
[275251683520, 63898218496]
[275251683520, 68813496392]
[275251683520, 73728032928]
[275251683520, 73728069856]
[275251683520, 73728069872]
[275251683520, 73728246008]
[275251683520, 73728381048]
[275251683520, 78643257416]
[275251683520, 78643634176]
[275251683520, 78643671144]
[275251683520, 78643834904]
[275251683520, 78644158656]
[275251683520, 83558408264]
[275251683520, 83558416560]
[275251683520, 83559350360]
[275251683520, 83559432280]
[275251683520, 83559804984]
[275251683520, 88474009672]
[275251683520, 88474370048]
[275251683520, 88474521776]
[275251683520, 88475738216]
[275251683520, 93388841184]
[275251683520, 93389332608]
[275251683520, 93389353120]
[275251683520, 93389656152]
[275251683520, 93389705224]
[275251683520, 93390000304]
[275251683520, 98304270456]
[275251683520, 98304294912]
[275251683520, 98304610304]
[275251683520, 98304626792]
[275251683520, 98304782336]
[275251683520, 98304868352]
[275251683520, 98305515624]
[275251683520, 98305609904]
[275251683520, 98305904744]
[275251683520, 98306420840]
[275251683520, 98306691176]
[103219302544, 275251683520]
[103219478528, 275251683520]
[103219478536, 275251683520]
[103220195384, 275251683520]
[103220719792, 275251683520]
[108134404344, 275251683520]
[108134523072, 275251683520]
[108134686960, 275251683520]
[108134879480, 275251683520]
[108135186592, 275251683520]
[108135252176, 275251683520]
[113049837568, 275251683520]
[113049854096, 275251683520]
[113049866296, 275251683520]
[113050378400, 275251683520]
[113050538144, 275251683520]
[117965082632, 275251683520]
[117965135976, 275251683520]
[117966323952, 275251683520]
[122880065536, 275251683520]
[122880077912, 275251683520]
[122880151744, 275251683520]
[122880213048, 275251683520]
[122880286776, 275251683520]
[122880421912, 275251683520]
[122880762048, 275251683520]
[122880790616, 275251683520]
[122880807016, 275251683520]
[122880831576, 275251683520]
[122881003608, 275251683520]
[122881044568, 275251683520]
[122881110072, 275251683520]
[122881130584, 275251683520]
[122881142840, 275251683520]
[122881179736, 275251683520]
[122881290328, 275251683520]
[122881491000, 275251683520]
[122881593400, 275251683520]
[122881597528, 275251683520]
[122881613912, 275251683520]
[122881683512, 275251683520]
[122881720376, 275251683520]
[122881720408, 275251683520]
[122881724504, 275251683520]
[122881765464, 275251683520]
[122881777720, 275251683520]
[122881847352, 275251683520]
[122882412600, 275251683520]
[122882433080, 275251683520]
[127795216576, 275251683520]
[127795306552, 275251683520]
[127795327064, 275251683520]
[127795355768, 275251683520]
[127795376184, 275251683520]
[127795376200, 275251683520]
[127795380432, 275251683520]
[127795392600, 275251683520]
[127795400792, 275251683520]
[127795408984, 275251683520]
[127795425488, 275251683520]
[127795470544, 275251683520]
[127795478736, 275251683520]
[127795507408, 275251683520]
[127795540176, 275251683520]
[127795658824, 275251683520]
[127795880096, 275251683520]
[127795982344, 275251683520]
[127796015192, 275251683520]
[127796047960, 275251683520]
[127796072536, 275251683520]
[127796101176, 275251683520]
[127796121656, 275251683520]
[127796195520, 275251683520]
[127796236344, 275251683520]
[127796388048, 275251683520]
[127796400184, 275251683520]
[127796420816, 275251683520]
[127796453584, 275251683520]
[127796502584, 275251683520]
[127796514872, 275251683520]
[127796527192, 275251683520]
[127796617424, 275251683520]
[127796654136, 275251683520]
[127796686904, 275251683520]
[127796711632, 275251683520]
[127796732112, 275251683520]
[127796744400, 275251683520]
[127796764728, 275251683520]
[127796900048, 275251683520]
[127796924624, 275251683520]
[127796990160, 275251683520]
[127796994256, 275251683520]
[127797055696, 275251683520]
[127797203152, 275251683520]
[127797223480, 275251683520]
[127797227608, 275251683520]
[127797256400, 275251683520]
[127797305432, 275251683520]
[127797756112, 275251683520]
[127797842128, 275251683520]
[127797878992, 275251683520]
[127797969104, 275251683520]
[127798026448, 275251683520]
[132710453440, 275251683520]
[132710473816, 275251683520]
[132710498480, 275251683520]
[132710498544, 275251683520]
[132710527184, 275251683520]
[132710555736, 275251683520]
[132710568144, 275251683520]
[132710572120, 275251683520]
[132710576216, 275251683520]
[132710613048, 275251683520]
[132710649912, 275251683520]
[132710981640, 275251683520]
[132711133392, 275251683520]
[132711161944, 275251683520]
[132711223544, 275251683520]
[132711297128, 275251683520]
[132711317608, 275251683520]
[132711448784, 275251683520]
[132711448824, 275251683520]
[132711526608, 275251683520]
[132711657680, 275251683520]
[132711678040, 275251683520]
[132711739448, 275251683520]
[132711764056, 275251683520]
[132711837752, 275251683520]
[132711911480, 275251683520]
[132712038608, 275251683520]
[132712075320, 275251683520]
[132712210488, 275251683520]
[132712607800, 275251683520]
[132712624184, 275251683520]
[132712726584, 275251683520]
[132712865848, 275251683520]
[137625628920, 275251683520]
[137625632776, 275251683520]
[137625653496, 275251683520]
[137625677864, 275251683520]
[137625772192, 275251683520]
[137625788624, 275251683520]
[137625862152, 275251683520]
[137625866368, 275251683520]
[137625891024, 275251683520]
[137626136576, 275251683520]
[137626308664, 275251683520]
[137626308728, 275251683520]
[137626603728, 275251683520]
[137626644688, 275251683520]
[137626677456, 275251683520]
[137626681400, 275251683520]
[137626689744, 275251683520]
[137626738896, 275251683520]
[137626759224, 275251683520]
[137626787896, 275251683520]
[137626845240, 275251683520]
[137626857528, 275251683520]
[137626976464, 275251683520]
[137627046096, 275251683520]
[137627050192, 275251683520]
[137627115728, 275251683520]
[137627271224, 275251683520]
[137627709560, 275251683520]
[137627943120, 275251683520]
[137627971792, 275251683520]
[137628061904, 275251683520]
[137628098768, 275251683520]
[142540816576, 275251683520]
[142541177072, 275251683520]
[142541242576, 275251683520]
[142541246584, 275251683520]
[142541369352, 275251683520]
[142541488336, 275251683520]
[142541517008, 275251683520]
[142541881488, 275251683520]
[142541918416, 275251683520]
[142541938896, 275251683520]
[142542168208, 275251683520]
[142542536776, 275251683520]
[142542659656, 275251683520]
[142543192224, 275251683520]
[147456069640, 275251683520]
[147456098424, 275251683520]
[147456262392, 275251683520]
[147456393456, 275251683520]
[147456757920, 275251683520]
[147457269952, 275251683520]
[147457273976, 275251683520]
[147457573024, 275251683520]
[152371732504, 275251683520]
[152371789928, 275251683520]
[152372646080, 275251683520]
[152372715712, 275251683520]
[152372748448, 275251683520]
[152373596320, 275251683520]
[157286699168, 275251683520]
[157286760592, 275251683520]
[157286899872, 275251683520]
[157286944896, 275251683520]
[157286989896, 275251683520]
[157287026832, 275251683520]
[157288075424, 275251683520]
[162201669704, 275251683520]
[162201669760, 275251683520]
[162201702560, 275251683520]
[162202701968, 275251683520]
[162203078664, 275251683520]
[162203844768, 275251683520]
[167116927152, 275251683520]
[167117094952, 275251683520]
[167117492400, 275251683520]
[167117930568, 275251683520]
[167118024848, 275251683520]
[167118528584, 275251683520]
[172032172032, 275251683520]
[172032233472, 275251683520]
[172032389296, 275251683520]
[172032422048, 275251683520]
[172032426176, 275251683520]
[172032548992, 275251683520]
[172032696344, 275251683520]
[172032733224, 275251683520]
[172032991352, 275251683520]
[172033093736, 275251683520]
[172033245408, 275251683520]
[172033405000, 275251683520]
[172034031840, 275251683520]
[176947511520, 275251683520]
[176947523824, 275251683520]
[176947593320, 275251683520]
[176947613736, 275251683520]
[176948101344, 275251683520]
[176948129816, 275251683520]
[176948248600, 275251683520]
[176948744216, 275251683520]
[181862551712, 275251683520]
[181862625504, 275251683520]
[181862727856, 275251683520]
[181862940816, 275251683520]
[181863100560, 275251683520]
[181863129232, 275251683520]
[181863452832, 275251683520]
[181864161424, 275251683520]
[181864292496, 275251683520]
[186777694248, 275251683520]
[186778157216, 275251683520]
[186778206432, 275251683520]
[186778218536, 275251683520]
[186778476648, 275251683520]
[186778636416, 275251683520]
[186778644552, 275251683520]
[186778816656, 275251683520]
[186779713696, 275251683520]
[191692988576, 275251683520]
[191693168680, 275251683520]
[191693246488, 275251683520]
[191693299952, 275251683520]
[191693340864, 275251683520]
[191693521072, 275251683520]
[191693606936, 275251683520]
[191693672520, 275251683520]
[191694020632, 275251683520]
[191694061592, 275251683520]
[196608086264, 275251683520]
[196608143400, 275251683520]
[196608430240, 275251683520]
[196608487672, 275251683520]
[196608630824, 275251683520]
[201523347632, 275251683520]
[201523454056, 275251683520]
[201523470528, 275251683520]
[201523499256, 275251683520]
[201523548336, 275251683520]
[201523630256, 275251683520]
[201523843264, 275251683520]
[201523998928, 275251683520]
[206438846472, 275251683520]
[206438920440, 275251683520]
[206439055400, 275251683520]
[206439100456, 275251683520]
[206439194696, 275251683520]
[211353616456, 275251683520]
[211353665760, 275251683520]
[211353874552, 275251683520]
[211354079408, 275251683520]
[211354312944, 275251683520]
[216268951560, 275251683520]
[216268988416, 275251683520]
[216269008920, 275251683520]
[216269058272, 275251683520]
[216269078552, 275251683520]
[216269090824, 275251683520]
[216269139992, 275251683520]
[216269164568, 275251683520]
[216269168640, 275251683520]
[216269951216, 275251683520]
[221184163912, 275251683520]
[221184262288, 275251683520]
[221184303224, 275251683520]
[221184655552, 275251683520]
[221184770192, 275251683520]
[221184839800, 275251683520]
[221185036448, 275251683520]
[221185196192, 275251683520]
[221185786000, 275251683520]
[226099568880, 275251683520]
[226099654904, 275251683520]
[226099728504, 275251683520]
[226100539520, 275251683520]
[231014719616, 275251683520]
[231014801448, 275251683520]
[231014945008, 275251683520]
[231015788544, 275251683520]
[235929645176, 275251683520]
[235929763880, 275251683520]
[235929796616, 275251683520]
[235930304656, 275251683520]
[240844914864, 275251683520]
[240845254784, 275251683520]
[240845328624, 275251683520]
[240845332608, 275251683520]
[240845369568, 275251683520]
[240845590768, 275251683520]
[240845906040, 275251683520]
[240846295160, 275251683520]
[240847110264, 275251683520]
[245760069656, 275251683520]
[245760168128, 275251683520]
[245760221288, 275251683520]
[245760331968, 275251683520]
[245760393344, 275251683520]
[245760422048, 275251683520]
[245760508064, 275251683520]
[245760540792, 275251683520]
[245761183864, 275251683520]
[245761192008, 275251683520]
[245761302632, 275251683520]
[250675298496, 275251683520]
[250675302592, 275251683520]
[250675331264, 275251683520]
[250675458072, 275251683520]
[250675491008, 275251683520]
[250675523584, 275251683520]
[250675552448, 275251683520]
[250675585216, 275251683520]
[250675613800, 275251683520]
[250675675328, 275251683520]
[250675679424, 275251683520]
[250675863744, 275251683520]
[250676121792, 275251683520]
[250676224192, 275251683520]
[250676236480, 275251683520]
[250676314272, 275251683520]
[250676326592, 275251683520]
[250676527296, 275251683520]
[250676670656, 275251683520]
[250676678848, 275251683520]
[250676842688, 275251683520]
[250676875456, 275251683520]
[250677043392, 275251683520]
[250677129408, 275251683520]
[255590424768, 275251683520]
[255590437056, 275251683520]
[255590494384, 275251683520]
[255590518888, 275251683520]
[255590523056, 275251683520]
[255590559920, 275251683520]
[255590568040, 275251683520]
[255590576352, 275251683520]
[255590584424, 275251683520]
[255590637744, 275251683520]
[255590658224, 275251683520]
[255590727784, 275251683520]
[255590731968, 275251683520]
[255590756528, 275251683520]
[255590772928, 275251683520]
[255590797488, 275251683520]
[255590805680, 275251683520]
[255590826176, 275251683520]
[255590846640, 275251683520]
[255590875240, 275251683520]
[255590879424, 275251683520]
[255590916336, 275251683520]
[255590920384, 275251683520]
[255590936752, 275251683520]
[255590961280, 275251683520]
[255590977680, 275251683520]
[255590994024, 275251683520]
[255590994040, 275251683520]
[255590998120, 275251683520]
[255591018672, 275251683520]
[255591022768, 275251683520]
[255591055464, 275251683520]
[255591063656, 275251683520]
[255591096424, 275251683520]
[255591129280, 275251683520]
[255591137400, 275251683520]
[255591145600, 275251683520]
[255591145664, 275251683520]
[255591157936, 275251683520]
[255591178432, 275251683520]
[255591194816, 275251683520]
[255591198912, 275251683520]
[255591268576, 275251683520]
[255591301224, 275251683520]
[255591346368, 275251683520]
[255591354560, 275251683520]
[255591362752, 275251683520]
[260505624752, 275251683520]
[260505653352, 275251683520]
[260505682144, 275251683520]
[260505698408, 275251683520]
[260505788520, 275251683520]
[260505792704, 275251683520]
[260505837760, 275251683520]
[260505854176, 275251683520]
[260505862248, 275251683520]
[260505870528, 275251683520]
[260505882816, 275251683520]
[260505952360, 275251683520]
[260505993392, 275251683520]
[260505997416, 275251683520]
[260506009776, 275251683520]
[260506046504, 275251683520]
[260506054848, 275251683520]
[260506095720, 275251683520]
[260506124480, 275251683520]
[260506132656, 275251683520]
[260506165352, 275251683520]
[260506173632, 275251683520]
[260506194112, 275251683520]
[260506198208, 275251683520]
[260506251368, 275251683520]
[260506271848, 275251683520]
[260506321000, 275251683520]
[260506382528, 275251683520]
[260506390720, 275251683520]
[260506411112, 275251683520]
[260506435776, 275251683520]
[260506509416, 275251683520]
[260506665064, 275251683520]
[260506681448, 275251683520]
[260506726504, 275251683520]
[260506783848, 275251683520]
[260506812520, 275251683520]
[260506857576, 275251683520]
[260506865768, 275251683520]
[260506886248, 275251683520]
[260507041896, 275251683520]
[265420808200, 275251683520]
[265420845248, 275251683520]
[265420865712, 275251683520]
[265420894312, 275251683520]
[265420931264, 275251683520]
[265420935360, 275251683520]
[265420992616, 275251683520]
[265420992688, 275251683520]
[265421000808, 275251683520]
[265421000896, 275251683520]
[265421029480, 275251683520]
[265421029552, 275251683520]
[265421090992, 275251683520]
[265421160552, 275251683520]
[265421172864, 275251683520]
[265421189224, 275251683520]
[265421201600, 275251683520]
[265421230272, 275251683520]
[265421275328, 275251683520]
[265421279336, 275251683520]
[265421336752, 275251683520]
[265421390000, 275251683520]
[265421516992, 275251683520]
[265421615280, 275251683520]
[265421635760, 275251683520]
[265421639856, 275251683520]
[265421676648, 275251683520]
[265421676720, 275251683520]
[265421684840, 275251683520]
[265421729968, 275251683520]
[265421799528, 275251683520]
[265421815984, 275251683520]
[265421824176, 275251683520]
[265421959272, 275251683520]
[265421963368, 275251683520]
[265421975656, 275251683520]
[265422004400, 275251683520]
[265422065840, 275251683520]
[265422143664, 275251683520]
[270336028672, 275251683520]
[270336069824, 275251683520]
[270336098480, 275251683520]
[270336127080, 275251683520]
[270336151552, 275251683520]
[270336151672, 275251683520]
[270336204904, 275251683520]
[270336233472, 275251683520]
[270336245760, 275251683520]
[270336249856, 275251683520]
[270336258152, 275251683520]
[270336282624, 275251683520]
[270336290992, 275251683520]
[270336311472, 275251683520]
[270336323776, 275251683520]
[270336331880, 275251683520]
[270336356352, 275251683520]
[270336364648, 275251683520]
[270336372736, 275251683520]
[270336377008, 275251683520]
[270336385024, 275251683520]
[270336389296, 275251683520]
[270336409776, 275251683520]
[270336426176, 275251683520]
[270336438448, 275251683520]
[270336450752, 275251683520]
[270336463024, 275251683520]
[270336467048, 275251683520]
[270336483432, 275251683520]
[270336487528, 275251683520]
[270336495792, 275251683520]
[270336536680, 275251683520]
[270336569520, 275251683520]
[270336684224, 275251683520]
[270336725152, 275251683520]
[270336733360, 275251683520]
[270336778432, 275251683520]
[270336815296, 275251683520]
[270337052864, 275251683520]
[270337065152, 275251683520]
[270337249472, 275251683520]
[270337323200, 275251683520]
[270337347776, 275251683520]
[270337523904, 275251683520]
[270337536192, 275251683520]
[270337552576, 275251683520]
[270337577152, 275251683520]
[270337585344, 275251683520]
[270337593536, 275251683520]
[270337622208, 275251683520]
[270337630400, 275251683520]
[270337634496, 275251683520]
[270337798336, 275251683520]
[270337827008, 275251683520]
[270337904832, 275251683520]
[275251228776, 275251683520]
[275251241152, 275251683520]
[275251249256, 275251683520]
[275251277928, 275251683520]
[275251339264, 275251683520]
[275251384424, 275251683520]
[275251388536, 275251683520]
[275251396712, 275251683520]
[275251413184, 275251683520]
[275251417192, 275251683520]
[275251425280, 275251683520]
[275251429480, 275251683520]
[275251437672, 275251683520]
[275251462336, 275251683520]
[275251466432, 275251683520]
[275251470440, 275251683520]
[275251474536, 275251683520]
[275251499200, 275251683520]
[275251507304, 275251683520]
[275251507376, 275251683520]
[275251556456, 275251683520]
[275251560552, 275251683520]
[275251593376, 275251683520]
[275251683520, 275251699816]
[275251683520, 275251708096]
[275251683520, 275251716288]
[275251683520, 275251724480]
[275251683520, 275251806312]
[275251683520, 275251810408]
[275251683520, 275251814504]
[275251683520, 275251896424]
[275251683520, 275251966056]
[275251683520, 275251994800]
[275251683520, 275252027496]
[275251683520, 275252031592]
[275251683520, 275252072552]
[275251683520, 275252113512]
[275251683520, 275252129968]
[275251683520, 275252314288]
[275251683520, 275252347056]
[275251683520, 275252400304]
[275251683520, 275252433000]
[275251683520, 275252433072]
[275251683520, 275252474032]
[275251683520, 275252506728]
[275251683520, 275252535400]
[275251683520, 275252564072]
[275251683520, 275252625512]
[275251683520, 275252633704]
[275251683520, 275252637800]
[275251683520, 275252641968]
[275251683520, 275252662376]
[275251683520, 275252666544]
[275251683520, 275252715624]
[275251683520, 275252822192]
[275251683520, 275252826288]
[275251683520, 275252850864]
[275251683520, 275252891752]
[275251683520, 275252957360]
[275251683520, 275253071976]
[275251683520, 275253436488]
[275251683520, 275254947912]
[275251683520, 280166445056]
[275251683520, 280166457584]
[275251683520, 280166473920]
[275251683520, 280166478000]
[275251683520, 280166486056]
[275251683520, 280166486120]
[275251683520, 280166522952]
[275251683520, 280166551560]
[275251683520, 280166564032]
[275251683520, 280166592704]
[275251683520, 280166608904]
[275251683520, 280166621288]
[275251683520, 280166625400]
[275251683520, 280166629480]
[275251683520, 280166641672]
[275251683520, 280166658152]
[275251683520, 280166662304]
[275251683520, 280166662336]
[275251683520, 280166682728]
[275251683520, 280166686824]
[275251683520, 280166694920]
[275251683520, 280166707376]
[275251683520, 280166867136]
[275251683520, 280166903984]
[275251683520, 280166916272]
[275251683520, 280166924432]
[275251683520, 280167002304]
[275251683520, 280167129264]
[275251683520, 280167207056]
[275251683520, 280170160200]
[275251683520, 280170225736]
[275251683520, 285081620488]
[275251683520, 285081649328]
[275251683520, 285081653256]
[275251683520, 285081657344]
[275251683520, 285081657536]
[275251683520, 285081665544]
[275251683520, 285081702648]
[275251683520, 285081710832]
[275251683520, 285081714864]
[275251683520, 285081735344]
[275251683520, 285081804904]
[275251683520, 285081837792]
[275251683520, 285081870512]
[275251683520, 285081882816]
[275251683520, 285081899184]
[275251683520, 285081903112]
[275251683520, 285082087600]
[275251683520, 285082095792]
[275251683520, 285082104000]
[275251683520, 285082132672]
[275251683520, 285082136768]
[275251683520, 285082157232]
[275251683520, 285082165440]
[275251683520, 285082173632]
[275251683520, 285082198120]
[275251683520, 285082206312]
[275251683520, 285082210480]
[275251683520, 285082263656]
[275251683520, 285082321072]
[275251683520, 285082329192]
[275251683520, 285082550296]
[275251683520, 289996824576]
[275251683520, 289996861600]
[275251683520, 289996869808]
[275251683520, 289996906504]
[275251683520, 289996914880]
[275251683520, 289996923128]
[275251683520, 289996951560]
[275251683520, 289996955656]
[275251683520, 289996968040]
[275251683520, 289996984496]
[275251683520, 289997017248]
[275251683520, 289997021376]
[275251683520, 289997066344]
[275251683520, 289997090936]
[275251683520, 289997095016]
[275251683520, 289997099184]
[275251683520, 289997103208]
[275251683520, 289997140160]
[275251683520, 289997201416]
[275251683520, 289997275240]
[275251683520, 289997279336]
[275251683520, 289997295808]
[275251683520, 289997299720]
[275251683520, 289997308096]
[275251683520, 289997381824]
[275251683520, 289997410496]
[275251683520, 289997426880]
[275251683520, 289997443248]
[275251683520, 289997459560]
[275251683520, 289997471848]
[275251683520, 289997500608]
[275251683520, 289997516992]
[275251683520, 289997537472]
[275251683520, 289997582512]
[275251683520, 289997873344]
[275251683520, 289997881536]
[275251683520, 289997893808]
[275251683520, 289997902000]
[275251683520, 289997906096]
[275251683520, 289997914288]
[275251683520, 289997930688]
[275251683520, 289997934664]
[275251683520, 289997942976]
[275251683520, 289997975728]
[275251683520, 289997988016]
[275251683520, 289998045360]
[275251683520, 289998069952]
[275251683520, 289998106816]
[275251683520, 289998123200]
[275251683520, 289998151856]
[275251683520, 289998319792]
[275251683520, 289998348480]
[275251683520, 289998401712]
[275251683520, 289998938184]
[275251683520, 294912012464]
[275251683520, 294912016424]
[275251683520, 294912024680]
[275251683520, 294912028672]
[275251683520, 294912045056]
[275251683520, 294912053248]
[275251683520, 294912061616]
[275251683520, 294912065712]
[275251683520, 294912114696]
[275251683520, 294912122880]
[275251683520, 294912167944]
[275251683520, 294912192616]
[275251683520, 294912192688]
[275251683520, 294912200704]
[275251683520, 294912209072]
[275251683520, 294912319592]
[275251683520, 294912356544]
[275251683520, 294912381120]
[275251683520, 294912385216]
[275251683520, 294912438376]
[275251683520, 294912467120]
[275251683520, 294912467136]
[275251683520, 294912544872]
[275251683520, 294912549040]
[275251683520, 294912553152]
[275251683520, 294912565424]
[275251683520, 294912602216]
[275251683520, 294912667824]
[275251683520, 294912696512]
[275251683520, 294912753840]
[275251683520, 294912794800]
[275251683520, 294912798896]
[275251683520, 294912811200]
[275251683520, 294912839872]
[275251683520, 294912848064]
[275251683520, 294912864448]
[275251683520, 294912884928]
[275251683520, 294912901296]
[275251683520, 294912905320]
[275251683520, 294912921776]
[275251683520, 294913056960]
[275251683520, 294913065152]
[275251683520, 294913069248]
[275251683520, 294913073344]
[275251683520, 294913106112]
[275251683520, 294913110208]
[275251683520, 294913282224]
[275251683520, 299827212464]
[275251683520, 299827232776]
[275251683520, 299827253248]
[275251683520, 299827277952]
[275251683520, 299827286024]
[275251683520, 299827290120]
[275251683520, 299827294208]
[275251683520, 299827323008]
[275251683520, 299827326976]
[275251683520, 299827368128]
[275251683520, 299827412992]
[275251683520, 299827417264]
[275251683520, 299827478704]
[275251683520, 299827486824]
[275251683520, 299827499200]
[275251683520, 299827507208]
[275251683520, 299827523584]
[275251683520, 299827527784]
[275251683520, 299827531880]
[275251683520, 299827544240]
[275251683520, 299827548352]
[275251683520, 299827560640]
[275251683520, 299827577008]
[275251683520, 299827597488]
[275251683520, 299827630088]
[275251683520, 299827638280]
[275251683520, 299827658760]
[275251683520, 299827666952]
[275251683520, 299827687432]
[275251683520, 299827699784]
[275251683520, 299827716288]
[275251683520, 299827802304]
[275251683520, 299828048064]
[275251683520, 299828052160]
[275251683520, 299828068544]
[275251683520, 299828080832]
[275251683520, 299828097216]
[275251683520, 299828138176]
[275251683520, 299828211904]
[275251683520, 299828375744]
[275251683520, 299828383936]
[275251683520, 299828400320]
[275251683520, 299828408512]
[275251683520, 299828465856]
[275251683520, 304742404288]
[275251683520, 304742408368]
[275251683520, 304742453488]
[275251683520, 304742469880]
[275251683520, 304742473832]
[275251683520, 304742473976]
[275251683520, 304742490240]
[275251683520, 304742498312]
[275251683520, 304742510784]
[275251683520, 304742523072]
[275251683520, 304742535192]
[275251683520, 304742543368]
[275251683520, 304742596800]
[275251683520, 304742600896]
[275251683520, 304742645864]
[275251683520, 304742686720]
[275251683520, 304742727680]
[275251683520, 304742809704]
[275251683520, 304742822080]
[275251683520, 304742826160]
[275251683520, 304742826176]
[275251683520, 304742916288]
[275251683520, 304742920440]
[275251683520, 304742965352]
[275251683520, 304742965472]
[275251683520, 304742969448]
[275251683520, 304742969592]
[275251683520, 304742990016]
[275251683520, 304742998264]
[275251683520, 304743014592]
[275251683520, 304743022816]
[275251683520, 304743034952]
[275251683520, 304743051440]
[275251683520, 304743067824]
[275251683520, 304743117048]
[275251683520, 304743121072]
[275251683520, 304743137280]
[275251683520, 304743162104]
[275251683520, 304743186536]
[275251683520, 304743198896]
[275251683520, 304743280864]
[275251683520, 304743321728]
[275251683520, 304743329896]
[275251683520, 304743358568]
[275251683520, 304743383264]
[275251683520, 304743391360]
[275251683520, 304743411936]
[275251683520, 304743452920]
[275251683520, 304743465064]
[275251683520, 304743469160]
[275251683520, 304743481520]
[275251683520, 304743538864]
[275251683520, 304743542960]
[275251683520, 304743604400]
[275251683520, 304743620712]
[275251683520, 304743624808]
[275251683520, 304743698536]
[275251683520, 304743743712]
[275251683520, 304743874664]
[275251683520, 304743919720]
[275251683520, 304743940224]
[275251683520, 304744059008]
[275251683520, 304744063104]
[275251683520, 304744108160]
[275251683520, 304744116328]
[275251683520, 304744128616]
[275251683520, 309657604136]
[275251683520, 309657608232]
[275251683520, 309657665760]
[275251683520, 309657722904]
[275251683520, 309657727104]
[275251683520, 309657739440]
[275251683520, 309657751656]
[275251683520, 309657768064]
[275251683520, 309657796784]
[275251683520, 309657800880]
[275251683520, 309657808920]
[275251683520, 309657829504]
[275251683520, 309657841768]
[275251683520, 309657854144]
[275251683520, 309657858272]
[275251683520, 309657862248]
[275251683520, 309657886824]
[275251683520, 309657895016]
[275251683520, 309657940072]
[275251683520, 309657940112]
[275251683520, 309657972840]
[275251683520, 309657997552]
[275251683520, 309658005680]
[275251683520, 309658009776]
[275251683520, 309658022064]
[275251683520, 309658038464]
[275251683520, 309658058856]
[275251683520, 309658071216]
[275251683520, 309658071288]
[275251683520, 309658075176]
[275251683520, 309658091768]
[275251683520, 309658108096]
[275251683520, 309658132584]
[275251683520, 309658169416]
[275251683520, 309658181808]
[275251683520, 309658194168]
[275251683520, 309658210552]
[275251683520, 309658218600]
[275251683520, 309658230888]
[275251683520, 309658239224]
[275251683520, 309658251304]
[275251683520, 309658345720]
[275251683520, 309658349816]
[275251683520, 309658353840]
[275251683520, 309658370296]
[275251683520, 309658427568]
[275251683520, 309658488960]
[275251683520, 309658525944]
[275251683520, 309658574872]
[275251683520, 309658624024]
[275251683520, 309658710144]
[275251683520, 309658710264]
[275251683520, 309658816640]
[275251683520, 309658824832]
[275251683520, 309658886272]
[275251683520, 309658919040]
[275251683520, 309658927128]
[275251683520, 309659140224]
[275251683520, 309659144320]
[275251683520, 309659472000]
[275251683520, 309659697280]
[275251683520, 309659709568]
[275251683520, 309660233752]
[275251683520, 309660332056]
[275251683520, 314572804224]
[275251683520, 314572808416]
[275251683520, 314572820704]
[275251683520, 314572832776]
[275251683520, 314572836872]
[275251683520, 314572841208]
[275251683520, 314572853496]
[275251683520, 314572873768]
[275251683520, 314572918792]
[275251683520, 314573000808]
[275251683520, 314573004928]
[275251683520, 314573009024]
[275251683520, 314573033632]
[275251683520, 314573045880]
[275251683520, 314573094920]
[275251683520, 314573111416]
[275251683520, 314573144184]
[275251683520, 314573152376]
[275251683520, 314573172912]
[275251683520, 314573242528]
[275251683520, 314573316096]
[275251683520, 314573332600]
[275251683520, 314573336696]
[275251683520, 314573377760]
[275251683520, 314573488152]
[275251683520, 314573529336]
[275251683520, 314573606936]
[275251683520, 314573619328]
[275251683520, 314573627496]
[275251683520, 314573660184]
[275251683520, 314573807640]
[275251683520, 314573807656]
[275251683520, 314573828200]
[275251683520, 314573852896]
[275251683520, 314573860992]
[275251683520, 314573987864]
[275251683520, 314574090280]
[275251683520, 314574135424]
[275251683520, 314574147712]
[275251683520, 314574221336]
[275251683520, 314574254104]
[275251683520, 314574282776]
[275251683520, 314574397568]
[275251683520, 314574434432]
[275251683520, 314574438528]
[275251683520, 314574545024]
[275251683520, 314574581800]
[275251683520, 314574590080]
[275251683520, 314574647336]
[275251683520, 314574667800]
[275251683520, 314574704680]
[275251683520, 314574712872]
[275251683520, 314574766120]
[275251683520, 314574962864]
[275251683520, 319488041208]
[275251683520, 319488045096]
[275251683520, 319488069656]
[275251683520, 319488073952]
[275251683520, 319488073976]
[275251683520, 319488094432]
[275251683520, 319488098528]
[275251683520, 319488106744]
[275251683520, 319488114712]
[275251683520, 319488229448]
[275251683520, 319488245784]
[275251683520, 319488253960]
[275251683520, 319488270560]
[275251683520, 319488286944]
[275251683520, 319488364544]
[275251683520, 319488425992]
[275251683520, 319488450560]
[275251683520, 319488491528]
[275251683520, 319488512248]
[275251683520, 319488573448]
[275251683520, 319488573464]
[275251683520, 319488602112]
[275251683520, 319488610544]
[275251683520, 319488618624]
[275251683520, 319488622616]
[275251683520, 319488643112]
[275251683520, 319488696568]
[275251683520, 319488720896]
[275251683520, 319488729088]
[275251683520, 319488729336]
[275251683520, 319488753912]
[275251683520, 319488798968]
[275251683520, 319488806912]
[275251683520, 319488823520]
[275251683520, 319488983080]
[275251683520, 319489044728]
[275251683520, 319489056776]
[275251683520, 319489069304]
[275251683520, 319489073400]
[275251683520, 319489101952]
[275251683520, 319489118336]
[275251683520, 319489159416]
[275251683520, 319489499136]
[275251683520, 319489614048]
[275251683520, 319489642536]
[275251683520, 319489822744]
[275251683520, 324403277944]
[275251683520, 324403282040]
[275251683520, 324403306736]
[275251683520, 324403347696]
[275251683520, 324403372152]
[275251683520, 324403441688]
[275251683520, 324403503112]
[275251683520, 324403535896]
[275251683520, 324403621912]
[275251683520, 324403699936]
[275251683520, 324403757176]
[275251683520, 324403847408]
[275251683520, 324403978360]
[275251683520, 324403978368]
[275251683520, 324403978480]
[275251683520, 324404002944]
[275251683520, 324404031712]
[275251683520, 324404056304]
[275251683520, 324404068592]
[275251683520, 324404084736]
[275251683520, 324404179072]
[275251683520, 324404273272]
[275251683520, 324404301824]
[275251683520, 324404318328]
[275251683520, 324404342912]
[275251683520, 324404441328]
[275251683520, 324404563968]
[275251683520, 324404781184]
[275251683520, 324404805760]
[275251683520, 324405002240]
[275251683520, 324405006336]
[275251683520, 324405067776]
[275251683520, 324405137432]
[275251683520, 324405379096]
[275251683520, 324405383192]
[275251683520, 324405669912]
[275251683520, 324405813272]
[275251683520, 324405829656]
[275251683520, 324405846040]
[275251683520, 329318437088]
[275251683520, 329318469872]
[275251683520, 329318482040]
[275251683520, 329318531312]
[275251683520, 329318568184]
[275251683520, 329318588416]
[275251683520, 329318645800]
[275251683520, 329318645880]
[275251683520, 329318662272]
[275251683520, 329318686848]
[275251683520, 329318699128]
[275251683520, 329318727808]
[275251683520, 329318854680]
[275251683520, 329318891640]
[275251683520, 329318920264]
[275251683520, 329318948872]
[275251683520, 329318969464]
[275251683520, 329318977776]
[275251683520, 329319006432]
[275251683520, 329319014544]
[275251683520, 329319055488]
[275251683520, 329319100416]
[275251683520, 329319125232]
[275251683520, 329319186656]
[275251683520, 329319207152]
[275251683520, 329319248096]
[275251683520, 329319350512]
[275251683520, 329319387176]
[275251683520, 329319526424]
[275251683520, 329319591960]
[275251683520, 329319629040]
[275251683520, 329319698456]
[275251683520, 329320661016]
[275251683520, 329320718360]
[275251683520, 334233678048]
[275251683520, 334233706616]
[275251683520, 334233714928]
[275251683520, 334233735288]
[275251683520, 334233735408]
[275251683520, 334233739288]
[275251683520, 334233743368]
[275251683520, 334233759872]
[275251683520, 334233768064]
[275251683520, 334233776376]
[275251683520, 334233792736]
[275251683520, 334233796648]
[275251683520, 334233850080]
[275251683520, 334233874680]
[275251683520, 334233878768]
[275251683520, 334233915520]
[275251683520, 334233919512]
[275251683520, 334233936096]
[275251683520, 334233948408]
[275251683520, 334233952376]
[275251683520, 334233997352]
[275251683520, 334234009760]
[275251683520, 334234034336]
[275251683520, 334234079392]
[275251683520, 334234103968]
[275251683520, 334234140672]
[275251683520, 334234173664]
[275251683520, 334234181856]
[275251683520, 334234185952]
[275251683520, 334234230808]
[275251683520, 334234230824]
[275251683520, 334234239016]
[275251683520, 334234255520]
[275251683520, 334234288288]
[275251683520, 334234337440]
[275251683520, 334234419200]
[275251683520, 334234460320]
[275251683520, 334234472608]
[275251683520, 334234505456]
[275251683520, 334234517744]
[275251683520, 334234521624]
[275251683520, 334234566896]
[275251683520, 334234800128]
[275251683520, 334234829040]
[275251683520, 334234849520]
[275251683520, 334234918952]
[275251683520, 334234931424]
[275251683520, 334234947824]
[275251683520, 334234992864]
[275251683520, 334235009064]
[275251683520, 334235091184]
[275251683520, 334235136240]
[275251683520, 334235209768]
[275251683520, 334235234544]
[275251683520, 334235508960]
[275251683520, 334235549736]
[275251683520, 334235750640]
[275251683520, 339148816424]
[275251683520, 339148837104]
[275251683520, 339148841000]
[275251683520, 339148849296]
[275251683520, 339148849400]
[275251683520, 339148861568]
[275251683520, 339148873848]
[275251683520, 339148882040]
[275251683520, 339148886176]
[275251683520, 339148910712]
[275251683520, 339148914832]
[275251683520, 339148923040]
[275251683520, 339148951792]
[275251683520, 339148968064]
[275251683520, 339148980464]
[275251683520, 339148984464]
[275251683520, 339149008936]
[275251683520, 339149017336]
[275251683520, 339149025528]
[275251683520, 339149037712]
[275251683520, 339149062288]
[275251683520, 339149066464]
[275251683520, 339149156512]
[275251683520, 339149172880]
[275251683520, 339149201552]
[275251683520, 339149209640]
[275251683520, 339149238280]
[275251683520, 339149238432]
[275251683520, 339149283488]
[275251683520, 339149295776]
[275251683520, 339149308048]
[275251683520, 339149308128]
[275251683520, 339149316240]
[275251683520, 339149328408]
[275251683520, 339149340832]
[275251683520, 339149353000]
[275251683520, 339149389968]
[275251683520, 339149754592]
[275251683520, 339149758504]
[275251683520, 339149766680]
[275251683520, 339149987880]
[275251683520, 339150065704]
[275251683520, 339150520360]
[275251683520, 344064004344]
[275251683520, 344064012536]
[275251683520, 344064020728]
[275251683520, 344064032928]
[275251683520, 344064041184]
[275251683520, 344064069760]
[275251683520, 344064086176]
[275251683520, 344064086256]
[275251683520, 344064110720]
[275251683520, 344064114728]
[275251683520, 344064123128]
[275251683520, 344064127200]
[275251683520, 344064139504]
[275251683520, 344064155768]
[275251683520, 344064163968]
[275251683520, 344064168176]
[275251683520, 344064184448]
[275251683520, 344064184464]
[275251683520, 344064229504]
[275251683520, 344064237592]
[275251683520, 344064245880]
[275251683520, 344064262384]
[275251683520, 344064266384]
[275251683520, 344064278688]
[275251683520, 344064290824]
[275251683520, 344064307448]
[275251683520, 344064311544]
[275251683520, 344064319608]
[275251683520, 344064323728]
[275251683520, 344064332000]
[275251683520, 344064340088]
[275251683520, 344064356592]
[275251683520, 344064364544]
[275251683520, 344064368784]
[275251683520, 344064372984]
[275251683520, 344064397320]
[275251683520, 344064405504]
[275251683520, 344064495760]
[275251683520, 344064524536]
[275251683520, 344064532480]
[275251683520, 344064549112]
[275251683520, 344064565496]
[275251683520, 344064626688]
[275251683520, 344064639120]
[275251683520, 344064643200]
[275251683520, 344064680008]
[275251683520, 344064680184]
[275251683520, 344064684160]
[275251683520, 344064688272]
[275251683520, 344064700544]
[275251683520, 344064712952]
[275251683520, 344064794872]
[275251683520, 344064839904]
[275251683520, 344064860408]
[275251683520, 344064897272]
[275251683520, 344064905464]
[275251683520, 344065249304]
[275251683520, 344065282120]
[275251683520, 344065413144]
[275251683520, 348979224824]
[275251683520, 348979245216]
[275251683520, 348979261568]
[275251683520, 348979261584]
[275251683520, 348979306736]
[275251683520, 348979319032]
[275251683520, 348979327096]
[275251683520, 348979339512]
[275251683520, 348979359984]
[275251683520, 348979380464]
[275251683520, 348979384568]
[275251683520, 348979392656]
[275251683520, 348979400952]
[275251683520, 348979404808]
[275251683520, 348979404920]
[275251683520, 348979441912]
[275251683520, 348979446008]
[275251683520, 348979462392]
[275251683520, 348979478568]
[275251683520, 348979515640]
[275251683520, 348979593344]
[275251683520, 348979609728]
[275251683520, 348979663008]
[275251683520, 348979667072]
[275251683520, 348979691520]
[275251683520, 348979691680]
[275251683520, 348979699752]
[275251683520, 348979794080]
[275251683520, 348979798176]
[275251683520, 348979802272]
[275251683520, 348979896320]
[275251683520, 348979921056]
[275251683520, 348979941376]
[275251683520, 348979994784]
[275251683520, 348980047872]
[275251683520, 348980113408]
[275251683520, 348980310056]
[275251683520, 348980482072]
[275251683520, 348980502552]
[275251683520, 348980690968]
[275251683520, 348980695064]
[275251683520, 348980809768]
[275251683520, 348980920360]
[275251683520, 348981293096]
[275251683520, 348981432360]
[275251683520, 348982050856]
[275251683520, 348982153256]
[275251683520, 348982239272]
[275251683520, 348982362152]
[275251683520, 353894404224]
[275251683520, 353894416512]
[275251683520, 353894416544]
[275251683520, 353894498432]
[275251683520, 353894498544]
[275251683520, 353894502528]
[275251683520, 353894518928]
[275251683520, 353894523000]
[275251683520, 353894527120]
[275251683520, 353894531216]
[275251683520, 353894535408]
[275251683520, 353894547696]
[275251683520, 353894559904]
[275251683520, 353894568096]
[275251683520, 353894596768]
[275251683520, 353894604928]
[275251683520, 353894605048]
[275251683520, 353894674560]
[275251683520, 353894699128]
[275251683520, 353894748320]
[275251683520, 353894748408]
[275251683520, 353894756352]
[275251683520, 353894768648]
[275251683520, 353894781048]
[275251683520, 353894797432]
[275251683520, 353894805504]
[275251683520, 353894834296]
[275251683520, 353894854816]
[275251683520, 353894879352]
[275251683520, 353894981880]
[275251683520, 353894994168]
[275251683520, 353895026808]
[275251683520, 353895030792]
[275251683520, 353895121016]
[275251683520, 353895129208]
[275251683520, 353895145632]
[275251683520, 353895157784]
[275251683520, 353895206920]
[275251683520, 353895256072]
[275251683520, 353895256088]
[275251683520, 353895293088]
[275251683520, 353895391256]
[275251683520, 353895411872]
[275251683520, 353895448800]
[275251683520, 353895469280]
[275251683520, 353895538696]
[275251683520, 353895563272]
[275251683520, 353895706848]
[275251683520, 353895768288]
[275251683520, 353895854304]
[275251683520, 353896402952]
[275251683520, 353896870112]
[275251683520, 353896890592]
[275251683520, 353897394400]
[275251683520, 358809608432]
[275251683520, 358809620640]
[275251683520, 358809624600]
[275251683520, 358809628912]
[275251683520, 358809632896]
[275251683520, 358809657584]
[275251683520, 358809657592]
[275251683520, 358809686144]
[275251683520, 358809690240]
[275251683520, 358809698328]
[275251683520, 358809706496]
[275251683520, 358809718824]
[275251683520, 358809731320]
[275251683520, 358809735296]
[275251683520, 358809735416]
[275251683520, 358809743504]
[275251683520, 358809784360]
[275251683520, 358809809136]
[275251683520, 358809813112]
[275251683520, 358809817336]
[275251683520, 358809829536]
[275251683520, 358809833616]
[275251683520, 358809841808]
[275251683520, 358809845800]
[275251683520, 358809845904]
[275251683520, 358809862304]
[275251683520, 358809878656]
[275251683520, 358809882624]
[275251683520, 358809890936]
[275251683520, 358809899256]
[275251683520, 358809919512]
[275251683520, 358809919616]
[275251683520, 358809927688]
[275251683520, 358809944184]
[275251683520, 358809956472]
[275251683520, 358809972864]
[275251683520, 358809993344]
[275251683520, 358810021896]
[275251683520, 358810034320]
[275251683520, 358810058760]
[275251683520, 358810075280]
[275251683520, 358810087544]
[275251683520, 358810103936]
[275251683520, 358810108048]
[275251683520, 358810112120]
[275251683520, 358810140712]
[275251683520, 358810194144]
[275251683520, 358810206432]
[275251683520, 358810222736]
[275251683520, 358810230928]
[275251683520, 358810239120]
[275251683520, 358810239216]
[275251683520, 358810247312]
[275251683520, 358810263776]
[275251683520, 358810263792]
[275251683520, 358810341616]
[275251683520, 358810361864]
[275251683520, 358810439920]
[275251683520, 358810472456]
[275251683520, 358810488872]
[275251683520, 358810509320]
[275251683520, 358810509552]
[275251683520, 358810525840]
[275251683520, 358810570976]
[275251683520, 358810575088]
[275251683520, 358810583280]
[275251683520, 358810587280]
[275251683520, 358810628104]
[275251683520, 358810640624]
[275251683520, 358810685680]
[275251683520, 358810705960]
[275251683520, 358810718448]
[275251683520, 358810726440]
[275251683520, 358810800352]
[275251683520, 358810812656]
[275251683520, 358810832904]
[275251683520, 358810878176]
[275251683520, 358811070688]
[275251683520, 358811103272]
[275251683520, 358811455528]
[275251683520, 358812078304]
[275251683520, 358812115168]
[275251683520, 363724804216]
[275251683520, 363724845056]
[275251683520, 363724923000]
[275251683520, 363724931200]
[275251683520, 363724964000]
[275251683520, 363724968064]
[275251683520, 363724968096]
[275251683520, 363724988544]
[275251683520, 363724992552]
[275251683520, 363725041672]
[275251683520, 363725041808]
[275251683520, 363725049856]
[275251683520, 363725058192]
[275251683520, 363725082872]
[275251683520, 363725086960]
[275251683520, 363725091056]
[275251683520, 363725095032]
[275251683520, 363725111536]
[275251683520, 363725160456]
[275251683520, 363725168760]
[275251683520, 363725177072]
[275251683520, 363725185064]
[275251683520, 363725246592]
[275251683520, 363725246624]
[275251683520, 363725254784]
[275251683520, 363725271200]
[275251683520, 363725287544]
[275251683520, 363725303952]
[275251683520, 363725312160]
[275251683520, 363725316224]
[275251683520, 363725332600]
[275251683520, 363725377536]
[275251683520, 363725377680]
[275251683520, 363725402256]
[275251683520, 363725439104]
[275251683520, 363725471888]
[275251683520, 363725484176]
[275251683520, 363725492384]
[275251683520, 363725504672]
[275251683520, 363725512864]
[275251683520, 363725516928]
[275251683520, 363725525120]
[275251683520, 363725561984]
[275251683520, 363725611136]
[275251683520, 363725615264]
[275251683520, 363725754408]
[275251683520, 363725811720]
[275251683520, 363725815968]
[275251683520, 363726397464]
[275251683520, 363726450912]
[275251683520, 368640004336]
[275251683520, 368640016624]
[275251683520, 368640020608]
[275251683520, 368640041120]
[275251683520, 368640049400]
[275251683520, 368640073888]
[275251683520, 368640102648]
[275251683520, 368640135416]
[275251683520, 368640143608]
[275251683520, 368640163848]
[275251683520, 368640176256]
[275251683520, 368640176376]
[275251683520, 368640180464]
[275251683520, 368640184392]
[275251683520, 368640184568]
[275251683520, 368640204872]
[275251683520, 368640209016]
[275251683520, 368640213232]
[275251683520, 368640217328]
[275251683520, 368640237712]
[275251683520, 368640258048]
[275251683520, 368640270408]
[275251683520, 368640299080]
[275251683520, 368640303176]
[275251683520, 368640327752]
[275251683520, 368640327824]
[275251683520, 368640340088]
[275251683520, 368640368784]
[275251683520, 368640385032]
[275251683520, 368640385096]
[275251683520, 368640397432]
[275251683520, 368640479480]
[275251683520, 368640508024]
[275251683520, 368640524408]
[275251683520, 368640528504]
[275251683520, 368640528624]
[275251683520, 368640544888]
[275251683520, 368640622832]
[275251683520, 368640635128]
[275251683520, 368640643312]
[275251683520, 368640647408]
[275251683520, 368640725232]
[275251683520, 368640766192]
[275251683520, 368640778488]
[275251683520, 368640782584]
[275251683520, 368640790768]
[275251683520, 368640819224]
[275251683520, 368640827416]
[275251683520, 368640872688]
[275251683520, 368640958712]
[275251683520, 368640983288]
[275251683520, 368640987376]
[275251683520, 368640991472]
[275251683520, 368640999664]
[275251683520, 368641097968]
[275251683520, 368641102072]
[275251683520, 368641114360]
[275251683520, 368641155312]
[275251683520, 368641212664]
[275251683520, 368641241328]
[275251683520, 368641245208]
[275251683520, 368641302600]
[275251683520, 368641314888]
[275251683520, 368641376328]
[275251683520, 368641613896]
[275251683520, 368641622056]
[275251683520, 368641658952]
[275251683520, 368641708104]
[275251683520, 368641769544]
[275251683520, 368641794120]
[275251683520, 368641818664]
[275251683520, 368641843272]
[275251683520, 368641847368]
[275251683520, 368641957960]
[275251683520, 368642023496]
[275251683520, 368642117704]
[275251683520, 368642539560]
[275251683520, 368642695240]
[275251683520, 368642826280]
[275251683520, 373555212528]
[275251683520, 373555216632]
[275251683520, 373555224696]
[275251683520, 373555232896]
[275251683520, 373555237104]
[275251683520, 373555241088]
[275251683520, 373555249296]
[275251683520, 373555331320]
[275251683520, 373555343432]
[275251683520, 373555347696]
[275251683520, 373555351672]
[275251683520, 373555363984]
[275251683520, 373555364088]
[275251683520, 373555368064]
[275251683520, 373555380368]
[275251683520, 373555388664]
[275251683520, 373555404944]
[275251683520, 373555417208]
[275251683520, 373555421312]
[275251683520, 373555425528]
[275251683520, 373555445832]
[275251683520, 373555495160]
[275251683520, 373555515536]
[275251683520, 373555548280]
[275251683520, 373555548304]
[275251683520, 373555564688]
[275251683520, 373555576952]
[275251683520, 373555630200]
[275251683520, 373555630320]
[275251683520, 373555720192]
[275251683520, 373555724528]
[275251683520, 373555749104]
[275251683520, 373555773680]
[275251683520, 373555789944]
[275251683520, 373555806368]
[275251683520, 373555843312]
[275251683520, 373555871888]
[275251683520, 373555908848]
[275251683520, 373555986576]
[275251683520, 373555986672]
[275251683520, 373555990672]
[275251683520, 373555990768]
[275251683520, 373556019320]
[275251683520, 373556039800]
[275251683520, 373556039920]
[275251683520, 373556052208]
[275251683520, 373556060280]
[275251683520, 373556154608]
[275251683520, 373556166896]
[275251683520, 373556211952]
[275251683520, 373556219976]
[275251683520, 373556371616]
[275251683520, 373556486216]
[275251683520, 373556568136]
[275251683520, 373556658248]
[275251683520, 373556662344]
[275251683520, 373556711496]
[275251683520, 373556838560]
[275251683520, 373556858952]
[275251683520, 373557407816]
[275251683520, 373557456968]
[275251683520, 378470404224]
[275251683520, 378470412360]
[275251683520, 378470412528]
[275251683520, 378470420728]
[275251683520, 378470424696]
[275251683520, 378470424816]
[275251683520, 378470461512]
[275251683520, 378470473968]
[275251683520, 378470473976]
[275251683520, 378470482168]
[275251683520, 378470486256]
[275251683520, 378470490232]
[275251683520, 378470527048]
[275251683520, 378470531192]
[275251683520, 378470563968]
[275251683520, 378470588664]
[275251683520, 378470600944]
[275251683520, 378470609016]
[275251683520, 378470609136]
[275251683520, 378470613232]
[275251683520, 378470617216]
[275251683520, 378470621312]
[275251683520, 378470646008]
[275251683520, 378470670456]
[275251683520, 378470674680]
[275251683520, 378470699256]
[275251683520, 378470715640]
[275251683520, 378470752384]
[275251683520, 378470793456]
[275251683520, 378470826224]
[275251683520, 378470891760]
[275251683520, 378470924448]
[275251683520, 378470969488]
[275251683520, 378471092232]
[275251683520, 378471477256]
[275251683520, 378471489696]
[275251683520, 378471505928]
[275251683520, 378471596040]
[275251683520, 378471755920]
[275251683520, 378471899208]
[275251683520, 378472206408]
[275251683520, 378472230984]
[275251683520, 378472882248]
[275251683520, 383385624696]
[275251683520, 383385624816]
[275251683520, 383385628800]
[275251683520, 383385649400]
[275251683520, 383385661560]
[275251683520, 383385665656]
[275251683520, 383385669752]
[275251683520, 383385677952]
[275251683520, 383385694328]
[275251683520, 383385723120]
[275251683520, 383385727216]
[275251683520, 383385731200]
[275251683520, 383385739336]
[275251683520, 383385763960]
[275251683520, 383385768056]
[275251683520, 383385809016]
[275251683520, 383385944304]
[275251683520, 383385956496]
[275251683520, 383385977080]
[275251683520, 383385993464]
[275251683520, 383386001528]
[275251683520, 383386001568]
[275251683520, 383386017912]
[275251683520, 383386017920]
[275251683520, 383386058872]
[275251683520, 383386108152]
[275251683520, 383386132600]
[275251683520, 383386132728]
[275251683520, 383386153088]
[275251683520, 383386194040]
[275251683520, 383386194168]
[275251683520, 383386243320]
[275251683520, 383386251512]
[275251683520, 383386267768]
[275251683520, 383386284104]
[275251683520, 383386288200]
[275251683520, 383386292296]
[275251683520, 383386312824]
[275251683520, 383386353808]
[275251683520, 383386366200]
[275251683520, 383386374288]
[275251683520, 383386403064]
[275251683520, 383386407072]
[275251683520, 383386415224]
[275251683520, 383386484896]
[275251683520, 383386501280]
[275251683520, 383386517576]
[275251683520, 383386546248]
[275251683520, 383386566728]
[275251683520, 383386632264]
[275251683520, 383386693704]
[275251683520, 383386706064]
[275251683520, 383387013264]
[275251683520, 383387037704]
[275251683520, 383387049992]
[275251683520, 383387131912]
[275251683520, 383387140104]
[275251683520, 383387176968]
[275251683520, 383387213896]
[275251683520, 383387230280]
[275251683520, 383387349064]
[275251683520, 383387357256]
[275251683520, 383387406408]
[275251683520, 383387426976]
[275251683520, 383387705352]
[275251683520, 383387852960]
[275251683520, 383388029088]
[275251683520, 383388119200]
[275251683520, 383388340232]
[275251683520, 388300832888]
[275251683520, 388300836984]
[275251683520, 388300861568]
[275251683520, 388300861680]
[275251683520, 388300878064]
[275251683520, 388300898432]
[275251683520, 388300914928]
[275251683520, 388300923120]
[275251683520, 388300931200]
[275251683520, 388300955720]
[275251683520, 388301000832]
[275251683520, 388301004928]
[275251683520, 388301009136]
[275251683520, 388301025352]
[275251683520, 388301029616]
[275251683520, 388301041904]
[275251683520, 388301058168]
[275251683520, 388301058288]
[275251683520, 388301066360]
[275251683520, 388301074576]
[275251683520, 388301078768]
[275251683520, 388301095152]
[275251683520, 388301193376]
[275251683520, 388301209840]
[275251683520, 388301230088]
[275251683520, 388301246624]
[275251683520, 388301258912]
[275251683520, 388301267104]
[275251683520, 388301271168]
[275251683520, 388301373600]
[275251683520, 388301418736]
[275251683520, 388301435128]
[275251683520, 388301480080]
[275251683520, 388301520968]
[275251683520, 388301521144]
[275251683520, 388301553792]
[275251683520, 388301607152]
[275251683520, 388301631616]
[275251683520, 388301635824]
[275251683520, 388301709384]
[275251683520, 388301717576]
[275251683520, 388301717648]
[275251683520, 388301734128]
[275251683520, 388301779016]
[275251683520, 388301787376]
[275251683520, 388301848648]
[275251683520, 388301877320]
[275251683520, 388301881584]
[275251683520, 388302004352]
[275251683520, 388302020736]
[275251683520, 388302028928]
[275251683520, 388302070000]
[275251683520, 388302086384]
[275251683520, 388302303304]
[275251683520, 388302344264]
[275251683520, 388302422088]
[275251683520, 388302463048]
[275251683520, 393216004336]
[275251683520, 393216008312]
[275251683520, 393216012416]
[275251683520, 393216049272]
[275251683520, 393216061680]
[275251683520, 393216069752]
[275251683520, 393216073968]
[275251683520, 393216082040]
[275251683520, 393216098432]
[275251683520, 393216102640]
[275251683520, 393216123120]
[275251683520, 393216164080]
[275251683520, 393216168184]
[275251683520, 393216176200]
[275251683520, 393216184448]
[275251683520, 393216245888]
[275251683520, 393216254192]
[275251683520, 393216258288]
[275251683520, 393216286840]
[275251683520, 393216295032]
[275251683520, 393216307440]
[275251683520, 393216319496]
[275251683520, 393216377072]
[275251683520, 393216389248]
[275251683520, 393216475264]
[275251683520, 393216503936]
[275251683520, 393216516224]
[275251683520, 393216544888]
[275251683520, 393216569504]
[275251683520, 393216589952]
[275251683520, 393216651336]
[275251683520, 393216667776]
[275251683520, 393216675960]
[275251683520, 393216700544]
[275251683520, 393216704640]
[275251683520, 393216725152]
[275251683520, 393216729208]
[275251683520, 393216753784]
[275251683520, 393216761984]
[275251683520, 393216782456]
[275251683520, 393216815232]
[275251683520, 393216823416]
[275251683520, 393216872568]
[275251683520, 393216958536]
[275251683520, 393216962632]
[275251683520, 393216974976]
[275251683520, 393216979064]
[275251683520, 393216991360]
[275251683520, 393216995448]
[275251683520, 393217015936]
[275251683520, 393217032320]
[275251683520, 393217188000]
[275251683520, 393217249400]
[275251683520, 393217441864]
[275251683520, 393217507400]
[275251683520, 393217564744]
[275251683520, 393217704096]
[275251683520, 393218064544]
[275251683520, 398131208320]
[275251683520, 398131208432]
[275251683520, 398131216504]
[275251683520, 398131237104]
[275251683520, 398131257464]
[275251683520, 398131261568]
[275251683520, 398131278064]
[275251683520, 398131294328]
[275251683520, 398131310832]
[275251683520, 398131314808]
[275251683520, 398131314928]
[275251683520, 398131322952]
[275251683520, 398131359864]
[275251683520, 398131368176]
[275251683520, 398131388536]
[275251683520, 398131388544]
[275251683520, 398131429616]
[275251683520, 398131433600]
[275251683520, 398131507272]
[275251683520, 398131519616]
[275251683520, 398131532016]
[275251683520, 398131540208]
[275251683520, 398131548288]
[275251683520, 398131552384]
[275251683520, 398131552400]
[275251683520, 398131552496]
[275251683520, 398131589360]
[275251683520, 398131597384]
[275251683520, 398131622128]
[275251683520, 398131716168]
[275251683520, 398131814472]
[275251683520, 398131875912]
[275251683520, 398131998792]
[275251683520, 398132006984]
[275251683520, 398132027552]
[275251683520, 398132146336]
[275251683520, 398132686992]
[275251683520, 398133194896]
[275251683520, 403046412360]
[275251683520, 403046465656]
[275251683520, 403046473968]
[275251683520, 403046523120]
[275251683520, 403046543480]
[275251683520, 403046543600]
[275251683520, 403046551672]
[275251683520, 403046572152]
[275251683520, 403046629616]
[275251683520, 403046645880]
[275251683520, 403046649976]
[275251683520, 403046654024]
[275251683520, 403046678600]
[275251683520, 403046695152]
[275251683520, 403046789360]
[275251683520, 403046895776]
[275251683520, 403046932624]
[275251683520, 403046965408]
[275251683520, 403047010544]
[275251683520, 403047039104]
[275251683520, 403047071984]
[275251683520, 403047137408]
[275251683520, 403047137520]
[275251683520, 403047141536]
[275251683520, 403047145600]
[275251683520, 403047145632]
[275251683520, 403047276784]
[275251683520, 403047387376]
[275251683520, 403047497968]
[275251683520, 403047518368]
[275251683520, 403047522544]
[275251683520, 403047575792]
[275251683520, 403047633136]
[275251683520, 407961604336]
[275251683520, 407961612528]
[275251683520, 407961632840]
[275251683520, 407961657584]
[275251683520, 407961686088]
[275251683520, 407961690184]
[275251683520, 407961788536]
[275251683520, 407961829496]
[275251683520, 407961829616]
[275251683520, 407961874672]
[275251683520, 407961882864]
[275251683520, 407962144840]
[275251683520, 407962144912]
[275251683520, 407962755216]
[275251683520, 407963148416]
[275251683520, 407963500688]
[275251683520, 407963857040]
[275251683520, 407964508304]
[275251683520, 407964717200]
[275251683520, 407964725392]
[275251683520, 412876808352]
[275251683520, 412876873968]
[275251683520, 412876931144]
[275251683520, 412876976200]
[275251683520, 412877013064]
[275251683520, 412877066312]
[275251683520, 412877094984]
[275251683520, 412877127752]
[275251683520, 412877168712]
[275251683520, 412877291592]
[275251683520, 412877291760]
[275251683520, 412877320432]
[275251683520, 412877324360]
[275251683520, 412877385848]
[275251683520, 412877520968]
[275251683520, 412877537352]
[275251683520, 412877545592]
[275251683520, 412877549712]
[275251683520, 412877660232]
[275251683520, 412877684808]
[275251683520, 412877709384]
[275251683520, 412877795400]
[275251683520, 412877897800]
[275251683520, 412878500000]
[275251683520, 412878766240]
[275251683520, 412878995616]
[275251683520, 412879483040]
[275251683520, 412879515808]
[275251683520, 412879585440]
[275251683520, 412879700128]
[275251683520, 412879708320]
[275251683520, 417792053408]
[275251683520, 417792233544]
[275251683520, 417792319632]
[275251683520, 417792442528]
[275251683520, 417792450704]
[275251683520, 417792495760]
[275251683520, 417792520336]
[275251683520, 417792565320]
[275251683520, 417792622752]
[275251683520, 417792626848]
[275251683520, 417792671816]
[275251683520, 417793138832]
[275251683520, 417793192080]
[275251683520, 417793257616]
[275251683520, 422707368008]
[275251683520, 422707392584]
[275251683520, 422707413152]
[275251683520, 422707638344]
[275251683520, 422707736720]
[275251683520, 422707806280]
[275251683520, 422707822664]
[275251683520, 422707826760]
[275251683520, 422707847328]
[275251683520, 422707916872]
[275251683520, 422707937424]
[275251683520, 422707953736]
[275251683520, 422707986504]
[275251683520, 422708056136]
[275251683520, 422708093000]
[275251683520, 422708129864]
[275251683520, 422708138056]
[275251683520, 422708158536]
[275251683520, 422708252744]
[275251683520, 422708256840]
[275251683520, 422708261024]
[275251683520, 422708322376]
[275251683520, 422708326544]
[275251683520, 422708338760]
[275251683520, 422708457544]
[275251683520, 422708936864]
[275251683520, 422709366944]
[275251683520, 427622416456]
[275251683520, 427622420552]
[275251683520, 427622428816]
[275251683520, 427622449224]
[275251683520, 427622547528]
[275251683520, 427622608968]
[275251683520, 427622637640]
[275251683520, 427622678672]
[275251683520, 427622703248]
[275251683520, 427622707360]
[275251683520, 427622928528]
[275251683520, 427623035024]
[275251683520, 427623043216]
[275251683520, 427623272592]
[275251683520, 427623317648]
[275251683520, 427623358608]
[275251683520, 427623739552]
[275251683520, 427623878816]
[275251683520, 427623997584]
[275251683520, 427624808592]
[275251683520, 432537616528]
[275251683520, 432537653392]
[275251683520, 432537702472]
[275251683520, 432537935944]
[275251683520, 432538206280]
[275251683520, 432538234952]
[275251683520, 432538275912]
[275251683520, 432538415176]
[275251683520, 432538419272]
[275251683520, 432538488976]
[275251683520, 432538554440]
[275251683520, 432538607776]
[275251683520, 432538619976]
[275251683520, 432538767520]
[275251683520, 432538923080]
[275251683520, 432539021472]
[275251683520, 432539099296]
[275251683520, 432539160736]
[275251683520, 432539168840]
[275251683520, 432539242640]
[275251683520, 432539361424]
[275251683520, 432539451536]
[275251683520, 432539668640]
[275251683520, 432539836560]
[275251683520, 432539844768]
[275251683520, 432539848848]
[275251683520, 432539914384]
[275251683520, 432539926688]
[275251683520, 432539971728]
[275251683520, 432540012704]
[275251683520, 432540115104]
[275251683520, 432540356752]
[275251683520, 432540418192]
[275251683520, 437452980296]
[275251683520, 437453242440]
[275251683520, 437453348936]
[275251683520, 437453389896]
[275251683520, 437453426760]
[275251683520, 437453484104]
[275251683520, 437453545616]
[275251683520, 437453648016]
[275251683520, 437453975712]
[275251683520, 437454024864]
[275251683520, 437454135440]
[275251683520, 437454229664]
[275251683520, 437454426272]
[275251683520, 437454459024]
[275251683520, 437454520480]
[275251683520, 437454561424]
[275251683520, 437454655648]
[275251683520, 437454676128]
[275251683520, 437454680224]
[275251683520, 437454737568]
[275251683520, 437454811296]
[275251683520, 437455442080]
[275251683520, 442368131144]
[275251683520, 442368286864]
[275251683520, 442368516240]
[275251683520, 442368520264]
[275251683520, 442368553104]
[275251683520, 442368626832]
[275251683520, 442368675912]
[275251683520, 442368684104]
[275251683520, 442368720968]
[275251683520, 442368790600]
[275251683520, 442368819272]
[275251683520, 442368860232]
[275251683520, 442368901280]
[275251683520, 442368934048]
[275251683520, 442369114184]
[275251683520, 442369458248]
[275251683520, 442369708176]
[275251683520, 447283257416]
[275251683520, 447283281992]
[275251683520, 447283339336]
[275251683520, 447283355720]
[275251683520, 447283404872]
[275251683520, 447283437728]
[275251683520, 447283556424]
[275251683520, 447283621960]
[275251683520, 447283630240]
[275251683520, 447283634248]
[275251683520, 447283650720]
[275251683520, 447283658912]
[275251683520, 447283724360]
[275251683520, 447283748936]
[275251683520, 447283798176]
[275251683520, 447283802272]
[275251683520, 447283818568]
[275251683520, 447283830856]
[275251683520, 447283834952]
[275251683520, 447283839048]
[275251683520, 447283839136]
[275251683520, 447283847328]
[275251683520, 447283859528]
[275251683520, 447283957832]
[275251683520, 447284019272]
[275251683520, 447284162632]
[275251683520, 447284252816]
[275251683520, 447284273224]
[275251683520, 447284293704]
[275251683520, 447284478096]
[275251683520, 447284510864]
[275251683520, 447285362832]
[275251683520, 452198449296]
[275251683520, 452198539336]
[275251683520, 452198543432]
[275251683520, 452198547528]
[275251683520, 452198674504]
[275251683520, 452198715464]
[275251683520, 452198809744]
[275251683520, 452198907976]
[275251683520, 452198944840]
[275251683520, 452198957128]
[275251683520, 452198961224]
[275251683520, 452199157920]
[275251683520, 452199616672]
[275251683520, 452199760032]
[275251683520, 457113677896]
[275251683520, 457113706568]
[275251683520, 457114292384]
[275251683520, 457114439824]
[275251683520, 457114480800]
[275251683520, 457114493088]
[275251683520, 457114566816]
[275251683520, 457114693776]
[275251683520, 457114767520]
[275251683520, 457114824848]
[275251683520, 457114964112]
[275251683520, 462028804168]
[275251683520, 462028808264]
[275251683520, 462028931144]
[275251683520, 462029160520]
[275251683520, 462029168712]
[275251683520, 462029201480]
[275251683520, 462029267016]
[275251683520, 462029324432]
[275251683520, 462029340744]
[275251683520, 462029348936]
[275251683520, 462029389896]
[275251683520, 462029402184]
[275251683520, 462029484176]
[275251683520, 462029672592]
[275251683520, 462029729936]
[275251683520, 462029758608]
[275251683520, 462030139552]
[275251683520, 462030684320]
[275251683520, 466944090184]
[275251683520, 466944151624]
[275251683520, 466944188560]
[275251683520, 466944192584]
[275251683520, 466944262216]
[275251683520, 466944278600]
[275251683520, 466944356424]
[275251683520, 466944368784]
[275251683520, 466944426056]
[275251683520, 466944430152]
[275251683520, 466944507976]
[275251683520, 466944536720]
[275251683520, 466944704584]
[275251683520, 466944753736]
[275251683520, 466944786504]
[275251683520, 466944917576]
[275251683520, 466944999496]
[275251683520, 466945007688]
[275251683520, 466945015880]
[275251683520, 466945122376]
[275251683520, 466945192008]
[275251683520, 466945204296]
[275251683520, 466945208392]
[275251683520, 466945237064]
[275251683520, 466945253448]
[275251683520, 466945314888]
[275251683520, 466945544264]
[275251683520, 466945728584]
[275251683520, 466945740872]
[275251683520, 466945839176]
[275251683520, 471859208264]
[275251683520, 471859232840]
[275251683520, 471859253320]
[275251683520, 471859429520]
[275251683520, 471859621960]
[275251683520, 471859793992]
[275251683520, 471859806280]
[275251683520, 471859830856]
[275251683520, 471859867720]
[275251683520, 471859900488]
[275251683520, 471860006984]
[275251683520, 471860088904]
[275251683520, 471860101192]
[275251683520, 471860105288]
[275251683520, 471860121672]
[275251683520, 471860138056]
[275251683520, 471860215880]
[275251683520, 471860277320]
[275251683520, 471860289608]
[275251683520, 471860404296]
[275251683520, 471860412488]
[275251683520, 471860457544]
[275251683520, 471860621384]
[275251683520, 476774432840]
[275251683520, 476774436936]
[275251683520, 476774449224]
[275251683520, 476774559816]
[275251683520, 476774694984]
[275251683520, 476774735944]
[275251683520, 476774903880]
[275251683520, 476775063624]
[275251683520, 476775080008]
[275251683520, 476775108680]
[275251683520, 476775194696]
[275251683520, 476775223368]
[275251683520, 476775260232]
[275251683520, 481689653320]
[275251683520, 481689673800]
[275251683520, 481689755720]
[275251683520, 481689763912]
[275251683520, 481689989192]
[275251683520, 481690009672]
[275251683520, 481690030152]
[275251683520, 481690337352]
[275251683520, 481690374216]
[275251683520, 481690493000]
[275251683520, 481690558536]
[275251683520, 481690705992]
[275251683520, 481690869832]
[275251683520, 486605905992]
[275251683520, 486605922376]
[275251683520, 486606078024]
[275251683520, 486606291016]
[275251683520, 491521200200]
