[167117181168, 168160]
[167117181168, 409640]
[167117181168, 892928]
[167117181168, 1884320]
[167117181168, 2293768]
[167117181168, 3928072]
[167117181168, 4898960]
[167117181168, 4952072]
[167117181168, 4915384360]
[167117181168, 4915388456]
[167117181168, 4915990720]
[167117181168, 4918501384]
[167117181168, 9830473736]
[167117181168, 9830592552]
[14745649376, 167117181168]
[14745702624, 167117181168]
[167117181168, 68813324496]
[167117181168, 73729286248]
[167117181168, 78643642560]
[167117181168, 88473960640]
[167117181168, 88474153064]
[167117181168, 88475111616]
[167117181168, 93388996800]
[167117181168, 98304450560]
[167117181168, 98305323112]
[167117181168, 98305908912]
[167117181168, 98306855016]
[103219212408, 167117181168]
[103219355752, 167117181168]
[103219396608, 167117181168]
[103219576976, 167117181168]
[108135006352, 167117181168]
[127795425280, 167117181168]
[127795683520, 167117181168]
[127795818504, 167117181168]
[127796105224, 167117181168]
[137627312256, 167117181168]
[137627357312, 167117181168]
[142541029480, 167117181168]
[142542413984, 167117181168]
[157287313568, 167117181168]
[162202104056, 167117181168]
[162203754656, 167117181168]
[167117181168, 181864063120]
[167117181168, 186777935880]
[167117181168, 191692841032]
[167117181168, 191693017264]
[167117181168, 196608221208]
[167117181168, 196609077392]
[167117181168, 201523388536]
[167117181168, 211353800880]
[167117181168, 216269430912]
[167117181168, 216269811960]
[167117181168, 216271380728]
[167117181168, 221184024696]
[167117181168, 221184209016]
[167117181168, 221185261728]
[167117181168, 226099212392]
[167117181168, 235929997440]
[167117181168, 235930304656]
[167117181168, 235931250832]
[167117181168, 245760180352]
[167117181168, 265421131904]
[167117181168, 270336016512]
[167117181168, 270336544912]
[167117181168, 275251642528]
[167117181168, 275253018696]
[167117181168, 280170393672]
[167117181168, 280170647624]
