[339149656256, 501352149016]
[339149656256, 9830694912]
[339149656256, 68812881992]
[122880491520, 339149656256]
[147457265752, 339149656256]
[152371593304, 339149656256]
[157286441168, 339149656256]
[167117127888, 339149656256]
[181864566872, 339149656256]
[191693570256, 339149656256]
[211353952504, 339149656256]
[211354067152, 339149656256]
[216269221928, 339149656256]
[240844816424, 339149656256]
[250675372280, 339149656256]
[250675425304, 339149656256]
[255591317728, 339149656256]
[275251208432, 339149656256]
[275251232896, 339149656256]
[275251314816, 339149656256]
[294912078072, 339149656256]
[294912204992, 339149656256]
[294912237608, 339149656256]
[304742568080, 339149656256]
[309658181824, 339149656256]
[314573631616, 339149656256]
[314573967552, 339149656256]
[314574020648, 339149656256]
[319488299032, 339149656256]
[329319215328, 339149656256]
[329319899144, 339149656256]
[339148996800, 339149656256]
[339149541600, 339149656256]
[339149656256, 344065208392]
[339149656256, 353894969368]
[339149656256, 368640077832]
[339149656256, 383387709480]
[339149656256, 393216135168]
[339149656256, 393216815128]
[339149656256, 403046744088]
[339149656256, 417792159864]
[339149656256, 417792303112]
[339149656256, 427623153672]
[339149656256, 432538009608]
[339149656256, 432539029680]
[339149656256, 437453250800]
[339149656256, 442368495640]
[339149656256, 447283753032]
[339149656256, 447284236480]
[339149656256, 452199379120]
[339149656256, 462029107424]
[339149656256, 462029803528]
[339149656256, 462029992160]
[339149656256, 466945564696]
[339149656256, 466945650712]
[339149656256, 471859548200]
[339149656256, 476774891744]
[339149656256, 476775538712]
[339149656256, 481689788536]
[339149656256, 481689919496]
[339149656256, 486604914712]
[339149656256, 486606069784]
[339149656256, 496436519152]
[339149656256, 506265800928]
[339149656256, 506265960592]
[339149656256, 511182250024]
[339149656256, 521013551328]
[339149656256, 535756959904]
[339149656256, 540672077832]
[339149656256, 540673986704]
[339149656256, 560332959904]
[339149656256, 560333393920]
[339149656256, 579995443360]
[339149656256, 584908906568]
[339149656256, 594739220624]
[339149656256, 604570325136]
[339149656256, 614400286792]
[339149656256, 678297608200]
