[393217183864, 655432]
[1806528, 393217183864]
[393217183864, 9830694912]
[393217183864, 9830985904]
[29491269856, 393217183864]
[34406436864, 393217183864]
[393217183864, 39321739368]
[393217183864, 68813123584]
[393217183864, 73728069736]
[393217183864, 73728270464]
[393217183864, 73729786032]
[393217183864, 83558535312]
[393217183864, 83558670392]
[393217183864, 83558891760]
[393217183864, 83559059632]
[393217183864, 83559075944]
[393217183864, 83559309488]
[393217183864, 83559727160]
[393217183864, 88473653376]
[393217183864, 88474493016]
[393217183864, 88474833104]
[393217183864, 88475226216]
[393217183864, 88475881576]
[393217183864, 93388967936]
[393217183864, 93389037576]
[393217183864, 93389553664]
[393217183864, 93389590528]
[393217183864, 98304221272]
[393217183864, 98304262320]
[103219249176, 393217183864]
[103219921072, 393217183864]
[103220015280, 393217183864]
[103220043968, 393217183864]
[103220523200, 393217183864]
[108134428896, 393217183864]
[108134686808, 393217183864]
[108134809776, 393217183864]
[108134903896, 393217183864]
[113049813200, 393217183864]
[117966176464, 393217183864]
[122880254008, 393217183864]
[122880446592, 393217183864]
[122881396792, 393217183864]
[122881491000, 393217183864]
[127795478736, 393217183864]
[127795564752, 393217183864]
[127796293720, 393217183864]
[127796346968, 393217183864]
[127796367416, 393217183864]
[127796998352, 393217183864]
[127797080152, 393217183864]
[127797100632, 393217183864]
[127797125328, 393217183864]
[127797301336, 393217183864]
[127797350456, 393217183864]
[127797915856, 393217183864]
[132710494432, 393217183864]
[132710580312, 393217183864]
[132710592720, 393217183864]
[132711416016, 393217183864]
[132711448664, 393217183864]
[132711702736, 393217183864]
[132711755864, 393217183864]
[132712022224, 393217183864]
[132712067280, 393217183864]
[132712091856, 393217183864]
[132712198232, 393217183864]
[132712587320, 393217183864]
[132712824888, 393217183864]
[132712841272, 393217183864]
[132712849464, 393217183864]
[137625788472, 393217183864]
[137625976920, 393217183864]
[137626382576, 393217183864]
[137626820664, 393217183864]
[137627087056, 393217183864]
[137627320448, 393217183864]
[137627439312, 393217183864]
[137627963600, 393217183864]
[137627988176, 393217183864]
[142540898512, 393217183864]
[142540898544, 393217183864]
[142540914896, 393217183864]
[142541254864, 393217183864]
[142541635744, 393217183864]
[147456397432, 393217183864]
[152371433480, 393217183864]
[157286690888, 393217183864]
[157286842528, 393217183864]
[157286924328, 393217183864]
[157287579792, 393217183864]
[157288161440, 393217183864]
[162202484896, 393217183864]
[162202558712, 393217183864]
[162203267216, 393217183864]
[167117017312, 393217183864]
[172032307392, 393217183864]
[172032704520, 393217183864]
[172032823304, 393217183864]
[176947929336, 393217183864]
[176948236432, 393217183864]
[176948424848, 393217183864]
[176948547744, 393217183864]
[176948584592, 393217183864]
[181862605048, 393217183864]
[181862785096, 393217183864]
[186777768080, 393217183864]
[186777935880, 393217183864]
[186777980968, 393217183864]
[186778202360, 393217183864]
[191693455504, 393217183864]
[196608053352, 393217183864]
[196608065640, 393217183864]
[196608356496, 393217183864]
[196608454728, 393217183864]
[206438821928, 393217183864]
[206439149712, 393217183864]
[206439260200, 393217183864]
[206439788584, 393217183864]
[211353886960, 393217183864]
[211354021928, 393217183864]
[211354444016, 393217183864]
[211354870000, 393217183864]
[216269008920, 393217183864]
[221184209016, 393217183864]
[226100252792, 393217183864]
[231014957064, 393217183864]
[240845189344, 393217183864]
[250675220672, 393217183864]
[250675433632, 393217183864]
[250675503296, 393217183864]
[250675519680, 393217183864]
[250675683520, 393217183864]
[250675794160, 393217183864]
[250676080832, 393217183864]
[250676183232, 393217183864]
[250676363456, 393217183864]
[250676764864, 393217183864]
[255590568080, 393217183864]
[255590600896, 393217183864]
[255590658224, 393217183864]
[255590674592, 393217183864]
[255590707392, 393217183864]
[255590740112, 393217183864]
[255590891768, 393217183864]
[255590953136, 393217183864]
[255591092400, 393217183864]
[255591133288, 393217183864]
[260505669656, 393217183864]
[260505702648, 393217183864]
[260505751728, 393217183864]
[260505858176, 393217183864]
[260505882816, 393217183864]
[260506050752, 393217183864]
[260506149040, 393217183864]
[260506194096, 393217183864]
[260506235072, 393217183864]
[260506419272, 393217183864]
[260506452160, 393217183864]
[260506460408, 393217183864]
[260506714216, 393217183864]
[260508065864, 393217183864]
[265421025384, 393217183864]
[265421095016, 393217183864]
[265421303984, 393217183864]
[265421398120, 393217183864]
[265421496496, 393217183864]
[265421574216, 393217183864]
[265421787240, 393217183864]
[265421807720, 393217183864]
[265421807792, 393217183864]
[265421943032, 393217183864]
[270336131176, 393217183864]
[270336303208, 393217183864]
[270336475264, 393217183864]
[270336614576, 393217183864]
[270337315008, 393217183864]
[270337564864, 393217183864]
[270337835200, 393217183864]
[275251322880, 393217183864]
[275251400704, 393217183864]
[275251400744, 393217183864]
[275251458072, 393217183864]
[275251458240, 393217183864]
[275251507200, 393217183864]
[275251507392, 393217183864]
[275251712104, 393217183864]
[275251818600, 393217183864]
[275252158568, 393217183864]
[275252404328, 393217183864]
[275252412592, 393217183864]
[275252625584, 393217183864]
[275252908136, 393217183864]
[275252912304, 393217183864]
[280166510696, 393217183864]
[280166580328, 393217183864]
[280166690920, 393217183864]
[280166727688, 393217183864]
[280166867136, 393217183864]
[280166904000, 393217183864]
[280166957232, 393217183864]
[280170160200, 393217183864]
[285081624680, 393217183864]
[285081694400, 393217183864]
[285081731248, 393217183864]
[285081747632, 393217183864]
[285081858224, 393217183864]
[285081907208, 393217183864]
[285081927856, 393217183864]
[285082021992, 393217183864]
[285082104032, 393217183864]
[285082116272, 393217183864]
[285082452208, 393217183864]
[289996873736, 393217183864]
[289997000944, 393217183864]
[289997086896, 393217183864]
[289997131968, 393217183864]
[289997230104, 393217183864]
[289997357232, 393217183864]
[289997385736, 393217183864]
[289997525168, 393217183864]
[289997525184, 393217183864]
[289997803696, 393217183864]
[289997865136, 393217183864]
[289997865152, 393217183864]
[289997918400, 393217183864]
[289998004416, 393217183864]
[289998106800, 393217183864]
[289998315696, 393217183864]
[294912037040, 393217183864]
[294912045248, 393217183864]
[294912176200, 393217183864]
[294912278720, 393217183864]
[294912360640, 393217183864]
[294912667752, 393217183864]
[294912684208, 393217183864]
[294912803008, 393217183864]
[294912880744, 393217183864]
[294913020080, 393217183864]
[294913102000, 393217183864]
[294913138880, 393217183864]
[294913482896, 393217183864]
[299827216392, 393217183864]
[299827327080, 393217183864]
[299827331072, 393217183864]
[299827376128, 393217183864]
[299827404904, 393217183864]
[299827433664, 393217183864]
[299827454112, 393217183864]
[299827523776, 393217183864]
[299827564544, 393217183864]
[299827572960, 393217183864]
[299827650752, 393217183864]
[299827654656, 393217183864]
[299827740848, 393217183864]
[304742539456, 393217183864]
[304742600928, 393217183864]
[304742612992, 393217183864]
[304742621376, 393217183864]
[304742928384, 393217183864]
[304742928576, 393217183864]
[304742973664, 393217183864]
[304743129264, 393217183864]
[304743305216, 393217183864]
[304743378944, 393217183864]
[304743448704, 393217183864]
[304743477376, 393217183864]
[304743637096, 393217183864]
[304743792744, 393217183864]
[309657616560, 393217183864]
[309657624680, 393217183864]
[309657645080, 393217183864]
[309657677864, 393217183864]
[309657694456, 393217183864]
[309657710720, 393217183864]
[309657743464, 393217183864]
[309657776152, 393217183864]
[309657784320, 393217183864]
[309657788544, 393217183864]
[309657821208, 393217183864]
[309657854144, 393217183864]
[309657899232, 393217183864]
[309657915416, 393217183864]
[309657935912, 393217183864]
[309657940160, 393217183864]
[309657960488, 393217183864]
[309658083432, 393217183864]
[309658296568, 393217183864]
[309658308648, 393217183864]
[309658321144, 393217183864]
[309658341600, 393217183864]
[309658427432, 393217183864]
[309658435760, 393217183864]
[309658505464, 393217183864]
[309658509440, 393217183864]
[309658538024, 393217183864]
[309658562584, 393217183864]
[309658587160, 393217183864]
[309659758720, 393217183864]
[309660000280, 393217183864]
[309660139544, 393217183864]
[309660430360, 393217183864]
[314572804200, 393217183864]
[314572836904, 393217183864]
[314572910720, 393217183864]
[314572947632, 393217183864]
[314573037688, 393217183864]
[314573058056, 393217183864]
[314573095088, 393217183864]
[314573131880, 393217183864]
[314573177008, 393217183864]
[314573250736, 393217183864]
[314573299712, 393217183864]
[314573385832, 393217183864]
[314573389944, 393217183864]
[314573438976, 393217183864]
[314573439224, 393217183864]
[314573451304, 393217183864]
[314573492264, 393217183864]
[314573508712, 393217183864]
[314573545648, 393217183864]
[314573557936, 393217183864]
[314573594800, 393217183864]
[314573631592, 393217183864]
[314573762600, 393217183864]
[314573807640, 393217183864]
[314573824024, 393217183864]
[314573832216, 393217183864]
[314573971632, 393217183864]
[314574012544, 393217183864]
[314574037032, 393217183864]
[314574049456, 393217183864]
[314574278760, 393217183864]
[314574295064, 393217183864]
[314574299176, 393217183864]
[314574409752, 393217183864]
[314574413952, 393217183864]
[314574434344, 393217183864]
[314574438424, 393217183864]
[314574544920, 393217183864]
[314574622744, 393217183864]
[319488028896, 393217183864]
[319488049192, 393217183864]
[319488073752, 393217183864]
[319488172072, 393217183864]
[319488245800, 393217183864]
[319488262144, 393217183864]
[319488262368, 393217183864]
[319488364664, 393217183864]
[319488450688, 393217183864]
[319488630824, 393217183864]
[319488663624, 393217183864]
[319488733312, 393217183864]
[319488942088, 393217183864]
[319489069080, 393217183864]
[319489069304, 393217183864]
[319489110144, 393217183864]
[319489204472, 393217183864]
[319489388568, 393217183864]
[319489474560, 393217183864]
[319489568992, 393217183864]
[319489732632, 393217183864]
[319489732648, 393217183864]
[319489871912, 393217183864]
[324403208312, 393217183864]
[324403253272, 393217183864]
[324403269856, 393217183864]
[324403273752, 393217183864]
[324403302648, 393217183864]
[324403331072, 393217183864]
[324403339488, 393217183864]
[324403753184, 393217183864]
[324403793920, 393217183864]
[324403888248, 393217183864]
[324403953888, 393217183864]
[324403994848, 393217183864]
[324404011232, 393217183864]
[324404064480, 393217183864]
[324404105216, 393217183864]
[324404113408, 393217183864]
[324404138208, 393217183864]
[324404203648, 393217183864]
[324404273160, 393217183864]
[324404293752, 393217183864]
[324404351200, 393217183864]
[324404400256, 393217183864]
[324404437016, 393217183864]
[324404449280, 393217183864]
[324404592864, 393217183864]
[324404715544, 393217183864]
[324404785280, 393217183864]
[324405080064, 393217183864]
[324405100544, 393217183864]
[324405137432, 393217183864]
[324405358616, 393217183864]
[324405366808, 393217183864]
[324405690392, 393217183864]
[324406177816, 393217183864]
[329318420504, 393217183864]
[329318453472, 393217183864]
[329318461464, 393217183864]
[329318473976, 393217183864]
[329318514712, 393217183864]
[329318547456, 393217183864]
[329318572040, 393217183864]
[329318584360, 393217183864]
[329318592512, 393217183864]
[329318625288, 393217183864]
[329318662144, 393217183864]
[329318690840, 393217183864]
[329318719528, 393217183864]
[329318748160, 393217183864]
[329318748200, 393217183864]
[329318785144, 393217183864]
[329318846472, 393217183864]
[329318846688, 393217183864]
[329318895744, 393217183864]
[329318912120, 393217183864]
[329318924512, 393217183864]
[329318944888, 393217183864]
[329318948888, 393217183864]
[329318973680, 393217183864]
[329318977560, 393217183864]
[329319006208, 393217183864]
[329319047192, 393217183864]
[329319084056, 393217183864]
[329319198760, 393217183864]
[329319272456, 393217183864]
[329319292928, 393217183864]
[329319731224, 393217183864]
[329319751688, 393217183864]
[329319755800, 393217183864]
[329319821320, 393217183864]
[329319890984, 393217183864]
[329319899176, 393217183864]
[329319940136, 393217183864]
[329319952392, 393217183864]
[329320734744, 393217183864]
[329320787992, 393217183864]
[334233645080, 393217183864]
[334233665664, 393217183864]
[334233669760, 393217183864]
[334233694232, 393217183864]
[334233796608, 393217183864]
[334233837792, 393217183864]
[334233850080, 393217183864]
[334233907448, 393217183864]
[334233915552, 393217183864]
[334233989128, 393217183864]
[334233989144, 393217183864]
[334233997440, 393217183864]
[334234009600, 393217183864]
[334234132488, 393217183864]
[334234202152, 393217183864]
[334234255520, 393217183864]
[334234296480, 393217183864]
[334234345496, 393217183864]
[334234353704, 393217183864]
[334234431496, 393217183864]
[334234443936, 393217183864]
[334234456088, 393217183864]
[334234484760, 393217183864]
[334234546416, 393217183864]
[334234574856, 393217183864]
[334234710056, 393217183864]
[334234718432, 393217183864]
[334234722528, 393217183864]
[334234771456, 393217183864]
[334234779872, 393217183864]
[334234898472, 393217183864]
[334235066592, 393217183864]
[334235308256, 393217183864]
[334235570400, 393217183864]
[334235640032, 393217183864]
[334235717856, 393217183864]
[334235738352, 393217183864]
[334235836656, 393217183864]
[334235885808, 393217183864]
[334235910384, 393217183864]
[334235918560, 393217183864]
[334235996384, 393217183864]
[339148804320, 393217183864]
[339148824600, 393217183864]
[339148841184, 393217183864]
[339148894456, 393217183864]
[339148947576, 393217183864]
[339148955672, 393217183864]
[339148972040, 393217183864]
[339148984480, 393217183864]
[339149062368, 393217183864]
[339149131784, 393217183864]
[339149287648, 393217183864]
[339149328408, 393217183864]
[339149381656, 393217183864]
[339149418656, 393217183864]
[339149426712, 393217183864]
[339149545696, 393217183864]
[339149836328, 393217183864]
[339149848600, 393217183864]
[339150028840, 393217183864]
[339150331944, 393217183864]
[344064028672, 393217183864]
[344064049272, 393217183864]
[344064073752, 393217183864]
[344064073976, 393217183864]
[344064086240, 393217183864]
[344064106744, 393217183864]
[344064155768, 393217183864]
[344064225320, 393217183864]
[344064274656, 393217183864]
[344064303352, 393217183864]
[344064315536, 393217183864]
[344064319608, 393217183864]
[344064364688, 393217183864]
[344064413856, 393217183864]
[344064422080, 393217183864]
[344064442528, 393217183864]
[344064450720, 393217183864]
[344064471048, 393217183864]
[344064618496, 393217183864]
[344064643200, 393217183864]
[344064651392, 393217183864]
[344064749712, 393217183864]
[344064782560, 393217183864]
[344064802888, 393217183864]
[344064930016, 393217183864]
[348979212360, 393217183864]
[348979232808, 393217183864]
[348979233016, 393217183864]
[348979241208, 393217183864]
[348979257368, 393217183864]
[348979286056, 393217183864]
[348979286160, 393217183864]
[348979405048, 393217183864]
[348979421208, 393217183864]
[348979421224, 393217183864]
[348979536096, 393217183864]
[348979536120, 393217183864]
[348979548232, 393217183864]
[348979572896, 393217183864]
[348979601632, 393217183864]
[348979757080, 393217183864]
[348979839000, 393217183864]
[348980031512, 393217183864]
[348980547608, 393217183864]
[348980592664, 393217183864]
[348980740136, 393217183864]
[348980846632, 393217183864]
[348981108776, 393217183864]
[348981657640, 393217183864]
[348981805096, 393217183864]
[348981985320, 393217183864]
[348982059048, 393217183864]
[348982083624, 393217183864]
[348982116392, 393217183864]
[348982169640, 393217183864]
[348982374440, 393217183864]
[348982394920, 393217183864]
[353894424600, 393217183864]
[353894465576, 393217183864]
[353894469656, 393217183864]
[353894473752, 393217183864]
[353894510712, 393217183864]
[353894518904, 393217183864]
[353894543384, 393217183864]
[353894543600, 393217183864]
[353894699008, 393217183864]
[353894760568, 393217183864]
[353894772744, 393217183864]
[353894862888, 393217183864]
[353894887464, 393217183864]
[353894944792, 393217183864]
[353895014648, 393217183864]
[353895039136, 393217183864]
[353895055368, 393217183864]
[353895063592, 393217183864]
[353895293152, 393217183864]
[353895334048, 393217183864]
[353895424224, 393217183864]
[353895489544, 393217183864]
[353895493640, 393217183864]
[353895546888, 393217183864]
[353895649288, 393217183864]
[353896304864, 393217183864]
[353896734944, 393217183864]
[353896825056, 393217183864]
[353896927456, 393217183864]
[353897328864, 393217183864]
[353897447648, 393217183864]
[353897513184, 393217183864]
[353897611488, 393217183864]
[358809612408, 393217183864]
[358809616424, 393217183864]
[358809624616, 393217183864]
[358809624824, 393217183864]
[358809637104, 393217183864]
[358809641080, 393217183864]
[358809665536, 393217183864]
[358809673856, 393217183864]
[358809702440, 393217183864]
[358809702520, 393217183864]
[358809731312, 393217183864]
[358809735408, 393217183864]
[358809739384, 393217183864]
[358809759744, 393217183864]
[358809759864, 393217183864]
[358809763840, 393217183864]
[358809804920, 393217183864]
[358809813136, 393217183864]
[358809882632, 393217183864]
[358809919608, 393217183864]
[358809927840, 393217183864]
[358809940008, 393217183864]
[358809976960, 393217183864]
[358810022016, 393217183864]
[358810042512, 393217183864]
[358810050680, 393217183864]
[358810091528, 393217183864]
[358810095744, 393217183864]
[358810112240, 393217183864]
[358810149008, 393217183864]
[358810161376, 393217183864]
[358810214528, 393217183864]
[358810230928, 393217183864]
[358810255600, 393217183864]
[358810296328, 393217183864]
[358810534128, 393217183864]
[358810566664, 393217183864]
[358810619912, 393217183864]
[358810669064, 393217183864]
[358810705960, 393217183864]
[358810718248, 393217183864]
[358810751216, 393217183864]
[358810791976, 393217183864]
[358811107368, 393217183864]
[358811201760, 393217183864]
[358811291688, 393217183864]
[358811332648, 393217183864]
[358811451432, 393217183864]
[358811656232, 393217183864]
[358811689184, 393217183864]
[358811709480, 393217183864]
[358811738152, 393217183864]
[358811820072, 393217183864]
[358811832544, 393217183864]
[358811877416, 393217183864]
[358811971624, 393217183864]
[358812037160, 393217183864]
[358812069928, 393217183864]
[363724824576, 393217183864]
[363724857344, 393217183864]
[363724902640, 393217183864]
[363724914936, 393217183864]
[363724963912, 393217183864]
[363724963968, 393217183864]
[363724984568, 393217183864]
[363725053952, 393217183864]
[363725066312, 393217183864]
[363725082744, 393217183864]
[363725107208, 393217183864]
[363725111304, 393217183864]
[363725123704, 393217183864]
[363725156472, 393217183864]
[363725234304, 393217183864]
[363725254656, 393217183864]
[363725262856, 393217183864]
[363725295624, 393217183864]
[363725373448, 393217183864]
[363725377776, 393217183864]
[363725381856, 393217183864]
[363725410304, 393217183864]
[363725414440, 393217183864]
[363725451392, 393217183864]
[363725467792, 393217183864]
[363725476064, 393217183864]
[363725566096, 393217183864]
[363725570176, 393217183864]
[363725578264, 393217183864]
[363725578400, 393217183864]
[363725594848, 393217183864]
[363725627552, 393217183864]
[363725643904, 393217183864]
[363725652008, 393217183864]
[363725701248, 393217183864]
[363725717728, 393217183864]
[363725979872, 393217183864]
[363726217240, 393217183864]
[368640045304, 393217183864]
[368640069752, 393217183864]
[368640090112, 393217183864]
[368640098304, 393217183864]
[368640110632, 393217183864]
[368640131320, 393217183864]
[368640168080, 393217183864]
[368640172152, 393217183864]
[368640209144, 393217183864]
[368640229496, 393217183864]
[368640246000, 393217183864]
[368640249984, 393217183864]
[368640254080, 393217183864]
[368640262288, 393217183864]
[368640266480, 393217183864]
[368640323728, 393217183864]
[368640360568, 393217183864]
[368640364664, 393217183864]
[368640405752, 393217183864]
[368640475256, 393217183864]
[368640516344, 393217183864]
[368640827640, 393217183864]
[368640917744, 393217183864]
[368640987160, 393217183864]
[368641019928, 393217183864]
[368641130536, 393217183864]
[368641134632, 393217183864]
[368641147120, 393217183864]
[368641171696, 393217183864]
[368641191976, 393217183864]
[368641196272, 393217183864]
[368641339432, 393217183864]
[368641339464, 393217183864]
[368641380424, 393217183864]
[368641892424, 393217183864]
[368641933352, 393217183864]
[368642269224, 393217183864]
[368642285608, 393217183864]
[368642301992, 393217183864]
[368642310184, 393217183864]
[368642756680, 393217183864]
[373555228680, 393217183864]
[373555347576, 393217183864]
[373555380224, 393217183864]
[373555384320, 393217183864]
[373555449928, 393217183864]
[373555454200, 393217183864]
[373555458176, 393217183864]
[373555519632, 393217183864]
[373555601528, 393217183864]
[373555634336, 393217183864]
[373555638272, 393217183864]
[373555765368, 393217183864]
[373555826832, 393217183864]
[373555925112, 393217183864]
[373555982480, 393217183864]
[373556023416, 393217183864]
[373556027552, 393217183864]
[373556031608, 393217183864]
[373556199496, 393217183864]
[373556199664, 393217183864]
[373556392096, 393217183864]
[373556621384, 393217183864]
[373556760648, 393217183864]
[373556777032, 393217183864]
[378470453376, 393217183864]
[378470510712, 393217183864]
[378470527104, 393217183864]
[378470547704, 393217183864]
[378470637816, 393217183864]
[378470678528, 393217183864]
[378470764784, 393217183864]
[378470809600, 393217183864]
[378471022736, 393217183864]
[378471059464, 393217183864]
[378471092384, 393217183864]
[378471133192, 393217183864]
[378471288976, 393217183864]
[378471493640, 393217183864]
[378471575560, 393217183864]
[378471649288, 393217183864]
[378471702688, 393217183864]
[378471821456, 393217183864]
[378472046664, 393217183864]
[378472079432, 393217183864]
[378472280136, 393217183864]
[378472382536, 393217183864]
[383385796856, 393217183864]
[383385808968, 393217183864]
[383385886960, 393217183864]
[383385890976, 393217183864]
[383385903232, 393217183864]
[383385981048, 393217183864]
[383386005624, 393217183864]
[383386067064, 393217183864]
[383386087584, 393217183864]
[383386116216, 393217183864]
[383386132608, 393217183864]
[383386140800, 393217183864]
[383386214544, 393217183864]
[383386218744, 393217183864]
[383386247416, 393217183864]
[383386251408, 393217183864]
[383386271864, 393217183864]
[383386484744, 393217183864]
[383386493176, 393217183864]
[383386570824, 393217183864]
[383386574856, 393217183864]
[383386648584, 393217183864]
[383386660872, 393217183864]
[383386661024, 393217183864]
[383386689696, 393217183864]
[383386706080, 393217183864]
[383386710160, 393217183864]
[383386714272, 393217183864]
[383386861712, 393217183864]
[383386865808, 393217183864]
[383386906768, 393217183864]
[383387070472, 393217183864]
[383387070624, 393217183864]
[383387205640, 393217183864]
[383387295816, 393217183864]
[383387496456, 393217183864]
[383387799712, 393217183864]
[383388012704, 393217183864]
[388300857488, 393217183864]
[388300923128, 393217183864]
[388300963912, 393217183864]
[388301017160, 393217183864]
[388301017232, 393217183864]
[388301033632, 393217183864]
[388301070480, 393217183864]
[388301074552, 393217183864]
[388301197320, 393217183864]
[388301213704, 393217183864]
[388301279304, 393217183864]
[388301451512, 393217183864]
[388301578368, 393217183864]
[388301697096, 393217183864]
[388302078192, 393217183864]
[388302127344, 393217183864]
[388302430280, 393217183864]
[388302483528, 393217183864]
[393216045176, 393217183864]
[393216069760, 393217183864]
[393216168080, 393217183864]
[393216204920, 393217183864]
[393216209024, 393217183864]
[393216213136, 393217183864]
[393216217096, 393217183864]
[393216221424, 393217183864]
[393216229496, 393217183864]
[393216286728, 393217183864]
[393216286968, 393217183864]
[393216364552, 393217183864]
[393216413824, 393217183864]
[393216487672, 393217183864]
[393216504056, 393217183864]
[393216524416, 393217183864]
[393216528512, 393217183864]
[393216544888, 393217183864]
[393216544928, 393217183864]
[393216581760, 393217183864]
[393217069176, 393217183864]
[393217081416, 393217183864]
[393217183864, 393217282208]
[393217183864, 393217736864]
[393217183864, 398131277944]
[393217183864, 398131380464]
[393217183864, 398131478768]
[393217183864, 398131527920]
[393217183864, 398131618032]
[393217183864, 398131716336]
[393217183864, 398131904656]
[393217183864, 398132117664]
[393217183864, 398132240544]
[393217183864, 398132388000]
[393217183864, 398132433040]
[393217183864, 398132433056]
[393217183864, 398132437136]
[393217183864, 398132813968]
[393217183864, 398132891792]
[393217183864, 403046441200]
[393217183864, 403046510832]
[393217183864, 403046518912]
[393217183864, 403046539504]
[393217183864, 403046588560]
[393217183864, 403046625520]
[393217183864, 403046641784]
[393217183864, 403046727752]
[393217183864, 403046740096]
[393217183864, 403046748232]
[393217183864, 403046785168]
[393217183864, 403046793376]
[393217183864, 403046809744]
[393217183864, 403046969584]
[393217183864, 403047256304]
[393217183864, 403047370880]
[393217183864, 403047665904]
[393217183864, 403047784592]
[393217183864, 403047841936]
[393217183864, 407961608432]
[393217183864, 407961764080]
[393217183864, 407961780384]
[393217183864, 407961788488]
[393217183864, 407961891056]
[393217183864, 407962222712]
[393217183864, 407962243200]
[393217183864, 407962484864]
[393217183864, 407962529920]
[393217183864, 407962534016]
[393217183864, 407962538128]
[393217183864, 407962611832]
[393217183864, 407962792056]
[393217183864, 407962820752]
[393217183864, 407962828928]
[393217183864, 407962878072]
[393217183864, 407962955904]
[393217183864, 407963025552]
[393217183864, 407963984016]
[393217183864, 407964012688]
[393217183864, 407964049552]
[393217183864, 407964061840]
[393217183864, 407964225680]
[393217183864, 407964360848]
[393217183864, 407964577936]
[393217183864, 407964835984]
[393217183864, 412876902640]
[393217183864, 412877304048]
[393217183864, 412877307976]
[393217183864, 412877373584]
[393217183864, 412877521040]
[393217183864, 412877635656]
[393217183864, 412877660280]
[393217183864, 412877688904]
[393217183864, 412877840544]
[393217183864, 412878020768]
[393217183864, 412878180512]
[393217183864, 412878188704]
[393217183864, 412878278816]
[393217183864, 412878487712]
[393217183864, 412878946464]
[393217183864, 412879335584]
[393217183864, 412879552672]
[393217183864, 412879593632]
[393217183864, 412880973984]
[393217183864, 417792012432]
[393217183864, 417792151712]
[393217183864, 417792209040]
[393217183864, 417792307272]
[393217183864, 417792340040]
[393217183864, 417792462992]
[393217183864, 417792475208]
[393217183864, 417792553120]
[393217183864, 417792573584]
[393217183864, 417792720968]
[393217183864, 417793011856]
[393217183864, 422707228832]
[393217183864, 422707335328]
[393217183864, 422707404872]
[393217183864, 422707515552]
[393217183864, 422707527840]
[393217183864, 422707695688]
[393217183864, 422707761296]
[393217183864, 422708019272]
[393217183864, 422708027552]
[393217183864, 422708121744]
[393217183864, 422708134032]
[393217183864, 422708277392]
[393217183864, 422708289680]
[393217183864, 422708392008]
[393217183864, 422708404368]
[393217183864, 427622486176]
[393217183864, 427622617232]
[393217183864, 427622686880]
[393217183864, 427622768784]
[393217183864, 427622830224]
[393217183864, 427622879392]
[393217183864, 427622916256]
[393217183864, 427622940832]
[393217183864, 427623071888]
[393217183864, 427623375008]
[393217183864, 427623411856]
[393217183864, 427623809184]
[393217183864, 427623882896]
[393217183864, 427623895184]
[393217183864, 427624812688]
[393217183864, 427624865936]
[393217183864, 427624865952]
[393217183864, 432537976904]
[393217183864, 432538153032]
[393217183864, 432538435656]
[393217183864, 432538538144]
[393217183864, 432538628240]
[393217183864, 432538648736]
[393217183864, 432538857544]
[393217183864, 432539017288]
[393217183864, 432539033744]
[393217183864, 432539103304]
[393217183864, 432539107472]
[393217183864, 432539332752]
[393217183864, 432539349136]
[393217183864, 432539398304]
[393217183864, 432539574432]
[393217183864, 432539783312]
[393217183864, 432539934864]
[393217183864, 432539943072]
[393217183864, 432539955344]
[393217183864, 432539992224]
[393217183864, 432540258448]
[393217183864, 432540266640]
[393217183864, 432540332176]
[393217183864, 432540500112]
[393217183864, 437452812360]
[393217183864, 437452931144]
[393217183864, 437453414472]
[393217183864, 437453414544]
[393217183864, 437453463624]
[393217183864, 437453504656]
[393217183864, 437453783200]
[393217183864, 437453828240]
[393217183864, 437453881504]
[393217183864, 437454057616]
[393217183864, 437454114976]
[393217183864, 437454176416]
[393217183864, 437454209184]
[393217183864, 437454491808]
[393217183864, 437454663840]
[393217183864, 437455437984]
[393217183864, 437455736992]
[393217183864, 437455855776]
[393217183864, 437456056480]
[393217183864, 442368028832]
[393217183864, 442368131144]
[393217183864, 442368250000]
[393217183864, 442368274504]
[393217183864, 442368397456]
[393217183864, 442368471184]
[393217183864, 442368503968]
[393217183864, 442368512160]
[393217183864, 442368520352]
[393217183864, 442368549024]
[393217183864, 442368626832]
[393217183864, 442368774304]
[393217183864, 442368778400]
[393217183864, 442368815264]
[393217183864, 442368856224]
[393217183864, 447283245128]
[393217183864, 447283515464]
[393217183864, 447283536032]
[393217183864, 447283560608]
[393217183864, 447283683400]
[393217183864, 447283687496]
[393217183864, 447283761312]
[393217183864, 447283769488]
[393217183864, 447283810464]
[393217183864, 447284117664]
[393217183864, 447284236360]
[393217183864, 447284244552]
[393217183864, 447284420752]
[393217183864, 447284514960]
[393217183864, 447284756624]
[393217183864, 447284773008]
[393217183864, 452198490256]
[393217183864, 452198563912]
[393217183864, 452198580296]
[393217183864, 452198723656]
[393217183864, 452198932624]
[393217183864, 452198944840]
[393217183864, 452198948936]
[393217183864, 452199092384]
[393217183864, 452199125152]
[393217183864, 452199215248]
[393217183864, 452199227552]
[393217183864, 452199284896]
[393217183864, 452199325856]
[393217183864, 452199432336]
[393217183864, 452199559312]
[393217183864, 452199567504]
[393217183864, 452199657632]
[393217183864, 457113604168]
[393217183864, 457113612448]
[393217183864, 457114079392]
[393217183864, 457114185888]
[393217183864, 457114226848]
[393217183864, 457114296480]
[393217183864, 457114529952]
[393217183864, 457114943648]
[393217183864, 457114947728]
[393217183864, 457115119760]
[393217183864, 462029037640]
[393217183864, 462029377680]
[393217183864, 462029393992]
[393217183864, 462029402256]
[393217183864, 462029533344]
[393217183864, 462029598864]
[393217183864, 462029619344]
[393217183864, 462029783200]
[393217183864, 462029799568]
[393217183864, 462029959328]
[393217183864, 462030069920]
[393217183864, 462030110880]
[393217183864, 462030274720]
[393217183864, 462030434464]
[393217183864, 462030463136]
[393217183864, 462030483616]
[393217183864, 462030553248]
[393217183864, 466944114832]
[393217183864, 466944118856]
[393217183864, 466944151696]
[393217183864, 466944258192]
[393217183864, 466944323728]
[393217183864, 466944401480]
[393217183864, 466944499784]
[393217183864, 466944577680]
[393217183864, 466945200200]
[393217183864, 471859413136]
[393217183864, 471859515464]
[393217183864, 471859613840]
[393217183864, 471860093000]
[393217183864, 471860191304]
[393217183864, 471860408392]
[393217183864, 471860473928]
[393217183864, 471860510792]
[393217183864, 471860518984]
[393217183864, 471860527176]
[393217183864, 476774613064]
[393217183864, 476774748232]
[393217183864, 476774903880]
[393217183864, 476775071816]
[393217183864, 481689714760]
[393217183864, 481689722952]
[393217183864, 481689870408]
[393217183864, 481690067016]
[393217183864, 481690124360]
[393217183864, 481690533960]
[393217183864, 481690677320]
[393217183864, 486605303880]
[393217183864, 486605484104]
[393217183864, 486605799496]
[393217183864, 491520663624]
[393217183864, 491520671816]
[393217183864, 491521216584]
[393217183864, 491521245256]
[393217183864, 491521470536]
[393217183864, 540672417800]
[393216450688, 393217183864]
[393217183864, 398131593344]
[393217183864, 403046654072]
[393217183864, 452198953032]
