[525926428776, 555428532352, 58982584320]
[525926428776, 555428532352, 58982584320]
[4915204304, 58982584320]
[4915208368, 58982584320]
[4915232888, 58982584320]
[4915236952, 58982584320]
[4915486720, 58982584320]
[4915605504, 58982584320]
[58982584320, 9830420616]
[58982584320, 9830424664]
[58982584320, 9830457528]
[58982584320, 9830588416]
[58982584320, 9830670464]
[58982584320, 9830711296]
[14745632808, 58982584320]
[14745886720, 58982584320]
[14745890816, 58982584320]
[14746104056, 58982584320]
[19660804208, 58982584320]
[19660992640, 58982584320]
[19661021312, 58982584320]
[19661037568, 58982584320]
[19661086848, 58982584320]
[19661107200, 58982584320]
[24576012488, 58982584320]
[24576020488, 58982584320]
[24576024656, 58982584320]
[24576032848, 58982584320]
[24576254080, 58982584320]
[24576303232, 58982584320]
[24576311296, 58982584320]
[29491216472, 58982584320]
[29491232912, 58982584320]
[29491273952, 58982584320]
[29491404928, 58982584320]
[29491482624, 58982584320]
[34406473968, 58982584320]
[34406658176, 58982584320]
[34406719616, 58982584320]
[44236804328, 58982584320]
[44236832984, 58982584320]
[49152221432, 58982584320]
[54067482872, 58982584320]
[54067716344, 58982584320]
[58982404304, 58982584320]
[58982408304, 58982584320]
[58982584320, 58982719736]
[58982584320, 63897776376]
[58982584320, 68812947584]
[58982584320, 68813103352]
[58982584320, 68813189368]
[58982584320, 73728094208]
[58982584320, 73728131072]
[58982584320, 78643236864]
[58982584320, 78643429376]
[58982584320, 83558617216]
[58982584320, 83558748288]
[58982584320, 88473637088]
[58982584320, 88473661688]
[58982584320, 98304016528]
[58982584320, 98304040960]
[58982584320, 98304053248]
[103219208192, 58982584320]
[103219474560, 58982584320]
[108134412536, 58982584320]
[108134469880, 58982584320]
[108134637816, 58982584320]
[117964964088, 58982584320]
[122880094336, 58982584320]
[122880245760, 58982584320]
[122880254200, 58982584320]
[127795220600, 58982584320]
[127795351680, 58982584320]
[127795384568, 58982584320]
[127795490992, 58982584320]
[127795495040, 58982584320]
[127796187312, 58982584320]
[132710789208, 58982584320]
[137625751552, 58982584320]
[137625878656, 58982584320]
[142541132024, 58982584320]
[147456020584, 58982584320]
[147456426040, 58982584320]
[152371318784, 58982584320]
[157286461504, 58982584320]
[157286522880, 58982584320]
[157286531320, 58982584320]
[162201903104, 58982584320]
[167116984448, 58982584320]
[167117058176, 58982584320]
[186777641208, 58982584320]
[186777653248, 58982584320]
[186777763840, 58982584320]
[186777899008, 58982584320]
[201523212320, 58982584320]
[201523507328, 58982584320]
[206438420480, 58982584320]
[216268816408, 58982584320]
[231014612992, 58982584320]
[235929649216, 58982584320]
[245760077824, 58982584320]
[255590461568, 58982584320]
[255590486016, 58982584320]
[255590527224, 58982584320]
[270336078072, 58982584320]
[275251208280, 58982584320]
[275251257352, 58982584320]
[285081612328, 58982584320]
[294912270336, 58982584320]
[299827331200, 58982584320]
[324403433472, 58982584320]
[324403449856, 58982584320]
[334233632904, 58982584320]
[358809641120, 58982584320]
[368640024824, 58982584320]
[393216106624, 58982584320]
[417792147528, 58982584320]
[437452955896, 58982584320]
[442368012416, 58982584320]
[447283228800, 58982584320]
[452198408192, 58982584320]
[462028898392, 58982584320]
[496435236904, 58982584320]
[501350559936, 58982584320]
[506265694272, 58982584320]
[511189983480, 58982584320]
[516096037040, 58982584320]
[545590251648, 58982584320]
[555421577216, 58982584320]
[555421945856, 58982584320]
[560338366464, 58982584320]
[565266628608, 58982584320]
[575078654160, 58982584320]
[575079624832, 58982584320]
[584908841128, 58982584320]
[584909066488, 58982584320]
[589824024576, 58982584320]
[58982584320, 619315290232]
[58982584320, 634060808192]
[58982584320, 643893649656]
[58982584320, 653726662904]
[58982584320, 663553257720]
[58982584320, 697958735872]
[58982584320, 707794104448]
[58982584320, 732365221888]
[58982584320, 737280008192]
[58982584320, 869990612992]
[58982584320, 874905690360]
[58982584320, 879821013240]
[58982584320, 919142408328]
[58982584320, 948633727224]
[58982584320, 948633764088]
[1032192053496, 58982584320]
[1076428939264, 58982584320]
[1115752370304, 58982584320]
[1194393706496, 58982584320]
[1243545833600, 58982584320]
[1292697604096, 58982584320]
[1459814670464, 58982584320]
[1577779384448, 58982584320]
[1617100878072, 58982584320]
[1720320888960, 58982584320]
[1862861119616, 58982584320]
[1897267245056, 58982584320]
[1897267707904, 58982584320]
[1921843249280, 58982584320]
[1951334469760, 58982584320]
[2064384196736, 58982584320]
[2088960024576, 58982584320]
[2138112208896, 58982584320]
[2256078811136, 58982584320]
[2767257616384, 58982584320]
[3298099220608, 58982584320]
[525926428776, 555428532352, 58982584320]
[4915204304, 58982584320]
[4915208368, 58982584320]
[4915232888, 58982584320]
[4915236952, 58982584320]
[4915486720, 58982584320]
[4915605504, 58982584320]
[58982584320, 9830420616]
[58982584320, 9830424664]
[58982584320, 9830457528]
[58982584320, 9830588416]
[58982584320, 9830670464]
[58982584320, 9830711296]
[14745632808, 58982584320]
[14745886720, 58982584320]
[14745890816, 58982584320]
[14746104056, 58982584320]
[19660804208, 58982584320]
[19660992640, 58982584320]
[19661021312, 58982584320]
[19661037568, 58982584320]
[19661086848, 58982584320]
[19661107200, 58982584320]
[24576012488, 58982584320]
[24576020488, 58982584320]
[24576024656, 58982584320]
[24576032848, 58982584320]
[24576254080, 58982584320]
[24576303232, 58982584320]
[24576311296, 58982584320]
[29491216472, 58982584320]
[29491232912, 58982584320]
[29491273952, 58982584320]
[29491404928, 58982584320]
[29491482624, 58982584320]
[34406473968, 58982584320]
[34406658176, 58982584320]
[34406719616, 58982584320]
[44236804328, 58982584320]
[44236832984, 58982584320]
[49152221432, 58982584320]
[54067482872, 58982584320]
[54067716344, 58982584320]
[58982404304, 58982584320]
[58982408304, 58982584320]
[58982584320, 58982719736]
[58982584320, 63897776376]
[58982584320, 68812947584]
[58982584320, 68813103352]
[58982584320, 68813189368]
[58982584320, 73728094208]
[58982584320, 73728131072]
[58982584320, 78643236864]
[58982584320, 78643429376]
[58982584320, 83558617216]
[58982584320, 83558748288]
[58982584320, 88473637088]
[58982584320, 88473661688]
[58982584320, 98304016528]
[58982584320, 98304040960]
[58982584320, 98304053248]
[103219208192, 58982584320]
[103219474560, 58982584320]
[108134412536, 58982584320]
[108134469880, 58982584320]
[108134637816, 58982584320]
[117964964088, 58982584320]
[122880094336, 58982584320]
[122880245760, 58982584320]
[122880254200, 58982584320]
[127795220600, 58982584320]
[127795351680, 58982584320]
[127795384568, 58982584320]
[127795490992, 58982584320]
[127795495040, 58982584320]
[127796187312, 58982584320]
[132710789208, 58982584320]
[137625751552, 58982584320]
[137625878656, 58982584320]
[142541132024, 58982584320]
[147456020584, 58982584320]
[147456426040, 58982584320]
[152371318784, 58982584320]
[157286461504, 58982584320]
[157286522880, 58982584320]
[157286531320, 58982584320]
[162201903104, 58982584320]
[167116984448, 58982584320]
[167117058176, 58982584320]
[186777641208, 58982584320]
[186777653248, 58982584320]
[186777763840, 58982584320]
[186777899008, 58982584320]
[201523212320, 58982584320]
[201523507328, 58982584320]
[206438420480, 58982584320]
[216268816408, 58982584320]
[231014612992, 58982584320]
[235929649216, 58982584320]
[245760077824, 58982584320]
[255590461568, 58982584320]
[255590486016, 58982584320]
[255590527224, 58982584320]
[270336078072, 58982584320]
[275251208280, 58982584320]
[275251257352, 58982584320]
[285081612328, 58982584320]
[294912270336, 58982584320]
[299827331200, 58982584320]
[324403433472, 58982584320]
[324403449856, 58982584320]
[334233632904, 58982584320]
[358809641120, 58982584320]
[368640024824, 58982584320]
[393216106624, 58982584320]
[417792147528, 58982584320]
[437452955896, 58982584320]
[442368012416, 58982584320]
[447283228800, 58982584320]
[452198408192, 58982584320]
[462028898392, 58982584320]
[496435236904, 58982584320]
[501350559936, 58982584320]
[506265694272, 58982584320]
[511189983480, 58982584320]
[516096037040, 58982584320]
[545590251648, 58982584320]
[555421577216, 58982584320]
[555421945856, 58982584320]
[560338366464, 58982584320]
[565266628608, 58982584320]
[575078654160, 58982584320]
[575079624832, 58982584320]
[584908841128, 58982584320]
[584909066488, 58982584320]
[589824024576, 58982584320]
[58982584320, 619315290232]
[58982584320, 634060808192]
[58982584320, 643893649656]
[58982584320, 653726662904]
[58982584320, 663553257720]
[58982584320, 697958735872]
[58982584320, 707794104448]
[58982584320, 732365221888]
[58982584320, 737280008192]
[58982584320, 869990612992]
[58982584320, 874905690360]
[58982584320, 879821013240]
[58982584320, 919142408328]
[58982584320, 948633727224]
[58982584320, 948633764088]
[1032192053496, 58982584320]
[1076428939264, 58982584320]
[1115752370304, 58982584320]
[1194393706496, 58982584320]
[1243545833600, 58982584320]
[1292697604096, 58982584320]
[1459814670464, 58982584320]
[1577779384448, 58982584320]
[1617100878072, 58982584320]
[1720320888960, 58982584320]
[1862861119616, 58982584320]
[1897267245056, 58982584320]
[1897267707904, 58982584320]
[1921843249280, 58982584320]
[1951334469760, 58982584320]
[2064384196736, 58982584320]
[2088960024576, 58982584320]
[2138112208896, 58982584320]
[2256078811136, 58982584320]
[2767257616384, 58982584320]
[3298099220608, 58982584320]
[525926428776, 555428532352, 58982584320]
[4915204304, 58982584320]
[4915208368, 58982584320]
[4915232888, 58982584320]
[4915236952, 58982584320]
[4915486720, 58982584320]
[4915605504, 58982584320]
[58982584320, 9830420616]
[58982584320, 9830424664]
[58982584320, 9830457528]
[58982584320, 9830588416]
[58982584320, 9830670464]
[58982584320, 9830711296]
[14745632808, 58982584320]
[14745886720, 58982584320]
[14745890816, 58982584320]
[14746104056, 58982584320]
[19660804208, 58982584320]
[19660992640, 58982584320]
[19661021312, 58982584320]
[19661037568, 58982584320]
[19661086848, 58982584320]
[19661107200, 58982584320]
[24576012488, 58982584320]
[24576020488, 58982584320]
[24576024656, 58982584320]
[24576032848, 58982584320]
[24576254080, 58982584320]
[24576303232, 58982584320]
[24576311296, 58982584320]
[29491216472, 58982584320]
[29491232912, 58982584320]
[29491273952, 58982584320]
[29491404928, 58982584320]
[29491482624, 58982584320]
[34406473968, 58982584320]
[34406658176, 58982584320]
[34406719616, 58982584320]
[44236804328, 58982584320]
[44236832984, 58982584320]
[49152221432, 58982584320]
[54067482872, 58982584320]
[54067716344, 58982584320]
[58982404304, 58982584320]
[58982408304, 58982584320]
[58982584320, 58982719736]
[58982584320, 63897776376]
[58982584320, 68812947584]
[58982584320, 68813103352]
[58982584320, 68813189368]
[58982584320, 73728094208]
[58982584320, 73728131072]
[58982584320, 78643236864]
[58982584320, 78643429376]
[58982584320, 83558617216]
[58982584320, 83558748288]
[58982584320, 88473637088]
[58982584320, 88473661688]
[58982584320, 98304016528]
[58982584320, 98304040960]
[58982584320, 98304053248]
[103219208192, 58982584320]
[103219474560, 58982584320]
[108134412536, 58982584320]
[108134469880, 58982584320]
[108134637816, 58982584320]
[117964964088, 58982584320]
[122880094336, 58982584320]
[122880245760, 58982584320]
[122880254200, 58982584320]
[127795220600, 58982584320]
[127795351680, 58982584320]
[127795384568, 58982584320]
[127795490992, 58982584320]
[127795495040, 58982584320]
[127796187312, 58982584320]
[132710789208, 58982584320]
[137625751552, 58982584320]
[137625878656, 58982584320]
[142541132024, 58982584320]
[147456020584, 58982584320]
[147456426040, 58982584320]
[152371318784, 58982584320]
[157286461504, 58982584320]
[157286522880, 58982584320]
[157286531320, 58982584320]
[162201903104, 58982584320]
[167116984448, 58982584320]
[167117058176, 58982584320]
[186777641208, 58982584320]
[186777653248, 58982584320]
[186777763840, 58982584320]
[186777899008, 58982584320]
[201523212320, 58982584320]
[201523507328, 58982584320]
[206438420480, 58982584320]
[216268816408, 58982584320]
[231014612992, 58982584320]
[235929649216, 58982584320]
[245760077824, 58982584320]
[255590461568, 58982584320]
[255590486016, 58982584320]
[255590527224, 58982584320]
[270336078072, 58982584320]
[275251208280, 58982584320]
[275251257352, 58982584320]
[285081612328, 58982584320]
[294912270336, 58982584320]
[299827331200, 58982584320]
[324403433472, 58982584320]
[324403449856, 58982584320]
[334233632904, 58982584320]
[358809641120, 58982584320]
[368640024824, 58982584320]
[393216106624, 58982584320]
[417792147528, 58982584320]
[437452955896, 58982584320]
[442368012416, 58982584320]
[447283228800, 58982584320]
[452198408192, 58982584320]
[462028898392, 58982584320]
[496435236904, 58982584320]
[501350559936, 58982584320]
[506265694272, 58982584320]
[511189983480, 58982584320]
[516096037040, 58982584320]
[545590251648, 58982584320]
[555421577216, 58982584320]
[555421945856, 58982584320]
[560338366464, 58982584320]
[565266628608, 58982584320]
[575078654160, 58982584320]
[575079624832, 58982584320]
[584908841128, 58982584320]
[584909066488, 58982584320]
[589824024576, 58982584320]
[58982584320, 619315290232]
[58982584320, 634060808192]
[58982584320, 643893649656]
[58982584320, 653726662904]
[58982584320, 663553257720]
[58982584320, 697958735872]
[58982584320, 707794104448]
[58982584320, 732365221888]
[58982584320, 737280008192]
[58982584320, 869990612992]
[58982584320, 874905690360]
[58982584320, 879821013240]
[58982584320, 919142408328]
[58982584320, 948633727224]
[58982584320, 948633764088]
[1032192053496, 58982584320]
[1076428939264, 58982584320]
[1115752370304, 58982584320]
[1194393706496, 58982584320]
[1243545833600, 58982584320]
[1292697604096, 58982584320]
[1459814670464, 58982584320]
[1577779384448, 58982584320]
[1617100878072, 58982584320]
[1720320888960, 58982584320]
[1862861119616, 58982584320]
[1897267245056, 58982584320]
[1897267707904, 58982584320]
[1921843249280, 58982584320]
[1951334469760, 58982584320]
[2064384196736, 58982584320]
[2088960024576, 58982584320]
[2138112208896, 58982584320]
[2256078811136, 58982584320]
[2767257616384, 58982584320]
[3298099220608, 58982584320]
[4915335168, 58982584320]
[4915474432, 58982584320]
[58982584320, 9830432848]
[58982584320, 9830514816]
[58982584320, 9830686720]
[58982584320, 9830707200]
[14745628832, 58982584320]
[14745637096, 58982584320]
[14745641048, 58982584320]
[19661012992, 58982584320]
[24576032992, 58982584320]
[29491220496, 58982584320]
[29491224680, 58982584320]
[29491699960, 58982584320]
[34406621312, 58982584320]
[44237041792, 58982584320]
[49152270584, 58982584320]
[54067585272, 58982584320]
[58982584320, 58982727928]
[58982584320, 63897620480]
[58982584320, 63897805048]
[58982584320, 63897948408]
[58982584320, 68812927224]
[167116906744, 58982584320]
[186777657344, 58982584320]
[191693025408, 58982584320]
[196608266240, 58982584320]
[245760086144, 58982584320]
[255590416512, 58982584320]
[265420841088, 58982584320]
[275251343360, 58982584320]
[280166416600, 58982584320]
[319488082048, 58982584320]
[496435339392, 58982584320]
[550511227008, 58982584320]
[555427483648, 58982584320]
[58982584320, 830668947584]
[58982584320, 879820804224]
[58982584320, 943718477952]
[58982584320, 968294617336]
[1076428926976, 58982584320]
[525926428776, 555428532352, 58982584320]
[1174734872824, 58982584320]
[211354005512, 265420894416, 324403204160, 34406420552, 4915220584, 58982584320, 683212861440]
[2501837082624, 58982584320]
[4915204304, 58982584320]
[4915208368, 58982584320]
[4915232888, 58982584320]
[4915236952, 58982584320]
[4915486720, 58982584320]
[4915605504, 58982584320]
[58982584320, 9830420616]
[58982584320, 9830424664]
[58982584320, 9830457528]
[58982584320, 9830588416]
[58982584320, 9830670464]
[58982584320, 9830711296]
[14745632808, 58982584320]
[14745886720, 58982584320]
[14745890816, 58982584320]
[14746104056, 58982584320]
[19660804208, 58982584320]
[19660992640, 58982584320]
[19661021312, 58982584320]
[19661037568, 58982584320]
[19661086848, 58982584320]
[19661107200, 58982584320]
[24576012488, 58982584320]
[24576020488, 58982584320]
[24576024656, 58982584320]
[24576032848, 58982584320]
[24576254080, 58982584320]
[24576303232, 58982584320]
[24576311296, 58982584320]
[29491216472, 58982584320]
[29491232912, 58982584320]
[29491273952, 58982584320]
[29491404928, 58982584320]
[29491482624, 58982584320]
[34406473968, 58982584320]
[34406658176, 58982584320]
[34406719616, 58982584320]
[44236804328, 58982584320]
[44236832984, 58982584320]
[49152221432, 58982584320]
[54067482872, 58982584320]
[54067716344, 58982584320]
[58982404304, 58982584320]
[58982408304, 58982584320]
[58982584320, 58982719736]
[58982584320, 63897776376]
[58982584320, 68812947584]
[58982584320, 68813103352]
[58982584320, 68813189368]
[58982584320, 73728094208]
[58982584320, 73728131072]
[58982584320, 78643236864]
[58982584320, 78643429376]
[58982584320, 83558617216]
[58982584320, 83558748288]
[58982584320, 88473637088]
[58982584320, 88473661688]
[58982584320, 98304016528]
[58982584320, 98304040960]
[58982584320, 98304053248]
[103219208192, 58982584320]
[103219474560, 58982584320]
[108134412536, 58982584320]
[108134469880, 58982584320]
[108134637816, 58982584320]
[117964964088, 58982584320]
[122880094336, 58982584320]
[122880245760, 58982584320]
[122880254200, 58982584320]
[127795220600, 58982584320]
[127795351680, 58982584320]
[127795384568, 58982584320]
[127795490992, 58982584320]
[127795495040, 58982584320]
[127796187312, 58982584320]
[132710789208, 58982584320]
[137625751552, 58982584320]
[137625878656, 58982584320]
[142541132024, 58982584320]
[147456020584, 58982584320]
[147456426040, 58982584320]
[152371318784, 58982584320]
[157286461504, 58982584320]
[157286522880, 58982584320]
[157286531320, 58982584320]
[162201903104, 58982584320]
[167116984448, 58982584320]
[167117058176, 58982584320]
[186777641208, 58982584320]
[186777653248, 58982584320]
[186777763840, 58982584320]
[186777899008, 58982584320]
[201523212320, 58982584320]
[201523507328, 58982584320]
[206438420480, 58982584320]
[216268816408, 58982584320]
[231014612992, 58982584320]
[235929649216, 58982584320]
[245760077824, 58982584320]
[255590461568, 58982584320]
[255590486016, 58982584320]
[255590527224, 58982584320]
[270336078072, 58982584320]
[275251208280, 58982584320]
[275251257352, 58982584320]
[285081612328, 58982584320]
[294912270336, 58982584320]
[299827331200, 58982584320]
[324403433472, 58982584320]
[324403449856, 58982584320]
[334233632904, 58982584320]
[358809641120, 58982584320]
[368640024824, 58982584320]
[393216106624, 58982584320]
[417792147528, 58982584320]
[437452955896, 58982584320]
[442368012416, 58982584320]
[447283228800, 58982584320]
[452198408192, 58982584320]
[462028898392, 58982584320]
[496435236904, 58982584320]
[501350559936, 58982584320]
[506265694272, 58982584320]
[511189983480, 58982584320]
[516096037040, 58982584320]
[545590251648, 58982584320]
[555421577216, 58982584320]
[555421945856, 58982584320]
[560338366464, 58982584320]
[565266628608, 58982584320]
[575078654160, 58982584320]
[575079624832, 58982584320]
[584908841128, 58982584320]
[584909066488, 58982584320]
[589824024576, 58982584320]
[58982584320, 619315290232]
[58982584320, 634060808192]
[58982584320, 643893649656]
[58982584320, 653726662904]
[58982584320, 663553257720]
[58982584320, 697958735872]
[58982584320, 707794104448]
[58982584320, 732365221888]
[58982584320, 737280008192]
[58982584320, 869990612992]
[58982584320, 874905690360]
[58982584320, 879821013240]
[58982584320, 919142408328]
[58982584320, 948633727224]
[58982584320, 948633764088]
[1032192053496, 58982584320]
[1076428939264, 58982584320]
[1115752370304, 58982584320]
[1194393706496, 58982584320]
[1243545833600, 58982584320]
[1292697604096, 58982584320]
[1459814670464, 58982584320]
[1577779384448, 58982584320]
[1617100878072, 58982584320]
[1720320888960, 58982584320]
[1862861119616, 58982584320]
[1897267245056, 58982584320]
[1897267707904, 58982584320]
[1921843249280, 58982584320]
[1951334469760, 58982584320]
[2064384196736, 58982584320]
[2088960024576, 58982584320]
[2138112208896, 58982584320]
[2256078811136, 58982584320]
[2767257616384, 58982584320]
[3298099220608, 58982584320]
[4915335168, 58982584320]
[4915474432, 58982584320]
[58982584320, 9830432848]
[58982584320, 9830514816]
[58982584320, 9830686720]
[58982584320, 9830707200]
[14745628832, 58982584320]
[14745637096, 58982584320]
[14745641048, 58982584320]
[19661012992, 58982584320]
[24576032992, 58982584320]
[29491220496, 58982584320]
[29491224680, 58982584320]
[29491699960, 58982584320]
[34406621312, 58982584320]
[44237041792, 58982584320]
[49152270584, 58982584320]
[54067585272, 58982584320]
[58982584320, 58982727928]
[58982584320, 63897620480]
[58982584320, 63897805048]
[58982584320, 63897948408]
[58982584320, 68812927224]
[167116906744, 58982584320]
[186777657344, 58982584320]
[191693025408, 58982584320]
[196608266240, 58982584320]
[245760086144, 58982584320]
[255590416512, 58982584320]
[265420841088, 58982584320]
[275251343360, 58982584320]
[280166416600, 58982584320]
[319488082048, 58982584320]
[496435339392, 58982584320]
[550511227008, 58982584320]
[555427483648, 58982584320]
[58982584320, 830668947584]
[58982584320, 879820804224]
[58982584320, 943718477952]
[58982584320, 968294617336]
[1076428926976, 58982584320]
[525926428776, 555428532352, 58982584320]
[1174734872824, 58982584320]
[211354005512, 265420894416, 324403204160, 34406420552, 4915220584, 58982584320, 683212861440]
[2501837082624, 58982584320]
[4915204304, 58982584320]
[4915208368, 58982584320]
[4915232888, 58982584320]
[4915236952, 58982584320]
[4915486720, 58982584320]
[4915605504, 58982584320]
[58982584320, 9830420616]
[58982584320, 9830424664]
[58982584320, 9830457528]
[58982584320, 9830588416]
[58982584320, 9830670464]
[58982584320, 9830711296]
[14745632808, 58982584320]
[14745886720, 58982584320]
[14745890816, 58982584320]
[14746104056, 58982584320]
[19660804208, 58982584320]
[19660992640, 58982584320]
[19661021312, 58982584320]
[19661037568, 58982584320]
[19661086848, 58982584320]
[19661107200, 58982584320]
[24576012488, 58982584320]
[24576020488, 58982584320]
[24576024656, 58982584320]
[24576032848, 58982584320]
[24576254080, 58982584320]
[24576303232, 58982584320]
[24576311296, 58982584320]
[29491216472, 58982584320]
[29491232912, 58982584320]
[29491273952, 58982584320]
[29491404928, 58982584320]
[29491482624, 58982584320]
[34406473968, 58982584320]
[34406658176, 58982584320]
[34406719616, 58982584320]
[44236804328, 58982584320]
[44236832984, 58982584320]
[49152221432, 58982584320]
[54067482872, 58982584320]
[54067716344, 58982584320]
[58982404304, 58982584320]
[58982408304, 58982584320]
[58982584320, 58982719736]
[58982584320, 63897776376]
[58982584320, 68812947584]
[58982584320, 68813103352]
[58982584320, 68813189368]
[58982584320, 73728094208]
[58982584320, 73728131072]
[58982584320, 78643236864]
[58982584320, 78643429376]
[58982584320, 83558617216]
[58982584320, 83558748288]
[58982584320, 88473637088]
[58982584320, 88473661688]
[58982584320, 98304016528]
[58982584320, 98304040960]
[58982584320, 98304053248]
[103219208192, 58982584320]
[103219474560, 58982584320]
[108134412536, 58982584320]
[108134469880, 58982584320]
[108134637816, 58982584320]
[117964964088, 58982584320]
[122880094336, 58982584320]
[122880245760, 58982584320]
[122880254200, 58982584320]
[127795220600, 58982584320]
[127795351680, 58982584320]
[127795384568, 58982584320]
[127795490992, 58982584320]
[127795495040, 58982584320]
[127796187312, 58982584320]
[132710789208, 58982584320]
[137625751552, 58982584320]
[137625878656, 58982584320]
[142541132024, 58982584320]
[147456020584, 58982584320]
[147456426040, 58982584320]
[152371318784, 58982584320]
[157286461504, 58982584320]
[157286522880, 58982584320]
[157286531320, 58982584320]
[162201903104, 58982584320]
[167116984448, 58982584320]
[167117058176, 58982584320]
[186777641208, 58982584320]
[186777653248, 58982584320]
[186777763840, 58982584320]
[186777899008, 58982584320]
[201523212320, 58982584320]
[201523507328, 58982584320]
[206438420480, 58982584320]
[216268816408, 58982584320]
[231014612992, 58982584320]
[235929649216, 58982584320]
[245760077824, 58982584320]
[255590461568, 58982584320]
[255590486016, 58982584320]
[255590527224, 58982584320]
[270336078072, 58982584320]
[275251208280, 58982584320]
[275251257352, 58982584320]
[285081612328, 58982584320]
[294912270336, 58982584320]
[299827331200, 58982584320]
[324403433472, 58982584320]
[324403449856, 58982584320]
[334233632904, 58982584320]
[358809641120, 58982584320]
[368640024824, 58982584320]
[393216106624, 58982584320]
[417792147528, 58982584320]
[437452955896, 58982584320]
[442368012416, 58982584320]
[447283228800, 58982584320]
[452198408192, 58982584320]
[462028898392, 58982584320]
[496435236904, 58982584320]
[501350559936, 58982584320]
[506265694272, 58982584320]
[511189983480, 58982584320]
[516096037040, 58982584320]
[545590251648, 58982584320]
[555421577216, 58982584320]
[555421945856, 58982584320]
[560338366464, 58982584320]
[565266628608, 58982584320]
[575078654160, 58982584320]
[575079624832, 58982584320]
[584908841128, 58982584320]
[584909066488, 58982584320]
[589824024576, 58982584320]
[58982584320, 619315290232]
[58982584320, 634060808192]
[58982584320, 643893649656]
[58982584320, 653726662904]
[58982584320, 663553257720]
[58982584320, 697958735872]
[58982584320, 707794104448]
[58982584320, 732365221888]
[58982584320, 737280008192]
[58982584320, 869990612992]
[58982584320, 874905690360]
[58982584320, 879821013240]
[58982584320, 919142408328]
[58982584320, 948633727224]
[58982584320, 948633764088]
[1032192053496, 58982584320]
[1076428939264, 58982584320]
[1115752370304, 58982584320]
[1194393706496, 58982584320]
[1243545833600, 58982584320]
[1292697604096, 58982584320]
[1459814670464, 58982584320]
[1577779384448, 58982584320]
[1617100878072, 58982584320]
[1720320888960, 58982584320]
[1862861119616, 58982584320]
[1897267245056, 58982584320]
[1897267707904, 58982584320]
[1921843249280, 58982584320]
[1951334469760, 58982584320]
[2064384196736, 58982584320]
[2088960024576, 58982584320]
[2138112208896, 58982584320]
[2256078811136, 58982584320]
[2767257616384, 58982584320]
[3298099220608, 58982584320]
[4915335168, 58982584320]
[4915474432, 58982584320]
[58982584320, 9830432848]
[58982584320, 9830514816]
[58982584320, 9830686720]
[58982584320, 9830707200]
[14745628832, 58982584320]
[14745637096, 58982584320]
[14745641048, 58982584320]
[19661012992, 58982584320]
[24576032992, 58982584320]
[29491220496, 58982584320]
[29491224680, 58982584320]
[29491699960, 58982584320]
[34406621312, 58982584320]
[44237041792, 58982584320]
[49152270584, 58982584320]
[54067585272, 58982584320]
[58982584320, 58982727928]
[58982584320, 63897620480]
[58982584320, 63897805048]
[58982584320, 63897948408]
[58982584320, 68812927224]
[167116906744, 58982584320]
[186777657344, 58982584320]
[191693025408, 58982584320]
[196608266240, 58982584320]
[245760086144, 58982584320]
[255590416512, 58982584320]
[265420841088, 58982584320]
[275251343360, 58982584320]
[280166416600, 58982584320]
[319488082048, 58982584320]
[496435339392, 58982584320]
[550511227008, 58982584320]
[555427483648, 58982584320]
[58982584320, 830668947584]
[58982584320, 879820804224]
[58982584320, 943718477952]
[58982584320, 968294617336]
[1076428926976, 58982584320]
[525926428776, 555428532352, 58982584320]
[1174734872824, 58982584320]
[211354005512, 265420894416, 324403204160, 34406420552, 4915220584, 58982584320, 683212861440]
[2501837082624, 58982584320]
[172032086016, 58982584320]
[4915204304, 58982584320]
[4915208368, 58982584320]
[4915232888, 58982584320]
[4915236952, 58982584320]
[4915486720, 58982584320]
[4915605504, 58982584320]
[58982584320, 9830420616]
[58982584320, 9830424664]
[58982584320, 9830457528]
[58982584320, 9830588416]
[58982584320, 9830670464]
[58982584320, 9830711296]
[14745632808, 58982584320]
[14745886720, 58982584320]
[14745890816, 58982584320]
[14746104056, 58982584320]
[19660804208, 58982584320]
[19660992640, 58982584320]
[19661021312, 58982584320]
[19661037568, 58982584320]
[19661086848, 58982584320]
[19661107200, 58982584320]
[24576012488, 58982584320]
[24576020488, 58982584320]
[24576024656, 58982584320]
[24576032848, 58982584320]
[24576254080, 58982584320]
[24576303232, 58982584320]
[24576311296, 58982584320]
[29491216472, 58982584320]
[29491232912, 58982584320]
[29491273952, 58982584320]
[29491404928, 58982584320]
[29491482624, 58982584320]
[34406473968, 58982584320]
[34406658176, 58982584320]
[34406719616, 58982584320]
[44236804328, 58982584320]
[44236832984, 58982584320]
[49152221432, 58982584320]
[54067482872, 58982584320]
[54067716344, 58982584320]
[58982404304, 58982584320]
[58982408304, 58982584320]
[58982584320, 58982719736]
[58982584320, 63897776376]
[58982584320, 68812947584]
[58982584320, 68813103352]
[58982584320, 68813189368]
[58982584320, 73728094208]
[58982584320, 73728131072]
[58982584320, 78643236864]
[58982584320, 78643429376]
[58982584320, 83558617216]
[58982584320, 83558748288]
[58982584320, 88473637088]
[58982584320, 88473661688]
[58982584320, 98304016528]
[58982584320, 98304040960]
[58982584320, 98304053248]
[103219208192, 58982584320]
[103219474560, 58982584320]
[108134412536, 58982584320]
[108134469880, 58982584320]
[108134637816, 58982584320]
[117964964088, 58982584320]
[122880094336, 58982584320]
[122880245760, 58982584320]
[122880254200, 58982584320]
[127795220600, 58982584320]
[127795351680, 58982584320]
[127795384568, 58982584320]
[127795490992, 58982584320]
[127795495040, 58982584320]
[127796187312, 58982584320]
[132710789208, 58982584320]
[137625751552, 58982584320]
[137625878656, 58982584320]
[142541132024, 58982584320]
[147456020584, 58982584320]
[147456426040, 58982584320]
[152371318784, 58982584320]
[157286461504, 58982584320]
[157286522880, 58982584320]
[157286531320, 58982584320]
[162201903104, 58982584320]
[167116984448, 58982584320]
[167117058176, 58982584320]
[186777641208, 58982584320]
[186777653248, 58982584320]
[186777763840, 58982584320]
[186777899008, 58982584320]
[201523212320, 58982584320]
[201523507328, 58982584320]
[206438420480, 58982584320]
[216268816408, 58982584320]
[231014612992, 58982584320]
[235929649216, 58982584320]
[245760077824, 58982584320]
[255590461568, 58982584320]
[255590486016, 58982584320]
[255590527224, 58982584320]
[270336078072, 58982584320]
[275251208280, 58982584320]
[275251257352, 58982584320]
[285081612328, 58982584320]
[294912270336, 58982584320]
[299827331200, 58982584320]
[324403433472, 58982584320]
[324403449856, 58982584320]
[334233632904, 58982584320]
[358809641120, 58982584320]
[368640024824, 58982584320]
[393216106624, 58982584320]
[417792147528, 58982584320]
[437452955896, 58982584320]
[442368012416, 58982584320]
[447283228800, 58982584320]
[452198408192, 58982584320]
[462028898392, 58982584320]
[496435236904, 58982584320]
[501350559936, 58982584320]
[506265694272, 58982584320]
[511189983480, 58982584320]
[516096037040, 58982584320]
[545590251648, 58982584320]
[555421577216, 58982584320]
[555421945856, 58982584320]
[560338366464, 58982584320]
[565266628608, 58982584320]
[575078654160, 58982584320]
[575079624832, 58982584320]
[584908841128, 58982584320]
[584909066488, 58982584320]
[589824024576, 58982584320]
[58982584320, 619315290232]
[58982584320, 634060808192]
[58982584320, 643893649656]
[58982584320, 653726662904]
[58982584320, 663553257720]
[58982584320, 697958735872]
[58982584320, 707794104448]
[58982584320, 732365221888]
[58982584320, 737280008192]
[58982584320, 869990612992]
[58982584320, 874905690360]
[58982584320, 879821013240]
[58982584320, 919142408328]
[58982584320, 948633727224]
[58982584320, 948633764088]
[1032192053496, 58982584320]
[1076428939264, 58982584320]
[1115752370304, 58982584320]
[1194393706496, 58982584320]
[1243545833600, 58982584320]
[1292697604096, 58982584320]
[1459814670464, 58982584320]
[1577779384448, 58982584320]
[1617100878072, 58982584320]
[1720320888960, 58982584320]
[1862861119616, 58982584320]
[1897267245056, 58982584320]
[1897267707904, 58982584320]
[1921843249280, 58982584320]
[1951334469760, 58982584320]
[2064384196736, 58982584320]
[2088960024576, 58982584320]
[2138112208896, 58982584320]
[2256078811136, 58982584320]
[2767257616384, 58982584320]
[3298099220608, 58982584320]
[4915335168, 58982584320]
[4915474432, 58982584320]
[58982584320, 9830432848]
[58982584320, 9830514816]
[58982584320, 9830686720]
[58982584320, 9830707200]
[14745628832, 58982584320]
[14745637096, 58982584320]
[14745641048, 58982584320]
[19661012992, 58982584320]
[24576032992, 58982584320]
[29491220496, 58982584320]
[29491224680, 58982584320]
[29491699960, 58982584320]
[34406621312, 58982584320]
[44237041792, 58982584320]
[49152270584, 58982584320]
[54067585272, 58982584320]
[58982584320, 58982727928]
[58982584320, 63897620480]
[58982584320, 63897805048]
[58982584320, 63897948408]
[58982584320, 68812927224]
[167116906744, 58982584320]
[186777657344, 58982584320]
[191693025408, 58982584320]
[196608266240, 58982584320]
[245760086144, 58982584320]
[255590416512, 58982584320]
[265420841088, 58982584320]
[275251343360, 58982584320]
[280166416600, 58982584320]
[319488082048, 58982584320]
[496435339392, 58982584320]
[550511227008, 58982584320]
[555427483648, 58982584320]
[58982584320, 830668947584]
[58982584320, 879820804224]
[58982584320, 943718477952]
[58982584320, 968294617336]
[1076428926976, 58982584320]
[19661086720, 58982584320]
[24576024744, 58982584320]
[29491208352, 58982584320]
[29491261496, 58982584320]
[39321874560, 58982584320]
[58982584320, 63897759992]
[58982584320, 98304274560]
[58982584320, 98305200176]
[113050030168, 58982584320]
[117965242440, 58982584320]
[132711125080, 58982584320]
[137625870336, 58982584320]
[137625948240, 58982584320]
[137626616032, 58982584320]
[157286609024, 58982584320]
[167116820680, 58982584320]
[172032012416, 58982584320]
[191692804240, 58982584320]
[211353637040, 58982584320]
[250675437568, 58982584320]
[255590412304, 58982584320]
[255590465704, 58982584320]
[260505608312, 58982584320]
[265421004928, 58982584320]
[285081616464, 58982584320]
[314572820680, 58982584320]
[314572988624, 58982584320]
[319488041200, 58982584320]
[353894662144, 58982584320]
[378470453440, 58982584320]
[383385698504, 58982584320]
[403046486264, 58982584320]
[417792036864, 58982584320]
[422707290336, 58982584320]
[422707343528, 58982584320]
[432537645112, 58982584320]
[432537710840, 58982584320]
[442368065680, 58982584320]
[486604853496, 58982584320]
[525928784120, 58982584320]
[535756820632, 58982584320]
[540675080320, 58982584320]
[545587224816, 58982584320]
[545595236480, 58982584320]
[555419046016, 58982584320]
[560344014976, 58982584320]
[560350113920, 58982584320]
[525926428776, 555428532352, 58982584320]
[1174734872824, 58982584320]
[211354005512, 265420894416, 324403204160, 34406420552, 4915220584, 58982584320, 683212861440]
[2501837082624, 58982584320]
[172032086016, 58982584320]
[4915204304, 58982584320]
[4915208368, 58982584320]
[4915232888, 58982584320]
[4915236952, 58982584320]
[4915486720, 58982584320]
[4915605504, 58982584320]
[58982584320, 9830420616]
[58982584320, 9830424664]
[58982584320, 9830457528]
[58982584320, 9830588416]
[58982584320, 9830670464]
[58982584320, 9830711296]
[14745632808, 58982584320]
[14745886720, 58982584320]
[14745890816, 58982584320]
[14746104056, 58982584320]
[19660804208, 58982584320]
[19660992640, 58982584320]
[19661021312, 58982584320]
[19661037568, 58982584320]
[19661086848, 58982584320]
[19661107200, 58982584320]
[24576012488, 58982584320]
[24576020488, 58982584320]
[24576024656, 58982584320]
[24576032848, 58982584320]
[24576254080, 58982584320]
[24576303232, 58982584320]
[24576311296, 58982584320]
[29491216472, 58982584320]
[29491232912, 58982584320]
[29491273952, 58982584320]
[29491404928, 58982584320]
[29491482624, 58982584320]
[34406473968, 58982584320]
[34406658176, 58982584320]
[34406719616, 58982584320]
[44236804328, 58982584320]
[44236832984, 58982584320]
[49152221432, 58982584320]
[54067482872, 58982584320]
[54067716344, 58982584320]
[58982404304, 58982584320]
[58982408304, 58982584320]
[58982584320, 58982719736]
[58982584320, 63897776376]
[58982584320, 68812947584]
[58982584320, 68813103352]
[58982584320, 68813189368]
[58982584320, 73728094208]
[58982584320, 73728131072]
[58982584320, 78643236864]
[58982584320, 78643429376]
[58982584320, 83558617216]
[58982584320, 83558748288]
[58982584320, 88473637088]
[58982584320, 88473661688]
[58982584320, 98304016528]
[58982584320, 98304040960]
[58982584320, 98304053248]
[103219208192, 58982584320]
[103219474560, 58982584320]
[108134412536, 58982584320]
[108134469880, 58982584320]
[108134637816, 58982584320]
[117964964088, 58982584320]
[122880094336, 58982584320]
[122880245760, 58982584320]
[122880254200, 58982584320]
[127795220600, 58982584320]
[127795351680, 58982584320]
[127795384568, 58982584320]
[127795490992, 58982584320]
[127795495040, 58982584320]
[127796187312, 58982584320]
[132710789208, 58982584320]
[137625751552, 58982584320]
[137625878656, 58982584320]
[142541132024, 58982584320]
[147456020584, 58982584320]
[147456426040, 58982584320]
[152371318784, 58982584320]
[157286461504, 58982584320]
[157286522880, 58982584320]
[157286531320, 58982584320]
[162201903104, 58982584320]
[167116984448, 58982584320]
[167117058176, 58982584320]
[186777641208, 58982584320]
[186777653248, 58982584320]
[186777763840, 58982584320]
[186777899008, 58982584320]
[201523212320, 58982584320]
[201523507328, 58982584320]
[206438420480, 58982584320]
[216268816408, 58982584320]
[231014612992, 58982584320]
[235929649216, 58982584320]
[245760077824, 58982584320]
[255590461568, 58982584320]
[255590486016, 58982584320]
[255590527224, 58982584320]
[270336078072, 58982584320]
[275251208280, 58982584320]
[275251257352, 58982584320]
[285081612328, 58982584320]
[294912270336, 58982584320]
[299827331200, 58982584320]
[324403433472, 58982584320]
[324403449856, 58982584320]
[334233632904, 58982584320]
[358809641120, 58982584320]
[368640024824, 58982584320]
[393216106624, 58982584320]
[417792147528, 58982584320]
[437452955896, 58982584320]
[442368012416, 58982584320]
[447283228800, 58982584320]
[452198408192, 58982584320]
[462028898392, 58982584320]
[496435236904, 58982584320]
[501350559936, 58982584320]
[506265694272, 58982584320]
[511189983480, 58982584320]
[516096037040, 58982584320]
[545590251648, 58982584320]
[555421577216, 58982584320]
[555421945856, 58982584320]
[560338366464, 58982584320]
[565266628608, 58982584320]
[575078654160, 58982584320]
[575079624832, 58982584320]
[584908841128, 58982584320]
[584909066488, 58982584320]
[589824024576, 58982584320]
[58982584320, 619315290232]
[58982584320, 634060808192]
[58982584320, 643893649656]
[58982584320, 653726662904]
[58982584320, 663553257720]
[58982584320, 697958735872]
[58982584320, 707794104448]
[58982584320, 732365221888]
[58982584320, 737280008192]
[58982584320, 869990612992]
[58982584320, 874905690360]
[58982584320, 879821013240]
[58982584320, 919142408328]
[58982584320, 948633727224]
[58982584320, 948633764088]
[1032192053496, 58982584320]
[1076428939264, 58982584320]
[1115752370304, 58982584320]
[1194393706496, 58982584320]
[1243545833600, 58982584320]
[1292697604096, 58982584320]
[1459814670464, 58982584320]
[1577779384448, 58982584320]
[1617100878072, 58982584320]
[1720320888960, 58982584320]
[1862861119616, 58982584320]
[1897267245056, 58982584320]
[1897267707904, 58982584320]
[1921843249280, 58982584320]
[1951334469760, 58982584320]
[2064384196736, 58982584320]
[2088960024576, 58982584320]
[2138112208896, 58982584320]
[2256078811136, 58982584320]
[2767257616384, 58982584320]
[3298099220608, 58982584320]
[4915335168, 58982584320]
[4915474432, 58982584320]
[58982584320, 9830432848]
[58982584320, 9830514816]
[58982584320, 9830686720]
[58982584320, 9830707200]
[14745628832, 58982584320]
[14745637096, 58982584320]
[14745641048, 58982584320]
[19661012992, 58982584320]
[24576032992, 58982584320]
[29491220496, 58982584320]
[29491224680, 58982584320]
[29491699960, 58982584320]
[34406621312, 58982584320]
[44237041792, 58982584320]
[49152270584, 58982584320]
[54067585272, 58982584320]
[58982584320, 58982727928]
[58982584320, 63897620480]
[58982584320, 63897805048]
[58982584320, 63897948408]
[58982584320, 68812927224]
[167116906744, 58982584320]
[186777657344, 58982584320]
[191693025408, 58982584320]
[196608266240, 58982584320]
[245760086144, 58982584320]
[255590416512, 58982584320]
[265420841088, 58982584320]
[275251343360, 58982584320]
[280166416600, 58982584320]
[319488082048, 58982584320]
[496435339392, 58982584320]
[550511227008, 58982584320]
[555427483648, 58982584320]
[58982584320, 830668947584]
[58982584320, 879820804224]
[58982584320, 943718477952]
[58982584320, 968294617336]
[1076428926976, 58982584320]
[19661086720, 58982584320]
[24576024744, 58982584320]
[29491208352, 58982584320]
[29491261496, 58982584320]
[39321874560, 58982584320]
[58982584320, 63897759992]
[58982584320, 98304274560]
[58982584320, 98305200176]
[113050030168, 58982584320]
[117965242440, 58982584320]
[132711125080, 58982584320]
[137625870336, 58982584320]
[137625948240, 58982584320]
[137626616032, 58982584320]
[157286609024, 58982584320]
[167116820680, 58982584320]
[172032012416, 58982584320]
[191692804240, 58982584320]
[211353637040, 58982584320]
[250675437568, 58982584320]
[255590412304, 58982584320]
[255590465704, 58982584320]
[260505608312, 58982584320]
[265421004928, 58982584320]
[285081616464, 58982584320]
[314572820680, 58982584320]
[314572988624, 58982584320]
[319488041200, 58982584320]
[353894662144, 58982584320]
[378470453440, 58982584320]
[383385698504, 58982584320]
[403046486264, 58982584320]
[417792036864, 58982584320]
[422707290336, 58982584320]
[422707343528, 58982584320]
[432537645112, 58982584320]
[432537710840, 58982584320]
[442368065680, 58982584320]
[486604853496, 58982584320]
[525928784120, 58982584320]
[535756820632, 58982584320]
[540675080320, 58982584320]
[545587224816, 58982584320]
[545595236480, 58982584320]
[555419046016, 58982584320]
[560344014976, 58982584320]
[560350113920, 58982584320]
[525926428776, 555428532352, 58982584320]
[1174734872824, 58982584320]
[211354005512, 265420894416, 324403204160, 34406420552, 4915220584, 58982584320, 683212861440]
[2501837082624, 58982584320]
[172032086016, 58982584320]
[4915204304, 58982584320]
[4915208368, 58982584320]
[4915232888, 58982584320]
[4915236952, 58982584320]
[4915486720, 58982584320]
[4915605504, 58982584320]
[58982584320, 9830420616]
[58982584320, 9830424664]
[58982584320, 9830457528]
[58982584320, 9830588416]
[58982584320, 9830670464]
[58982584320, 9830711296]
[14745632808, 58982584320]
[14745886720, 58982584320]
[14745890816, 58982584320]
[14746104056, 58982584320]
[19660804208, 58982584320]
[19660992640, 58982584320]
[19661021312, 58982584320]
[19661037568, 58982584320]
[19661086848, 58982584320]
[19661107200, 58982584320]
[24576012488, 58982584320]
[24576020488, 58982584320]
[24576024656, 58982584320]
[24576032848, 58982584320]
[24576254080, 58982584320]
[24576303232, 58982584320]
[24576311296, 58982584320]
[29491216472, 58982584320]
[29491232912, 58982584320]
[29491273952, 58982584320]
[29491404928, 58982584320]
[29491482624, 58982584320]
[34406473968, 58982584320]
[34406658176, 58982584320]
[34406719616, 58982584320]
[44236804328, 58982584320]
[44236832984, 58982584320]
[49152221432, 58982584320]
[54067482872, 58982584320]
[54067716344, 58982584320]
[58982404304, 58982584320]
[58982408304, 58982584320]
[58982584320, 58982719736]
[58982584320, 63897776376]
[58982584320, 68812947584]
[58982584320, 68813103352]
[58982584320, 68813189368]
[58982584320, 73728094208]
[58982584320, 73728131072]
[58982584320, 78643236864]
[58982584320, 78643429376]
[58982584320, 83558617216]
[58982584320, 83558748288]
[58982584320, 88473637088]
[58982584320, 88473661688]
[58982584320, 98304016528]
[58982584320, 98304040960]
[58982584320, 98304053248]
[103219208192, 58982584320]
[103219474560, 58982584320]
[108134412536, 58982584320]
[108134469880, 58982584320]
[108134637816, 58982584320]
[117964964088, 58982584320]
[122880094336, 58982584320]
[122880245760, 58982584320]
[122880254200, 58982584320]
[127795220600, 58982584320]
[127795351680, 58982584320]
[127795384568, 58982584320]
[127795490992, 58982584320]
[127795495040, 58982584320]
[127796187312, 58982584320]
[132710789208, 58982584320]
[137625751552, 58982584320]
[137625878656, 58982584320]
[142541132024, 58982584320]
[147456020584, 58982584320]
[147456426040, 58982584320]
[152371318784, 58982584320]
[157286461504, 58982584320]
[157286522880, 58982584320]
[157286531320, 58982584320]
[162201903104, 58982584320]
[167116984448, 58982584320]
[167117058176, 58982584320]
[186777641208, 58982584320]
[186777653248, 58982584320]
[186777763840, 58982584320]
[186777899008, 58982584320]
[201523212320, 58982584320]
[201523507328, 58982584320]
[206438420480, 58982584320]
[216268816408, 58982584320]
[231014612992, 58982584320]
[235929649216, 58982584320]
[245760077824, 58982584320]
[255590461568, 58982584320]
[255590486016, 58982584320]
[255590527224, 58982584320]
[270336078072, 58982584320]
[275251208280, 58982584320]
[275251257352, 58982584320]
[285081612328, 58982584320]
[294912270336, 58982584320]
[299827331200, 58982584320]
[324403433472, 58982584320]
[324403449856, 58982584320]
[334233632904, 58982584320]
[358809641120, 58982584320]
[368640024824, 58982584320]
[393216106624, 58982584320]
[417792147528, 58982584320]
[437452955896, 58982584320]
[442368012416, 58982584320]
[447283228800, 58982584320]
[452198408192, 58982584320]
[462028898392, 58982584320]
[496435236904, 58982584320]
[501350559936, 58982584320]
[506265694272, 58982584320]
[511189983480, 58982584320]
[516096037040, 58982584320]
[545590251648, 58982584320]
[555421577216, 58982584320]
[555421945856, 58982584320]
[560338366464, 58982584320]
[565266628608, 58982584320]
[575078654160, 58982584320]
[575079624832, 58982584320]
[584908841128, 58982584320]
[584909066488, 58982584320]
[589824024576, 58982584320]
[58982584320, 619315290232]
[58982584320, 634060808192]
[58982584320, 643893649656]
[58982584320, 653726662904]
[58982584320, 663553257720]
[58982584320, 697958735872]
[58982584320, 707794104448]
[58982584320, 732365221888]
[58982584320, 737280008192]
[58982584320, 869990612992]
[58982584320, 874905690360]
[58982584320, 879821013240]
[58982584320, 919142408328]
[58982584320, 948633727224]
[58982584320, 948633764088]
[1032192053496, 58982584320]
[1076428939264, 58982584320]
[1115752370304, 58982584320]
[1194393706496, 58982584320]
[1243545833600, 58982584320]
[1292697604096, 58982584320]
[1459814670464, 58982584320]
[1577779384448, 58982584320]
[1617100878072, 58982584320]
[1720320888960, 58982584320]
[1862861119616, 58982584320]
[1897267245056, 58982584320]
[1897267707904, 58982584320]
[1921843249280, 58982584320]
[1951334469760, 58982584320]
[2064384196736, 58982584320]
[2088960024576, 58982584320]
[2138112208896, 58982584320]
[2256078811136, 58982584320]
[2767257616384, 58982584320]
[3298099220608, 58982584320]
[4915335168, 58982584320]
[4915474432, 58982584320]
[58982584320, 9830432848]
[58982584320, 9830514816]
[58982584320, 9830686720]
[58982584320, 9830707200]
[14745628832, 58982584320]
[14745637096, 58982584320]
[14745641048, 58982584320]
[19661012992, 58982584320]
[24576032992, 58982584320]
[29491220496, 58982584320]
[29491224680, 58982584320]
[29491699960, 58982584320]
[34406621312, 58982584320]
[44237041792, 58982584320]
[49152270584, 58982584320]
[54067585272, 58982584320]
[58982584320, 58982727928]
[58982584320, 63897620480]
[58982584320, 63897805048]
[58982584320, 63897948408]
[58982584320, 68812927224]
[167116906744, 58982584320]
[186777657344, 58982584320]
[191693025408, 58982584320]
[196608266240, 58982584320]
[245760086144, 58982584320]
[255590416512, 58982584320]
[265420841088, 58982584320]
[275251343360, 58982584320]
[280166416600, 58982584320]
[319488082048, 58982584320]
[496435339392, 58982584320]
[550511227008, 58982584320]
[555427483648, 58982584320]
[58982584320, 830668947584]
[58982584320, 879820804224]
[58982584320, 943718477952]
[58982584320, 968294617336]
[1076428926976, 58982584320]
[19661086720, 58982584320]
[24576024744, 58982584320]
[29491208352, 58982584320]
[29491261496, 58982584320]
[39321874560, 58982584320]
[58982584320, 63897759992]
[58982584320, 98304274560]
[58982584320, 98305200176]
[113050030168, 58982584320]
[117965242440, 58982584320]
[132711125080, 58982584320]
[137625870336, 58982584320]
[137625948240, 58982584320]
[137626616032, 58982584320]
[157286609024, 58982584320]
[167116820680, 58982584320]
[172032012416, 58982584320]
[191692804240, 58982584320]
[211353637040, 58982584320]
[250675437568, 58982584320]
[255590412304, 58982584320]
[255590465704, 58982584320]
[260505608312, 58982584320]
[265421004928, 58982584320]
[285081616464, 58982584320]
[314572820680, 58982584320]
[314572988624, 58982584320]
[319488041200, 58982584320]
[353894662144, 58982584320]
[378470453440, 58982584320]
[383385698504, 58982584320]
[403046486264, 58982584320]
[417792036864, 58982584320]
[422707290336, 58982584320]
[422707343528, 58982584320]
[432537645112, 58982584320]
[432537710840, 58982584320]
[442368065680, 58982584320]
[486604853496, 58982584320]
[525928784120, 58982584320]
[535756820632, 58982584320]
[540675080320, 58982584320]
[545587224816, 58982584320]
[545595236480, 58982584320]
[555419046016, 58982584320]
[560344014976, 58982584320]
[560350113920, 58982584320]
[525926428776, 555428532352, 58982584320]
[1174734872824, 58982584320]
[211354005512, 265420894416, 324403204160, 34406420552, 4915220584, 58982584320, 683212861440]
[2501837082624, 58982584320]
[172032086016, 58982584320]
[4915204304, 58982584320]
[4915208368, 58982584320]
[4915232888, 58982584320]
[4915236952, 58982584320]
[4915486720, 58982584320]
[4915605504, 58982584320]
[58982584320, 9830420616]
[58982584320, 9830424664]
[58982584320, 9830457528]
[58982584320, 9830588416]
[58982584320, 9830670464]
[58982584320, 9830711296]
[14745632808, 58982584320]
[14745886720, 58982584320]
[14745890816, 58982584320]
[14746104056, 58982584320]
[19660804208, 58982584320]
[19660992640, 58982584320]
[19661021312, 58982584320]
[19661037568, 58982584320]
[19661086848, 58982584320]
[19661107200, 58982584320]
[24576012488, 58982584320]
[24576020488, 58982584320]
[24576024656, 58982584320]
[24576032848, 58982584320]
[24576254080, 58982584320]
[24576303232, 58982584320]
[24576311296, 58982584320]
[29491216472, 58982584320]
[29491232912, 58982584320]
[29491273952, 58982584320]
[29491404928, 58982584320]
[29491482624, 58982584320]
[34406473968, 58982584320]
[34406658176, 58982584320]
[34406719616, 58982584320]
[44236804328, 58982584320]
[44236832984, 58982584320]
[49152221432, 58982584320]
[54067482872, 58982584320]
[54067716344, 58982584320]
[58982404304, 58982584320]
[58982408304, 58982584320]
[58982584320, 58982719736]
[58982584320, 63897776376]
[58982584320, 68812947584]
[58982584320, 68813103352]
[58982584320, 68813189368]
[58982584320, 73728094208]
[58982584320, 73728131072]
[58982584320, 78643236864]
[58982584320, 78643429376]
[58982584320, 83558617216]
[58982584320, 83558748288]
[58982584320, 88473637088]
[58982584320, 88473661688]
[58982584320, 98304016528]
[58982584320, 98304040960]
[58982584320, 98304053248]
[103219208192, 58982584320]
[103219474560, 58982584320]
[108134412536, 58982584320]
[108134469880, 58982584320]
[108134637816, 58982584320]
[117964964088, 58982584320]
[122880094336, 58982584320]
[122880245760, 58982584320]
[122880254200, 58982584320]
[127795220600, 58982584320]
[127795351680, 58982584320]
[127795384568, 58982584320]
[127795490992, 58982584320]
[127795495040, 58982584320]
[127796187312, 58982584320]
[132710789208, 58982584320]
[137625751552, 58982584320]
[137625878656, 58982584320]
[142541132024, 58982584320]
[147456020584, 58982584320]
[147456426040, 58982584320]
[152371318784, 58982584320]
[157286461504, 58982584320]
[157286522880, 58982584320]
[157286531320, 58982584320]
[162201903104, 58982584320]
[167116984448, 58982584320]
[167117058176, 58982584320]
[186777641208, 58982584320]
[186777653248, 58982584320]
[186777763840, 58982584320]
[186777899008, 58982584320]
[201523212320, 58982584320]
[201523507328, 58982584320]
[206438420480, 58982584320]
[216268816408, 58982584320]
[231014612992, 58982584320]
[235929649216, 58982584320]
[245760077824, 58982584320]
[255590461568, 58982584320]
[255590486016, 58982584320]
[255590527224, 58982584320]
[270336078072, 58982584320]
[275251208280, 58982584320]
[275251257352, 58982584320]
[285081612328, 58982584320]
[294912270336, 58982584320]
[299827331200, 58982584320]
[324403433472, 58982584320]
[324403449856, 58982584320]
[334233632904, 58982584320]
[358809641120, 58982584320]
[368640024824, 58982584320]
[393216106624, 58982584320]
[417792147528, 58982584320]
[437452955896, 58982584320]
[442368012416, 58982584320]
[447283228800, 58982584320]
[452198408192, 58982584320]
[462028898392, 58982584320]
[496435236904, 58982584320]
[501350559936, 58982584320]
[506265694272, 58982584320]
[511189983480, 58982584320]
[516096037040, 58982584320]
[545590251648, 58982584320]
[555421577216, 58982584320]
[555421945856, 58982584320]
[560338366464, 58982584320]
[565266628608, 58982584320]
[575078654160, 58982584320]
[575079624832, 58982584320]
[584908841128, 58982584320]
[584909066488, 58982584320]
[589824024576, 58982584320]
[58982584320, 619315290232]
[58982584320, 634060808192]
[58982584320, 643893649656]
[58982584320, 653726662904]
[58982584320, 663553257720]
[58982584320, 697958735872]
[58982584320, 707794104448]
[58982584320, 732365221888]
[58982584320, 737280008192]
[58982584320, 869990612992]
[58982584320, 874905690360]
[58982584320, 879821013240]
[58982584320, 919142408328]
[58982584320, 948633727224]
[58982584320, 948633764088]
[1032192053496, 58982584320]
[1076428939264, 58982584320]
[1115752370304, 58982584320]
[1194393706496, 58982584320]
[1243545833600, 58982584320]
[1292697604096, 58982584320]
[1459814670464, 58982584320]
[1577779384448, 58982584320]
[1617100878072, 58982584320]
[1720320888960, 58982584320]
[1862861119616, 58982584320]
[1897267245056, 58982584320]
[1897267707904, 58982584320]
[1921843249280, 58982584320]
[1951334469760, 58982584320]
[2064384196736, 58982584320]
[2088960024576, 58982584320]
[2138112208896, 58982584320]
[2256078811136, 58982584320]
[2767257616384, 58982584320]
[3298099220608, 58982584320]
[4915335168, 58982584320]
[4915474432, 58982584320]
[58982584320, 9830432848]
[58982584320, 9830514816]
[58982584320, 9830686720]
[58982584320, 9830707200]
[14745628832, 58982584320]
[14745637096, 58982584320]
[14745641048, 58982584320]
[19661012992, 58982584320]
[24576032992, 58982584320]
[29491220496, 58982584320]
[29491224680, 58982584320]
[29491699960, 58982584320]
[34406621312, 58982584320]
[44237041792, 58982584320]
[49152270584, 58982584320]
[54067585272, 58982584320]
[58982584320, 58982727928]
[58982584320, 63897620480]
[58982584320, 63897805048]
[58982584320, 63897948408]
[58982584320, 68812927224]
[167116906744, 58982584320]
[186777657344, 58982584320]
[191693025408, 58982584320]
[196608266240, 58982584320]
[245760086144, 58982584320]
[255590416512, 58982584320]
[265420841088, 58982584320]
[275251343360, 58982584320]
[280166416600, 58982584320]
[319488082048, 58982584320]
[496435339392, 58982584320]
[550511227008, 58982584320]
[555427483648, 58982584320]
[58982584320, 830668947584]
[58982584320, 879820804224]
[58982584320, 943718477952]
[58982584320, 968294617336]
[1076428926976, 58982584320]
[19661086720, 58982584320]
[24576024744, 58982584320]
[29491208352, 58982584320]
[29491261496, 58982584320]
[39321874560, 58982584320]
[58982584320, 63897759992]
[58982584320, 98304274560]
[58982584320, 98305200176]
[113050030168, 58982584320]
[117965242440, 58982584320]
[132711125080, 58982584320]
[137625870336, 58982584320]
[137625948240, 58982584320]
[137626616032, 58982584320]
[157286609024, 58982584320]
[167116820680, 58982584320]
[172032012416, 58982584320]
[191692804240, 58982584320]
[211353637040, 58982584320]
[250675437568, 58982584320]
[255590412304, 58982584320]
[255590465704, 58982584320]
[260505608312, 58982584320]
[265421004928, 58982584320]
[285081616464, 58982584320]
[314572820680, 58982584320]
[314572988624, 58982584320]
[319488041200, 58982584320]
[353894662144, 58982584320]
[378470453440, 58982584320]
[383385698504, 58982584320]
[403046486264, 58982584320]
[417792036864, 58982584320]
[422707290336, 58982584320]
[422707343528, 58982584320]
[432537645112, 58982584320]
[432537710840, 58982584320]
[442368065680, 58982584320]
[486604853496, 58982584320]
[525928784120, 58982584320]
[535756820632, 58982584320]
[540675080320, 58982584320]
[545587224816, 58982584320]
[545595236480, 58982584320]
[555419046016, 58982584320]
[560344014976, 58982584320]
[560350113920, 58982584320]
[525926428776, 555428532352, 58982584320]
[1174734872824, 58982584320]
[211354005512, 265420894416, 324403204160, 34406420552, 4915220584, 58982584320, 683212861440]
[2501837082624, 58982584320]
[172032086016, 58982584320]
[4915204304, 58982584320]
[4915208368, 58982584320]
[4915232888, 58982584320]
[4915236952, 58982584320]
[4915486720, 58982584320]
[4915605504, 58982584320]
[58982584320, 9830420616]
[58982584320, 9830424664]
[58982584320, 9830457528]
[58982584320, 9830588416]
[58982584320, 9830670464]
[58982584320, 9830711296]
[14745632808, 58982584320]
[14745886720, 58982584320]
[14745890816, 58982584320]
[14746104056, 58982584320]
[19660804208, 58982584320]
[19660992640, 58982584320]
[19661021312, 58982584320]
[19661037568, 58982584320]
[19661086848, 58982584320]
[19661107200, 58982584320]
[24576012488, 58982584320]
[24576020488, 58982584320]
[24576024656, 58982584320]
[24576032848, 58982584320]
[24576254080, 58982584320]
[24576303232, 58982584320]
[24576311296, 58982584320]
[29491216472, 58982584320]
[29491232912, 58982584320]
[29491273952, 58982584320]
[29491404928, 58982584320]
[29491482624, 58982584320]
[34406473968, 58982584320]
[34406658176, 58982584320]
[34406719616, 58982584320]
[44236804328, 58982584320]
[44236832984, 58982584320]
[49152221432, 58982584320]
[54067482872, 58982584320]
[54067716344, 58982584320]
[58982404304, 58982584320]
[58982408304, 58982584320]
[58982584320, 58982719736]
[58982584320, 63897776376]
[58982584320, 68812947584]
[58982584320, 68813103352]
[58982584320, 68813189368]
[58982584320, 73728094208]
[58982584320, 73728131072]
[58982584320, 78643236864]
[58982584320, 78643429376]
[58982584320, 83558617216]
[58982584320, 83558748288]
[58982584320, 88473637088]
[58982584320, 88473661688]
[58982584320, 98304016528]
[58982584320, 98304040960]
[58982584320, 98304053248]
[103219208192, 58982584320]
[103219474560, 58982584320]
[108134412536, 58982584320]
[108134469880, 58982584320]
[108134637816, 58982584320]
[117964964088, 58982584320]
[122880094336, 58982584320]
[122880245760, 58982584320]
[122880254200, 58982584320]
[127795220600, 58982584320]
[127795351680, 58982584320]
[127795384568, 58982584320]
[127795490992, 58982584320]
[127795495040, 58982584320]
[127796187312, 58982584320]
[132710789208, 58982584320]
[137625751552, 58982584320]
[137625878656, 58982584320]
[142541132024, 58982584320]
[147456020584, 58982584320]
[147456426040, 58982584320]
[152371318784, 58982584320]
[157286461504, 58982584320]
[157286522880, 58982584320]
[157286531320, 58982584320]
[162201903104, 58982584320]
[167116984448, 58982584320]
[167117058176, 58982584320]
[186777641208, 58982584320]
[186777653248, 58982584320]
[186777763840, 58982584320]
[186777899008, 58982584320]
[201523212320, 58982584320]
[201523507328, 58982584320]
[206438420480, 58982584320]
[216268816408, 58982584320]
[231014612992, 58982584320]
[235929649216, 58982584320]
[245760077824, 58982584320]
[255590461568, 58982584320]
[255590486016, 58982584320]
[255590527224, 58982584320]
[270336078072, 58982584320]
[275251208280, 58982584320]
[275251257352, 58982584320]
[285081612328, 58982584320]
[294912270336, 58982584320]
[299827331200, 58982584320]
[324403433472, 58982584320]
[324403449856, 58982584320]
[334233632904, 58982584320]
[358809641120, 58982584320]
[368640024824, 58982584320]
[393216106624, 58982584320]
[417792147528, 58982584320]
[437452955896, 58982584320]
[442368012416, 58982584320]
[447283228800, 58982584320]
[452198408192, 58982584320]
[462028898392, 58982584320]
[496435236904, 58982584320]
[501350559936, 58982584320]
[506265694272, 58982584320]
[511189983480, 58982584320]
[516096037040, 58982584320]
[545590251648, 58982584320]
[555421577216, 58982584320]
[555421945856, 58982584320]
[560338366464, 58982584320]
[565266628608, 58982584320]
[575078654160, 58982584320]
[575079624832, 58982584320]
[584908841128, 58982584320]
[584909066488, 58982584320]
[589824024576, 58982584320]
[58982584320, 619315290232]
[58982584320, 634060808192]
[58982584320, 643893649656]
[58982584320, 653726662904]
[58982584320, 663553257720]
[58982584320, 697958735872]
[58982584320, 707794104448]
[58982584320, 732365221888]
[58982584320, 737280008192]
[58982584320, 869990612992]
[58982584320, 874905690360]
[58982584320, 879821013240]
[58982584320, 919142408328]
[58982584320, 948633727224]
[58982584320, 948633764088]
[1032192053496, 58982584320]
[1076428939264, 58982584320]
[1115752370304, 58982584320]
[1194393706496, 58982584320]
[1243545833600, 58982584320]
[1292697604096, 58982584320]
[1459814670464, 58982584320]
[1577779384448, 58982584320]
[1617100878072, 58982584320]
[1720320888960, 58982584320]
[1862861119616, 58982584320]
[1897267245056, 58982584320]
[1897267707904, 58982584320]
[1921843249280, 58982584320]
[1951334469760, 58982584320]
[2064384196736, 58982584320]
[2088960024576, 58982584320]
[2138112208896, 58982584320]
[2256078811136, 58982584320]
[2767257616384, 58982584320]
[3298099220608, 58982584320]
[4915335168, 58982584320]
[4915474432, 58982584320]
[58982584320, 9830432848]
[58982584320, 9830514816]
[58982584320, 9830686720]
[58982584320, 9830707200]
[14745628832, 58982584320]
[14745637096, 58982584320]
[14745641048, 58982584320]
[19661012992, 58982584320]
[24576032992, 58982584320]
[29491220496, 58982584320]
[29491224680, 58982584320]
[29491699960, 58982584320]
[34406621312, 58982584320]
[44237041792, 58982584320]
[49152270584, 58982584320]
[54067585272, 58982584320]
[58982584320, 58982727928]
[58982584320, 63897620480]
[58982584320, 63897805048]
[58982584320, 63897948408]
[58982584320, 68812927224]
[167116906744, 58982584320]
[186777657344, 58982584320]
[191693025408, 58982584320]
[196608266240, 58982584320]
[245760086144, 58982584320]
[255590416512, 58982584320]
[265420841088, 58982584320]
[275251343360, 58982584320]
[280166416600, 58982584320]
[319488082048, 58982584320]
[496435339392, 58982584320]
[550511227008, 58982584320]
[555427483648, 58982584320]
[58982584320, 830668947584]
[58982584320, 879820804224]
[58982584320, 943718477952]
[58982584320, 968294617336]
[1076428926976, 58982584320]
[19661086720, 58982584320]
[24576024744, 58982584320]
[29491208352, 58982584320]
[29491261496, 58982584320]
[39321874560, 58982584320]
[58982584320, 63897759992]
[58982584320, 98304274560]
[58982584320, 98305200176]
[113050030168, 58982584320]
[117965242440, 58982584320]
[132711125080, 58982584320]
[137625870336, 58982584320]
[137625948240, 58982584320]
[137626616032, 58982584320]
[157286609024, 58982584320]
[167116820680, 58982584320]
[172032012416, 58982584320]
[191692804240, 58982584320]
[211353637040, 58982584320]
[250675437568, 58982584320]
[255590412304, 58982584320]
[255590465704, 58982584320]
[260505608312, 58982584320]
[265421004928, 58982584320]
[285081616464, 58982584320]
[314572820680, 58982584320]
[314572988624, 58982584320]
[319488041200, 58982584320]
[353894662144, 58982584320]
[378470453440, 58982584320]
[383385698504, 58982584320]
[403046486264, 58982584320]
[417792036864, 58982584320]
[422707290336, 58982584320]
[422707343528, 58982584320]
[432537645112, 58982584320]
[432537710840, 58982584320]
[442368065680, 58982584320]
[486604853496, 58982584320]
[525928784120, 58982584320]
[535756820632, 58982584320]
[540675080320, 58982584320]
[545587224816, 58982584320]
[545595236480, 58982584320]
[555419046016, 58982584320]
[560344014976, 58982584320]
[560350113920, 58982584320]
[525926428776, 555428532352, 58982584320]
[1174734872824, 58982584320]
[211354005512, 265420894416, 324403204160, 34406420552, 4915220584, 58982584320, 683212861440]
[2501837082624, 58982584320]
[172032086016, 58982584320]
[4915204304, 58982584320]
[4915208368, 58982584320]
[4915232888, 58982584320]
[4915236952, 58982584320]
[4915486720, 58982584320]
[4915605504, 58982584320]
[58982584320, 9830420616]
[58982584320, 9830424664]
[58982584320, 9830457528]
[58982584320, 9830588416]
[58982584320, 9830670464]
[58982584320, 9830711296]
[14745632808, 58982584320]
[14745886720, 58982584320]
[14745890816, 58982584320]
[14746104056, 58982584320]
[19660804208, 58982584320]
[19660992640, 58982584320]
[19661021312, 58982584320]
[19661037568, 58982584320]
[19661086848, 58982584320]
[19661107200, 58982584320]
[24576012488, 58982584320]
[24576020488, 58982584320]
[24576024656, 58982584320]
[24576032848, 58982584320]
[24576254080, 58982584320]
[24576303232, 58982584320]
[24576311296, 58982584320]
[29491216472, 58982584320]
[29491232912, 58982584320]
[29491273952, 58982584320]
[29491404928, 58982584320]
[29491482624, 58982584320]
[34406473968, 58982584320]
[34406658176, 58982584320]
[34406719616, 58982584320]
[44236804328, 58982584320]
[44236832984, 58982584320]
[49152221432, 58982584320]
[54067482872, 58982584320]
[54067716344, 58982584320]
[58982404304, 58982584320]
[58982408304, 58982584320]
[58982584320, 58982719736]
[58982584320, 63897776376]
[58982584320, 68812947584]
[58982584320, 68813103352]
[58982584320, 68813189368]
[58982584320, 73728094208]
[58982584320, 73728131072]
[58982584320, 78643236864]
[58982584320, 78643429376]
[58982584320, 83558617216]
[58982584320, 83558748288]
[58982584320, 88473637088]
[58982584320, 88473661688]
[58982584320, 98304016528]
[58982584320, 98304040960]
[58982584320, 98304053248]
[103219208192, 58982584320]
[103219474560, 58982584320]
[108134412536, 58982584320]
[108134469880, 58982584320]
[108134637816, 58982584320]
[117964964088, 58982584320]
[122880094336, 58982584320]
[122880245760, 58982584320]
[122880254200, 58982584320]
[127795220600, 58982584320]
[127795351680, 58982584320]
[127795384568, 58982584320]
[127795490992, 58982584320]
[127795495040, 58982584320]
[127796187312, 58982584320]
[132710789208, 58982584320]
[137625751552, 58982584320]
[137625878656, 58982584320]
[142541132024, 58982584320]
[147456020584, 58982584320]
[147456426040, 58982584320]
[152371318784, 58982584320]
[157286461504, 58982584320]
[157286522880, 58982584320]
[157286531320, 58982584320]
[162201903104, 58982584320]
[167116984448, 58982584320]
[167117058176, 58982584320]
[186777641208, 58982584320]
[186777653248, 58982584320]
[186777763840, 58982584320]
[186777899008, 58982584320]
[201523212320, 58982584320]
[201523507328, 58982584320]
[206438420480, 58982584320]
[216268816408, 58982584320]
[231014612992, 58982584320]
[235929649216, 58982584320]
[245760077824, 58982584320]
[255590461568, 58982584320]
[255590486016, 58982584320]
[255590527224, 58982584320]
[270336078072, 58982584320]
[275251208280, 58982584320]
[275251257352, 58982584320]
[285081612328, 58982584320]
[294912270336, 58982584320]
[299827331200, 58982584320]
[324403433472, 58982584320]
[324403449856, 58982584320]
[334233632904, 58982584320]
[358809641120, 58982584320]
[368640024824, 58982584320]
[393216106624, 58982584320]
[417792147528, 58982584320]
[437452955896, 58982584320]
[442368012416, 58982584320]
[447283228800, 58982584320]
[452198408192, 58982584320]
[462028898392, 58982584320]
[496435236904, 58982584320]
[501350559936, 58982584320]
[506265694272, 58982584320]
[511189983480, 58982584320]
[516096037040, 58982584320]
[545590251648, 58982584320]
[555421577216, 58982584320]
[555421945856, 58982584320]
[560338366464, 58982584320]
[565266628608, 58982584320]
[575078654160, 58982584320]
[575079624832, 58982584320]
[584908841128, 58982584320]
[584909066488, 58982584320]
[589824024576, 58982584320]
[58982584320, 619315290232]
[58982584320, 634060808192]
[58982584320, 643893649656]
[58982584320, 653726662904]
[58982584320, 663553257720]
[58982584320, 697958735872]
[58982584320, 707794104448]
[58982584320, 732365221888]
[58982584320, 737280008192]
[58982584320, 869990612992]
[58982584320, 874905690360]
[58982584320, 879821013240]
[58982584320, 919142408328]
[58982584320, 948633727224]
[58982584320, 948633764088]
[1032192053496, 58982584320]
[1076428939264, 58982584320]
[1115752370304, 58982584320]
[1194393706496, 58982584320]
[1243545833600, 58982584320]
[1292697604096, 58982584320]
[1459814670464, 58982584320]
[1577779384448, 58982584320]
[1617100878072, 58982584320]
[1720320888960, 58982584320]
[1862861119616, 58982584320]
[1897267245056, 58982584320]
[1897267707904, 58982584320]
[1921843249280, 58982584320]
[1951334469760, 58982584320]
[2064384196736, 58982584320]
[2088960024576, 58982584320]
[2138112208896, 58982584320]
[2256078811136, 58982584320]
[2767257616384, 58982584320]
[3298099220608, 58982584320]
[4915335168, 58982584320]
[4915474432, 58982584320]
[58982584320, 9830432848]
[58982584320, 9830514816]
[58982584320, 9830686720]
[58982584320, 9830707200]
[14745628832, 58982584320]
[14745637096, 58982584320]
[14745641048, 58982584320]
[19661012992, 58982584320]
[24576032992, 58982584320]
[29491220496, 58982584320]
[29491224680, 58982584320]
[29491699960, 58982584320]
[34406621312, 58982584320]
[44237041792, 58982584320]
[49152270584, 58982584320]
[54067585272, 58982584320]
[58982584320, 58982727928]
[58982584320, 63897620480]
[58982584320, 63897805048]
[58982584320, 63897948408]
[58982584320, 68812927224]
[167116906744, 58982584320]
[186777657344, 58982584320]
[191693025408, 58982584320]
[196608266240, 58982584320]
[245760086144, 58982584320]
[255590416512, 58982584320]
[265420841088, 58982584320]
[275251343360, 58982584320]
[280166416600, 58982584320]
[319488082048, 58982584320]
[496435339392, 58982584320]
[550511227008, 58982584320]
[555427483648, 58982584320]
[58982584320, 830668947584]
[58982584320, 879820804224]
[58982584320, 943718477952]
[58982584320, 968294617336]
[1076428926976, 58982584320]
[19661086720, 58982584320]
[24576024744, 58982584320]
[29491208352, 58982584320]
[29491261496, 58982584320]
[39321874560, 58982584320]
[58982584320, 63897759992]
[58982584320, 98304274560]
[58982584320, 98305200176]
[113050030168, 58982584320]
[117965242440, 58982584320]
[132711125080, 58982584320]
[137625870336, 58982584320]
[137625948240, 58982584320]
[137626616032, 58982584320]
[157286609024, 58982584320]
[167116820680, 58982584320]
[172032012416, 58982584320]
[191692804240, 58982584320]
[211353637040, 58982584320]
[250675437568, 58982584320]
[255590412304, 58982584320]
[255590465704, 58982584320]
[260505608312, 58982584320]
[265421004928, 58982584320]
[285081616464, 58982584320]
[314572820680, 58982584320]
[314572988624, 58982584320]
[319488041200, 58982584320]
[353894662144, 58982584320]
[378470453440, 58982584320]
[383385698504, 58982584320]
[403046486264, 58982584320]
[417792036864, 58982584320]
[422707290336, 58982584320]
[422707343528, 58982584320]
[432537645112, 58982584320]
[432537710840, 58982584320]
[442368065680, 58982584320]
[486604853496, 58982584320]
[525928784120, 58982584320]
[535756820632, 58982584320]
[540675080320, 58982584320]
[545587224816, 58982584320]
[545595236480, 58982584320]
[555419046016, 58982584320]
[560344014976, 58982584320]
[560350113920, 58982584320]
[525926428776, 555428532352, 58982584320]
[1174734872824, 58982584320]
[211354005512, 265420894416, 324403204160, 34406420552, 4915220584, 58982584320, 683212861440]
[2501837082624, 58982584320]
[172032086016, 58982584320]
[4915204304, 58982584320]
[4915208368, 58982584320]
[4915232888, 58982584320]
[4915236952, 58982584320]
[4915486720, 58982584320]
[4915605504, 58982584320]
[58982584320, 9830420616]
[58982584320, 9830424664]
[58982584320, 9830457528]
[58982584320, 9830588416]
[58982584320, 9830670464]
[58982584320, 9830711296]
[14745632808, 58982584320]
[14745886720, 58982584320]
[14745890816, 58982584320]
[14746104056, 58982584320]
[19660804208, 58982584320]
[19660992640, 58982584320]
[19661021312, 58982584320]
[19661037568, 58982584320]
[19661086848, 58982584320]
[19661107200, 58982584320]
[24576012488, 58982584320]
[24576020488, 58982584320]
[24576024656, 58982584320]
[24576032848, 58982584320]
[24576254080, 58982584320]
[24576303232, 58982584320]
[24576311296, 58982584320]
[29491216472, 58982584320]
[29491232912, 58982584320]
[29491273952, 58982584320]
[29491404928, 58982584320]
[29491482624, 58982584320]
[34406473968, 58982584320]
[34406658176, 58982584320]
[34406719616, 58982584320]
[44236804328, 58982584320]
[44236832984, 58982584320]
[49152221432, 58982584320]
[54067482872, 58982584320]
[54067716344, 58982584320]
[58982404304, 58982584320]
[58982408304, 58982584320]
[58982584320, 58982719736]
[58982584320, 63897776376]
[58982584320, 68812947584]
[58982584320, 68813103352]
[58982584320, 68813189368]
[58982584320, 73728094208]
[58982584320, 73728131072]
[58982584320, 78643236864]
[58982584320, 78643429376]
[58982584320, 83558617216]
[58982584320, 83558748288]
[58982584320, 88473637088]
[58982584320, 88473661688]
[58982584320, 98304016528]
[58982584320, 98304040960]
[58982584320, 98304053248]
[103219208192, 58982584320]
[103219474560, 58982584320]
[108134412536, 58982584320]
[108134469880, 58982584320]
[108134637816, 58982584320]
[117964964088, 58982584320]
[122880094336, 58982584320]
[122880245760, 58982584320]
[122880254200, 58982584320]
[127795220600, 58982584320]
[127795351680, 58982584320]
[127795384568, 58982584320]
[127795490992, 58982584320]
[127795495040, 58982584320]
[127796187312, 58982584320]
[132710789208, 58982584320]
[137625751552, 58982584320]
[137625878656, 58982584320]
[142541132024, 58982584320]
[147456020584, 58982584320]
[147456426040, 58982584320]
[152371318784, 58982584320]
[157286461504, 58982584320]
[157286522880, 58982584320]
[157286531320, 58982584320]
[162201903104, 58982584320]
[167116984448, 58982584320]
[167117058176, 58982584320]
[186777641208, 58982584320]
[186777653248, 58982584320]
[186777763840, 58982584320]
[186777899008, 58982584320]
[201523212320, 58982584320]
[201523507328, 58982584320]
[206438420480, 58982584320]
[216268816408, 58982584320]
[231014612992, 58982584320]
[235929649216, 58982584320]
[245760077824, 58982584320]
[255590461568, 58982584320]
[255590486016, 58982584320]
[255590527224, 58982584320]
[270336078072, 58982584320]
[275251208280, 58982584320]
[275251257352, 58982584320]
[285081612328, 58982584320]
[294912270336, 58982584320]
[299827331200, 58982584320]
[324403433472, 58982584320]
[324403449856, 58982584320]
[334233632904, 58982584320]
[358809641120, 58982584320]
[368640024824, 58982584320]
[393216106624, 58982584320]
[417792147528, 58982584320]
[437452955896, 58982584320]
[442368012416, 58982584320]
[447283228800, 58982584320]
[452198408192, 58982584320]
[462028898392, 58982584320]
[496435236904, 58982584320]
[501350559936, 58982584320]
[506265694272, 58982584320]
[511189983480, 58982584320]
[516096037040, 58982584320]
[545590251648, 58982584320]
[555421577216, 58982584320]
[555421945856, 58982584320]
[560338366464, 58982584320]
[565266628608, 58982584320]
[575078654160, 58982584320]
[575079624832, 58982584320]
[584908841128, 58982584320]
[584909066488, 58982584320]
[589824024576, 58982584320]
[58982584320, 619315290232]
[58982584320, 634060808192]
[58982584320, 643893649656]
[58982584320, 653726662904]
[58982584320, 663553257720]
[58982584320, 697958735872]
[58982584320, 707794104448]
[58982584320, 732365221888]
[58982584320, 737280008192]
[58982584320, 869990612992]
[58982584320, 874905690360]
[58982584320, 879821013240]
[58982584320, 919142408328]
[58982584320, 948633727224]
[58982584320, 948633764088]
[1032192053496, 58982584320]
[1076428939264, 58982584320]
[1115752370304, 58982584320]
[1194393706496, 58982584320]
[1243545833600, 58982584320]
[1292697604096, 58982584320]
[1459814670464, 58982584320]
[1577779384448, 58982584320]
[1617100878072, 58982584320]
[1720320888960, 58982584320]
[1862861119616, 58982584320]
[1897267245056, 58982584320]
[1897267707904, 58982584320]
[1921843249280, 58982584320]
[1951334469760, 58982584320]
[2064384196736, 58982584320]
[2088960024576, 58982584320]
[2138112208896, 58982584320]
[2256078811136, 58982584320]
[2767257616384, 58982584320]
[3298099220608, 58982584320]
[4915335168, 58982584320]
[4915474432, 58982584320]
[58982584320, 9830432848]
[58982584320, 9830514816]
[58982584320, 9830686720]
[58982584320, 9830707200]
[14745628832, 58982584320]
[14745637096, 58982584320]
[14745641048, 58982584320]
[19661012992, 58982584320]
[24576032992, 58982584320]
[29491220496, 58982584320]
[29491224680, 58982584320]
[29491699960, 58982584320]
[34406621312, 58982584320]
[44237041792, 58982584320]
[49152270584, 58982584320]
[54067585272, 58982584320]
[58982584320, 58982727928]
[58982584320, 63897620480]
[58982584320, 63897805048]
[58982584320, 63897948408]
[58982584320, 68812927224]
[167116906744, 58982584320]
[186777657344, 58982584320]
[191693025408, 58982584320]
[196608266240, 58982584320]
[245760086144, 58982584320]
[255590416512, 58982584320]
[265420841088, 58982584320]
[275251343360, 58982584320]
[280166416600, 58982584320]
[319488082048, 58982584320]
[496435339392, 58982584320]
[550511227008, 58982584320]
[555427483648, 58982584320]
[58982584320, 830668947584]
[58982584320, 879820804224]
[58982584320, 943718477952]
[58982584320, 968294617336]
[1076428926976, 58982584320]
[19661086720, 58982584320]
[24576024744, 58982584320]
[29491208352, 58982584320]
[29491261496, 58982584320]
[39321874560, 58982584320]
[58982584320, 63897759992]
[58982584320, 98304274560]
[58982584320, 98305200176]
[113050030168, 58982584320]
[117965242440, 58982584320]
[132711125080, 58982584320]
[137625870336, 58982584320]
[137625948240, 58982584320]
[137626616032, 58982584320]
[157286609024, 58982584320]
[167116820680, 58982584320]
[172032012416, 58982584320]
[191692804240, 58982584320]
[211353637040, 58982584320]
[250675437568, 58982584320]
[255590412304, 58982584320]
[255590465704, 58982584320]
[260505608312, 58982584320]
[265421004928, 58982584320]
[285081616464, 58982584320]
[314572820680, 58982584320]
[314572988624, 58982584320]
[319488041200, 58982584320]
[353894662144, 58982584320]
[378470453440, 58982584320]
[383385698504, 58982584320]
[403046486264, 58982584320]
[417792036864, 58982584320]
[422707290336, 58982584320]
[422707343528, 58982584320]
[432537645112, 58982584320]
[432537710840, 58982584320]
[442368065680, 58982584320]
[486604853496, 58982584320]
[525928784120, 58982584320]
[535756820632, 58982584320]
[540675080320, 58982584320]
[545587224816, 58982584320]
[545595236480, 58982584320]
[555419046016, 58982584320]
[560344014976, 58982584320]
[560350113920, 58982584320]
